[0.016s] Invoking command in '/home/corey/uumotor-servo-motor-driver-ros2/build/uumotor_servo_motor_driver': CMAKE_PREFIX_PATH=/opt/ros/galactic /home/corey/.local/bin/cmake /home/corey/uumotor-servo-motor-driver-ros2/src/uumotor_servo_motor_driver -DAMENT_CMAKE_SYMLINK_INSTALL=1 -DCMAKE_INSTALL_PREFIX=/home/corey/uumotor-servo-motor-driver-ros2/install/uumotor_servo_motor_driver
[0.043s] -- Found ament_cmake: 1.1.6 (/opt/ros/galactic/share/ament_cmake/cmake)
[0.045s] [33mCMake Warning (dev) at /opt/ros/galactic/share/ament_cmake_core/cmake/core/python.cmake:22 (find_package):
[0.045s]   Policy CMP0148 is not set: The FindPythonInterp and FindPythonLibs modules
[0.045s]   are removed.  Run "cmake --help-policy CMP0148" for policy details.  Use
[0.045s]   the cmake_policy command to set the policy and suppress this warning.
[0.045s] 
[0.045s] Call Stack (most recent call first):
[0.045s]   /opt/ros/galactic/share/ament_cmake_core/cmake/core/all.cmake:53 (include)
[0.045s]   /opt/ros/galactic/share/ament_cmake_core/cmake/ament_cmake_core-extras.cmake:17 (include)
[0.045s]   /opt/ros/galactic/share/ament_cmake_core/cmake/ament_cmake_coreConfig.cmake:41 (include)
[0.045s]   /opt/ros/galactic/share/ament_cmake/cmake/ament_cmake_export_dependencies-extras.cmake:15 (find_package)
[0.045s]   /opt/ros/galactic/share/ament_cmake/cmake/ament_cmakeConfig.cmake:41 (include)
[0.045s]   CMakeLists.txt:9 (find_package)
[0.045s] This warning is for project developers.  Use -Wno-dev to suppress it.
[0.045s] [0m
[0.065s] -- Using PYTHON_EXECUTABLE: /usr/bin/python3
[0.109s] -- Override CMake install command with custom implementation using symlinks instead of copying resources
[0.120s] -- Found serial: 1.2.1 (/usr/local/share/serial/cmake)
[0.124s] -- Found ament_lint_auto: 0.10.7 (/opt/ros/galactic/share/ament_lint_auto/cmake)
[0.187s] -- Added test 'copyright' to check source files copyright and LICENSE
[0.189s] -- Added test 'cppcheck' to perform static code analysis on C / C++ code
[0.189s] -- Configured cppcheck include dirs: /home/corey/uumotor-servo-motor-driver-ros2/src/uumotor_servo_motor_driver/include
[0.190s] -- Configured cppcheck exclude dirs and/or files: 
[0.191s] -- Added test 'cpplint' to check C / C++ code against the Google style
[0.191s] -- Configured cpplint exclude dirs and/or files: 
[0.191s] -- Added test 'lint_cmake' to check CMake code style
[0.192s] -- Added test 'uncrustify' to check C / C++ code style
[0.192s] -- Configured uncrustify additional arguments: 
[0.193s] -- Added test 'xmllint' to check XML markup files
[0.197s] -- Configuring done (0.2s)
[0.197s] [31mCMake Error at CMakeLists.txt:16 (add_library):
[0.197s]   No SOURCES given to target: uumotor_servo_motor_driver
[0.198s] 
[0.198s] [0m
[0.198s] [0mCMake Generate step failed.  Build files cannot be regenerated correctly.[0m
[0.206s] Invoked command in '/home/corey/uumotor-servo-motor-driver-ros2/build/uumotor_servo_motor_driver' returned '1': CMAKE_PREFIX_PATH=/opt/ros/galactic /home/corey/.local/bin/cmake /home/corey/uumotor-servo-motor-driver-ros2/src/uumotor_servo_motor_driver -DAMENT_CMAKE_SYMLINK_INSTALL=1 -DCMAKE_INSTALL_PREFIX=/home/corey/uumotor-servo-motor-driver-ros2/install/uumotor_servo_motor_driver
