[0.016s] Invoking command in '/home/corey/uumotor-servo-motor-driver-ros2/build/uumotor_servo_motor_driver': CMAKE_PREFIX_PATH=${CMAKE_PREFIX_PATH}:/opt/ros/galactic /home/corey/.local/bin/cmake --build /home/corey/uumotor-servo-motor-driver-ros2/build/uumotor_servo_motor_driver -- -j16 -l16
[0.052s] [ 18%] Built target fun
[0.055s] [ 54%] Built target cmd
[0.055s] [ 63%] Built target uumotor_servo_motor_driver
[0.073s] [ 72%] [32mBuilding CXX object CMakeFiles/driver.dir/src/test_node.cpp.o[0m
[1.314s] In file included from [01m[K/home/corey/uumotor-servo-motor-driver-ros2/src/uumotor_servo_motor_driver/src/test_node.cpp:12[m[K:
[1.314s] [01m[K/home/corey/uumotor-servo-motor-driver-ros2/src/uumotor_servo_motor_driver/include/uumotor_servo_motor_driver/comms.hpp:[m[K In member function ‘[01m[Kbool Comms::connected() const[m[K’:
[1.314s] [01m[K/home/corey/uumotor-servo-motor-driver-ros2/src/uumotor_servo_motor_driver/include/uumotor_servo_motor_driver/comms.hpp:51:35:[m[K [01;31m[Kerror: [m[Kpassing ‘[01m[Kconst LibSerial::SerialStream[m[K’ as ‘[01m[Kthis[m[K’ argument discards qualifiers [[01;31m[K-fpermissive[m[K]
[1.314s]    51 |             return serial_.IsOpen([01;31m[K)[m[K;
[1.314s]       |                                   [01;31m[K^[m[K
[1.314s] In file included from [01m[K/home/corey/uumotor-servo-motor-driver-ros2/src/uumotor_servo_motor_driver/include/uumotor_servo_motor_driver/comms.hpp:4[m[K,
[1.314s]                  from [01m[K/home/corey/uumotor-servo-motor-driver-ros2/src/uumotor_servo_motor_driver/src/test_node.cpp:12[m[K:
[1.314s] [01m[K/usr/include/libserial/SerialStream.h:183:14:[m[K [01;36m[Knote: [m[K  in call to ‘[01m[Kbool LibSerial::SerialStream::IsOpen()[m[K’
[1.314s]   183 |         bool [01;36m[KIsOpen[m[K() ;
[1.314s]       |              [01;36m[K^~~~~~[m[K
[1.314s] In file included from [01m[K/home/corey/uumotor-servo-motor-driver-ros2/src/uumotor_servo_motor_driver/src/test_node.cpp:12[m[K:
[1.314s] [01m[K/home/corey/uumotor-servo-motor-driver-ros2/src/uumotor_servo_motor_driver/include/uumotor_servo_motor_driver/comms.hpp:[m[K In member function ‘[01m[Kstd::string Comms::send_command(const std::vector<unsigned char, std::allocator<unsigned char> >&, bool)[m[K’:
[1.314s] [01m[K/home/corey/uumotor-servo-motor-driver-ros2/src/uumotor_servo_motor_driver/include/uumotor_servo_motor_driver/comms.hpp:62:39:[m[K [01;31m[Kerror: [m[Kinvalid conversion from ‘[01m[Kconst unsigned char*[m[K’ to ‘[01m[Kconst char*[m[K’ [[01;31m[K-fpermissive[m[K]
[1.314s]    62 |                 serial_.write([01;31m[Kcmd.data()[m[K, 8);
[1.314s]       |                               [01;31m[K~~~~~~~~^~[m[K
[1.314s]       |                                       [01;31m[K|[m[K
[1.314s]       |                                       [01;31m[Kconst unsigned char*[m[K
[1.314s] In file included from [01m[K/usr/include/c++/9/ostream:702[m[K,
[1.314s]                  from [01m[K/usr/include/c++/9/iostream:39[m[K,
[1.314s]                  from [01m[K/home/corey/uumotor-servo-motor-driver-ros2/src/uumotor_servo_motor_driver/src/test_node.cpp:1[m[K:
[1.314s] [01m[K/usr/include/c++/9/bits/ostream.tcc:183:25:[m[K [01;36m[Knote: [m[K  initializing argument 1 of ‘[01m[Kstd::basic_ostream<_CharT, _Traits>& std::basic_ostream<_CharT, _Traits>::write(const _CharT*, std::streamsize) [with _CharT = char; _Traits = std::char_traits<char>; std::streamsize = long int][m[K’
[1.315s]   183 |     write([01;36m[Kconst _CharT* __s[m[K, streamsize __n)
[1.315s]       |           [01;36m[K~~~~~~~~~~~~~~^~~[m[K
[1.791s] make[2]: *** [CMakeFiles/driver.dir/build.make:76: CMakeFiles/driver.dir/src/test_node.cpp.o] Error 1
[1.791s] make[1]: *** [CMakeFiles/Makefile2:170: CMakeFiles/driver.dir/all] Error 2
[1.792s] make: *** [Makefile:146: all] Error 2
[1.796s] Invoked command in '/home/corey/uumotor-servo-motor-driver-ros2/build/uumotor_servo_motor_driver' returned '2': CMAKE_PREFIX_PATH=${CMAKE_PREFIX_PATH}:/opt/ros/galactic /home/corey/.local/bin/cmake --build /home/corey/uumotor-servo-motor-driver-ros2/build/uumotor_servo_motor_driver -- -j16 -l16
