[0.012s] Invoking command in '/home/corey/uumotor-servo-motor-driver-ros2/build/uumotor_servo_motor_driver': CMAKE_PREFIX_PATH=${CMAKE_PREFIX_PATH}:/home/corey/uumotor-servo-motor-driver-ros2/install/serial:/opt/ros/galactic /home/corey/.local/bin/cmake --build /home/corey/uumotor-servo-motor-driver-ros2/build/uumotor_servo_motor_driver -- -j16 -l16
[0.039s] -- Found ament_cmake: 1.1.6 (/opt/ros/galactic/share/ament_cmake/cmake)
[0.040s] [33mCMake Warning (dev) at /opt/ros/galactic/share/ament_cmake_core/cmake/core/python.cmake:22 (find_package):
[0.040s]   Policy CMP0148 is not set: The FindPythonInterp and FindPythonLibs modules
[0.040s]   are removed.  Run "cmake --help-policy CMP0148" for policy details.  Use
[0.040s]   the cmake_policy command to set the policy and suppress this warning.
[0.040s] 
[0.040s] Call Stack (most recent call first):
[0.040s]   /opt/ros/galactic/share/ament_cmake_core/cmake/core/all.cmake:53 (include)
[0.040s]   /opt/ros/galactic/share/ament_cmake_core/cmake/ament_cmake_core-extras.cmake:17 (include)
[0.040s]   /opt/ros/galactic/share/ament_cmake_core/cmake/ament_cmake_coreConfig.cmake:41 (include)
[0.040s]   /opt/ros/galactic/share/ament_cmake/cmake/ament_cmake_export_dependencies-extras.cmake:15 (find_package)
[0.040s]   /opt/ros/galactic/share/ament_cmake/cmake/ament_cmakeConfig.cmake:41 (include)
[0.040s]   CMakeLists.txt:11 (find_package)
[0.040s] This warning is for project developers.  Use -Wno-dev to suppress it.
[0.040s] [0m
[0.053s] -- Using PYTHON_EXECUTABLE: /usr/bin/python3
[0.093s] -- Override CMake install command with custom implementation using symlinks instead of copying resources
[0.099s] -- Found rclcpp: 9.2.2 (/opt/ros/galactic/share/rclcpp/cmake)
[0.128s] -- Using all available rosidl_typesupport_c: rosidl_typesupport_fastrtps_c;rosidl_typesupport_introspection_c
[0.131s] -- Found rosidl_adapter: 2.2.3 (/opt/ros/galactic/share/rosidl_adapter/cmake)
[0.231s] -- Using all available rosidl_typesupport_cpp: rosidl_typesupport_fastrtps_cpp;rosidl_typesupport_introspection_cpp
[0.274s] -- Found rmw_implementation_cmake: 3.3.1 (/opt/ros/galactic/share/rmw_implementation_cmake/cmake)
[0.275s] -- Found rmw_cyclonedds_cpp: 0.22.6 (/opt/ros/galactic/share/rmw_cyclonedds_cpp/cmake)
[0.290s] -- Using RMW implementation 'rmw_cyclonedds_cpp' as default
[0.445s] -- Configuring done (0.4s)
[0.447s] [31mCMake Error at CMakeLists.txt:35 (add_library):
[0.447s]   Target "fun" links to itself.
[0.447s] 
[0.447s] [0m
[0.447s] [31mCMake Error at CMakeLists.txt:35 (add_library):
[0.447s]   Target "fun" links to itself.
[0.447s] 
[0.448s] [0m
[0.448s] [31mCMake Error at CMakeLists.txt:35 (add_library):
[0.448s]   Target "fun" links to itself.
[0.448s] 
[0.448s] [0m
[0.448s] [31mCMake Error at CMakeLists.txt:35 (add_library):
[0.448s]   Target "fun" links to itself.
[0.448s] 
[0.448s] [0m
[0.453s] -- Generating done (0.0s)
[0.454s] [0mCMake Generate step failed.  Build files cannot be regenerated correctly.[0m
[0.459s] make: *** [Makefile:352: cmake_check_build_system] Error 1
[0.462s] Invoked command in '/home/corey/uumotor-servo-motor-driver-ros2/build/uumotor_servo_motor_driver' returned '2': CMAKE_PREFIX_PATH=${CMAKE_PREFIX_PATH}:/home/corey/uumotor-servo-motor-driver-ros2/install/serial:/opt/ros/galactic /home/corey/.local/bin/cmake --build /home/corey/uumotor-servo-motor-driver-ros2/build/uumotor_servo_motor_driver -- -j16 -l16
