[0.015s] Invoking command in '/home/corey/uumotor-servo-motor-driver-ros2/build/uumotor_servo_motor_driver': CMAKE_PREFIX_PATH=${CMAKE_PREFIX_PATH}:/opt/ros/galactic /home/corey/.local/bin/cmake --build /home/corey/uumotor-servo-motor-driver-ros2/build/uumotor_servo_motor_driver -- -j16 -l16
[0.046s] -- Found ament_cmake: 1.1.6 (/opt/ros/galactic/share/ament_cmake/cmake)
[0.047s] [33mCMake Warning (dev) at /opt/ros/galactic/share/ament_cmake_core/cmake/core/python.cmake:22 (find_package):
[0.047s]   Policy CMP0148 is not set: The FindPythonInterp and FindPythonLibs modules
[0.047s]   are removed.  Run "cmake --help-policy CMP0148" for policy details.  Use
[0.047s]   the cmake_policy command to set the policy and suppress this warning.
[0.047s] 
[0.047s] Call Stack (most recent call first):
[0.047s]   /opt/ros/galactic/share/ament_cmake_core/cmake/core/all.cmake:53 (include)
[0.048s]   /opt/ros/galactic/share/ament_cmake_core/cmake/ament_cmake_core-extras.cmake:17 (include)
[0.048s]   /opt/ros/galactic/share/ament_cmake_core/cmake/ament_cmake_coreConfig.cmake:41 (include)
[0.048s]   /opt/ros/galactic/share/ament_cmake/cmake/ament_cmake_export_dependencies-extras.cmake:15 (find_package)
[0.048s]   /opt/ros/galactic/share/ament_cmake/cmake/ament_cmakeConfig.cmake:41 (include)
[0.048s]   CMakeLists.txt:9 (find_package)
[0.048s] This warning is for project developers.  Use -Wno-dev to suppress it.
[0.048s] [0m
[0.067s] -- Using PYTHON_EXECUTABLE: /usr/bin/python3
[0.115s] -- Override CMake install command with custom implementation using symlinks instead of copying resources
[0.122s] -- Found serial: 1.2.1 (/usr/local/share/serial/cmake)
[0.125s] -- Found rclcpp: 9.2.2 (/opt/ros/galactic/share/rclcpp/cmake)
[0.180s] -- Using all available rosidl_typesupport_c: rosidl_typesupport_fastrtps_c;rosidl_typesupport_introspection_c
[0.187s] -- Found rosidl_adapter: 2.2.3 (/opt/ros/galactic/share/rosidl_adapter/cmake)
[0.250s] -- Found OpenSSL: /usr/lib/x86_64-linux-gnu/libcrypto.so (found version "1.1.1f")  
[0.274s] -- Found FastRTPS: /opt/ros/galactic/include  
[0.345s] -- Using all available rosidl_typesupport_cpp: rosidl_typesupport_fastrtps_cpp;rosidl_typesupport_introspection_cpp
[0.404s] -- Found rmw_implementation_cmake: 3.3.1 (/opt/ros/galactic/share/rmw_implementation_cmake/cmake)
[0.407s] -- Found rmw_cyclonedds_cpp: 0.22.6 (/opt/ros/galactic/share/rmw_cyclonedds_cpp/cmake)
[0.425s] -- Using RMW implementation 'rmw_cyclonedds_cpp' as default
[0.426s] -- Performing Test CMAKE_HAVE_LIBC_PTHREAD
[0.542s] -- Performing Test CMAKE_HAVE_LIBC_PTHREAD - Failed
[0.542s] -- Looking for pthread_create in pthreads
[0.577s] -- Looking for pthread_create in pthreads - not found
[0.577s] -- Looking for pthread_create in pthread
[0.616s] -- Looking for pthread_create in pthread - found
[0.618s] -- Found Threads: TRUE  
[0.744s] [31mCMake Error at /opt/ros/galactic/share/ament_cmake_target_dependencies/cmake/ament_target_dependencies.cmake:77 (message):
[0.744s]   ament_target_dependencies() the passed package name 'driver' was not found
[0.744s]   before
[0.744s] Call Stack (most recent call first):
[0.744s]   CMakeLists.txt:35 (ament_target_dependencies)
[0.744s] 
[0.744s] [0m
[0.744s] -- Configuring incomplete, errors occurred!
[0.750s] make: *** [Makefile:338: cmake_check_build_system] Error 1
[0.754s] Invoked command in '/home/corey/uumotor-servo-motor-driver-ros2/build/uumotor_servo_motor_driver' returned '2': CMAKE_PREFIX_PATH=${CMAKE_PREFIX_PATH}:/opt/ros/galactic /home/corey/.local/bin/cmake --build /home/corey/uumotor-servo-motor-driver-ros2/build/uumotor_servo_motor_driver -- -j16 -l16
