[ 18%] Built target fun
[ 36%] Built target cmd
[ 63%] Built target uumotor_servo_motor_driver
[ 72%] [32mBuilding CXX object CMakeFiles/driver.dir/src/test_node.cpp.o[0m
In file included from [01m[K/home/corey/uumotor-servo-motor-driver-ros2/src/uumotor_servo_motor_driver/include/uumotor_servo_motor_driver/motor_controller.hpp:8[m[K,
                 from [01m[K/home/corey/uumotor-servo-motor-driver-ros2/src/uumotor_servo_motor_driver/src/test_node.cpp:10[m[K:
[01m[K/home/corey/uumotor-servo-motor-driver-ros2/src/uumotor_servo_motor_driver/include/uumotor_servo_motor_driver/comms.hpp:[m[K In member function ‘[01m[Kstd::vector<unsigned char, std::allocator<unsigned char> > Comms::send_command(const std::vector<unsigned char, std::allocator<unsigned char> >&, bool)[m[K’:
[01m[K/home/corey/uumotor-servo-motor-driver-ros2/src/uumotor_servo_motor_driver/include/uumotor_servo_motor_driver/comms.hpp:70:33:[m[K [01;35m[Kwarning: [m[K‘[01m[Ksprintf[m[K’ writing a terminating nul past the end of the destination [[01;35m[K-Wformat-overflow=[m[K]
   70 |                 sprintf(val, "%x[01;35m[K"[m[K, hex_value);
      |                                 [01;35m[K^[m[K
[01m[K/home/corey/uumotor-servo-motor-driver-ros2/src/uumotor_servo_motor_driver/include/uumotor_servo_motor_driver/comms.hpp:70:24:[m[K [01;36m[Knote: [m[K‘[01m[Ksprintf[m[K’ output between 2 and 3 bytes into a destination of size 1
   70 |                 [01;36m[Ksprintf(val, "%x", hex_value)[m[K;
      |                 [01;36m[K~~~~~~~^~~~~~~~~~~~~~~~~~~~~~[m[K
[ 81%] [32m[1mLinking CXX executable driver[0m
[100%] Built target driver
-- Install configuration: ""
-- Execute custom install script
-- Up-to-date symlink: /home/corey/uumotor-servo-motor-driver-ros2/install/uumotor_servo_motor_driver/lib/uumotor_servo_motor_driver/libuumotor_servo_motor_driver.so
-- Up-to-date symlink: /home/corey/uumotor-servo-motor-driver-ros2/install/uumotor_servo_motor_driver/include/uumotor_servo_motor_driver//commands.h
-- Up-to-date symlink: /home/corey/uumotor-servo-motor-driver-ros2/install/uumotor_servo_motor_driver/include/uumotor_servo_motor_driver//comms.hpp
-- Up-to-date symlink: /home/corey/uumotor-servo-motor-driver-ros2/install/uumotor_servo_motor_driver/include/uumotor_servo_motor_driver//functions.h
-- Up-to-date symlink: /home/corey/uumotor-servo-motor-driver-ros2/install/uumotor_servo_motor_driver/include/uumotor_servo_motor_driver//motor_controller.hpp
-- Up-to-date symlink: /home/corey/uumotor-servo-motor-driver-ros2/install/uumotor_servo_motor_driver/lib/uumotor_servo_motor_driver/driver
-- Up-to-date symlink: /home/corey/uumotor-servo-motor-driver-ros2/install/uumotor_servo_motor_driver/share/uumotor_servo_motor_driver/environment/library_path.sh
-- Up-to-date symlink: /home/corey/uumotor-servo-motor-driver-ros2/install/uumotor_servo_motor_driver/share/uumotor_servo_motor_driver/environment/library_path.dsv
-- Up-to-date symlink: /home/corey/uumotor-servo-motor-driver-ros2/install/uumotor_servo_motor_driver/share/ament_index/resource_index/package_run_dependencies/uumotor_servo_motor_driver
-- Up-to-date symlink: /home/corey/uumotor-servo-motor-driver-ros2/install/uumotor_servo_motor_driver/share/ament_index/resource_index/parent_prefix_path/uumotor_servo_motor_driver
-- Up-to-date symlink: /home/corey/uumotor-servo-motor-driver-ros2/install/uumotor_servo_motor_driver/share/uumotor_servo_motor_driver/environment/ament_prefix_path.sh
-- Up-to-date symlink: /home/corey/uumotor-servo-motor-driver-ros2/install/uumotor_servo_motor_driver/share/uumotor_servo_motor_driver/environment/ament_prefix_path.dsv
-- Up-to-date symlink: /home/corey/uumotor-servo-motor-driver-ros2/install/uumotor_servo_motor_driver/share/uumotor_servo_motor_driver/environment/path.sh
-- Up-to-date symlink: /home/corey/uumotor-servo-motor-driver-ros2/install/uumotor_servo_motor_driver/share/uumotor_servo_motor_driver/environment/path.dsv
-- Up-to-date symlink: /home/corey/uumotor-servo-motor-driver-ros2/install/uumotor_servo_motor_driver/share/uumotor_servo_motor_driver/local_setup.bash
-- Up-to-date symlink: /home/corey/uumotor-servo-motor-driver-ros2/install/uumotor_servo_motor_driver/share/uumotor_servo_motor_driver/local_setup.sh
-- Up-to-date symlink: /home/corey/uumotor-servo-motor-driver-ros2/install/uumotor_servo_motor_driver/share/uumotor_servo_motor_driver/local_setup.zsh
-- Up-to-date symlink: /home/corey/uumotor-servo-motor-driver-ros2/install/uumotor_servo_motor_driver/share/uumotor_servo_motor_driver/local_setup.dsv
-- Symlinking: /home/corey/uumotor-servo-motor-driver-ros2/install/uumotor_servo_motor_driver/share/uumotor_servo_motor_driver/package.dsv
-- Up-to-date symlink: /home/corey/uumotor-servo-motor-driver-ros2/install/uumotor_servo_motor_driver/share/ament_index/resource_index/packages/uumotor_servo_motor_driver
-- Up-to-date symlink: /home/corey/uumotor-servo-motor-driver-ros2/install/uumotor_servo_motor_driver/share/uumotor_servo_motor_driver/cmake/ament_cmake_export_include_directories-extras.cmake
-- Up-to-date symlink: /home/corey/uumotor-servo-motor-driver-ros2/install/uumotor_servo_motor_driver/share/uumotor_servo_motor_driver/cmake/ament_cmake_export_libraries-extras.cmake
-- Up-to-date symlink: /home/corey/uumotor-servo-motor-driver-ros2/install/uumotor_servo_motor_driver/share/uumotor_servo_motor_driver/cmake/ament_cmake_export_dependencies-extras.cmake
-- Up-to-date symlink: /home/corey/uumotor-servo-motor-driver-ros2/install/uumotor_servo_motor_driver/share/uumotor_servo_motor_driver/cmake/uumotor_servo_motor_driverConfig.cmake
-- Up-to-date symlink: /home/corey/uumotor-servo-motor-driver-ros2/install/uumotor_servo_motor_driver/share/uumotor_servo_motor_driver/cmake/uumotor_servo_motor_driverConfig-version.cmake
-- Up-to-date symlink: /home/corey/uumotor-servo-motor-driver-ros2/install/uumotor_servo_motor_driver/share/uumotor_servo_motor_driver/package.xml
