[0.014s] Invoking command in '/home/corey/uumotor-servo-motor-driver-ros2/build/uumotor_servo_motor_driver': CMAKE_PREFIX_PATH=${CMAKE_PREFIX_PATH}:/opt/ros/galactic /home/corey/.local/bin/cmake --build /home/corey/uumotor-servo-motor-driver-ros2/build/uumotor_servo_motor_driver -- -j16 -l16
[0.050s] [ 18%] Built target fun
[0.052s] [ 36%] Built target cmd
[0.052s] [ 63%] Built target uumotor_servo_motor_driver
[0.070s] [ 72%] [32mBuilding CXX object CMakeFiles/driver.dir/src/test_node.cpp.o[0m
[2.072s] In file included from [01m[K/home/corey/uumotor-servo-motor-driver-ros2/src/uumotor_servo_motor_driver/include/uumotor_servo_motor_driver/motor_controller.hpp:8[m[K,
[2.072s]                  from [01m[K/home/corey/uumotor-servo-motor-driver-ros2/src/uumotor_servo_motor_driver/src/test_node.cpp:10[m[K:
[2.072s] [01m[K/home/corey/uumotor-servo-motor-driver-ros2/src/uumotor_servo_motor_driver/include/uumotor_servo_motor_driver/comms.hpp:[m[K In member function ‘[01m[Kstd::vector<unsigned char, std::allocator<unsigned char> > Comms::send_command(const std::vector<unsigned char, std::allocator<unsigned char> >&, bool)[m[K’:
[2.073s] [01m[K/home/corey/uumotor-servo-motor-driver-ros2/src/uumotor_servo_motor_driver/include/uumotor_servo_motor_driver/comms.hpp:70:33:[m[K [01;35m[Kwarning: [m[K‘[01m[Ksprintf[m[K’ writing a terminating nul past the end of the destination [[01;35m[K-Wformat-overflow=[m[K]
[2.073s]    70 |                 sprintf(val, "%x[01;35m[K"[m[K, hex_value);
[2.073s]       |                                 [01;35m[K^[m[K
[2.073s] [01m[K/home/corey/uumotor-servo-motor-driver-ros2/src/uumotor_servo_motor_driver/include/uumotor_servo_motor_driver/comms.hpp:70:24:[m[K [01;36m[Knote: [m[K‘[01m[Ksprintf[m[K’ output between 2 and 3 bytes into a destination of size 1
[2.073s]    70 |                 [01;36m[Ksprintf(val, "%x", hex_value)[m[K;
[2.073s]       |                 [01;36m[K~~~~~~~^~~~~~~~~~~~~~~~~~~~~~[m[K
[2.199s] [ 81%] [32m[1mLinking CXX executable driver[0m
[2.277s] [100%] Built target driver
[2.283s] Invoked command in '/home/corey/uumotor-servo-motor-driver-ros2/build/uumotor_servo_motor_driver' returned '0': CMAKE_PREFIX_PATH=${CMAKE_PREFIX_PATH}:/opt/ros/galactic /home/corey/.local/bin/cmake --build /home/corey/uumotor-servo-motor-driver-ros2/build/uumotor_servo_motor_driver -- -j16 -l16
[2.345s] Invoking command in '/home/corey/uumotor-servo-motor-driver-ros2/build/uumotor_servo_motor_driver': CMAKE_PREFIX_PATH=${CMAKE_PREFIX_PATH}:/opt/ros/galactic /home/corey/.local/bin/cmake --install /home/corey/uumotor-servo-motor-driver-ros2/build/uumotor_servo_motor_driver
[2.365s] -- Install configuration: ""
[2.365s] -- Execute custom install script
[2.365s] -- Up-to-date symlink: /home/corey/uumotor-servo-motor-driver-ros2/install/uumotor_servo_motor_driver/lib/uumotor_servo_motor_driver/libuumotor_servo_motor_driver.so
[2.365s] -- Up-to-date symlink: /home/corey/uumotor-servo-motor-driver-ros2/install/uumotor_servo_motor_driver/include/uumotor_servo_motor_driver//commands.h
[2.366s] -- Up-to-date symlink: /home/corey/uumotor-servo-motor-driver-ros2/install/uumotor_servo_motor_driver/include/uumotor_servo_motor_driver//comms.hpp
[2.366s] -- Up-to-date symlink: /home/corey/uumotor-servo-motor-driver-ros2/install/uumotor_servo_motor_driver/include/uumotor_servo_motor_driver//functions.h
[2.366s] -- Up-to-date symlink: /home/corey/uumotor-servo-motor-driver-ros2/install/uumotor_servo_motor_driver/include/uumotor_servo_motor_driver//motor_controller.hpp
[2.366s] -- Up-to-date symlink: /home/corey/uumotor-servo-motor-driver-ros2/install/uumotor_servo_motor_driver/lib/uumotor_servo_motor_driver/driver
[2.366s] -- Up-to-date symlink: /home/corey/uumotor-servo-motor-driver-ros2/install/uumotor_servo_motor_driver/share/uumotor_servo_motor_driver/environment/library_path.sh
[2.366s] -- Up-to-date symlink: /home/corey/uumotor-servo-motor-driver-ros2/install/uumotor_servo_motor_driver/share/uumotor_servo_motor_driver/environment/library_path.dsv
[2.366s] -- Up-to-date symlink: /home/corey/uumotor-servo-motor-driver-ros2/install/uumotor_servo_motor_driver/share/ament_index/resource_index/package_run_dependencies/uumotor_servo_motor_driver
[2.367s] -- Up-to-date symlink: /home/corey/uumotor-servo-motor-driver-ros2/install/uumotor_servo_motor_driver/share/ament_index/resource_index/parent_prefix_path/uumotor_servo_motor_driver
[2.367s] -- Up-to-date symlink: /home/corey/uumotor-servo-motor-driver-ros2/install/uumotor_servo_motor_driver/share/uumotor_servo_motor_driver/environment/ament_prefix_path.sh
[2.367s] -- Up-to-date symlink: /home/corey/uumotor-servo-motor-driver-ros2/install/uumotor_servo_motor_driver/share/uumotor_servo_motor_driver/environment/ament_prefix_path.dsv
[2.367s] -- Up-to-date symlink: /home/corey/uumotor-servo-motor-driver-ros2/install/uumotor_servo_motor_driver/share/uumotor_servo_motor_driver/environment/path.sh
[2.367s] -- Up-to-date symlink: /home/corey/uumotor-servo-motor-driver-ros2/install/uumotor_servo_motor_driver/share/uumotor_servo_motor_driver/environment/path.dsv
[2.367s] -- Up-to-date symlink: /home/corey/uumotor-servo-motor-driver-ros2/install/uumotor_servo_motor_driver/share/uumotor_servo_motor_driver/local_setup.bash
[2.367s] -- Up-to-date symlink: /home/corey/uumotor-servo-motor-driver-ros2/install/uumotor_servo_motor_driver/share/uumotor_servo_motor_driver/local_setup.sh
[2.367s] -- Up-to-date symlink: /home/corey/uumotor-servo-motor-driver-ros2/install/uumotor_servo_motor_driver/share/uumotor_servo_motor_driver/local_setup.zsh
[2.367s] -- Up-to-date symlink: /home/corey/uumotor-servo-motor-driver-ros2/install/uumotor_servo_motor_driver/share/uumotor_servo_motor_driver/local_setup.dsv
[2.368s] -- Symlinking: /home/corey/uumotor-servo-motor-driver-ros2/install/uumotor_servo_motor_driver/share/uumotor_servo_motor_driver/package.dsv
[2.369s] -- Up-to-date symlink: /home/corey/uumotor-servo-motor-driver-ros2/install/uumotor_servo_motor_driver/share/ament_index/resource_index/packages/uumotor_servo_motor_driver
[2.370s] -- Up-to-date symlink: /home/corey/uumotor-servo-motor-driver-ros2/install/uumotor_servo_motor_driver/share/uumotor_servo_motor_driver/cmake/ament_cmake_export_include_directories-extras.cmake
[2.370s] -- Up-to-date symlink: /home/corey/uumotor-servo-motor-driver-ros2/install/uumotor_servo_motor_driver/share/uumotor_servo_motor_driver/cmake/ament_cmake_export_libraries-extras.cmake
[2.370s] -- Up-to-date symlink: /home/corey/uumotor-servo-motor-driver-ros2/install/uumotor_servo_motor_driver/share/uumotor_servo_motor_driver/cmake/ament_cmake_export_dependencies-extras.cmake
[2.370s] -- Up-to-date symlink: /home/corey/uumotor-servo-motor-driver-ros2/install/uumotor_servo_motor_driver/share/uumotor_servo_motor_driver/cmake/uumotor_servo_motor_driverConfig.cmake
[2.370s] -- Up-to-date symlink: /home/corey/uumotor-servo-motor-driver-ros2/install/uumotor_servo_motor_driver/share/uumotor_servo_motor_driver/cmake/uumotor_servo_motor_driverConfig-version.cmake
[2.370s] -- Up-to-date symlink: /home/corey/uumotor-servo-motor-driver-ros2/install/uumotor_servo_motor_driver/share/uumotor_servo_motor_driver/package.xml
[2.375s] Invoked command in '/home/corey/uumotor-servo-motor-driver-ros2/build/uumotor_servo_motor_driver' returned '0': CMAKE_PREFIX_PATH=${CMAKE_PREFIX_PATH}:/opt/ros/galactic /home/corey/.local/bin/cmake --install /home/corey/uumotor-servo-motor-driver-ros2/build/uumotor_servo_motor_driver
