[ 16%] [32mBuilding CXX object CMakeFiles/driver.dir/src/test.cpp.o[0m
[ 33%] [32mBuilding CXX object CMakeFiles/uumotor_servo_motor_driver.dir/src/test.cpp.o[0m
[01m[K/home/corey/uumotor-servo-motor-driver-ros2/src/uumotor_servo_motor_driver/src/test.cpp:1:10:[m[K [01;31m[Kfatal error: [m[Kuumotor_servo_motor_driver/functions.h: No such file or directory
    1 | #include [01;31m[K"uumotor_servo_motor_driver/functions.h"[m[K
      |          [01;31m[K^~~~~~~~~~~~~~~~~~~~~~~~~~~~~~~~~~~~~~~~[m[K
compilation terminated.
make[2]: *** [CMakeFiles/driver.dir/build.make:76: CMakeFiles/driver.dir/src/test.cpp.o] Error 1
make[1]: *** [CMakeFiles/Makefile2:165: CMakeFiles/driver.dir/all] Error 2
make[1]: *** Waiting for unfinished jobs....
[01m[K/home/corey/uumotor-servo-motor-driver-ros2/src/uumotor_servo_motor_driver/src/test.cpp:[m[K In function ‘[01m[Kint main()[m[K’:
[01m[K/home/corey/uumotor-servo-motor-driver-ros2/src/uumotor_servo_motor_driver/src/test.cpp:14:37:[m[K [01;31m[Kerror: [m[Kinvalid conversion from ‘[01m[Kunsigned char[m[K’ to ‘[01m[Kconst char*[m[K’ [[01;31m[K-fpermissive[m[K]
   14 |         val[i] = (uint8_t)atoi([01;31m[Kcmd[i][m[K);
      |                                [01;31m[K~~~~~^[m[K
      |                                     [01;31m[K|[m[K
      |                                     [01;31m[Kunsigned char[m[K
In file included from [01m[K/usr/include/c++/9/cstdlib:75[m[K,
                 from [01m[K/usr/include/c++/9/ext/string_conversions.h:41[m[K,
                 from [01m[K/usr/include/c++/9/bits/basic_string.h:6496[m[K,
                 from [01m[K/usr/include/c++/9/string:55[m[K,
                 from [01m[K/home/corey/uumotor-servo-motor-driver-ros2/src/uumotor_servo_motor_driver/include/uumotor_servo_motor_driver/functions.h:4[m[K,
                 from [01m[K/home/corey/uumotor-servo-motor-driver-ros2/src/uumotor_servo_motor_driver/src/test.cpp:1[m[K:
[01m[K/usr/include/stdlib.h:104:30:[m[K [01;36m[Knote: [m[K  initializing argument 1 of ‘[01m[Kint atoi(const char*)[m[K’
  104 | extern int atoi ([01;36m[Kconst char *__nptr[m[K)
      |                  [01;36m[K~~~~~~~~~~~~^~~~~~[m[K
make[2]: *** [CMakeFiles/uumotor_servo_motor_driver.dir/build.make:104: CMakeFiles/uumotor_servo_motor_driver.dir/src/test.cpp.o] Error 1
make[1]: *** [CMakeFiles/Makefile2:139: CMakeFiles/uumotor_servo_motor_driver.dir/all] Error 2
make: *** [Makefile:146: all] Error 2
