[01m[K/home/corey/uumotor-servo-motor-driver-ros2/src/uumotor_servo_motor_driver/src/commands.cpp:[m[K In member function ‘[01m[Kuint8_t* Commands::set_control_mode(int, std::string)[m[K’:
[01m[K/home/corey/uumotor-servo-motor-driver-ros2/src/uumotor_servo_motor_driver/src/commands.cpp:38:24:[m[K [01;35m[Kwarning: [m[Kaddress of local variable ‘[01m[Kcommand[m[K’ returned [[01;35m[K-Wreturn-local-addr[m[K]
   38 |                 return [01;35m[Kcommand[m[K;
      |                        [01;35m[K^~~~~~~[m[K
[01m[K/home/corey/uumotor-servo-motor-driver-ros2/src/uumotor_servo_motor_driver/src/commands.cpp:36:25:[m[K [01;36m[Knote: [m[Kdeclared here
   36 |                 uint8_t [01;36m[Kcommand[m[K[8] = {0xEE, 0x06, 0x51, 0x00, 0x00, 0x00, 0xFF, 0xFF};
      |                         [01;36m[K^~~~~~~[m[K
[01m[K/home/corey/uumotor-servo-motor-driver-ros2/src/uumotor_servo_motor_driver/src/commands.cpp:40:18:[m[K [01;31m[Kerror: [m[Kjump to case label
   40 |             case [01;31m[K2[m[K:
      |                  [01;31m[K^[m[K
[01m[K/home/corey/uumotor-servo-motor-driver-ros2/src/uumotor_servo_motor_driver/src/commands.cpp:36:25:[m[K [01;36m[Knote: [m[K  crosses initialization of ‘[01m[Kuint8_t command [8][m[K’
   36 |                 uint8_t [01;36m[Kcommand[m[K[8] = {0xEE, 0x06, 0x51, 0x00, 0x00, 0x00, 0xFF, 0xFF};
      |                         [01;36m[K^~~~~~~[m[K
[01m[K/home/corey/uumotor-servo-motor-driver-ros2/src/uumotor_servo_motor_driver/src/commands.cpp:41:25:[m[K [01;31m[Kerror: [m[Kredeclaration of ‘[01m[Kuint8_t command [8][m[K’
   41 |                 uint8_t [01;31m[Kcommand[m[K[8] = {0xEE, 0x06, 0x51, 0x01, 0x00, 0x00, 0xFF, 0xFF};
      |                         [01;31m[K^~~~~~~[m[K
[01m[K/home/corey/uumotor-servo-motor-driver-ros2/src/uumotor_servo_motor_driver/src/commands.cpp:36:25:[m[K [01;36m[Knote: [m[K‘[01m[Kuint8_t command [8][m[K’ previously declared here
   36 |                 uint8_t [01;36m[Kcommand[m[K[8] = {0xEE, 0x06, 0x51, 0x00, 0x00, 0x00, 0xFF, 0xFF};
      |                         [01;36m[K^~~~~~~[m[K
[01m[K/home/corey/uumotor-servo-motor-driver-ros2/src/uumotor_servo_motor_driver/src/commands.cpp:44:24:[m[K [01;35m[Kwarning: [m[Kaddress of local variable ‘[01m[Kcommand[m[K’ returned [[01;35m[K-Wreturn-local-addr[m[K]
   44 |                 return [01;35m[Kcommand[m[K;
      |                        [01;35m[K^~~~~~~[m[K
[01m[K/home/corey/uumotor-servo-motor-driver-ros2/src/uumotor_servo_motor_driver/src/commands.cpp:36:25:[m[K [01;36m[Knote: [m[Kdeclared here
   36 |                 uint8_t [01;36m[Kcommand[m[K[8] = {0xEE, 0x06, 0x51, 0x00, 0x00, 0x00, 0xFF, 0xFF};
      |                         [01;36m[K^~~~~~~[m[K
[01m[K/home/corey/uumotor-servo-motor-driver-ros2/src/uumotor_servo_motor_driver/src/commands.cpp:46:13:[m[K [01;31m[Kerror: [m[Kjump to case label
   46 |             [01;31m[Kdefault[m[K:
      |             [01;31m[K^~~~~~~[m[K
[01m[K/home/corey/uumotor-servo-motor-driver-ros2/src/uumotor_servo_motor_driver/src/commands.cpp:36:25:[m[K [01;36m[Knote: [m[K  crosses initialization of ‘[01m[Kuint8_t command [8][m[K’
   36 |                 uint8_t [01;36m[Kcommand[m[K[8] = {0xEE, 0x06, 0x51, 0x00, 0x00, 0x00, 0xFF, 0xFF};
      |                         [01;36m[K^~~~~~~[m[K
[01m[K/home/corey/uumotor-servo-motor-driver-ros2/src/uumotor_servo_motor_driver/src/commands.cpp:58:24:[m[K [01;35m[Kwarning: [m[Kaddress of local variable ‘[01m[Kcommand[m[K’ returned [[01;35m[K-Wreturn-local-addr[m[K]
   58 |                 return [01;35m[Kcommand[m[K;
      |                        [01;35m[K^~~~~~~[m[K
[01m[K/home/corey/uumotor-servo-motor-driver-ros2/src/uumotor_servo_motor_driver/src/commands.cpp:55:25:[m[K [01;36m[Knote: [m[Kdeclared here
   55 |                 uint8_t [01;36m[Kcommand[m[K[8] =  {0xEE, 0x06, 0x51, 0x00, 0x00, 0x01, 0xFF, 0xFF};
      |                         [01;36m[K^~~~~~~[m[K
[01m[K/home/corey/uumotor-servo-motor-driver-ros2/src/uumotor_servo_motor_driver/src/commands.cpp:60:18:[m[K [01;31m[Kerror: [m[Kjump to case label
   60 |             case [01;31m[K2[m[K:
      |                  [01;31m[K^[m[K
[01m[K/home/corey/uumotor-servo-motor-driver-ros2/src/uumotor_servo_motor_driver/src/commands.cpp:55:25:[m[K [01;36m[Knote: [m[K  crosses initialization of ‘[01m[Kuint8_t command [8][m[K’
   55 |                 uint8_t [01;36m[Kcommand[m[K[8] =  {0xEE, 0x06, 0x51, 0x00, 0x00, 0x01, 0xFF, 0xFF};
      |                         [01;36m[K^~~~~~~[m[K
[01m[K/home/corey/uumotor-servo-motor-driver-ros2/src/uumotor_servo_motor_driver/src/commands.cpp:61:25:[m[K [01;31m[Kerror: [m[Kredeclaration of ‘[01m[Kuint8_t command [8][m[K’
   61 |                 uint8_t [01;31m[Kcommand[m[K[8] = {0xEE, 0x06, 0x51, 0x01, 0x00, 0x01, 0xFF, 0xFF};
      |                         [01;31m[K^~~~~~~[m[K
[01m[K/home/corey/uumotor-servo-motor-driver-ros2/src/uumotor_servo_motor_driver/src/commands.cpp:55:25:[m[K [01;36m[Knote: [m[K‘[01m[Kuint8_t command [8][m[K’ previously declared here
   55 |                 uint8_t [01;36m[Kcommand[m[K[8] =  {0xEE, 0x06, 0x51, 0x00, 0x00, 0x01, 0xFF, 0xFF};
      |                         [01;36m[K^~~~~~~[m[K
[01m[K/home/corey/uumotor-servo-motor-driver-ros2/src/uumotor_servo_motor_driver/src/commands.cpp:64:24:[m[K [01;35m[Kwarning: [m[Kaddress of local variable ‘[01m[Kcommand[m[K’ returned [[01;35m[K-Wreturn-local-addr[m[K]
   64 |                 return [01;35m[Kcommand[m[K;
      |                        [01;35m[K^~~~~~~[m[K
[01m[K/home/corey/uumotor-servo-motor-driver-ros2/src/uumotor_servo_motor_driver/src/commands.cpp:55:25:[m[K [01;36m[Knote: [m[Kdeclared here
   55 |                 uint8_t [01;36m[Kcommand[m[K[8] =  {0xEE, 0x06, 0x51, 0x00, 0x00, 0x01, 0xFF, 0xFF};
      |                         [01;36m[K^~~~~~~[m[K
[01m[K/home/corey/uumotor-servo-motor-driver-ros2/src/uumotor_servo_motor_driver/src/commands.cpp:66:13:[m[K [01;31m[Kerror: [m[Kjump to case label
   66 |             [01;31m[Kdefault[m[K:
      |             [01;31m[K^~~~~~~[m[K
[01m[K/home/corey/uumotor-servo-motor-driver-ros2/src/uumotor_servo_motor_driver/src/commands.cpp:55:25:[m[K [01;36m[Knote: [m[K  crosses initialization of ‘[01m[Kuint8_t command [8][m[K’
   55 |                 uint8_t [01;36m[Kcommand[m[K[8] =  {0xEE, 0x06, 0x51, 0x00, 0x00, 0x01, 0xFF, 0xFF};
      |                         [01;36m[K^~~~~~~[m[K
[01m[K/home/corey/uumotor-servo-motor-driver-ros2/src/uumotor_servo_motor_driver/src/commands.cpp:78:24:[m[K [01;35m[Kwarning: [m[Kaddress of local variable ‘[01m[Kcommand[m[K’ returned [[01;35m[K-Wreturn-local-addr[m[K]
   78 |                 return [01;35m[Kcommand[m[K;
      |                        [01;35m[K^~~~~~~[m[K
[01m[K/home/corey/uumotor-servo-motor-driver-ros2/src/uumotor_servo_motor_driver/src/commands.cpp:75:25:[m[K [01;36m[Knote: [m[Kdeclared here
   75 |                 uint8_t [01;36m[Kcommand[m[K[8] = {0xEE, 0x06, 0x51, 0x00, 0x00, 0x02, 0xFF, 0xFF};
      |                         [01;36m[K^~~~~~~[m[K
[01m[K/home/corey/uumotor-servo-motor-driver-ros2/src/uumotor_servo_motor_driver/src/commands.cpp:80:18:[m[K [01;31m[Kerror: [m[Kjump to case label
   80 |             case [01;31m[K2[m[K:
      |                  [01;31m[K^[m[K
[01m[K/home/corey/uumotor-servo-motor-driver-ros2/src/uumotor_servo_motor_driver/src/commands.cpp:75:25:[m[K [01;36m[Knote: [m[K  crosses initialization of ‘[01m[Kuint8_t command [8][m[K’
   75 |                 uint8_t [01;36m[Kcommand[m[K[8] = {0xEE, 0x06, 0x51, 0x00, 0x00, 0x02, 0xFF, 0xFF};
      |                         [01;36m[K^~~~~~~[m[K
[01m[K/home/corey/uumotor-servo-motor-driver-ros2/src/uumotor_servo_motor_driver/src/commands.cpp:81:25:[m[K [01;31m[Kerror: [m[Kredeclaration of ‘[01m[Kuint8_t command [8][m[K’
   81 |                 uint8_t [01;31m[Kcommand[m[K[8] = {0xEE, 0x06, 0x51, 0x01, 0x00, 0x02, 0xFF, 0xFF};
      |                         [01;31m[K^~~~~~~[m[K
[01m[K/home/corey/uumotor-servo-motor-driver-ros2/src/uumotor_servo_motor_driver/src/commands.cpp:75:25:[m[K [01;36m[Knote: [m[K‘[01m[Kuint8_t command [8][m[K’ previously declared here
   75 |                 uint8_t [01;36m[Kcommand[m[K[8] = {0xEE, 0x06, 0x51, 0x00, 0x00, 0x02, 0xFF, 0xFF};
      |                         [01;36m[K^~~~~~~[m[K
[01m[K/home/corey/uumotor-servo-motor-driver-ros2/src/uumotor_servo_motor_driver/src/commands.cpp:84:24:[m[K [01;35m[Kwarning: [m[Kaddress of local variable ‘[01m[Kcommand[m[K’ returned [[01;35m[K-Wreturn-local-addr[m[K]
   84 |                 return [01;35m[Kcommand[m[K;
      |                        [01;35m[K^~~~~~~[m[K
[01m[K/home/corey/uumotor-servo-motor-driver-ros2/src/uumotor_servo_motor_driver/src/commands.cpp:75:25:[m[K [01;36m[Knote: [m[Kdeclared here
   75 |                 uint8_t [01;36m[Kcommand[m[K[8] = {0xEE, 0x06, 0x51, 0x00, 0x00, 0x02, 0xFF, 0xFF};
      |                         [01;36m[K^~~~~~~[m[K
[01m[K/home/corey/uumotor-servo-motor-driver-ros2/src/uumotor_servo_motor_driver/src/commands.cpp:86:13:[m[K [01;31m[Kerror: [m[Kjump to case label
   86 |             [01;31m[Kdefault[m[K:
      |             [01;31m[K^~~~~~~[m[K
[01m[K/home/corey/uumotor-servo-motor-driver-ros2/src/uumotor_servo_motor_driver/src/commands.cpp:75:25:[m[K [01;36m[Knote: [m[K  crosses initialization of ‘[01m[Kuint8_t command [8][m[K’
   75 |                 uint8_t [01;36m[Kcommand[m[K[8] = {0xEE, 0x06, 0x51, 0x00, 0x00, 0x02, 0xFF, 0xFF};
      |                         [01;36m[K^~~~~~~[m[K
[01m[K/home/corey/uumotor-servo-motor-driver-ros2/src/uumotor_servo_motor_driver/src/commands.cpp:99:24:[m[K [01;35m[Kwarning: [m[Kaddress of local variable ‘[01m[Kcommand[m[K’ returned [[01;35m[K-Wreturn-local-addr[m[K]
   99 |                 return [01;35m[Kcommand[m[K;
      |                        [01;35m[K^~~~~~~[m[K
[01m[K/home/corey/uumotor-servo-motor-driver-ros2/src/uumotor_servo_motor_driver/src/commands.cpp:96:25:[m[K [01;36m[Knote: [m[Kdeclared here
   96 |                 uint8_t [01;36m[Kcommand[m[K[8] = {0xEE, 0x06, 0x51, 0x00, 0x00, 0x03, 0xFF, 0xFF};
      |                         [01;36m[K^~~~~~~[m[K
[01m[K/home/corey/uumotor-servo-motor-driver-ros2/src/uumotor_servo_motor_driver/src/commands.cpp:101:18:[m[K [01;31m[Kerror: [m[Kjump to case label
  101 |             case [01;31m[K2[m[K:
      |                  [01;31m[K^[m[K
[01m[K/home/corey/uumotor-servo-motor-driver-ros2/src/uumotor_servo_motor_driver/src/commands.cpp:96:25:[m[K [01;36m[Knote: [m[K  crosses initialization of ‘[01m[Kuint8_t command [8][m[K’
   96 |                 uint8_t [01;36m[Kcommand[m[K[8] = {0xEE, 0x06, 0x51, 0x00, 0x00, 0x03, 0xFF, 0xFF};
      |                         [01;36m[K^~~~~~~[m[K
[01m[K/home/corey/uumotor-servo-motor-driver-ros2/src/uumotor_servo_motor_driver/src/commands.cpp:102:25:[m[K [01;31m[Kerror: [m[Kredeclaration of ‘[01m[Kuint8_t command [8][m[K’
  102 |                 uint8_t [01;31m[Kcommand[m[K[8] = {0xEE, 0x06, 0x51, 0x01, 0x00, 0x03, 0xFF, 0xFF};
      |                         [01;31m[K^~~~~~~[m[K
[01m[K/home/corey/uumotor-servo-motor-driver-ros2/src/uumotor_servo_motor_driver/src/commands.cpp:96:25:[m[K [01;36m[Knote: [m[K‘[01m[Kuint8_t command [8][m[K’ previously declared here
   96 |                 uint8_t [01;36m[Kcommand[m[K[8] = {0xEE, 0x06, 0x51, 0x00, 0x00, 0x03, 0xFF, 0xFF};
      |                         [01;36m[K^~~~~~~[m[K
[01m[K/home/corey/uumotor-servo-motor-driver-ros2/src/uumotor_servo_motor_driver/src/commands.cpp:105:24:[m[K [01;35m[Kwarning: [m[Kaddress of local variable ‘[01m[Kcommand[m[K’ returned [[01;35m[K-Wreturn-local-addr[m[K]
  105 |                 return [01;35m[Kcommand[m[K;
      |                        [01;35m[K^~~~~~~[m[K
[01m[K/home/corey/uumotor-servo-motor-driver-ros2/src/uumotor_servo_motor_driver/src/commands.cpp:96:25:[m[K [01;36m[Knote: [m[Kdeclared here
   96 |                 uint8_t [01;36m[Kcommand[m[K[8] = {0xEE, 0x06, 0x51, 0x00, 0x00, 0x03, 0xFF, 0xFF};
      |                         [01;36m[K^~~~~~~[m[K
[01m[K/home/corey/uumotor-servo-motor-driver-ros2/src/uumotor_servo_motor_driver/src/commands.cpp:107:13:[m[K [01;31m[Kerror: [m[Kjump to case label
  107 |             [01;31m[Kdefault[m[K:
      |             [01;31m[K^~~~~~~[m[K
[01m[K/home/corey/uumotor-servo-motor-driver-ros2/src/uumotor_servo_motor_driver/src/commands.cpp:96:25:[m[K [01;36m[Knote: [m[K  crosses initialization of ‘[01m[Kuint8_t command [8][m[K’
   96 |                 uint8_t [01;36m[Kcommand[m[K[8] = {0xEE, 0x06, 0x51, 0x00, 0x00, 0x03, 0xFF, 0xFF};
      |                         [01;36m[K^~~~~~~[m[K
[01m[K/home/corey/uumotor-servo-motor-driver-ros2/src/uumotor_servo_motor_driver/src/commands.cpp:120:24:[m[K [01;35m[Kwarning: [m[Kaddress of local variable ‘[01m[Kcommand[m[K’ returned [[01;35m[K-Wreturn-local-addr[m[K]
  120 |                 return [01;35m[Kcommand[m[K;
      |                        [01;35m[K^~~~~~~[m[K
[01m[K/home/corey/uumotor-servo-motor-driver-ros2/src/uumotor_servo_motor_driver/src/commands.cpp:117:25:[m[K [01;36m[Knote: [m[Kdeclared here
  117 |                 uint8_t [01;36m[Kcommand[m[K[8] = {0xEE, 0x06, 0x51, 0x00, 0x00, 0x04, 0xFF, 0xFF};
      |                         [01;36m[K^~~~~~~[m[K
[01m[K/home/corey/uumotor-servo-motor-driver-ros2/src/uumotor_servo_motor_driver/src/commands.cpp:122:18:[m[K [01;31m[Kerror: [m[Kjump to case label
  122 |             case [01;31m[K2[m[K:
      |                  [01;31m[K^[m[K
[01m[K/home/corey/uumotor-servo-motor-driver-ros2/src/uumotor_servo_motor_driver/src/commands.cpp:117:25:[m[K [01;36m[Knote: [m[K  crosses initialization of ‘[01m[Kuint8_t command [8][m[K’
  117 |                 uint8_t [01;36m[Kcommand[m[K[8] = {0xEE, 0x06, 0x51, 0x00, 0x00, 0x04, 0xFF, 0xFF};
      |                         [01;36m[K^~~~~~~[m[K
[01m[K/home/corey/uumotor-servo-motor-driver-ros2/src/uumotor_servo_motor_driver/src/commands.cpp:123:25:[m[K [01;31m[Kerror: [m[Kredeclaration of ‘[01m[Kuint8_t command [8][m[K’
  123 |                 uint8_t [01;31m[Kcommand[m[K[8] = {0xEE, 0x06, 0x51, 0x01, 0x00, 0x04, 0xFF, 0xFF};
      |                         [01;31m[K^~~~~~~[m[K
[01m[K/home/corey/uumotor-servo-motor-driver-ros2/src/uumotor_servo_motor_driver/src/commands.cpp:117:25:[m[K [01;36m[Knote: [m[K‘[01m[Kuint8_t command [8][m[K’ previously declared here
  117 |                 uint8_t [01;36m[Kcommand[m[K[8] = {0xEE, 0x06, 0x51, 0x00, 0x00, 0x04, 0xFF, 0xFF};
      |                         [01;36m[K^~~~~~~[m[K
[01m[K/home/corey/uumotor-servo-motor-driver-ros2/src/uumotor_servo_motor_driver/src/commands.cpp:126:24:[m[K [01;35m[Kwarning: [m[Kaddress of local variable ‘[01m[Kcommand[m[K’ returned [[01;35m[K-Wreturn-local-addr[m[K]
  126 |                 return [01;35m[Kcommand[m[K;
      |                        [01;35m[K^~~~~~~[m[K
[01m[K/home/corey/uumotor-servo-motor-driver-ros2/src/uumotor_servo_motor_driver/src/commands.cpp:117:25:[m[K [01;36m[Knote: [m[Kdeclared here
  117 |                 uint8_t [01;36m[Kcommand[m[K[8] = {0xEE, 0x06, 0x51, 0x00, 0x00, 0x04, 0xFF, 0xFF};
      |                         [01;36m[K^~~~~~~[m[K
[01m[K/home/corey/uumotor-servo-motor-driver-ros2/src/uumotor_servo_motor_driver/src/commands.cpp:128:13:[m[K [01;31m[Kerror: [m[Kjump to case label
  128 |             [01;31m[Kdefault[m[K:
      |             [01;31m[K^~~~~~~[m[K
[01m[K/home/corey/uumotor-servo-motor-driver-ros2/src/uumotor_servo_motor_driver/src/commands.cpp:117:25:[m[K [01;36m[Knote: [m[K  crosses initialization of ‘[01m[Kuint8_t command [8][m[K’
  117 |                 uint8_t [01;36m[Kcommand[m[K[8] = {0xEE, 0x06, 0x51, 0x00, 0x00, 0x04, 0xFF, 0xFF};
      |                         [01;36m[K^~~~~~~[m[K
[01m[K/home/corey/uumotor-servo-motor-driver-ros2/src/uumotor_servo_motor_driver/src/commands.cpp:140:24:[m[K [01;35m[Kwarning: [m[Kaddress of local variable ‘[01m[Kcommand[m[K’ returned [[01;35m[K-Wreturn-local-addr[m[K]
  140 |                 return [01;35m[Kcommand[m[K;
      |                        [01;35m[K^~~~~~~[m[K
[01m[K/home/corey/uumotor-servo-motor-driver-ros2/src/uumotor_servo_motor_driver/src/commands.cpp:137:25:[m[K [01;36m[Knote: [m[Kdeclared here
  137 |                 uint8_t [01;36m[Kcommand[m[K[8] = {0xEE, 0x06, 0x51, 0x00, 0x00, 0x05, 0xFF, 0xFF};
      |                         [01;36m[K^~~~~~~[m[K
[01m[K/home/corey/uumotor-servo-motor-driver-ros2/src/uumotor_servo_motor_driver/src/commands.cpp:142:18:[m[K [01;31m[Kerror: [m[Kjump to case label
  142 |             case [01;31m[K2[m[K:
      |                  [01;31m[K^[m[K
[01m[K/home/corey/uumotor-servo-motor-driver-ros2/src/uumotor_servo_motor_driver/src/commands.cpp:137:25:[m[K [01;36m[Knote: [m[K  crosses initialization of ‘[01m[Kuint8_t command [8][m[K’
  137 |                 uint8_t [01;36m[Kcommand[m[K[8] = {0xEE, 0x06, 0x51, 0x00, 0x00, 0x05, 0xFF, 0xFF};
      |                         [01;36m[K^~~~~~~[m[K
[01m[K/home/corey/uumotor-servo-motor-driver-ros2/src/uumotor_servo_motor_driver/src/commands.cpp:143:25:[m[K [01;31m[Kerror: [m[Kredeclaration of ‘[01m[Kuint8_t command [8][m[K’
  143 |                 uint8_t [01;31m[Kcommand[m[K[8] = {0xEE, 0x06, 0x51, 0x01, 0x00, 0x05, 0xFF, 0xFF};
      |                         [01;31m[K^~~~~~~[m[K
[01m[K/home/corey/uumotor-servo-motor-driver-ros2/src/uumotor_servo_motor_driver/src/commands.cpp:137:25:[m[K [01;36m[Knote: [m[K‘[01m[Kuint8_t command [8][m[K’ previously declared here
  137 |                 uint8_t [01;36m[Kcommand[m[K[8] = {0xEE, 0x06, 0x51, 0x00, 0x00, 0x05, 0xFF, 0xFF};
      |                         [01;36m[K^~~~~~~[m[K
[01m[K/home/corey/uumotor-servo-motor-driver-ros2/src/uumotor_servo_motor_driver/src/commands.cpp:146:24:[m[K [01;35m[Kwarning: [m[Kaddress of local variable ‘[01m[Kcommand[m[K’ returned [[01;35m[K-Wreturn-local-addr[m[K]
  146 |                 return [01;35m[Kcommand[m[K;
      |                        [01;35m[K^~~~~~~[m[K
[01m[K/home/corey/uumotor-servo-motor-driver-ros2/src/uumotor_servo_motor_driver/src/commands.cpp:137:25:[m[K [01;36m[Knote: [m[Kdeclared here
  137 |                 uint8_t [01;36m[Kcommand[m[K[8] = {0xEE, 0x06, 0x51, 0x00, 0x00, 0x05, 0xFF, 0xFF};
      |                         [01;36m[K^~~~~~~[m[K
[01m[K/home/corey/uumotor-servo-motor-driver-ros2/src/uumotor_servo_motor_driver/src/commands.cpp:148:13:[m[K [01;31m[Kerror: [m[Kjump to case label
  148 |             [01;31m[Kdefault[m[K:
      |             [01;31m[K^~~~~~~[m[K
[01m[K/home/corey/uumotor-servo-motor-driver-ros2/src/uumotor_servo_motor_driver/src/commands.cpp:137:25:[m[K [01;36m[Knote: [m[K  crosses initialization of ‘[01m[Kuint8_t command [8][m[K’
  137 |                 uint8_t [01;36m[Kcommand[m[K[8] = {0xEE, 0x06, 0x51, 0x00, 0x00, 0x05, 0xFF, 0xFF};
      |                         [01;36m[K^~~~~~~[m[K
[01m[K/home/corey/uumotor-servo-motor-driver-ros2/src/uumotor_servo_motor_driver/src/commands.cpp:[m[K In member function ‘[01m[Kuint8_t* Commands::set_control_mode(int, std::string)[m[K’:
[01m[K/home/corey/uumotor-servo-motor-driver-ros2/src/uumotor_servo_motor_driver/src/commands.cpp:38:24:[m[K [01;35m[Kwarning: [m[Kaddress of local variable ‘[01m[Kcommand[m[K’ returned [[01;35m[K-Wreturn-local-addr[m[K]
   38 |                 return [01;35m[Kcommand[m[K;
      |                        [01;35m[K^~~~~~~[m[K
[01m[K/home/corey/uumotor-servo-motor-driver-ros2/src/uumotor_servo_motor_driver/src/commands.cpp:36:25:[m[K [01;36m[Knote: [m[Kdeclared here
   36 |                 uint8_t [01;36m[Kcommand[m[K[8] = {0xEE, 0x06, 0x51, 0x00, 0x00, 0x00, 0xFF, 0xFF};
      |                         [01;36m[K^~~~~~~[m[K
[01m[K/home/corey/uumotor-servo-motor-driver-ros2/src/uumotor_servo_motor_driver/src/commands.cpp:40:18:[m[K [01;31m[Kerror: [m[Kjump to case label
   40 |             case [01;31m[K2[m[K:
      |                  [01;31m[K^[m[K
[01m[K/home/corey/uumotor-servo-motor-driver-ros2/src/uumotor_servo_motor_driver/src/commands.cpp:36:25:[m[K [01;36m[Knote: [m[K  crosses initialization of ‘[01m[Kuint8_t command [8][m[K’
   36 |                 uint8_t [01;36m[Kcommand[m[K[8] = {0xEE, 0x06, 0x51, 0x00, 0x00, 0x00, 0xFF, 0xFF};
      |                         [01;36m[K^~~~~~~[m[K
[01m[K/home/corey/uumotor-servo-motor-driver-ros2/src/uumotor_servo_motor_driver/src/commands.cpp:41:25:[m[K [01;31m[Kerror: [m[Kredeclaration of ‘[01m[Kuint8_t command [8][m[K’
   41 |                 uint8_t [01;31m[Kcommand[m[K[8] = {0xEE, 0x06, 0x51, 0x01, 0x00, 0x00, 0xFF, 0xFF};
      |                         [01;31m[K^~~~~~~[m[K
[01m[K/home/corey/uumotor-servo-motor-driver-ros2/src/uumotor_servo_motor_driver/src/commands.cpp:36:25:[m[K [01;36m[Knote: [m[K‘[01m[Kuint8_t command [8][m[K’ previously declared here
   36 |                 uint8_t [01;36m[Kcommand[m[K[8] = {0xEE, 0x06, 0x51, 0x00, 0x00, 0x00, 0xFF, 0xFF};
      |                         [01;36m[K^~~~~~~[m[K
[01m[K/home/corey/uumotor-servo-motor-driver-ros2/src/uumotor_servo_motor_driver/src/commands.cpp:44:24:[m[K [01;35m[Kwarning: [m[Kaddress of local variable ‘[01m[Kcommand[m[K’ returned [[01;35m[K-Wreturn-local-addr[m[K]
   44 |                 return [01;35m[Kcommand[m[K;
      |                        [01;35m[K^~~~~~~[m[K
[01m[K/home/corey/uumotor-servo-motor-driver-ros2/src/uumotor_servo_motor_driver/src/commands.cpp:36:25:[m[K [01;36m[Knote: [m[Kdeclared here
   36 |                 uint8_t [01;36m[Kcommand[m[K[8] = {0xEE, 0x06, 0x51, 0x00, 0x00, 0x00, 0xFF, 0xFF};
      |                         [01;36m[K^~~~~~~[m[K
[01m[K/home/corey/uumotor-servo-motor-driver-ros2/src/uumotor_servo_motor_driver/src/commands.cpp:46:13:[m[K [01;31m[Kerror: [m[Kjump to case label
   46 |             [01;31m[Kdefault[m[K:
      |             [01;31m[K^~~~~~~[m[K
[01m[K/home/corey/uumotor-servo-motor-driver-ros2/src/uumotor_servo_motor_driver/src/commands.cpp:36:25:[m[K [01;36m[Knote: [m[K  crosses initialization of ‘[01m[Kuint8_t command [8][m[K’
   36 |                 uint8_t [01;36m[Kcommand[m[K[8] = {0xEE, 0x06, 0x51, 0x00, 0x00, 0x00, 0xFF, 0xFF};
      |                         [01;36m[K^~~~~~~[m[K
[01m[K/home/corey/uumotor-servo-motor-driver-ros2/src/uumotor_servo_motor_driver/src/commands.cpp:58:24:[m[K [01;35m[Kwarning: [m[Kaddress of local variable ‘[01m[Kcommand[m[K’ returned [[01;35m[K-Wreturn-local-addr[m[K]
   58 |                 return [01;35m[Kcommand[m[K;
      |                        [01;35m[K^~~~~~~[m[K
[01m[K/home/corey/uumotor-servo-motor-driver-ros2/src/uumotor_servo_motor_driver/src/commands.cpp:55:25:[m[K [01;36m[Knote: [m[Kdeclared here
   55 |                 uint8_t [01;36m[Kcommand[m[K[8] =  {0xEE, 0x06, 0x51, 0x00, 0x00, 0x01, 0xFF, 0xFF};
      |                         [01;36m[K^~~~~~~[m[K
[01m[K/home/corey/uumotor-servo-motor-driver-ros2/src/uumotor_servo_motor_driver/src/commands.cpp:60:18:[m[K [01;31m[Kerror: [m[Kjump to case label
   60 |             case [01;31m[K2[m[K:
      |                  [01;31m[K^[m[K
[01m[K/home/corey/uumotor-servo-motor-driver-ros2/src/uumotor_servo_motor_driver/src/commands.cpp:55:25:[m[K [01;36m[Knote: [m[K  crosses initialization of ‘[01m[Kuint8_t command [8][m[K’
   55 |                 uint8_t [01;36m[Kcommand[m[K[8] =  {0xEE, 0x06, 0x51, 0x00, 0x00, 0x01, 0xFF, 0xFF};
      |                         [01;36m[K^~~~~~~[m[K
[01m[K/home/corey/uumotor-servo-motor-driver-ros2/src/uumotor_servo_motor_driver/src/commands.cpp:61:25:[m[K [01;31m[Kerror: [m[Kredeclaration of ‘[01m[Kuint8_t command [8][m[K’
   61 |                 uint8_t [01;31m[Kcommand[m[K[8] = {0xEE, 0x06, 0x51, 0x01, 0x00, 0x01, 0xFF, 0xFF};
      |                         [01;31m[K^~~~~~~[m[K
[01m[K/home/corey/uumotor-servo-motor-driver-ros2/src/uumotor_servo_motor_driver/src/commands.cpp:55:25:[m[K [01;36m[Knote: [m[K‘[01m[Kuint8_t command [8][m[K’ previously declared here
   55 |                 uint8_t [01;36m[Kcommand[m[K[8] =  {0xEE, 0x06, 0x51, 0x00, 0x00, 0x01, 0xFF, 0xFF};
      |                         [01;36m[K^~~~~~~[m[K
[01m[K/home/corey/uumotor-servo-motor-driver-ros2/src/uumotor_servo_motor_driver/src/commands.cpp:64:24:[m[K [01;35m[Kwarning: [m[Kaddress of local variable ‘[01m[Kcommand[m[K’ returned [[01;35m[K-Wreturn-local-addr[m[K]
   64 |                 return [01;35m[Kcommand[m[K;
      |                        [01;35m[K^~~~~~~[m[K
[01m[K/home/corey/uumotor-servo-motor-driver-ros2/src/uumotor_servo_motor_driver/src/commands.cpp:55:25:[m[K [01;36m[Knote: [m[Kdeclared here
   55 |                 uint8_t [01;36m[Kcommand[m[K[8] =  {0xEE, 0x06, 0x51, 0x00, 0x00, 0x01, 0xFF, 0xFF};
      |                         [01;36m[K^~~~~~~[m[K
[01m[K/home/corey/uumotor-servo-motor-driver-ros2/src/uumotor_servo_motor_driver/src/commands.cpp:66:13:[m[K [01;31m[Kerror: [m[Kjump to case label
   66 |             [01;31m[Kdefault[m[K:
      |             [01;31m[K^~~~~~~[m[K
[01m[K/home/corey/uumotor-servo-motor-driver-ros2/src/uumotor_servo_motor_driver/src/commands.cpp:55:25:[m[K [01;36m[Knote: [m[K  crosses initialization of ‘[01m[Kuint8_t command [8][m[K’
   55 |                 uint8_t [01;36m[Kcommand[m[K[8] =  {0xEE, 0x06, 0x51, 0x00, 0x00, 0x01, 0xFF, 0xFF};
      |                         [01;36m[K^~~~~~~[m[K
[01m[K/home/corey/uumotor-servo-motor-driver-ros2/src/uumotor_servo_motor_driver/src/commands.cpp:78:24:[m[K [01;35m[Kwarning: [m[Kaddress of local variable ‘[01m[Kcommand[m[K’ returned [[01;35m[K-Wreturn-local-addr[m[K]
   78 |                 return [01;35m[Kcommand[m[K;
      |                        [01;35m[K^~~~~~~[m[K
[01m[K/home/corey/uumotor-servo-motor-driver-ros2/src/uumotor_servo_motor_driver/src/commands.cpp:75:25:[m[K [01;36m[Knote: [m[Kdeclared here
   75 |                 uint8_t [01;36m[Kcommand[m[K[8] = {0xEE, 0x06, 0x51, 0x00, 0x00, 0x02, 0xFF, 0xFF};
      |                         [01;36m[K^~~~~~~[m[K
[01m[K/home/corey/uumotor-servo-motor-driver-ros2/src/uumotor_servo_motor_driver/src/commands.cpp:80:18:[m[K [01;31m[Kerror: [m[Kjump to case label
   80 |             case [01;31m[K2[m[K:
      |                  [01;31m[K^[m[K
[01m[K/home/corey/uumotor-servo-motor-driver-ros2/src/uumotor_servo_motor_driver/src/commands.cpp:75:25:[m[K [01;36m[Knote: [m[K  crosses initialization of ‘[01m[Kuint8_t command [8][m[K’
   75 |                 uint8_t [01;36m[Kcommand[m[K[8] = {0xEE, 0x06, 0x51, 0x00, 0x00, 0x02, 0xFF, 0xFF};
      |                         [01;36m[K^~~~~~~[m[K
[01m[K/home/corey/uumotor-servo-motor-driver-ros2/src/uumotor_servo_motor_driver/src/commands.cpp:81:25:[m[K [01;31m[Kerror: [m[Kredeclaration of ‘[01m[Kuint8_t command [8][m[K’
   81 |                 uint8_t [01;31m[Kcommand[m[K[8] = {0xEE, 0x06, 0x51, 0x01, 0x00, 0x02, 0xFF, 0xFF};
      |                         [01;31m[K^~~~~~~[m[K
[01m[K/home/corey/uumotor-servo-motor-driver-ros2/src/uumotor_servo_motor_driver/src/commands.cpp:75:25:[m[K [01;36m[Knote: [m[K‘[01m[Kuint8_t command [8][m[K’ previously declared here
   75 |                 uint8_t [01;36m[Kcommand[m[K[8] = {0xEE, 0x06, 0x51, 0x00, 0x00, 0x02, 0xFF, 0xFF};
      |                         [01;36m[K^~~~~~~[m[K
[01m[K/home/corey/uumotor-servo-motor-driver-ros2/src/uumotor_servo_motor_driver/src/commands.cpp:84:24:[m[K [01;35m[Kwarning: [m[Kaddress of local variable ‘[01m[Kcommand[m[K’ returned [[01;35m[K-Wreturn-local-addr[m[K]
   84 |                 return [01;35m[Kcommand[m[K;
      |                        [01;35m[K^~~~~~~[m[K
[01m[K/home/corey/uumotor-servo-motor-driver-ros2/src/uumotor_servo_motor_driver/src/commands.cpp:75:25:[m[K [01;36m[Knote: [m[Kdeclared here
   75 |                 uint8_t [01;36m[Kcommand[m[K[8] = {0xEE, 0x06, 0x51, 0x00, 0x00, 0x02, 0xFF, 0xFF};
      |                         [01;36m[K^~~~~~~[m[K
[01m[K/home/corey/uumotor-servo-motor-driver-ros2/src/uumotor_servo_motor_driver/src/commands.cpp:86:13:[m[K [01;31m[Kerror: [m[Kjump to case label
   86 |             [01;31m[Kdefault[m[K:
      |             [01;31m[K^~~~~~~[m[K
[01m[K/home/corey/uumotor-servo-motor-driver-ros2/src/uumotor_servo_motor_driver/src/commands.cpp:75:25:[m[K [01;36m[Knote: [m[K  crosses initialization of ‘[01m[Kuint8_t command [8][m[K’
   75 |                 uint8_t [01;36m[Kcommand[m[K[8] = {0xEE, 0x06, 0x51, 0x00, 0x00, 0x02, 0xFF, 0xFF};
      |                         [01;36m[K^~~~~~~[m[K
[01m[K/home/corey/uumotor-servo-motor-driver-ros2/src/uumotor_servo_motor_driver/src/commands.cpp:99:24:[m[K [01;35m[Kwarning: [m[Kaddress of local variable ‘[01m[Kcommand[m[K’ returned [[01;35m[K-Wreturn-local-addr[m[K]
   99 |                 return [01;35m[Kcommand[m[K;
      |                        [01;35m[K^~~~~~~[m[K
[01m[K/home/corey/uumotor-servo-motor-driver-ros2/src/uumotor_servo_motor_driver/src/commands.cpp:96:25:[m[K [01;36m[Knote: [m[Kdeclared here
   96 |                 uint8_t [01;36m[Kcommand[m[K[8] = {0xEE, 0x06, 0x51, 0x00, 0x00, 0x03, 0xFF, 0xFF};
      |                         [01;36m[K^~~~~~~[m[K
[01m[K/home/corey/uumotor-servo-motor-driver-ros2/src/uumotor_servo_motor_driver/src/commands.cpp:101:18:[m[K [01;31m[Kerror: [m[Kjump to case label
  101 |             case [01;31m[K2[m[K:
      |                  [01;31m[K^[m[K
[01m[K/home/corey/uumotor-servo-motor-driver-ros2/src/uumotor_servo_motor_driver/src/commands.cpp:96:25:[m[K [01;36m[Knote: [m[K  crosses initialization of ‘[01m[Kuint8_t command [8][m[K’
   96 |                 uint8_t [01;36m[Kcommand[m[K[8] = {0xEE, 0x06, 0x51, 0x00, 0x00, 0x03, 0xFF, 0xFF};
      |                         [01;36m[K^~~~~~~[m[K
[01m[K/home/corey/uumotor-servo-motor-driver-ros2/src/uumotor_servo_motor_driver/src/commands.cpp:102:25:[m[K [01;31m[Kerror: [m[Kredeclaration of ‘[01m[Kuint8_t command [8][m[K’
  102 |                 uint8_t [01;31m[Kcommand[m[K[8] = {0xEE, 0x06, 0x51, 0x01, 0x00, 0x03, 0xFF, 0xFF};
      |                         [01;31m[K^~~~~~~[m[K
[01m[K/home/corey/uumotor-servo-motor-driver-ros2/src/uumotor_servo_motor_driver/src/commands.cpp:96:25:[m[K [01;36m[Knote: [m[K‘[01m[Kuint8_t command [8][m[K’ previously declared here
   96 |                 uint8_t [01;36m[Kcommand[m[K[8] = {0xEE, 0x06, 0x51, 0x00, 0x00, 0x03, 0xFF, 0xFF};
      |                         [01;36m[K^~~~~~~[m[K
[01m[K/home/corey/uumotor-servo-motor-driver-ros2/src/uumotor_servo_motor_driver/src/commands.cpp:105:24:[m[K [01;35m[Kwarning: [m[Kaddress of local variable ‘[01m[Kcommand[m[K’ returned [[01;35m[K-Wreturn-local-addr[m[K]
  105 |                 return [01;35m[Kcommand[m[K;
      |                        [01;35m[K^~~~~~~[m[K
[01m[K/home/corey/uumotor-servo-motor-driver-ros2/src/uumotor_servo_motor_driver/src/commands.cpp:96:25:[m[K [01;36m[Knote: [m[Kdeclared here
   96 |                 uint8_t [01;36m[Kcommand[m[K[8] = {0xEE, 0x06, 0x51, 0x00, 0x00, 0x03, 0xFF, 0xFF};
      |                         [01;36m[K^~~~~~~[m[K
[01m[K/home/corey/uumotor-servo-motor-driver-ros2/src/uumotor_servo_motor_driver/src/commands.cpp:107:13:[m[K [01;31m[Kerror: [m[Kjump to case label
  107 |             [01;31m[Kdefault[m[K:
      |             [01;31m[K^~~~~~~[m[K
[01m[K/home/corey/uumotor-servo-motor-driver-ros2/src/uumotor_servo_motor_driver/src/commands.cpp:96:25:[m[K [01;36m[Knote: [m[K  crosses initialization of ‘[01m[Kuint8_t command [8][m[K’
   96 |                 uint8_t [01;36m[Kcommand[m[K[8] = {0xEE, 0x06, 0x51, 0x00, 0x00, 0x03, 0xFF, 0xFF};
      |                         [01;36m[K^~~~~~~[m[K
[01m[K/home/corey/uumotor-servo-motor-driver-ros2/src/uumotor_servo_motor_driver/src/commands.cpp:120:24:[m[K [01;35m[Kwarning: [m[Kaddress of local variable ‘[01m[Kcommand[m[K’ returned [[01;35m[K-Wreturn-local-addr[m[K]
  120 |                 return [01;35m[Kcommand[m[K;
      |                        [01;35m[K^~~~~~~[m[K
[01m[K/home/corey/uumotor-servo-motor-driver-ros2/src/uumotor_servo_motor_driver/src/commands.cpp:117:25:[m[K [01;36m[Knote: [m[Kdeclared here
  117 |                 uint8_t [01;36m[Kcommand[m[K[8] = {0xEE, 0x06, 0x51, 0x00, 0x00, 0x04, 0xFF, 0xFF};
      |                         [01;36m[K^~~~~~~[m[K
[01m[K/home/corey/uumotor-servo-motor-driver-ros2/src/uumotor_servo_motor_driver/src/commands.cpp:122:18:[m[K [01;31m[Kerror: [m[Kjump to case label
  122 |             case [01;31m[K2[m[K:
      |                  [01;31m[K^[m[K
[01m[K/home/corey/uumotor-servo-motor-driver-ros2/src/uumotor_servo_motor_driver/src/commands.cpp:117:25:[m[K [01;36m[Knote: [m[K  crosses initialization of ‘[01m[Kuint8_t command [8][m[K’
  117 |                 uint8_t [01;36m[Kcommand[m[K[8] = {0xEE, 0x06, 0x51, 0x00, 0x00, 0x04, 0xFF, 0xFF};
      |                         [01;36m[K^~~~~~~[m[K
[01m[K/home/corey/uumotor-servo-motor-driver-ros2/src/uumotor_servo_motor_driver/src/commands.cpp:123:25:[m[K [01;31m[Kerror: [m[Kredeclaration of ‘[01m[Kuint8_t command [8][m[K’
  123 |                 uint8_t [01;31m[Kcommand[m[K[8] = {0xEE, 0x06, 0x51, 0x01, 0x00, 0x04, 0xFF, 0xFF};
      |                         [01;31m[K^~~~~~~[m[K
[01m[K/home/corey/uumotor-servo-motor-driver-ros2/src/uumotor_servo_motor_driver/src/commands.cpp:117:25:[m[K [01;36m[Knote: [m[K‘[01m[Kuint8_t command [8][m[K’ previously declared here
  117 |                 uint8_t [01;36m[Kcommand[m[K[8] = {0xEE, 0x06, 0x51, 0x00, 0x00, 0x04, 0xFF, 0xFF};
      |                         [01;36m[K^~~~~~~[m[K
[01m[K/home/corey/uumotor-servo-motor-driver-ros2/src/uumotor_servo_motor_driver/src/commands.cpp:126:24:[m[K [01;35m[Kwarning: [m[Kaddress of local variable ‘[01m[Kcommand[m[K’ returned [[01;35m[K-Wreturn-local-addr[m[K]
  126 |                 return [01;35m[Kcommand[m[K;
      |                        [01;35m[K^~~~~~~[m[K
[01m[K/home/corey/uumotor-servo-motor-driver-ros2/src/uumotor_servo_motor_driver/src/commands.cpp:117:25:[m[K [01;36m[Knote: [m[Kdeclared here
  117 |                 uint8_t [01;36m[Kcommand[m[K[8] = {0xEE, 0x06, 0x51, 0x00, 0x00, 0x04, 0xFF, 0xFF};
      |                         [01;36m[K^~~~~~~[m[K
[01m[K/home/corey/uumotor-servo-motor-driver-ros2/src/uumotor_servo_motor_driver/src/commands.cpp:128:13:[m[K [01;31m[Kerror: [m[Kjump to case label
  128 |             [01;31m[Kdefault[m[K:
      |             [01;31m[K^~~~~~~[m[K
[01m[K/home/corey/uumotor-servo-motor-driver-ros2/src/uumotor_servo_motor_driver/src/commands.cpp:117:25:[m[K [01;36m[Knote: [m[K  crosses initialization of ‘[01m[Kuint8_t command [8][m[K’
  117 |                 uint8_t [01;36m[Kcommand[m[K[8] = {0xEE, 0x06, 0x51, 0x00, 0x00, 0x04, 0xFF, 0xFF};
      |                         [01;36m[K^~~~~~~[m[K
[01m[K/home/corey/uumotor-servo-motor-driver-ros2/src/uumotor_servo_motor_driver/src/commands.cpp:140:24:[m[K [01;35m[Kwarning: [m[Kaddress of local variable ‘[01m[Kcommand[m[K’ returned [[01;35m[K-Wreturn-local-addr[m[K]
  140 |                 return [01;35m[Kcommand[m[K;
      |                        [01;35m[K^~~~~~~[m[K
[01m[K/home/corey/uumotor-servo-motor-driver-ros2/src/uumotor_servo_motor_driver/src/commands.cpp:137:25:[m[K [01;36m[Knote: [m[Kdeclared here
  137 |                 uint8_t [01;36m[Kcommand[m[K[8] = {0xEE, 0x06, 0x51, 0x00, 0x00, 0x05, 0xFF, 0xFF};
      |                         [01;36m[K^~~~~~~[m[K
[01m[K/home/corey/uumotor-servo-motor-driver-ros2/src/uumotor_servo_motor_driver/src/commands.cpp:142:18:[m[K [01;31m[Kerror: [m[Kjump to case label
  142 |             case [01;31m[K2[m[K:
      |                  [01;31m[K^[m[K
[01m[K/home/corey/uumotor-servo-motor-driver-ros2/src/uumotor_servo_motor_driver/src/commands.cpp:137:25:[m[K [01;36m[Knote: [m[K  crosses initialization of ‘[01m[Kuint8_t command [8][m[K’
  137 |                 uint8_t [01;36m[Kcommand[m[K[8] = {0xEE, 0x06, 0x51, 0x00, 0x00, 0x05, 0xFF, 0xFF};
      |                         [01;36m[K^~~~~~~[m[K
[01m[K/home/corey/uumotor-servo-motor-driver-ros2/src/uumotor_servo_motor_driver/src/commands.cpp:143:25:[m[K [01;31m[Kerror: [m[Kredeclaration of ‘[01m[Kuint8_t command [8][m[K’
  143 |                 uint8_t [01;31m[Kcommand[m[K[8] = {0xEE, 0x06, 0x51, 0x01, 0x00, 0x05, 0xFF, 0xFF};
      |                         [01;31m[K^~~~~~~[m[K
[01m[K/home/corey/uumotor-servo-motor-driver-ros2/src/uumotor_servo_motor_driver/src/commands.cpp:137:25:[m[K [01;36m[Knote: [m[K‘[01m[Kuint8_t command [8][m[K’ previously declared here
  137 |                 uint8_t [01;36m[Kcommand[m[K[8] = {0xEE, 0x06, 0x51, 0x00, 0x00, 0x05, 0xFF, 0xFF};
      |                         [01;36m[K^~~~~~~[m[K
[01m[K/home/corey/uumotor-servo-motor-driver-ros2/src/uumotor_servo_motor_driver/src/commands.cpp:146:24:[m[K [01;35m[Kwarning: [m[Kaddress of local variable ‘[01m[Kcommand[m[K’ returned [[01;35m[K-Wreturn-local-addr[m[K]
  146 |                 return [01;35m[Kcommand[m[K;
      |                        [01;35m[K^~~~~~~[m[K
[01m[K/home/corey/uumotor-servo-motor-driver-ros2/src/uumotor_servo_motor_driver/src/commands.cpp:137:25:[m[K [01;36m[Knote: [m[Kdeclared here
  137 |                 uint8_t [01;36m[Kcommand[m[K[8] = {0xEE, 0x06, 0x51, 0x00, 0x00, 0x05, 0xFF, 0xFF};
      |                         [01;36m[K^~~~~~~[m[K
[01m[K/home/corey/uumotor-servo-motor-driver-ros2/src/uumotor_servo_motor_driver/src/commands.cpp:148:13:[m[K [01;31m[Kerror: [m[Kjump to case label
  148 |             [01;31m[Kdefault[m[K:
      |             [01;31m[K^~~~~~~[m[K
[01m[K/home/corey/uumotor-servo-motor-driver-ros2/src/uumotor_servo_motor_driver/src/commands.cpp:137:25:[m[K [01;36m[Knote: [m[K  crosses initialization of ‘[01m[Kuint8_t command [8][m[K’
  137 |                 uint8_t [01;36m[Kcommand[m[K[8] = {0xEE, 0x06, 0x51, 0x00, 0x00, 0x05, 0xFF, 0xFF};
      |                         [01;36m[K^~~~~~~[m[K
[01m[K/home/corey/uumotor-servo-motor-driver-ros2/src/uumotor_servo_motor_driver/src/commands.cpp:157:1:[m[K [01;35m[Kwarning: [m[Kcontrol reaches end of non-void function [[01;35m[K-Wreturn-type[m[K]
  157 | [01;35m[K}[m[K
      | [01;35m[K^[m[K
make[2]: *** [CMakeFiles/uumotor_servo_motor_driver.dir/build.make:76: CMakeFiles/uumotor_servo_motor_driver.dir/src/commands.cpp.o] Error 1
make[1]: *** [CMakeFiles/Makefile2:143: CMakeFiles/uumotor_servo_motor_driver.dir/all] Error 2
make[1]: *** Waiting for unfinished jobs....
[01m[K/home/corey/uumotor-servo-motor-driver-ros2/src/uumotor_servo_motor_driver/src/commands.cpp:157:1:[m[K [01;35m[Kwarning: [m[Kcontrol reaches end of non-void function [[01;35m[K-Wreturn-type[m[K]
  157 | [01;35m[K}[m[K
      | [01;35m[K^[m[K
make[2]: *** [CMakeFiles/cmd.dir/build.make:76: CMakeFiles/cmd.dir/src/commands.cpp.o] Error 1
make[1]: *** [CMakeFiles/Makefile2:222: CMakeFiles/cmd.dir/all] Error 2
make: *** [Makefile:146: all] Error 2
