[0.131s] Invoking command in '/home/corey/uumotor-servo-motor-driver-ros2/build/uumotor_servo_motor_driver': CMAKE_PREFIX_PATH=${CMAKE_PREFIX_PATH}:/opt/ros/galactic /home/corey/.local/bin/cmake --build /home/corey/uumotor-servo-motor-driver-ros2/build/uumotor_servo_motor_driver -- -j16 -l16
[0.161s] [  9%] [32mBuilding CXX object CMakeFiles/fun.dir/src/functions.cpp.o[0m
[0.169s] [ 18%] [32mBuilding CXX object CMakeFiles/uumotor_servo_motor_driver.dir/src/functions.cpp.o[0m
[0.169s] [ 36%] Built target cmd
[0.310s] [ 45%] [32m[1mLinking CXX static library libfun.a[0m
[0.317s] [ 45%] Built target fun
[0.332s] [ 54%] [32mBuilding CXX object CMakeFiles/driver.dir/src/functions.cpp.o[0m
[0.347s] [ 63%] [32m[1mLinking CXX shared library libuumotor_servo_motor_driver.so[0m
[0.403s] [ 72%] Built target uumotor_servo_motor_driver
[0.504s] [ 81%] [32m[1mLinking CXX executable driver[0m
[0.572s] [100%] Built target driver
[0.577s] Invoked command in '/home/corey/uumotor-servo-motor-driver-ros2/build/uumotor_servo_motor_driver' returned '0': CMAKE_PREFIX_PATH=${CMAKE_PREFIX_PATH}:/opt/ros/galactic /home/corey/.local/bin/cmake --build /home/corey/uumotor-servo-motor-driver-ros2/build/uumotor_servo_motor_driver -- -j16 -l16
[0.631s] Invoking command in '/home/corey/uumotor-servo-motor-driver-ros2/build/uumotor_servo_motor_driver': CMAKE_PREFIX_PATH=${CMAKE_PREFIX_PATH}:/opt/ros/galactic /home/corey/.local/bin/cmake --install /home/corey/uumotor-servo-motor-driver-ros2/build/uumotor_servo_motor_driver
[0.648s] -- Install configuration: ""
[0.649s] -- Execute custom install script
[0.649s] -- Up-to-date symlink: /home/corey/uumotor-servo-motor-driver-ros2/install/uumotor_servo_motor_driver/lib/uumotor_servo_motor_driver/libuumotor_servo_motor_driver.so
[0.649s] -- Up-to-date symlink: /home/corey/uumotor-servo-motor-driver-ros2/install/uumotor_servo_motor_driver/include/uumotor_servo_motor_driver//commands.h
[0.649s] -- Up-to-date symlink: /home/corey/uumotor-servo-motor-driver-ros2/install/uumotor_servo_motor_driver/include/uumotor_servo_motor_driver//functions.h
[0.649s] -- Up-to-date symlink: /home/corey/uumotor-servo-motor-driver-ros2/install/uumotor_servo_motor_driver/lib/uumotor_servo_motor_driver/driver
[0.649s] -- Up-to-date symlink: /home/corey/uumotor-servo-motor-driver-ros2/install/uumotor_servo_motor_driver/share/uumotor_servo_motor_driver/environment/library_path.sh
[0.650s] -- Up-to-date symlink: /home/corey/uumotor-servo-motor-driver-ros2/install/uumotor_servo_motor_driver/share/uumotor_servo_motor_driver/environment/library_path.dsv
[0.650s] -- Up-to-date symlink: /home/corey/uumotor-servo-motor-driver-ros2/install/uumotor_servo_motor_driver/share/ament_index/resource_index/package_run_dependencies/uumotor_servo_motor_driver
[0.650s] -- Up-to-date symlink: /home/corey/uumotor-servo-motor-driver-ros2/install/uumotor_servo_motor_driver/share/ament_index/resource_index/parent_prefix_path/uumotor_servo_motor_driver
[0.650s] -- Up-to-date symlink: /home/corey/uumotor-servo-motor-driver-ros2/install/uumotor_servo_motor_driver/share/uumotor_servo_motor_driver/environment/ament_prefix_path.sh
[0.650s] -- Up-to-date symlink: /home/corey/uumotor-servo-motor-driver-ros2/install/uumotor_servo_motor_driver/share/uumotor_servo_motor_driver/environment/ament_prefix_path.dsv
[0.650s] -- Up-to-date symlink: /home/corey/uumotor-servo-motor-driver-ros2/install/uumotor_servo_motor_driver/share/uumotor_servo_motor_driver/environment/path.sh
[0.650s] -- Up-to-date symlink: /home/corey/uumotor-servo-motor-driver-ros2/install/uumotor_servo_motor_driver/share/uumotor_servo_motor_driver/environment/path.dsv
[0.651s] -- Up-to-date symlink: /home/corey/uumotor-servo-motor-driver-ros2/install/uumotor_servo_motor_driver/share/uumotor_servo_motor_driver/local_setup.bash
[0.651s] -- Up-to-date symlink: /home/corey/uumotor-servo-motor-driver-ros2/install/uumotor_servo_motor_driver/share/uumotor_servo_motor_driver/local_setup.sh
[0.651s] -- Up-to-date symlink: /home/corey/uumotor-servo-motor-driver-ros2/install/uumotor_servo_motor_driver/share/uumotor_servo_motor_driver/local_setup.zsh
[0.651s] -- Up-to-date symlink: /home/corey/uumotor-servo-motor-driver-ros2/install/uumotor_servo_motor_driver/share/uumotor_servo_motor_driver/local_setup.dsv
[0.651s] -- Symlinking: /home/corey/uumotor-servo-motor-driver-ros2/install/uumotor_servo_motor_driver/share/uumotor_servo_motor_driver/package.dsv
[0.653s] -- Up-to-date symlink: /home/corey/uumotor-servo-motor-driver-ros2/install/uumotor_servo_motor_driver/share/ament_index/resource_index/packages/uumotor_servo_motor_driver
[0.653s] -- Up-to-date symlink: /home/corey/uumotor-servo-motor-driver-ros2/install/uumotor_servo_motor_driver/share/uumotor_servo_motor_driver/cmake/ament_cmake_export_include_directories-extras.cmake
[0.653s] -- Up-to-date symlink: /home/corey/uumotor-servo-motor-driver-ros2/install/uumotor_servo_motor_driver/share/uumotor_servo_motor_driver/cmake/ament_cmake_export_libraries-extras.cmake
[0.653s] -- Up-to-date symlink: /home/corey/uumotor-servo-motor-driver-ros2/install/uumotor_servo_motor_driver/share/uumotor_servo_motor_driver/cmake/ament_cmake_export_dependencies-extras.cmake
[0.653s] -- Up-to-date symlink: /home/corey/uumotor-servo-motor-driver-ros2/install/uumotor_servo_motor_driver/share/uumotor_servo_motor_driver/cmake/uumotor_servo_motor_driverConfig.cmake
[0.654s] -- Up-to-date symlink: /home/corey/uumotor-servo-motor-driver-ros2/install/uumotor_servo_motor_driver/share/uumotor_servo_motor_driver/cmake/uumotor_servo_motor_driverConfig-version.cmake
[0.654s] -- Up-to-date symlink: /home/corey/uumotor-servo-motor-driver-ros2/install/uumotor_servo_motor_driver/share/uumotor_servo_motor_driver/package.xml
[0.657s] Invoked command in '/home/corey/uumotor-servo-motor-driver-ros2/build/uumotor_servo_motor_driver' returned '0': CMAKE_PREFIX_PATH=${CMAKE_PREFIX_PATH}:/opt/ros/galactic /home/corey/.local/bin/cmake --install /home/corey/uumotor-servo-motor-driver-ros2/build/uumotor_servo_motor_driver
