[0.132s] Invoking command in '/home/corey/uumotor-servo-motor-driver-ros2/build/uumotor_servo_motor_driver': CMAKE_PREFIX_PATH=${CMAKE_PREFIX_PATH}:/opt/ros/galactic /home/corey/.local/bin/cmake --build /home/corey/uumotor-servo-motor-driver-ros2/build/uumotor_servo_motor_driver -- -j16 -l16
[0.164s] [ 18%] Built target fun
[0.165s] [ 36%] Built target cmd
[0.169s] [ 63%] Built target uumotor_servo_motor_driver
[0.181s] [ 72%] [32mBuilding CXX object CMakeFiles/driver.dir/src/test_node.cpp.o[0m
[1.848s] [ 81%] [32m[1mLinking CXX executable driver[0m
[1.914s] [100%] Built target driver
[1.920s] Invoked command in '/home/corey/uumotor-servo-motor-driver-ros2/build/uumotor_servo_motor_driver' returned '0': CMAKE_PREFIX_PATH=${CMAKE_PREFIX_PATH}:/opt/ros/galactic /home/corey/.local/bin/cmake --build /home/corey/uumotor-servo-motor-driver-ros2/build/uumotor_servo_motor_driver -- -j16 -l16
[1.974s] Invoking command in '/home/corey/uumotor-servo-motor-driver-ros2/build/uumotor_servo_motor_driver': CMAKE_PREFIX_PATH=${CMAKE_PREFIX_PATH}:/opt/ros/galactic /home/corey/.local/bin/cmake --install /home/corey/uumotor-servo-motor-driver-ros2/build/uumotor_servo_motor_driver
[1.991s] -- Install configuration: ""
[1.991s] -- Execute custom install script
[1.991s] -- Up-to-date symlink: /home/corey/uumotor-servo-motor-driver-ros2/install/uumotor_servo_motor_driver/lib/uumotor_servo_motor_driver/libuumotor_servo_motor_driver.so
[1.991s] -- Up-to-date symlink: /home/corey/uumotor-servo-motor-driver-ros2/install/uumotor_servo_motor_driver/include/uumotor_servo_motor_driver//commands.h
[1.992s] -- Up-to-date symlink: /home/corey/uumotor-servo-motor-driver-ros2/install/uumotor_servo_motor_driver/include/uumotor_servo_motor_driver//functions.h
[1.992s] -- Up-to-date symlink: /home/corey/uumotor-servo-motor-driver-ros2/install/uumotor_servo_motor_driver/lib/uumotor_servo_motor_driver/driver
[1.992s] -- Up-to-date symlink: /home/corey/uumotor-servo-motor-driver-ros2/install/uumotor_servo_motor_driver/share/uumotor_servo_motor_driver/environment/library_path.sh
[1.992s] -- Up-to-date symlink: /home/corey/uumotor-servo-motor-driver-ros2/install/uumotor_servo_motor_driver/share/uumotor_servo_motor_driver/environment/library_path.dsv
[1.992s] -- Up-to-date symlink: /home/corey/uumotor-servo-motor-driver-ros2/install/uumotor_servo_motor_driver/share/ament_index/resource_index/package_run_dependencies/uumotor_servo_motor_driver
[1.992s] -- Up-to-date symlink: /home/corey/uumotor-servo-motor-driver-ros2/install/uumotor_servo_motor_driver/share/ament_index/resource_index/parent_prefix_path/uumotor_servo_motor_driver
[1.992s] -- Up-to-date symlink: /home/corey/uumotor-servo-motor-driver-ros2/install/uumotor_servo_motor_driver/share/uumotor_servo_motor_driver/environment/ament_prefix_path.sh
[1.993s] -- Up-to-date symlink: /home/corey/uumotor-servo-motor-driver-ros2/install/uumotor_servo_motor_driver/share/uumotor_servo_motor_driver/environment/ament_prefix_path.dsv
[1.993s] -- Up-to-date symlink: /home/corey/uumotor-servo-motor-driver-ros2/install/uumotor_servo_motor_driver/share/uumotor_servo_motor_driver/environment/path.sh
[1.993s] -- Up-to-date symlink: /home/corey/uumotor-servo-motor-driver-ros2/install/uumotor_servo_motor_driver/share/uumotor_servo_motor_driver/environment/path.dsv
[1.993s] -- Up-to-date symlink: /home/corey/uumotor-servo-motor-driver-ros2/install/uumotor_servo_motor_driver/share/uumotor_servo_motor_driver/local_setup.bash
[1.993s] -- Up-to-date symlink: /home/corey/uumotor-servo-motor-driver-ros2/install/uumotor_servo_motor_driver/share/uumotor_servo_motor_driver/local_setup.sh
[1.993s] -- Up-to-date symlink: /home/corey/uumotor-servo-motor-driver-ros2/install/uumotor_servo_motor_driver/share/uumotor_servo_motor_driver/local_setup.zsh
[1.993s] -- Up-to-date symlink: /home/corey/uumotor-servo-motor-driver-ros2/install/uumotor_servo_motor_driver/share/uumotor_servo_motor_driver/local_setup.dsv
[1.993s] -- Symlinking: /home/corey/uumotor-servo-motor-driver-ros2/install/uumotor_servo_motor_driver/share/uumotor_servo_motor_driver/package.dsv
[1.995s] -- Up-to-date symlink: /home/corey/uumotor-servo-motor-driver-ros2/install/uumotor_servo_motor_driver/share/ament_index/resource_index/packages/uumotor_servo_motor_driver
[1.995s] -- Up-to-date symlink: /home/corey/uumotor-servo-motor-driver-ros2/install/uumotor_servo_motor_driver/share/uumotor_servo_motor_driver/cmake/ament_cmake_export_include_directories-extras.cmake
[1.995s] -- Up-to-date symlink: /home/corey/uumotor-servo-motor-driver-ros2/install/uumotor_servo_motor_driver/share/uumotor_servo_motor_driver/cmake/ament_cmake_export_libraries-extras.cmake
[1.995s] -- Up-to-date symlink: /home/corey/uumotor-servo-motor-driver-ros2/install/uumotor_servo_motor_driver/share/uumotor_servo_motor_driver/cmake/ament_cmake_export_dependencies-extras.cmake
[1.995s] -- Up-to-date symlink: /home/corey/uumotor-servo-motor-driver-ros2/install/uumotor_servo_motor_driver/share/uumotor_servo_motor_driver/cmake/uumotor_servo_motor_driverConfig.cmake
[1.996s] -- Up-to-date symlink: /home/corey/uumotor-servo-motor-driver-ros2/install/uumotor_servo_motor_driver/share/uumotor_servo_motor_driver/cmake/uumotor_servo_motor_driverConfig-version.cmake
[1.996s] -- Up-to-date symlink: /home/corey/uumotor-servo-motor-driver-ros2/install/uumotor_servo_motor_driver/share/uumotor_servo_motor_driver/package.xml
[1.998s] Invoked command in '/home/corey/uumotor-servo-motor-driver-ros2/build/uumotor_servo_motor_driver' returned '0': CMAKE_PREFIX_PATH=${CMAKE_PREFIX_PATH}:/opt/ros/galactic /home/corey/.local/bin/cmake --install /home/corey/uumotor-servo-motor-driver-ros2/build/uumotor_servo_motor_driver
