In file included from [01m[K/opt/ros/galactic/include/rclcpp/client.hpp:40[m[K,
                 from [01m[K/opt/ros/galactic/include/rclcpp/callback_group.hpp:23[m[K,
                 from [01m[K/opt/ros/galactic/include/rclcpp/any_executable.hpp:20[m[K,
                 from [01m[K/opt/ros/galactic/include/rclcpp/memory_strategy.hpp:25[m[K,
                 from [01m[K/opt/ros/galactic/include/rclcpp/memory_strategies.hpp:18[m[K,
                 from [01m[K/opt/ros/galactic/include/rclcpp/executor_options.hpp:20[m[K,
                 from [01m[K/opt/ros/galactic/include/rclcpp/executor.hpp:36[m[K,
                 from [01m[K/opt/ros/galactic/include/rclcpp/executors/multi_threaded_executor.hpp:26[m[K,
                 from [01m[K/opt/ros/galactic/include/rclcpp/executors.hpp:21[m[K,
                 from [01m[K/opt/ros/galactic/include/rclcpp/rclcpp.hpp:156[m[K,
                 from [01m[K/home/corey/uumotor-servo-motor-driver-ros2/src/uumotor_servo_motor_driver/src/commands.cpp:2[m[K:
[01m[K/home/corey/uumotor-servo-motor-driver-ros2/src/uumotor_servo_motor_driver/src/commands.cpp:[m[K In member function ‘[01m[Kstd::vector<unsigned char> Commands::set_speed(int, double)[m[K’:
[01m[K/home/corey/uumotor-servo-motor-driver-ros2/src/uumotor_servo_motor_driver/src/commands.cpp:289:77:[m[K [01;31m[Kerror: [m[Kinvalid conversion from ‘[01m[Kunsigned char*[m[K’ to ‘[01m[Kconst char*[m[K’ [[01;31m[K-fpermissive[m[K]
  289 |             RCLCPP_INFO(rclcpp::get_logger("set_control_mode"), [01;31m[Kcommand.data()[m[K);
      |                                                                 [01;31m[K~~~~~~~~~~~~^~[m[K
      |                                                                             [01;31m[K|[m[K
      |                                                                             [01;31m[Kunsigned char*[m[K
In file included from [01m[K/opt/ros/galactic/include/rmw/types.h:28[m[K,
                 from [01m[K/opt/ros/galactic/include/rcl/types.h:20[m[K,
                 from [01m[K/opt/ros/galactic/include/rcl/log_level.h:22[m[K,
                 from [01m[K/opt/ros/galactic/include/rcl/arguments.h:21[m[K,
                 from [01m[K/opt/ros/galactic/include/rcl/context.h:28[m[K,
                 from [01m[K/opt/ros/galactic/include/rcl/guard_condition.h:26[m[K,
                 from [01m[K/opt/ros/galactic/include/rclcpp/executor.hpp:30[m[K,
                 from [01m[K/opt/ros/galactic/include/rclcpp/executors/multi_threaded_executor.hpp:26[m[K,
                 from [01m[K/opt/ros/galactic/include/rclcpp/executors.hpp:21[m[K,
                 from [01m[K/opt/ros/galactic/include/rclcpp/rclcpp.hpp:156[m[K,
                 from [01m[K/home/corey/uumotor-servo-motor-driver-ros2/src/uumotor_servo_motor_driver/src/commands.cpp:2[m[K:
[01m[K/opt/ros/galactic/include/rcutils/logging.h:479:16:[m[K [01;36m[Knote: [m[K  initializing argument 4 of ‘[01m[Kvoid rcutils_log(const rcutils_log_location_t*, int, const char*, const char*, ...)[m[K’
  479 |   [01;36m[Kconst char * format[m[K,
      |   [01;36m[K~~~~~~~~~~~~~^~~~~~[m[K
In file included from [01m[K/opt/ros/galactic/include/rclcpp/client.hpp:40[m[K,
                 from [01m[K/opt/ros/galactic/include/rclcpp/callback_group.hpp:23[m[K,
                 from [01m[K/opt/ros/galactic/include/rclcpp/any_executable.hpp:20[m[K,
                 from [01m[K/opt/ros/galactic/include/rclcpp/memory_strategy.hpp:25[m[K,
                 from [01m[K/opt/ros/galactic/include/rclcpp/memory_strategies.hpp:18[m[K,
                 from [01m[K/opt/ros/galactic/include/rclcpp/executor_options.hpp:20[m[K,
                 from [01m[K/opt/ros/galactic/include/rclcpp/executor.hpp:36[m[K,
                 from [01m[K/opt/ros/galactic/include/rclcpp/executors/multi_threaded_executor.hpp:26[m[K,
                 from [01m[K/opt/ros/galactic/include/rclcpp/executors.hpp:21[m[K,
                 from [01m[K/opt/ros/galactic/include/rclcpp/rclcpp.hpp:156[m[K,
                 from [01m[K/home/corey/uumotor-servo-motor-driver-ros2/src/uumotor_servo_motor_driver/src/commands.cpp:2[m[K:
[01m[K/home/corey/uumotor-servo-motor-driver-ros2/src/uumotor_servo_motor_driver/src/commands.cpp:[m[K In member function ‘[01m[Kstd::vector<unsigned char> Commands::set_speed(int, double)[m[K’:
[01m[K/home/corey/uumotor-servo-motor-driver-ros2/src/uumotor_servo_motor_driver/src/commands.cpp:289:77:[m[K [01;31m[Kerror: [m[Kinvalid conversion from ‘[01m[Kunsigned char*[m[K’ to ‘[01m[Kconst char*[m[K’ [[01;31m[K-fpermissive[m[K]
  289 |             RCLCPP_INFO(rclcpp::get_logger("set_control_mode"), [01;31m[Kcommand.data()[m[K);
      |                                                                 [01;31m[K~~~~~~~~~~~~^~[m[K
      |                                                                             [01;31m[K|[m[K
      |                                                                             [01;31m[Kunsigned char*[m[K
In file included from [01m[K/opt/ros/galactic/include/rmw/types.h:28[m[K,
                 from [01m[K/opt/ros/galactic/include/rcl/types.h:20[m[K,
                 from [01m[K/opt/ros/galactic/include/rcl/log_level.h:22[m[K,
                 from [01m[K/opt/ros/galactic/include/rcl/arguments.h:21[m[K,
                 from [01m[K/opt/ros/galactic/include/rcl/context.h:28[m[K,
                 from [01m[K/opt/ros/galactic/include/rcl/guard_condition.h:26[m[K,
                 from [01m[K/opt/ros/galactic/include/rclcpp/executor.hpp:30[m[K,
                 from [01m[K/opt/ros/galactic/include/rclcpp/executors/multi_threaded_executor.hpp:26[m[K,
                 from [01m[K/opt/ros/galactic/include/rclcpp/executors.hpp:21[m[K,
                 from [01m[K/opt/ros/galactic/include/rclcpp/rclcpp.hpp:156[m[K,
                 from [01m[K/home/corey/uumotor-servo-motor-driver-ros2/src/uumotor_servo_motor_driver/src/commands.cpp:2[m[K:
[01m[K/opt/ros/galactic/include/rcutils/logging.h:479:16:[m[K [01;36m[Knote: [m[K  initializing argument 4 of ‘[01m[Kvoid rcutils_log(const rcutils_log_location_t*, int, const char*, const char*, ...)[m[K’
  479 |   [01;36m[Kconst char * format[m[K,
      |   [01;36m[K~~~~~~~~~~~~~^~~~~~[m[K
make[2]: *** [CMakeFiles/uumotor_servo_motor_driver.dir/build.make:63: CMakeFiles/uumotor_servo_motor_driver.dir/src/commands.cpp.o] Error 1
make[1]: *** [CMakeFiles/Makefile2:138: CMakeFiles/uumotor_servo_motor_driver.dir/all] Error 2
make[1]: *** Waiting for unfinished jobs....
make[2]: *** [CMakeFiles/cmd.dir/build.make:63: CMakeFiles/cmd.dir/src/commands.cpp.o] Error 1
make[1]: *** [CMakeFiles/Makefile2:84: CMakeFiles/cmd.dir/all] Error 2
make: *** [Makefile:141: all] Error 2
