[0.013s] Invoking command in '/home/corey/uumotor-servo-motor-driver-ros2/build/uumotor_servo_motor_driver': CMAKE_PREFIX_PATH=/opt/ros/galactic /home/corey/.local/bin/cmake --build /home/corey/uumotor-servo-motor-driver-ros2/build/uumotor_servo_motor_driver -- -j16 -l16
[0.064s] [ 50%] [32mBuilding CXX object CMakeFiles/uumotor_servo_motor_driver.dir/src/commands.cpp.o[0m
[0.144s] [01m[K/home/corey/uumotor-servo-motor-driver-ros2/src/uumotor_servo_motor_driver/src/commands.cpp:35:41:[m[K [01;35m[Kwarning: [m[Kmulti-character character constant [[01;35m[K-Wmultichar[m[K]
[0.145s]    35 |                 unsigned char cmd[6] = {[01;35m[K'0xEE'[m[K, '0x06', '0x51', '0x00', '0x00', '0x00'};
[0.145s]       |                                         [01;35m[K^~~~~~[m[K
[0.145s] [01m[K/home/corey/uumotor-servo-motor-driver-ros2/src/uumotor_servo_motor_driver/src/commands.cpp:35:49:[m[K [01;35m[Kwarning: [m[Kmulti-character character constant [[01;35m[K-Wmultichar[m[K]
[0.145s]    35 |                 unsigned char cmd[6] = {'0xEE', [01;35m[K'0x06'[m[K, '0x51', '0x00', '0x00', '0x00'};
[0.145s]       |                                                 [01;35m[K^~~~~~[m[K
[0.145s] [01m[K/home/corey/uumotor-servo-motor-driver-ros2/src/uumotor_servo_motor_driver/src/commands.cpp:35:57:[m[K [01;35m[Kwarning: [m[Kmulti-character character constant [[01;35m[K-Wmultichar[m[K]
[0.145s]    35 |                 unsigned char cmd[6] = {'0xEE', '0x06', [01;35m[K'0x51'[m[K, '0x00', '0x00', '0x00'};
[0.145s]       |                                                         [01;35m[K^~~~~~[m[K
[0.145s] [01m[K/home/corey/uumotor-servo-motor-driver-ros2/src/uumotor_servo_motor_driver/src/commands.cpp:35:65:[m[K [01;35m[Kwarning: [m[Kmulti-character character constant [[01;35m[K-Wmultichar[m[K]
[0.145s]    35 |                 unsigned char cmd[6] = {'0xEE', '0x06', '0x51', [01;35m[K'0x00'[m[K, '0x00', '0x00'};
[0.145s]       |                                                                 [01;35m[K^~~~~~[m[K
[0.145s] [01m[K/home/corey/uumotor-servo-motor-driver-ros2/src/uumotor_servo_motor_driver/src/commands.cpp:35:73:[m[K [01;35m[Kwarning: [m[Kmulti-character character constant [[01;35m[K-Wmultichar[m[K]
[0.145s]    35 |                 unsigned char cmd[6] = {'0xEE', '0x06', '0x51', '0x00', [01;35m[K'0x00'[m[K, '0x00'};
[0.145s]       |                                                                         [01;35m[K^~~~~~[m[K
[0.145s] [01m[K/home/corey/uumotor-servo-motor-driver-ros2/src/uumotor_servo_motor_driver/src/commands.cpp:35:81:[m[K [01;35m[Kwarning: [m[Kmulti-character character constant [[01;35m[K-Wmultichar[m[K]
[0.145s]    35 |                 unsigned char cmd[6] = {'0xEE', '0x06', '0x51', '0x00', '0x00', [01;35m[K'0x00'[m[K};
[0.145s]       |                                                                                 [01;35m[K^~~~~~[m[K
[0.234s] [01m[K/home/corey/uumotor-servo-motor-driver-ros2/src/uumotor_servo_motor_driver/src/commands.cpp:[m[K In member function ‘[01m[Kvoid Commands::set_control_mode(std::vector<unsigned char>&, int, std::string)[m[K’:
[0.234s] [01m[K/home/corey/uumotor-servo-motor-driver-ros2/src/uumotor_servo_motor_driver/src/commands.cpp:35:87:[m[K [01;31m[Kerror: [m[Knarrowing conversion of ‘[01m[K813188421[m[K’ from ‘[01m[Kint[m[K’ to ‘[01m[Kunsigned char[m[K’ [[01;31m[K-Wnarrowing[m[K]
[0.234s]    35 |                 unsigned char cmd[6] = {'0xEE', '0x06', '0x51', '0x00', '0x00', '0x00'[01;31m[K}[m[K;
[0.234s]       |                                                                                       [01;31m[K^[m[K
[0.234s] [01m[K/home/corey/uumotor-servo-motor-driver-ros2/src/uumotor_servo_motor_driver/src/commands.cpp:35:87:[m[K [01;31m[Kerror: [m[Knarrowing conversion of ‘[01m[K813183030[m[K’ from ‘[01m[Kint[m[K’ to ‘[01m[Kunsigned char[m[K’ [[01;31m[K-Wnarrowing[m[K]
[0.234s] [01m[K/home/corey/uumotor-servo-motor-driver-ros2/src/uumotor_servo_motor_driver/src/commands.cpp:35:87:[m[K [01;31m[Kerror: [m[Knarrowing conversion of ‘[01m[K813184305[m[K’ from ‘[01m[Kint[m[K’ to ‘[01m[Kunsigned char[m[K’ [[01;31m[K-Wnarrowing[m[K]
[0.234s] [01m[K/home/corey/uumotor-servo-motor-driver-ros2/src/uumotor_servo_motor_driver/src/commands.cpp:35:87:[m[K [01;31m[Kerror: [m[Knarrowing conversion of ‘[01m[K813183024[m[K’ from ‘[01m[Kint[m[K’ to ‘[01m[Kunsigned char[m[K’ [[01;31m[K-Wnarrowing[m[K]
[0.234s] [01m[K/home/corey/uumotor-servo-motor-driver-ros2/src/uumotor_servo_motor_driver/src/commands.cpp:35:87:[m[K [01;31m[Kerror: [m[Knarrowing conversion of ‘[01m[K813183024[m[K’ from ‘[01m[Kint[m[K’ to ‘[01m[Kunsigned char[m[K’ [[01;31m[K-Wnarrowing[m[K]
[0.234s] [01m[K/home/corey/uumotor-servo-motor-driver-ros2/src/uumotor_servo_motor_driver/src/commands.cpp:35:87:[m[K [01;31m[Kerror: [m[Knarrowing conversion of ‘[01m[K813183024[m[K’ from ‘[01m[Kint[m[K’ to ‘[01m[Kunsigned char[m[K’ [[01;31m[K-Wnarrowing[m[K]
[0.234s] [01m[K/home/corey/uumotor-servo-motor-driver-ros2/src/uumotor_servo_motor_driver/src/commands.cpp:35:31:[m[K [01;35m[Kwarning: [m[Kunused variable ‘[01m[Kcmd[m[K’ [[01;35m[K-Wunused-variable[m[K]
[0.234s]    35 |                 unsigned char [01;35m[Kcmd[m[K[6] = {'0xEE', '0x06', '0x51', '0x00', '0x00', '0x00'};
[0.234s]       |                               [01;35m[K^~~[m[K
[0.234s] [01m[K/home/corey/uumotor-servo-motor-driver-ros2/src/uumotor_servo_motor_driver/src/commands.cpp:28:61:[m[K [01;35m[Kwarning: [m[Kunused parameter ‘[01m[Kcommand[m[K’ [[01;35m[K-Wunused-parameter[m[K]
[0.234s]    28 | void Commands::set_control_mode([01;35m[Kstd::vector<unsigned char> &command[m[K, int motor, std::string mode)
[0.234s]       |                                 [01;35m[K~~~~~~~~~~~~~~~~~~~~~~~~~~~~^~~~~~~[m[K
[0.263s] make[2]: *** [CMakeFiles/uumotor_servo_motor_driver.dir/build.make:76: CMakeFiles/uumotor_servo_motor_driver.dir/src/commands.cpp.o] Error 1
[0.263s] make[1]: *** [CMakeFiles/Makefile2:137: CMakeFiles/uumotor_servo_motor_driver.dir/all] Error 2
[0.263s] make: *** [Makefile:146: all] Error 2
[0.267s] Invoked command in '/home/corey/uumotor-servo-motor-driver-ros2/build/uumotor_servo_motor_driver' returned '2': CMAKE_PREFIX_PATH=/opt/ros/galactic /home/corey/.local/bin/cmake --build /home/corey/uumotor-servo-motor-driver-ros2/build/uumotor_servo_motor_driver -- -j16 -l16
