In file included from [01m[K/home/corey/uumotor-servo-motor-driver-ros2/src/uumotor_servo_motor_driver/include/uumotor_servo_motor_driver/motor_controller.hpp:8[m[K,
                 from [01m[K/home/corey/uumotor-servo-motor-driver-ros2/src/uumotor_servo_motor_driver/src/test_node.cpp:10[m[K:
[01m[K/home/corey/uumotor-servo-motor-driver-ros2/src/uumotor_servo_motor_driver/include/uumotor_servo_motor_driver/comms.hpp:[m[K In member function ‘[01m[Kstd::vector<unsigned char, std::allocator<unsigned char> > Comms::send_command(const std::vector<unsigned char, std::allocator<unsigned char> >&, bool)[m[K’:
[01m[K/home/corey/uumotor-servo-motor-driver-ros2/src/uumotor_servo_motor_driver/include/uumotor_servo_motor_driver/comms.hpp:64:27:[m[K [01;31m[Kerror: [m[K‘[01m[Kmsg[m[K’ was not declared in this scope
   64 |             for (auto d : [01;31m[Kmsg[m[K)
      |                           [01;31m[K^~~[m[K
[01m[K/home/corey/uumotor-servo-motor-driver-ros2/src/uumotor_servo_motor_driver/include/uumotor_servo_motor_driver/comms.hpp:64:27:[m[K [01;36m[Knote: [m[Ksuggested alternatives:
In file included from [01m[K/opt/ros/galactic/include/builtin_interfaces/msg/duration.hpp:7[m[K,
                 from [01m[K/opt/ros/galactic/include/rclcpp/duration.hpp:20[m[K,
                 from [01m[K/opt/ros/galactic/include/rclcpp/qos.hpp:20[m[K,
                 from [01m[K/opt/ros/galactic/include/rclcpp/node_interfaces/node_graph_interface.hpp:31[m[K,
                 from [01m[K/opt/ros/galactic/include/rclcpp/client.hpp:34[m[K,
                 from [01m[K/opt/ros/galactic/include/rclcpp/callback_group.hpp:23[m[K,
                 from [01m[K/opt/ros/galactic/include/rclcpp/any_executable.hpp:20[m[K,
                 from [01m[K/opt/ros/galactic/include/rclcpp/memory_strategy.hpp:25[m[K,
                 from [01m[K/opt/ros/galactic/include/rclcpp/memory_strategies.hpp:18[m[K,
                 from [01m[K/opt/ros/galactic/include/rclcpp/executor_options.hpp:20[m[K,
                 from [01m[K/opt/ros/galactic/include/rclcpp/executor.hpp:36[m[K,
                 from [01m[K/opt/ros/galactic/include/rclcpp/executors/multi_threaded_executor.hpp:26[m[K,
                 from [01m[K/opt/ros/galactic/include/rclcpp/executors.hpp:21[m[K,
                 from [01m[K/opt/ros/galactic/include/rclcpp/rclcpp.hpp:156[m[K,
                 from [01m[K/home/corey/uumotor-servo-motor-driver-ros2/src/uumotor_servo_motor_driver/src/test_node.cpp:9[m[K:
[01m[K/opt/ros/galactic/include/builtin_interfaces/msg/detail/duration__struct.hpp:26:11:[m[K [01;36m[Knote: [m[K  ‘[01m[Kbuiltin_interfaces::msg[m[K’
   26 | namespace [01;36m[Kmsg[m[K
      |           [01;36m[K^~~[m[K
In file included from [01m[K/opt/ros/galactic/include/rcl_interfaces/msg/set_parameters_result.hpp:7[m[K,
                 from [01m[K/opt/ros/galactic/include/rclcpp/qos_overriding_options.hpp:28[m[K,
                 from [01m[K/opt/ros/galactic/include/rclcpp/subscription_options.hpp:29[m[K,
                 from [01m[K/opt/ros/galactic/include/rclcpp/subscription.hpp:45[m[K,
                 from [01m[K/opt/ros/galactic/include/rclcpp/any_executable.hpp:25[m[K,
                 from [01m[K/opt/ros/galactic/include/rclcpp/memory_strategy.hpp:25[m[K,
                 from [01m[K/opt/ros/galactic/include/rclcpp/memory_strategies.hpp:18[m[K,
                 from [01m[K/opt/ros/galactic/include/rclcpp/executor_options.hpp:20[m[K,
                 from [01m[K/opt/ros/galactic/include/rclcpp/executor.hpp:36[m[K,
                 from [01m[K/opt/ros/galactic/include/rclcpp/executors/multi_threaded_executor.hpp:26[m[K,
                 from [01m[K/opt/ros/galactic/include/rclcpp/executors.hpp:21[m[K,
                 from [01m[K/opt/ros/galactic/include/rclcpp/rclcpp.hpp:156[m[K,
                 from [01m[K/home/corey/uumotor-servo-motor-driver-ros2/src/uumotor_servo_motor_driver/src/test_node.cpp:9[m[K:
[01m[K/opt/ros/galactic/include/rcl_interfaces/msg/detail/set_parameters_result__struct.hpp:26:11:[m[K [01;36m[Knote: [m[K  ‘[01m[Krcl_interfaces::msg[m[K’
   26 | namespace [01;36m[Kmsg[m[K
      |           [01;36m[K^~~[m[K
In file included from [01m[K/opt/ros/galactic/include/statistics_msgs/msg/detail/metrics_message__struct.hpp:22[m[K,
                 from [01m[K/opt/ros/galactic/include/statistics_msgs/msg/metrics_message.hpp:7[m[K,
                 from [01m[K/opt/ros/galactic/include/libstatistics_collector/collector/generate_statistics_message.hpp:21[m[K,
                 from [01m[K/opt/ros/galactic/include/rclcpp/topic_statistics/subscription_topic_statistics.hpp:23[m[K,
                 from [01m[K/opt/ros/galactic/include/rclcpp/subscription.hpp:50[m[K,
                 from [01m[K/opt/ros/galactic/include/rclcpp/any_executable.hpp:25[m[K,
                 from [01m[K/opt/ros/galactic/include/rclcpp/memory_strategy.hpp:25[m[K,
                 from [01m[K/opt/ros/galactic/include/rclcpp/memory_strategies.hpp:18[m[K,
                 from [01m[K/opt/ros/galactic/include/rclcpp/executor_options.hpp:20[m[K,
                 from [01m[K/opt/ros/galactic/include/rclcpp/executor.hpp:36[m[K,
                 from [01m[K/opt/ros/galactic/include/rclcpp/executors/multi_threaded_executor.hpp:26[m[K,
                 from [01m[K/opt/ros/galactic/include/rclcpp/executors.hpp:21[m[K,
                 from [01m[K/opt/ros/galactic/include/rclcpp/rclcpp.hpp:156[m[K,
                 from [01m[K/home/corey/uumotor-servo-motor-driver-ros2/src/uumotor_servo_motor_driver/src/test_node.cpp:9[m[K:
[01m[K/opt/ros/galactic/include/statistics_msgs/msg/detail/statistic_data_point__struct.hpp:26:11:[m[K [01;36m[Knote: [m[K  ‘[01m[Kstatistics_msgs::msg[m[K’
   26 | namespace [01;36m[Kmsg[m[K
      |           [01;36m[K^~~[m[K
In file included from [01m[K/home/corey/uumotor-servo-motor-driver-ros2/src/uumotor_servo_motor_driver/include/uumotor_servo_motor_driver/motor_controller.hpp:8[m[K,
                 from [01m[K/home/corey/uumotor-servo-motor-driver-ros2/src/uumotor_servo_motor_driver/src/test_node.cpp:10[m[K:
[01m[K/home/corey/uumotor-servo-motor-driver-ros2/src/uumotor_servo_motor_driver/include/uumotor_servo_motor_driver/comms.hpp:92:30:[m[K [01;31m[Kerror: [m[Kcannot bind non-const lvalue reference of type ‘[01m[Kint&[m[K’ to an rvalue of type ‘[01m[Kint[m[K’
   92 |                 for (int &i: [01;31m[Khex_num[m[K) {
      |                              [01;31m[K^~~~~~~[m[K
In file included from [01m[K/home/corey/uumotor-servo-motor-driver-ros2/src/uumotor_servo_motor_driver/src/test_node.cpp:10[m[K:
[01m[K/home/corey/uumotor-servo-motor-driver-ros2/src/uumotor_servo_motor_driver/include/uumotor_servo_motor_driver/motor_controller.hpp:[m[K In member function ‘[01m[Kbool MotorController::motor_running(int)[m[K’:
[01m[K/home/corey/uumotor-servo-motor-driver-ros2/src/uumotor_servo_motor_driver/include/uumotor_servo_motor_driver/motor_controller.hpp:72:56:[m[K [01;31m[Kerror: [m[Kconversion from ‘[01m[Kvector<[01;32m[Kunsigned char[m[K,allocator<[01;32m[Kunsigned char[m[K>>[m[K’ to non-scalar type ‘[01m[Kvector<[01;32m[Kint[m[K,allocator<[01;32m[Kint[m[K>>[m[K’ requested
   72 |             std::vector<int> msg = [01;31m[Kserial_.send_command(cmd)[m[K;
      |                                    [01;31m[K~~~~~~~~~~~~~~~~~~~~^~~~~[m[K
[01m[K/home/corey/uumotor-servo-motor-driver-ros2/src/uumotor_servo_motor_driver/include/uumotor_servo_motor_driver/motor_controller.hpp:73:44:[m[K [01;31m[Kerror: [m[Kcannot convert ‘[01m[Kstd::vector<int>[m[K’ to ‘[01m[Kuint8_t*[m[K’ {aka ‘[01m[Kunsigned char*[m[K’}
   73 |             int check = fun_.check_message([01;31m[Kmsg[m[K);
      |                                            [01;31m[K^~~[m[K
      |                                            [01;31m[K|[m[K
      |                                            [01;31m[Kstd::vector<int>[m[K
In file included from [01m[K/home/corey/uumotor-servo-motor-driver-ros2/src/uumotor_servo_motor_driver/include/uumotor_servo_motor_driver/commands.h:6[m[K,
                 from [01m[K/home/corey/uumotor-servo-motor-driver-ros2/src/uumotor_servo_motor_driver/include/uumotor_servo_motor_driver/comms.hpp:7[m[K,
                 from [01m[K/home/corey/uumotor-servo-motor-driver-ros2/src/uumotor_servo_motor_driver/include/uumotor_servo_motor_driver/motor_controller.hpp:8[m[K,
                 from [01m[K/home/corey/uumotor-servo-motor-driver-ros2/src/uumotor_servo_motor_driver/src/test_node.cpp:10[m[K:
[01m[K/home/corey/uumotor-servo-motor-driver-ros2/src/uumotor_servo_motor_driver/include/uumotor_servo_motor_driver/functions.h:20:33:[m[K [01;36m[Knote: [m[K  initializing argument 1 of ‘[01m[Kbool Functions::check_message(uint8_t*)[m[K’
   20 |     bool check_message([01;36m[Kuint8_t *msg[m[K);
      |                        [01;36m[K~~~~~~~~~^~~[m[K
In file included from [01m[K/home/corey/uumotor-servo-motor-driver-ros2/src/uumotor_servo_motor_driver/src/test_node.cpp:10[m[K:
[01m[K/home/corey/uumotor-servo-motor-driver-ros2/src/uumotor_servo_motor_driver/include/uumotor_servo_motor_driver/motor_controller.hpp:77:52:[m[K [01;31m[Kerror: [m[Kcannot convert ‘[01m[Kstd::vector<int>[m[K’ to ‘[01m[Kuint8_t*[m[K’ {aka ‘[01m[Kunsigned char*[m[K’}
   77 |                 int running = fun_.message_decoder([01;31m[Kmsg[m[K, 16, true);
      |                                                    [01;31m[K^~~[m[K
      |                                                    [01;31m[K|[m[K
      |                                                    [01;31m[Kstd::vector<int>[m[K
In file included from [01m[K/home/corey/uumotor-servo-motor-driver-ros2/src/uumotor_servo_motor_driver/include/uumotor_servo_motor_driver/commands.h:6[m[K,
                 from [01m[K/home/corey/uumotor-servo-motor-driver-ros2/src/uumotor_servo_motor_driver/include/uumotor_servo_motor_driver/comms.hpp:7[m[K,
                 from [01m[K/home/corey/uumotor-servo-motor-driver-ros2/src/uumotor_servo_motor_driver/include/uumotor_servo_motor_driver/motor_controller.hpp:8[m[K,
                 from [01m[K/home/corey/uumotor-servo-motor-driver-ros2/src/uumotor_servo_motor_driver/src/test_node.cpp:10[m[K:
[01m[K/home/corey/uumotor-servo-motor-driver-ros2/src/uumotor_servo_motor_driver/include/uumotor_servo_motor_driver/functions.h:26:34:[m[K [01;36m[Knote: [m[K  initializing argument 1 of ‘[01m[Kint Functions::message_decoder(uint8_t*, int, bool)[m[K’
   26 |     int message_decoder([01;36m[Kuint8_t *msg[m[K, int bit, bool unsign);
      |                         [01;36m[K~~~~~~~~~^~~[m[K
make[2]: *** [CMakeFiles/driver.dir/build.make:76: CMakeFiles/driver.dir/src/test_node.cpp.o] Error 1
make[2]: *** Waiting for unfinished jobs....
make[1]: *** [CMakeFiles/Makefile2:170: CMakeFiles/driver.dir/all] Error 2
make: *** [Makefile:146: all] Error 2
