[0.130s] Invoking command in '/home/corey/uumotor-servo-motor-driver-ros2/build/uumotor_servo_motor_driver': CMAKE_PREFIX_PATH=${CMAKE_PREFIX_PATH}:/opt/ros/galactic /home/corey/.local/bin/cmake --build /home/corey/uumotor-servo-motor-driver-ros2/build/uumotor_servo_motor_driver -- -j16 -l16
[0.160s] [ 18%] Built target fun
[0.163s] [ 54%] Built target uumotor_servo_motor_driver
[0.163s] [ 63%] Built target cmd
[0.179s] [ 72%] [32mBuilding CXX object CMakeFiles/driver.dir/src/test_node.cpp.o[0m
[1.357s] In file included from [01m[K/home/corey/uumotor-servo-motor-driver-ros2/src/uumotor_servo_motor_driver/src/test_node.cpp:10[m[K:
[1.358s] [01m[K/home/corey/uumotor-servo-motor-driver-ros2/src/uumotor_servo_motor_driver/include/uumotor_servo_motor_driver/motor_controller.hpp:[m[K In member function ‘[01m[Kvoid MotorController::drive_motor(int)[m[K’:
[1.358s] [01m[K/home/corey/uumotor-servo-motor-driver-ros2/src/uumotor_servo_motor_driver/include/uumotor_servo_motor_driver/motor_controller.hpp:34:37:[m[K [01;31m[Kerror: [m[Kno matching function for call to ‘[01m[KComms::send_command(std::vector<unsigned char, std::allocator<unsigned char> >&)[m[K’
[1.358s]    34 |             serial_.send_command(cmd[01;31m[K)[m[K;
[1.358s]       |                                     [01;31m[K^[m[K
[1.358s] In file included from [01m[K/home/corey/uumotor-servo-motor-driver-ros2/src/uumotor_servo_motor_driver/include/uumotor_servo_motor_driver/motor_controller.hpp:8[m[K,
[1.358s]                  from [01m[K/home/corey/uumotor-servo-motor-driver-ros2/src/uumotor_servo_motor_driver/src/test_node.cpp:10[m[K:
[1.358s] [01m[K/home/corey/uumotor-servo-motor-driver-ros2/src/uumotor_servo_motor_driver/include/uumotor_servo_motor_driver/comms.hpp:56:30:[m[K [01;36m[Knote: [m[Kcandidate: ‘[01m[Kstd::vector<unsigned char, std::allocator<unsigned char> > Comms::send_command(const std::vector<unsigned char, std::allocator<unsigned char> >&, int, bool)[m[K’
[1.358s]    56 |         std::vector<uint8_t> [01;36m[Ksend_command[m[K(const std::vector<uint8_t> &cmd, int msg_length, bool print_output=true)
[1.358s]       |                              [01;36m[K^~~~~~~~~~~~[m[K
[1.358s] [01m[K/home/corey/uumotor-servo-motor-driver-ros2/src/uumotor_servo_motor_driver/include/uumotor_servo_motor_driver/comms.hpp:56:30:[m[K [01;36m[Knote: [m[K  candidate expects 3 arguments, 1 provided
[1.359s] In file included from [01m[K/home/corey/uumotor-servo-motor-driver-ros2/src/uumotor_servo_motor_driver/src/test_node.cpp:10[m[K:
[1.359s] [01m[K/home/corey/uumotor-servo-motor-driver-ros2/src/uumotor_servo_motor_driver/include/uumotor_servo_motor_driver/motor_controller.hpp:[m[K In member function ‘[01m[Kvoid MotorController::set_motor_parameters(int, std::string, int, int, int, std::string)[m[K’:
[1.359s] [01m[K/home/corey/uumotor-servo-motor-driver-ros2/src/uumotor_servo_motor_driver/include/uumotor_servo_motor_driver/motor_controller.hpp:42:37:[m[K [01;31m[Kerror: [m[Kno matching function for call to ‘[01m[KComms::send_command(std::vector<unsigned char, std::allocator<unsigned char> >&)[m[K’
[1.359s]    42 |             serial_.send_command(cmd[01;31m[K)[m[K;
[1.359s]       |                                     [01;31m[K^[m[K
[1.359s] In file included from [01m[K/home/corey/uumotor-servo-motor-driver-ros2/src/uumotor_servo_motor_driver/include/uumotor_servo_motor_driver/motor_controller.hpp:8[m[K,
[1.359s]                  from [01m[K/home/corey/uumotor-servo-motor-driver-ros2/src/uumotor_servo_motor_driver/src/test_node.cpp:10[m[K:
[1.359s] [01m[K/home/corey/uumotor-servo-motor-driver-ros2/src/uumotor_servo_motor_driver/include/uumotor_servo_motor_driver/comms.hpp:56:30:[m[K [01;36m[Knote: [m[Kcandidate: ‘[01m[Kstd::vector<unsigned char, std::allocator<unsigned char> > Comms::send_command(const std::vector<unsigned char, std::allocator<unsigned char> >&, int, bool)[m[K’
[1.360s]    56 |         std::vector<uint8_t> [01;36m[Ksend_command[m[K(const std::vector<uint8_t> &cmd, int msg_length, bool print_output=true)
[1.360s]       |                              [01;36m[K^~~~~~~~~~~~[m[K
[1.360s] [01m[K/home/corey/uumotor-servo-motor-driver-ros2/src/uumotor_servo_motor_driver/include/uumotor_servo_motor_driver/comms.hpp:56:30:[m[K [01;36m[Knote: [m[K  candidate expects 3 arguments, 1 provided
[1.360s] In file included from [01m[K/home/corey/uumotor-servo-motor-driver-ros2/src/uumotor_servo_motor_driver/src/test_node.cpp:10[m[K:
[1.360s] [01m[K/home/corey/uumotor-servo-motor-driver-ros2/src/uumotor_servo_motor_driver/include/uumotor_servo_motor_driver/motor_controller.hpp:44:37:[m[K [01;31m[Kerror: [m[Kno matching function for call to ‘[01m[KComms::send_command(std::vector<unsigned char, std::allocator<unsigned char> >&)[m[K’
[1.360s]    44 |             serial_.send_command(cmd[01;31m[K)[m[K;
[1.360s]       |                                     [01;31m[K^[m[K
[1.360s] In file included from [01m[K/home/corey/uumotor-servo-motor-driver-ros2/src/uumotor_servo_motor_driver/include/uumotor_servo_motor_driver/motor_controller.hpp:8[m[K,
[1.360s]                  from [01m[K/home/corey/uumotor-servo-motor-driver-ros2/src/uumotor_servo_motor_driver/src/test_node.cpp:10[m[K:
[1.360s] [01m[K/home/corey/uumotor-servo-motor-driver-ros2/src/uumotor_servo_motor_driver/include/uumotor_servo_motor_driver/comms.hpp:56:30:[m[K [01;36m[Knote: [m[Kcandidate: ‘[01m[Kstd::vector<unsigned char, std::allocator<unsigned char> > Comms::send_command(const std::vector<unsigned char, std::allocator<unsigned char> >&, int, bool)[m[K’
[1.360s]    56 |         std::vector<uint8_t> [01;36m[Ksend_command[m[K(const std::vector<uint8_t> &cmd, int msg_length, bool print_output=true)
[1.360s]       |                              [01;36m[K^~~~~~~~~~~~[m[K
[1.360s] [01m[K/home/corey/uumotor-servo-motor-driver-ros2/src/uumotor_servo_motor_driver/include/uumotor_servo_motor_driver/comms.hpp:56:30:[m[K [01;36m[Knote: [m[K  candidate expects 3 arguments, 1 provided
[1.360s] In file included from [01m[K/home/corey/uumotor-servo-motor-driver-ros2/src/uumotor_servo_motor_driver/src/test_node.cpp:10[m[K:
[1.361s] [01m[K/home/corey/uumotor-servo-motor-driver-ros2/src/uumotor_servo_motor_driver/include/uumotor_servo_motor_driver/motor_controller.hpp:46:37:[m[K [01;31m[Kerror: [m[Kno matching function for call to ‘[01m[KComms::send_command(std::vector<unsigned char, std::allocator<unsigned char> >&)[m[K’
[1.361s]    46 |             serial_.send_command(cmd[01;31m[K)[m[K;
[1.361s]       |                                     [01;31m[K^[m[K
[1.361s] In file included from [01m[K/home/corey/uumotor-servo-motor-driver-ros2/src/uumotor_servo_motor_driver/include/uumotor_servo_motor_driver/motor_controller.hpp:8[m[K,
[1.361s]                  from [01m[K/home/corey/uumotor-servo-motor-driver-ros2/src/uumotor_servo_motor_driver/src/test_node.cpp:10[m[K:
[1.361s] [01m[K/home/corey/uumotor-servo-motor-driver-ros2/src/uumotor_servo_motor_driver/include/uumotor_servo_motor_driver/comms.hpp:56:30:[m[K [01;36m[Knote: [m[Kcandidate: ‘[01m[Kstd::vector<unsigned char, std::allocator<unsigned char> > Comms::send_command(const std::vector<unsigned char, std::allocator<unsigned char> >&, int, bool)[m[K’
[1.361s]    56 |         std::vector<uint8_t> [01;36m[Ksend_command[m[K(const std::vector<uint8_t> &cmd, int msg_length, bool print_output=true)
[1.361s]       |                              [01;36m[K^~~~~~~~~~~~[m[K
[1.361s] [01m[K/home/corey/uumotor-servo-motor-driver-ros2/src/uumotor_servo_motor_driver/include/uumotor_servo_motor_driver/comms.hpp:56:30:[m[K [01;36m[Knote: [m[K  candidate expects 3 arguments, 1 provided
[1.361s] In file included from [01m[K/home/corey/uumotor-servo-motor-driver-ros2/src/uumotor_servo_motor_driver/src/test_node.cpp:10[m[K:
[1.362s] [01m[K/home/corey/uumotor-servo-motor-driver-ros2/src/uumotor_servo_motor_driver/include/uumotor_servo_motor_driver/motor_controller.hpp:48:37:[m[K [01;31m[Kerror: [m[Kno matching function for call to ‘[01m[KComms::send_command(std::vector<unsigned char, std::allocator<unsigned char> >&)[m[K’
[1.362s]    48 |             serial_.send_command(cmd[01;31m[K)[m[K;
[1.362s]       |                                     [01;31m[K^[m[K
[1.362s] In file included from [01m[K/home/corey/uumotor-servo-motor-driver-ros2/src/uumotor_servo_motor_driver/include/uumotor_servo_motor_driver/motor_controller.hpp:8[m[K,
[1.362s]                  from [01m[K/home/corey/uumotor-servo-motor-driver-ros2/src/uumotor_servo_motor_driver/src/test_node.cpp:10[m[K:
[1.362s] [01m[K/home/corey/uumotor-servo-motor-driver-ros2/src/uumotor_servo_motor_driver/include/uumotor_servo_motor_driver/comms.hpp:56:30:[m[K [01;36m[Knote: [m[Kcandidate: ‘[01m[Kstd::vector<unsigned char, std::allocator<unsigned char> > Comms::send_command(const std::vector<unsigned char, std::allocator<unsigned char> >&, int, bool)[m[K’
[1.362s]    56 |         std::vector<uint8_t> [01;36m[Ksend_command[m[K(const std::vector<uint8_t> &cmd, int msg_length, bool print_output=true)
[1.362s]       |                              [01;36m[K^~~~~~~~~~~~[m[K
[1.362s] [01m[K/home/corey/uumotor-servo-motor-driver-ros2/src/uumotor_servo_motor_driver/include/uumotor_servo_motor_driver/comms.hpp:56:30:[m[K [01;36m[Knote: [m[K  candidate expects 3 arguments, 1 provided
[1.362s] In file included from [01m[K/home/corey/uumotor-servo-motor-driver-ros2/src/uumotor_servo_motor_driver/src/test_node.cpp:10[m[K:
[1.363s] [01m[K/home/corey/uumotor-servo-motor-driver-ros2/src/uumotor_servo_motor_driver/include/uumotor_servo_motor_driver/motor_controller.hpp:[m[K In member function ‘[01m[Kvoid MotorController::change_current(int, float)[m[K’:
[1.363s] [01m[K/home/corey/uumotor-servo-motor-driver-ros2/src/uumotor_servo_motor_driver/include/uumotor_servo_motor_driver/motor_controller.hpp:56:37:[m[K [01;31m[Kerror: [m[Kno matching function for call to ‘[01m[KComms::send_command(std::vector<unsigned char, std::allocator<unsigned char> >&)[m[K’
[1.363s]    56 |             serial_.send_command(cmd[01;31m[K)[m[K;
[1.363s]       |                                     [01;31m[K^[m[K
[1.363s] In file included from [01m[K/home/corey/uumotor-servo-motor-driver-ros2/src/uumotor_servo_motor_driver/include/uumotor_servo_motor_driver/motor_controller.hpp:8[m[K,
[1.363s]                  from [01m[K/home/corey/uumotor-servo-motor-driver-ros2/src/uumotor_servo_motor_driver/src/test_node.cpp:10[m[K:
[1.363s] [01m[K/home/corey/uumotor-servo-motor-driver-ros2/src/uumotor_servo_motor_driver/include/uumotor_servo_motor_driver/comms.hpp:56:30:[m[K [01;36m[Knote: [m[Kcandidate: ‘[01m[Kstd::vector<unsigned char, std::allocator<unsigned char> > Comms::send_command(const std::vector<unsigned char, std::allocator<unsigned char> >&, int, bool)[m[K’
[1.363s]    56 |         std::vector<uint8_t> [01;36m[Ksend_command[m[K(const std::vector<uint8_t> &cmd, int msg_length, bool print_output=true)
[1.363s]       |                              [01;36m[K^~~~~~~~~~~~[m[K
[1.363s] [01m[K/home/corey/uumotor-servo-motor-driver-ros2/src/uumotor_servo_motor_driver/include/uumotor_servo_motor_driver/comms.hpp:56:30:[m[K [01;36m[Knote: [m[K  candidate expects 3 arguments, 1 provided
[1.363s] In file included from [01m[K/home/corey/uumotor-servo-motor-driver-ros2/src/uumotor_servo_motor_driver/src/test_node.cpp:10[m[K:
[1.363s] [01m[K/home/corey/uumotor-servo-motor-driver-ros2/src/uumotor_servo_motor_driver/include/uumotor_servo_motor_driver/motor_controller.hpp:[m[K In member function ‘[01m[Kvoid MotorController::set_motor_speed(int, int)[m[K’:
[1.363s] [01m[K/home/corey/uumotor-servo-motor-driver-ros2/src/uumotor_servo_motor_driver/include/uumotor_servo_motor_driver/motor_controller.hpp:62:37:[m[K [01;31m[Kerror: [m[Kno matching function for call to ‘[01m[KComms::send_command(std::vector<unsigned char, std::allocator<unsigned char> >&)[m[K’
[1.364s]    62 |             serial_.send_command(cmd[01;31m[K)[m[K;
[1.364s]       |                                     [01;31m[K^[m[K
[1.364s] In file included from [01m[K/home/corey/uumotor-servo-motor-driver-ros2/src/uumotor_servo_motor_driver/include/uumotor_servo_motor_driver/motor_controller.hpp:8[m[K,
[1.364s]                  from [01m[K/home/corey/uumotor-servo-motor-driver-ros2/src/uumotor_servo_motor_driver/src/test_node.cpp:10[m[K:
[1.364s] [01m[K/home/corey/uumotor-servo-motor-driver-ros2/src/uumotor_servo_motor_driver/include/uumotor_servo_motor_driver/comms.hpp:56:30:[m[K [01;36m[Knote: [m[Kcandidate: ‘[01m[Kstd::vector<unsigned char, std::allocator<unsigned char> > Comms::send_command(const std::vector<unsigned char, std::allocator<unsigned char> >&, int, bool)[m[K’
[1.364s]    56 |         std::vector<uint8_t> [01;36m[Ksend_command[m[K(const std::vector<uint8_t> &cmd, int msg_length, bool print_output=true)
[1.364s]       |                              [01;36m[K^~~~~~~~~~~~[m[K
[1.364s] [01m[K/home/corey/uumotor-servo-motor-driver-ros2/src/uumotor_servo_motor_driver/include/uumotor_servo_motor_driver/comms.hpp:56:30:[m[K [01;36m[Knote: [m[K  candidate expects 3 arguments, 1 provided
[1.364s] In file included from [01m[K/home/corey/uumotor-servo-motor-driver-ros2/src/uumotor_servo_motor_driver/src/test_node.cpp:10[m[K:
[1.364s] [01m[K/home/corey/uumotor-servo-motor-driver-ros2/src/uumotor_servo_motor_driver/include/uumotor_servo_motor_driver/motor_controller.hpp:[m[K In member function ‘[01m[Kfloat MotorController::read_temp(int)[m[K’:
[1.364s] [01m[K/home/corey/uumotor-servo-motor-driver-ros2/src/uumotor_servo_motor_driver/include/uumotor_servo_motor_driver/motor_controller.hpp:91:37:[m[K [01;31m[Kerror: [m[Kno matching function for call to ‘[01m[KComms::send_command(std::vector<unsigned char, std::allocator<unsigned char> >&)[m[K’
[1.364s]    91 |             serial_.send_command(cmd[01;31m[K)[m[K;
[1.365s]       |                                     [01;31m[K^[m[K
[1.365s] In file included from [01m[K/home/corey/uumotor-servo-motor-driver-ros2/src/uumotor_servo_motor_driver/include/uumotor_servo_motor_driver/motor_controller.hpp:8[m[K,
[1.365s]                  from [01m[K/home/corey/uumotor-servo-motor-driver-ros2/src/uumotor_servo_motor_driver/src/test_node.cpp:10[m[K:
[1.365s] [01m[K/home/corey/uumotor-servo-motor-driver-ros2/src/uumotor_servo_motor_driver/include/uumotor_servo_motor_driver/comms.hpp:56:30:[m[K [01;36m[Knote: [m[Kcandidate: ‘[01m[Kstd::vector<unsigned char, std::allocator<unsigned char> > Comms::send_command(const std::vector<unsigned char, std::allocator<unsigned char> >&, int, bool)[m[K’
[1.365s]    56 |         std::vector<uint8_t> [01;36m[Ksend_command[m[K(const std::vector<uint8_t> &cmd, int msg_length, bool print_output=true)
[1.365s]       |                              [01;36m[K^~~~~~~~~~~~[m[K
[1.365s] [01m[K/home/corey/uumotor-servo-motor-driver-ros2/src/uumotor_servo_motor_driver/include/uumotor_servo_motor_driver/comms.hpp:56:30:[m[K [01;36m[Knote: [m[K  candidate expects 3 arguments, 1 provided
[1.365s] In file included from [01m[K/home/corey/uumotor-servo-motor-driver-ros2/src/uumotor_servo_motor_driver/src/test_node.cpp:10[m[K:
[1.365s] [01m[K/home/corey/uumotor-servo-motor-driver-ros2/src/uumotor_servo_motor_driver/include/uumotor_servo_motor_driver/motor_controller.hpp:[m[K In member function ‘[01m[Kfloat MotorController::read_volt(int)[m[K’:
[1.365s] [01m[K/home/corey/uumotor-servo-motor-driver-ros2/src/uumotor_servo_motor_driver/include/uumotor_servo_motor_driver/motor_controller.hpp:98:37:[m[K [01;31m[Kerror: [m[Kno matching function for call to ‘[01m[KComms::send_command(std::vector<unsigned char, std::allocator<unsigned char> >&)[m[K’
[1.365s]    98 |             serial_.send_command(cmd[01;31m[K)[m[K;
[1.365s]       |                                     [01;31m[K^[m[K
[1.365s] In file included from [01m[K/home/corey/uumotor-servo-motor-driver-ros2/src/uumotor_servo_motor_driver/include/uumotor_servo_motor_driver/motor_controller.hpp:8[m[K,
[1.365s]                  from [01m[K/home/corey/uumotor-servo-motor-driver-ros2/src/uumotor_servo_motor_driver/src/test_node.cpp:10[m[K:
[1.365s] [01m[K/home/corey/uumotor-servo-motor-driver-ros2/src/uumotor_servo_motor_driver/include/uumotor_servo_motor_driver/comms.hpp:56:30:[m[K [01;36m[Knote: [m[Kcandidate: ‘[01m[Kstd::vector<unsigned char, std::allocator<unsigned char> > Comms::send_command(const std::vector<unsigned char, std::allocator<unsigned char> >&, int, bool)[m[K’
[1.366s]    56 |         std::vector<uint8_t> [01;36m[Ksend_command[m[K(const std::vector<uint8_t> &cmd, int msg_length, bool print_output=true)
[1.366s]       |                              [01;36m[K^~~~~~~~~~~~[m[K
[1.366s] [01m[K/home/corey/uumotor-servo-motor-driver-ros2/src/uumotor_servo_motor_driver/include/uumotor_servo_motor_driver/comms.hpp:56:30:[m[K [01;36m[Knote: [m[K  candidate expects 3 arguments, 1 provided
[1.366s] In file included from [01m[K/home/corey/uumotor-servo-motor-driver-ros2/src/uumotor_servo_motor_driver/src/test_node.cpp:10[m[K:
[1.366s] [01m[K/home/corey/uumotor-servo-motor-driver-ros2/src/uumotor_servo_motor_driver/include/uumotor_servo_motor_driver/motor_controller.hpp:[m[K In member function ‘[01m[Kdouble MotorController::get_absolute_position(int)[m[K’:
[1.366s] [01m[K/home/corey/uumotor-servo-motor-driver-ros2/src/uumotor_servo_motor_driver/include/uumotor_servo_motor_driver/motor_controller.hpp:106:37:[m[K [01;31m[Kerror: [m[Kno matching function for call to ‘[01m[KComms::send_command(std::vector<unsigned char, std::allocator<unsigned char> >&)[m[K’
[1.366s]   106 |             serial_.send_command(cmd[01;31m[K)[m[K;
[1.366s]       |                                     [01;31m[K^[m[K
[1.366s] In file included from [01m[K/home/corey/uumotor-servo-motor-driver-ros2/src/uumotor_servo_motor_driver/include/uumotor_servo_motor_driver/motor_controller.hpp:8[m[K,
[1.366s]                  from [01m[K/home/corey/uumotor-servo-motor-driver-ros2/src/uumotor_servo_motor_driver/src/test_node.cpp:10[m[K:
[1.366s] [01m[K/home/corey/uumotor-servo-motor-driver-ros2/src/uumotor_servo_motor_driver/include/uumotor_servo_motor_driver/comms.hpp:56:30:[m[K [01;36m[Knote: [m[Kcandidate: ‘[01m[Kstd::vector<unsigned char, std::allocator<unsigned char> > Comms::send_command(const std::vector<unsigned char, std::allocator<unsigned char> >&, int, bool)[m[K’
[1.366s]    56 |         std::vector<uint8_t> [01;36m[Ksend_command[m[K(const std::vector<uint8_t> &cmd, int msg_length, bool print_output=true)
[1.366s]       |                              [01;36m[K^~~~~~~~~~~~[m[K
[1.367s] [01m[K/home/corey/uumotor-servo-motor-driver-ros2/src/uumotor_servo_motor_driver/include/uumotor_servo_motor_driver/comms.hpp:56:30:[m[K [01;36m[Knote: [m[K  candidate expects 3 arguments, 1 provided
[1.367s] In file included from [01m[K/home/corey/uumotor-servo-motor-driver-ros2/src/uumotor_servo_motor_driver/src/test_node.cpp:10[m[K:
[1.367s] [01m[K/home/corey/uumotor-servo-motor-driver-ros2/src/uumotor_servo_motor_driver/include/uumotor_servo_motor_driver/motor_controller.hpp:[m[K In member function ‘[01m[Kvoid MotorController::calibrate(int)[m[K’:
[1.367s] [01m[K/home/corey/uumotor-servo-motor-driver-ros2/src/uumotor_servo_motor_driver/include/uumotor_servo_motor_driver/motor_controller.hpp:114:37:[m[K [01;31m[Kerror: [m[Kno matching function for call to ‘[01m[KComms::send_command(std::vector<unsigned char, std::allocator<unsigned char> >&)[m[K’
[1.367s]   114 |             serial_.send_command(cmd[01;31m[K)[m[K;
[1.367s]       |                                     [01;31m[K^[m[K
[1.367s] In file included from [01m[K/home/corey/uumotor-servo-motor-driver-ros2/src/uumotor_servo_motor_driver/include/uumotor_servo_motor_driver/motor_controller.hpp:8[m[K,
[1.367s]                  from [01m[K/home/corey/uumotor-servo-motor-driver-ros2/src/uumotor_servo_motor_driver/src/test_node.cpp:10[m[K:
[1.367s] [01m[K/home/corey/uumotor-servo-motor-driver-ros2/src/uumotor_servo_motor_driver/include/uumotor_servo_motor_driver/comms.hpp:56:30:[m[K [01;36m[Knote: [m[Kcandidate: ‘[01m[Kstd::vector<unsigned char, std::allocator<unsigned char> > Comms::send_command(const std::vector<unsigned char, std::allocator<unsigned char> >&, int, bool)[m[K’
[1.367s]    56 |         std::vector<uint8_t> [01;36m[Ksend_command[m[K(const std::vector<uint8_t> &cmd, int msg_length, bool print_output=true)
[1.367s]       |                              [01;36m[K^~~~~~~~~~~~[m[K
[1.367s] [01m[K/home/corey/uumotor-servo-motor-driver-ros2/src/uumotor_servo_motor_driver/include/uumotor_servo_motor_driver/comms.hpp:56:30:[m[K [01;36m[Knote: [m[K  candidate expects 3 arguments, 1 provided
[1.368s] In file included from [01m[K/home/corey/uumotor-servo-motor-driver-ros2/src/uumotor_servo_motor_driver/src/test_node.cpp:10[m[K:
[1.368s] [01m[K/home/corey/uumotor-servo-motor-driver-ros2/src/uumotor_servo_motor_driver/include/uumotor_servo_motor_driver/motor_controller.hpp:[m[K In member function ‘[01m[Kint MotorController::calibration_status(int)[m[K’:
[1.368s] [01m[K/home/corey/uumotor-servo-motor-driver-ros2/src/uumotor_servo_motor_driver/include/uumotor_servo_motor_driver/motor_controller.hpp:120:37:[m[K [01;31m[Kerror: [m[Kno matching function for call to ‘[01m[KComms::send_command(std::vector<unsigned char, std::allocator<unsigned char> >&)[m[K’
[1.368s]   120 |             serial_.send_command(cmd[01;31m[K)[m[K;
[1.368s]       |                                     [01;31m[K^[m[K
[1.368s] In file included from [01m[K/home/corey/uumotor-servo-motor-driver-ros2/src/uumotor_servo_motor_driver/include/uumotor_servo_motor_driver/motor_controller.hpp:8[m[K,
[1.368s]                  from [01m[K/home/corey/uumotor-servo-motor-driver-ros2/src/uumotor_servo_motor_driver/src/test_node.cpp:10[m[K:
[1.368s] [01m[K/home/corey/uumotor-servo-motor-driver-ros2/src/uumotor_servo_motor_driver/include/uumotor_servo_motor_driver/comms.hpp:56:30:[m[K [01;36m[Knote: [m[Kcandidate: ‘[01m[Kstd::vector<unsigned char, std::allocator<unsigned char> > Comms::send_command(const std::vector<unsigned char, std::allocator<unsigned char> >&, int, bool)[m[K’
[1.368s]    56 |         std::vector<uint8_t> [01;36m[Ksend_command[m[K(const std::vector<uint8_t> &cmd, int msg_length, bool print_output=true)
[1.368s]       |                              [01;36m[K^~~~~~~~~~~~[m[K
[1.368s] [01m[K/home/corey/uumotor-servo-motor-driver-ros2/src/uumotor_servo_motor_driver/include/uumotor_servo_motor_driver/comms.hpp:56:30:[m[K [01;36m[Knote: [m[K  candidate expects 3 arguments, 1 provided
[1.368s] In file included from [01m[K/home/corey/uumotor-servo-motor-driver-ros2/src/uumotor_servo_motor_driver/src/test_node.cpp:10[m[K:
[1.368s] [01m[K/home/corey/uumotor-servo-motor-driver-ros2/src/uumotor_servo_motor_driver/include/uumotor_servo_motor_driver/motor_controller.hpp:[m[K In member function ‘[01m[Kint MotorController::error_status(int)[m[K’:
[1.369s] [01m[K/home/corey/uumotor-servo-motor-driver-ros2/src/uumotor_servo_motor_driver/include/uumotor_servo_motor_driver/motor_controller.hpp:128:37:[m[K [01;31m[Kerror: [m[Kno matching function for call to ‘[01m[KComms::send_command(std::vector<unsigned char, std::allocator<unsigned char> >&)[m[K’
[1.369s]   128 |             serial_.send_command(cmd[01;31m[K)[m[K;
[1.369s]       |                                     [01;31m[K^[m[K
[1.369s] In file included from [01m[K/home/corey/uumotor-servo-motor-driver-ros2/src/uumotor_servo_motor_driver/include/uumotor_servo_motor_driver/motor_controller.hpp:8[m[K,
[1.369s]                  from [01m[K/home/corey/uumotor-servo-motor-driver-ros2/src/uumotor_servo_motor_driver/src/test_node.cpp:10[m[K:
[1.369s] [01m[K/home/corey/uumotor-servo-motor-driver-ros2/src/uumotor_servo_motor_driver/include/uumotor_servo_motor_driver/comms.hpp:56:30:[m[K [01;36m[Knote: [m[Kcandidate: ‘[01m[Kstd::vector<unsigned char, std::allocator<unsigned char> > Comms::send_command(const std::vector<unsigned char, std::allocator<unsigned char> >&, int, bool)[m[K’
[1.369s]    56 |         std::vector<uint8_t> [01;36m[Ksend_command[m[K(const std::vector<uint8_t> &cmd, int msg_length, bool print_output=true)
[1.369s]       |                              [01;36m[K^~~~~~~~~~~~[m[K
[1.369s] [01m[K/home/corey/uumotor-servo-motor-driver-ros2/src/uumotor_servo_motor_driver/include/uumotor_servo_motor_driver/comms.hpp:56:30:[m[K [01;36m[Knote: [m[K  candidate expects 3 arguments, 1 provided
[1.827s] make[2]: *** [CMakeFiles/driver.dir/build.make:76: CMakeFiles/driver.dir/src/test_node.cpp.o] Error 1
[1.827s] make[1]: *** [CMakeFiles/Makefile2:170: CMakeFiles/driver.dir/all] Error 2
[1.827s] make: *** [Makefile:146: all] Error 2
[1.831s] Invoked command in '/home/corey/uumotor-servo-motor-driver-ros2/build/uumotor_servo_motor_driver' returned '2': CMAKE_PREFIX_PATH=${CMAKE_PREFIX_PATH}:/opt/ros/galactic /home/corey/.local/bin/cmake --build /home/corey/uumotor-servo-motor-driver-ros2/build/uumotor_servo_motor_driver -- -j16 -l16
