[0.014s] Invoking command in '/home/corey/uumotor-servo-motor-driver-ros2/build/uumotor_servo_motor_driver': CMAKE_PREFIX_PATH=${CMAKE_PREFIX_PATH}:/opt/ros/galactic /home/corey/.local/bin/cmake --build /home/corey/uumotor-servo-motor-driver-ros2/build/uumotor_servo_motor_driver -- -j16 -l16
[0.054s] [ 18%] Built target fun
[0.058s] [ 63%] Built target cmd
[0.058s] [ 63%] Built target uumotor_servo_motor_driver
[0.079s] [ 72%] [32mBuilding CXX object CMakeFiles/driver.dir/src/test_node.cpp.o[0m
[0.175s] In file included from [01m[K/home/corey/uumotor-servo-motor-driver-ros2/src/uumotor_servo_motor_driver/include/uumotor_servo_motor_driver/motor_controller.hpp:8[m[K,
[0.175s]                  from [01m[K/home/corey/uumotor-servo-motor-driver-ros2/src/uumotor_servo_motor_driver/src/test_node.cpp:10[m[K:
[0.175s] [01m[K/home/corey/uumotor-servo-motor-driver-ros2/src/uumotor_servo_motor_driver/include/uumotor_servo_motor_driver/comms.hpp:65:30:[m[K [01;35m[Kwarning: [m[Kmulti-character character constant [[01;35m[K-Wmultichar[m[K]
[0.175s]    65 |                 while (id != [01;35m[K'ee'[m[K)
[0.175s]       |                              [01;35m[K^~~~[m[K
[1.377s] [01m[K/home/corey/uumotor-servo-motor-driver-ros2/src/uumotor_servo_motor_driver/include/uumotor_servo_motor_driver/comms.hpp:[m[K In member function ‘[01m[Kstd::vector<unsigned char, std::allocator<unsigned char> > Comms::send_command(const std::vector<unsigned char, std::allocator<unsigned char> >&, bool)[m[K’:
[1.377s] [01m[K/home/corey/uumotor-servo-motor-driver-ros2/src/uumotor_servo_motor_driver/include/uumotor_servo_motor_driver/comms.hpp:65:27:[m[K [01;35m[Kwarning: [m[Kcomparison is always true due to limited range of data type [[01;35m[K-Wtype-limits[m[K]
[1.377s]    65 |                 while ([01;35m[Kid != 'ee'[m[K)
[1.378s]       |                        [01;35m[K~~~^~~~~~~[m[K
[1.378s] [01m[K/home/corey/uumotor-servo-motor-driver-ros2/src/uumotor_servo_motor_driver/include/uumotor_servo_motor_driver/comms.hpp:69:29:[m[K [01;31m[Kerror: [m[Kinvalid conversion from ‘[01m[Kchar[m[K’ to ‘[01m[Kchar*[m[K’ [[01;31m[K-fpermissive[m[K]
[1.378s]    69 |                     sprintf([01;31m[Kid[m[K, "%x", hex_value);
[1.378s]       |                             [01;31m[K^~[m[K
[1.378s]       |                             [01;31m[K|[m[K
[1.378s]       |                             [01;31m[Kchar[m[K
[1.378s] In file included from [01m[K/usr/include/c++/9/cstdio:42[m[K,
[1.378s]                  from [01m[K/usr/include/c++/9/ext/string_conversions.h:43[m[K,
[1.378s]                  from [01m[K/usr/include/c++/9/bits/basic_string.h:6496[m[K,
[1.378s]                  from [01m[K/usr/include/c++/9/string:55[m[K,
[1.378s]                  from [01m[K/usr/include/c++/9/bits/locale_classes.h:40[m[K,
[1.378s]                  from [01m[K/usr/include/c++/9/bits/ios_base.h:41[m[K,
[1.378s]                  from [01m[K/usr/include/c++/9/ios:42[m[K,
[1.378s]                  from [01m[K/usr/include/c++/9/ostream:38[m[K,
[1.378s]                  from [01m[K/usr/include/c++/9/iostream:39[m[K,
[1.378s]                  from [01m[K/home/corey/uumotor-servo-motor-driver-ros2/src/uumotor_servo_motor_driver/src/test_node.cpp:1[m[K:
[1.378s] [01m[K/usr/include/stdio.h:334:38:[m[K [01;36m[Knote: [m[K  initializing argument 1 of ‘[01m[Kint sprintf(char*, const char*, ...)[m[K’
[1.378s]   334 | extern int sprintf ([01;36m[Kchar *__restrict __s[m[K,
[1.378s]       |                     [01;36m[K~~~~~~~~~~~~~~~~~^~~[m[K
[1.869s] make[2]: *** [CMakeFiles/driver.dir/build.make:76: CMakeFiles/driver.dir/src/test_node.cpp.o] Error 1
[1.869s] make[1]: *** [CMakeFiles/Makefile2:170: CMakeFiles/driver.dir/all] Error 2
[1.869s] make: *** [Makefile:146: all] Error 2
[1.873s] Invoked command in '/home/corey/uumotor-servo-motor-driver-ros2/build/uumotor_servo_motor_driver' returned '2': CMAKE_PREFIX_PATH=${CMAKE_PREFIX_PATH}:/opt/ros/galactic /home/corey/.local/bin/cmake --build /home/corey/uumotor-servo-motor-driver-ros2/build/uumotor_servo_motor_driver -- -j16 -l16
