[0.130s] Invoking command in '/home/corey/uumotor-servo-motor-driver-ros2/build/uumotor_servo_motor_driver': CMAKE_PREFIX_PATH=${CMAKE_PREFIX_PATH}:/opt/ros/galactic /home/corey/.local/bin/cmake --build /home/corey/uumotor-servo-motor-driver-ros2/build/uumotor_servo_motor_driver -- -j16 -l16
[0.160s] [ 18%] Built target fun
[0.168s] [ 27%] [32mBuilding CXX object CMakeFiles/uumotor_servo_motor_driver.dir/src/commands.cpp.o[0m
[0.168s] [ 36%] [32mBuilding CXX object CMakeFiles/cmd.dir/src/commands.cpp.o[0m
[1.315s] [01m[K/home/corey/uumotor-servo-motor-driver-ros2/src/uumotor_servo_motor_driver/src/commands.cpp:[m[K In member function ‘[01m[Kstd::vector<unsigned char> Commands::set_acceleration_max(int, int)[m[K’:
[1.315s] [01m[K/home/corey/uumotor-servo-motor-driver-ros2/src/uumotor_servo_motor_driver/src/commands.cpp:235:14:[m[K [01;31m[Kerror: [m[Kjump to case label
[1.315s]   235 |         case [01;31m[K2[m[K:
[1.315s]       |              [01;31m[K^[m[K
[1.315s] [01m[K/home/corey/uumotor-servo-motor-driver-ros2/src/uumotor_servo_motor_driver/src/commands.cpp:229:34:[m[K [01;36m[Knote: [m[K  crosses initialization of ‘[01m[Kstd::vector<unsigned char> v[m[K’
[1.315s]   229 |             std::vector<uint8_t> [01;36m[Kv[m[K = fun.int2hex(value, max_speed_, true);
[1.315s]       |                                  [01;36m[K^[m[K
[1.316s] [01m[K/home/corey/uumotor-servo-motor-driver-ros2/src/uumotor_servo_motor_driver/src/commands.cpp:236:34:[m[K [01;31m[Kerror: [m[Kredeclaration of ‘[01m[Kstd::vector<unsigned char> v[m[K’
[1.316s]   236 |             std::vector<uint8_t> [01;31m[Kv[m[K = fun.int2hex(value, max_speed_, true);
[1.316s]       |                                  [01;31m[K^[m[K
[1.316s] [01m[K/home/corey/uumotor-servo-motor-driver-ros2/src/uumotor_servo_motor_driver/src/commands.cpp:229:34:[m[K [01;36m[Knote: [m[K‘[01m[Kstd::vector<unsigned char> v[m[K’ previously declared here
[1.316s]   229 |             std::vector<uint8_t> [01;36m[Kv[m[K = fun.int2hex(value, max_speed_, true);
[1.316s]       |                                  [01;36m[K^[m[K
[1.316s] [01m[K/home/corey/uumotor-servo-motor-driver-ros2/src/uumotor_servo_motor_driver/src/commands.cpp:242:9:[m[K [01;31m[Kerror: [m[Kjump to case label
[1.316s]   242 |         [01;31m[Kdefault[m[K:
[1.316s]       |         [01;31m[K^~~~~~~[m[K
[1.316s] [01m[K/home/corey/uumotor-servo-motor-driver-ros2/src/uumotor_servo_motor_driver/src/commands.cpp:229:34:[m[K [01;36m[Knote: [m[K  crosses initialization of ‘[01m[Kstd::vector<unsigned char> v[m[K’
[1.316s]   229 |             std::vector<uint8_t> [01;36m[Kv[m[K = fun.int2hex(value, max_speed_, true);
[1.316s]       |                                  [01;36m[K^[m[K
[1.316s] [01m[K/home/corey/uumotor-servo-motor-driver-ros2/src/uumotor_servo_motor_driver/src/commands.cpp:[m[K In member function ‘[01m[Kstd::vector<unsigned char> Commands::set_deceleration_max(int, int)[m[K’:
[1.317s] [01m[K/home/corey/uumotor-servo-motor-driver-ros2/src/uumotor_servo_motor_driver/src/commands.cpp:260:14:[m[K [01;31m[Kerror: [m[Kjump to case label
[1.317s]   260 |         case [01;31m[K2[m[K:
[1.317s]       |              [01;31m[K^[m[K
[1.317s] [01m[K/home/corey/uumotor-servo-motor-driver-ros2/src/uumotor_servo_motor_driver/src/commands.cpp:254:34:[m[K [01;36m[Knote: [m[K  crosses initialization of ‘[01m[Kstd::vector<unsigned char> v[m[K’
[1.317s]   254 |             std::vector<uint8_t> [01;36m[Kv[m[K = fun.int2hex(value, max_speed_, true);
[1.317s]       |                                  [01;36m[K^[m[K
[1.317s] [01m[K/home/corey/uumotor-servo-motor-driver-ros2/src/uumotor_servo_motor_driver/src/commands.cpp:261:34:[m[K [01;31m[Kerror: [m[Kredeclaration of ‘[01m[Kstd::vector<unsigned char> v[m[K’
[1.317s]   261 |             std::vector<uint8_t> [01;31m[Kv[m[K = fun.int2hex(value, max_speed_, true);
[1.317s]       |                                  [01;31m[K^[m[K
[1.317s] [01m[K/home/corey/uumotor-servo-motor-driver-ros2/src/uumotor_servo_motor_driver/src/commands.cpp:254:34:[m[K [01;36m[Knote: [m[K‘[01m[Kstd::vector<unsigned char> v[m[K’ previously declared here
[1.317s]   254 |             std::vector<uint8_t> [01;36m[Kv[m[K = fun.int2hex(value, max_speed_, true);
[1.317s]       |                                  [01;36m[K^[m[K
[1.317s] [01m[K/home/corey/uumotor-servo-motor-driver-ros2/src/uumotor_servo_motor_driver/src/commands.cpp:267:9:[m[K [01;31m[Kerror: [m[Kjump to case label
[1.318s]   267 |         [01;31m[Kdefault[m[K:
[1.318s]       |         [01;31m[K^~~~~~~[m[K
[1.318s] [01m[K/home/corey/uumotor-servo-motor-driver-ros2/src/uumotor_servo_motor_driver/src/commands.cpp:254:34:[m[K [01;36m[Knote: [m[K  crosses initialization of ‘[01m[Kstd::vector<unsigned char> v[m[K’
[1.318s]   254 |             std::vector<uint8_t> [01;36m[Kv[m[K = fun.int2hex(value, max_speed_, true);
[1.318s]       |                                  [01;36m[K^[m[K
[1.353s] [01m[K/home/corey/uumotor-servo-motor-driver-ros2/src/uumotor_servo_motor_driver/src/commands.cpp:[m[K In member function ‘[01m[Kstd::vector<unsigned char> Commands::set_acceleration_max(int, int)[m[K’:
[1.353s] [01m[K/home/corey/uumotor-servo-motor-driver-ros2/src/uumotor_servo_motor_driver/src/commands.cpp:235:14:[m[K [01;31m[Kerror: [m[Kjump to case label
[1.353s]   235 |         case [01;31m[K2[m[K:
[1.353s]       |              [01;31m[K^[m[K
[1.353s] [01m[K/home/corey/uumotor-servo-motor-driver-ros2/src/uumotor_servo_motor_driver/src/commands.cpp:229:34:[m[K [01;36m[Knote: [m[K  crosses initialization of ‘[01m[Kstd::vector<unsigned char> v[m[K’
[1.353s]   229 |             std::vector<uint8_t> [01;36m[Kv[m[K = fun.int2hex(value, max_speed_, true);
[1.353s]       |                                  [01;36m[K^[m[K
[1.353s] [01m[K/home/corey/uumotor-servo-motor-driver-ros2/src/uumotor_servo_motor_driver/src/commands.cpp:236:34:[m[K [01;31m[Kerror: [m[Kredeclaration of ‘[01m[Kstd::vector<unsigned char> v[m[K’
[1.353s]   236 |             std::vector<uint8_t> [01;31m[Kv[m[K = fun.int2hex(value, max_speed_, true);
[1.353s]       |                                  [01;31m[K^[m[K
[1.353s] [01m[K/home/corey/uumotor-servo-motor-driver-ros2/src/uumotor_servo_motor_driver/src/commands.cpp:229:34:[m[K [01;36m[Knote: [m[K‘[01m[Kstd::vector<unsigned char> v[m[K’ previously declared here
[1.354s]   229 |             std::vector<uint8_t> [01;36m[Kv[m[K = fun.int2hex(value, max_speed_, true);
[1.354s]       |                                  [01;36m[K^[m[K
[1.354s] [01m[K/home/corey/uumotor-servo-motor-driver-ros2/src/uumotor_servo_motor_driver/src/commands.cpp:242:9:[m[K [01;31m[Kerror: [m[Kjump to case label
[1.354s]   242 |         [01;31m[Kdefault[m[K:
[1.354s]       |         [01;31m[K^~~~~~~[m[K
[1.354s] [01m[K/home/corey/uumotor-servo-motor-driver-ros2/src/uumotor_servo_motor_driver/src/commands.cpp:229:34:[m[K [01;36m[Knote: [m[K  crosses initialization of ‘[01m[Kstd::vector<unsigned char> v[m[K’
[1.354s]   229 |             std::vector<uint8_t> [01;36m[Kv[m[K = fun.int2hex(value, max_speed_, true);
[1.354s]       |                                  [01;36m[K^[m[K
[1.354s] [01m[K/home/corey/uumotor-servo-motor-driver-ros2/src/uumotor_servo_motor_driver/src/commands.cpp:[m[K In member function ‘[01m[Kstd::vector<unsigned char> Commands::set_deceleration_max(int, int)[m[K’:
[1.354s] [01m[K/home/corey/uumotor-servo-motor-driver-ros2/src/uumotor_servo_motor_driver/src/commands.cpp:260:14:[m[K [01;31m[Kerror: [m[Kjump to case label
[1.354s]   260 |         case [01;31m[K2[m[K:
[1.354s]       |              [01;31m[K^[m[K
[1.354s] [01m[K/home/corey/uumotor-servo-motor-driver-ros2/src/uumotor_servo_motor_driver/src/commands.cpp:254:34:[m[K [01;36m[Knote: [m[K  crosses initialization of ‘[01m[Kstd::vector<unsigned char> v[m[K’
[1.355s]   254 |             std::vector<uint8_t> [01;36m[Kv[m[K = fun.int2hex(value, max_speed_, true);
[1.355s]       |                                  [01;36m[K^[m[K
[1.355s] [01m[K/home/corey/uumotor-servo-motor-driver-ros2/src/uumotor_servo_motor_driver/src/commands.cpp:261:34:[m[K [01;31m[Kerror: [m[Kredeclaration of ‘[01m[Kstd::vector<unsigned char> v[m[K’
[1.355s]   261 |             std::vector<uint8_t> [01;31m[Kv[m[K = fun.int2hex(value, max_speed_, true);
[1.355s]       |                                  [01;31m[K^[m[K
[1.355s] [01m[K/home/corey/uumotor-servo-motor-driver-ros2/src/uumotor_servo_motor_driver/src/commands.cpp:254:34:[m[K [01;36m[Knote: [m[K‘[01m[Kstd::vector<unsigned char> v[m[K’ previously declared here
[1.355s]   254 |             std::vector<uint8_t> [01;36m[Kv[m[K = fun.int2hex(value, max_speed_, true);
[1.355s]       |                                  [01;36m[K^[m[K
[1.355s] [01m[K/home/corey/uumotor-servo-motor-driver-ros2/src/uumotor_servo_motor_driver/src/commands.cpp:267:9:[m[K [01;31m[Kerror: [m[Kjump to case label
[1.355s]   267 |         [01;31m[Kdefault[m[K:
[1.355s]       |         [01;31m[K^~~~~~~[m[K
[1.355s] [01m[K/home/corey/uumotor-servo-motor-driver-ros2/src/uumotor_servo_motor_driver/src/commands.cpp:254:34:[m[K [01;36m[Knote: [m[K  crosses initialization of ‘[01m[Kstd::vector<unsigned char> v[m[K’
[1.355s]   254 |             std::vector<uint8_t> [01;36m[Kv[m[K = fun.int2hex(value, max_speed_, true);
[1.356s]       |                                  [01;36m[K^[m[K
[1.757s] [01m[K/home/corey/uumotor-servo-motor-driver-ros2/src/uumotor_servo_motor_driver/src/commands.cpp:[m[K In member function ‘[01m[Kstd::vector<unsigned char> Commands::set_acceleration_max(int, int)[m[K’:
[1.757s] [01m[K/home/corey/uumotor-servo-motor-driver-ros2/src/uumotor_servo_motor_driver/src/commands.cpp:246:1:[m[K [01;35m[Kwarning: [m[Kcontrol reaches end of non-void function [[01;35m[K-Wreturn-type[m[K]
[1.757s]   246 | [01;35m[K}[m[K
[1.758s]       | [01;35m[K^[m[K
[1.758s] [01m[K/home/corey/uumotor-servo-motor-driver-ros2/src/uumotor_servo_motor_driver/src/commands.cpp:[m[K In member function ‘[01m[Kstd::vector<unsigned char> Commands::set_deceleration_max(int, int)[m[K’:
[1.758s] [01m[K/home/corey/uumotor-servo-motor-driver-ros2/src/uumotor_servo_motor_driver/src/commands.cpp:271:1:[m[K [01;35m[Kwarning: [m[Kcontrol reaches end of non-void function [[01;35m[K-Wreturn-type[m[K]
[1.758s]   271 | [01;35m[K}[m[K
[1.758s]       | [01;35m[K^[m[K
[1.777s] make[2]: *** [CMakeFiles/uumotor_servo_motor_driver.dir/build.make:76: CMakeFiles/uumotor_servo_motor_driver.dir/src/commands.cpp.o] Error 1
[1.777s] make[1]: *** [CMakeFiles/Makefile2:143: CMakeFiles/uumotor_servo_motor_driver.dir/all] Error 2
[1.777s] make[1]: *** Waiting for unfinished jobs....
[1.806s] [01m[K/home/corey/uumotor-servo-motor-driver-ros2/src/uumotor_servo_motor_driver/src/commands.cpp:[m[K In member function ‘[01m[Kstd::vector<unsigned char> Commands::set_acceleration_max(int, int)[m[K’:
[1.806s] [01m[K/home/corey/uumotor-servo-motor-driver-ros2/src/uumotor_servo_motor_driver/src/commands.cpp:246:1:[m[K [01;35m[Kwarning: [m[Kcontrol reaches end of non-void function [[01;35m[K-Wreturn-type[m[K]
[1.806s]   246 | [01;35m[K}[m[K
[1.806s]       | [01;35m[K^[m[K
[1.806s] [01m[K/home/corey/uumotor-servo-motor-driver-ros2/src/uumotor_servo_motor_driver/src/commands.cpp:[m[K In member function ‘[01m[Kstd::vector<unsigned char> Commands::set_deceleration_max(int, int)[m[K’:
[1.806s] [01m[K/home/corey/uumotor-servo-motor-driver-ros2/src/uumotor_servo_motor_driver/src/commands.cpp:271:1:[m[K [01;35m[Kwarning: [m[Kcontrol reaches end of non-void function [[01;35m[K-Wreturn-type[m[K]
[1.806s]   271 | [01;35m[K}[m[K
[1.806s]       | [01;35m[K^[m[K
[1.826s] make[2]: *** [CMakeFiles/cmd.dir/build.make:76: CMakeFiles/cmd.dir/src/commands.cpp.o] Error 1
[1.826s] make[1]: *** [CMakeFiles/Makefile2:222: CMakeFiles/cmd.dir/all] Error 2
[1.827s] make: *** [Makefile:146: all] Error 2
[1.830s] Invoked command in '/home/corey/uumotor-servo-motor-driver-ros2/build/uumotor_servo_motor_driver' returned '2': CMAKE_PREFIX_PATH=${CMAKE_PREFIX_PATH}:/opt/ros/galactic /home/corey/.local/bin/cmake --build /home/corey/uumotor-servo-motor-driver-ros2/build/uumotor_servo_motor_driver -- -j16 -l16
