[0.101s] Invoking command in '/home/corey/uumotor-servo-motor-driver-ros2/build/uumotor_servo_motor_driver': CMAKE_PREFIX_PATH=/opt/ros/galactic /home/corey/.local/bin/cmake --build /home/corey/uumotor-servo-motor-driver-ros2/build/uumotor_servo_motor_driver -- -j16 -l16
[0.132s] [  9%] [32mBuilding CXX object CMakeFiles/fun.dir/src/functions.cpp.o[0m
[0.133s] [ 18%] [32mBuilding CXX object CMakeFiles/cmd.dir/src/commands.cpp.o[0m
[0.138s] [ 36%] [32mBuilding CXX object CMakeFiles/uumotor_servo_motor_driver.dir/src/commands.cpp.o[0m
[0.138s] [ 36%] [32mBuilding CXX object CMakeFiles/uumotor_servo_motor_driver.dir/src/functions.cpp.o[0m
[0.333s] [ 45%] [32m[1mLinking CXX static library libfun.a[0m
[0.340s] [ 45%] Built target fun
[1.874s] [ 54%] [32m[1mLinking CXX static library libcmd.a[0m
[1.881s] [ 54%] Built target cmd
[1.896s] [ 63%] [32mBuilding CXX object CMakeFiles/driver.dir/src/test_node.cpp.o[0m
[1.897s] [ 81%] [32mBuilding CXX object CMakeFiles/driver.dir/src/commands.cpp.o[0m
[1.897s] [ 81%] [32mBuilding CXX object CMakeFiles/driver.dir/src/functions.cpp.o[0m
[1.935s] [ 90%] [32m[1mLinking CXX shared library libuumotor_servo_motor_driver.so[0m
[1.992s] [ 90%] Built target uumotor_servo_motor_driver
[3.054s] In file included from [01m[K/home/corey/uumotor-servo-motor-driver-ros2/src/uumotor_servo_motor_driver/include/uumotor_servo_motor_driver/motor_controller.hpp:8[m[K,
[3.054s]                  from [01m[K/home/corey/uumotor-servo-motor-driver-ros2/src/uumotor_servo_motor_driver/src/test_node.cpp:10[m[K:
[3.054s] [01m[K/home/corey/uumotor-servo-motor-driver-ros2/src/uumotor_servo_motor_driver/include/uumotor_servo_motor_driver/comms.hpp:[m[K In member function ‘[01m[Kstd::string Comms::send_command(const std::vector<unsigned char, std::allocator<unsigned char> >&, bool, bool)[m[K’:
[3.054s] [01m[K/home/corey/uumotor-servo-motor-driver-ros2/src/uumotor_servo_motor_driver/include/uumotor_servo_motor_driver/comms.hpp:68:45:[m[K [01;31m[Kerror: [m[Kcannot convert ‘[01m[Kstd::vector<unsigned char, std::allocator<unsigned char> >[m[K’ to ‘[01m[Kuint8_t*[m[K’ {aka ‘[01m[Kunsigned char*[m[K’}
[3.054s]    68 |             bool check = fun_.check_message([01;31m[Khex_num[m[K);
[3.054s]       |                                             [01;31m[K^~~~~~~[m[K
[3.054s]       |                                             [01;31m[K|[m[K
[3.054s]       |                                             [01;31m[Kstd::vector<unsigned char, std::allocator<unsigned char> >[m[K
[3.054s] In file included from [01m[K/home/corey/uumotor-servo-motor-driver-ros2/src/uumotor_servo_motor_driver/include/uumotor_servo_motor_driver/commands.h:6[m[K,
[3.054s]                  from [01m[K/home/corey/uumotor-servo-motor-driver-ros2/src/uumotor_servo_motor_driver/include/uumotor_servo_motor_driver/comms.hpp:7[m[K,
[3.054s]                  from [01m[K/home/corey/uumotor-servo-motor-driver-ros2/src/uumotor_servo_motor_driver/include/uumotor_servo_motor_driver/motor_controller.hpp:8[m[K,
[3.054s]                  from [01m[K/home/corey/uumotor-servo-motor-driver-ros2/src/uumotor_servo_motor_driver/src/test_node.cpp:10[m[K:
[3.055s] [01m[K/home/corey/uumotor-servo-motor-driver-ros2/src/uumotor_servo_motor_driver/include/uumotor_servo_motor_driver/functions.h:20:33:[m[K [01;36m[Knote: [m[K  initializing argument 1 of ‘[01m[Kbool Functions::check_message(uint8_t*)[m[K’
[3.055s]    20 |     bool check_message([01;36m[Kuint8_t *msg[m[K);
[3.055s]       |                        [01;36m[K~~~~~~~~~^~~[m[K
[3.055s] In file included from [01m[K/home/corey/uumotor-servo-motor-driver-ros2/src/uumotor_servo_motor_driver/include/uumotor_servo_motor_driver/motor_controller.hpp:8[m[K,
[3.055s]                  from [01m[K/home/corey/uumotor-servo-motor-driver-ros2/src/uumotor_servo_motor_driver/src/test_node.cpp:10[m[K:
[3.055s] [01m[K/home/corey/uumotor-servo-motor-driver-ros2/src/uumotor_servo_motor_driver/include/uumotor_servo_motor_driver/comms.hpp:77:21:[m[K [01;31m[Kerror: [m[Kreturn-statement with no value, in function returning ‘[01m[Kstd::string[m[K’ {aka ‘[01m[Kstd::__cxx11::basic_string<char>[m[K’} [[01;31m[K-fpermissive[m[K]
[3.055s]    77 |                     [01;31m[Kreturn[m[K;
[3.055s]       |                     [01;31m[K^~~~~~[m[K
[3.055s] In file included from [01m[K/home/corey/uumotor-servo-motor-driver-ros2/src/uumotor_servo_motor_driver/include/uumotor_servo_motor_driver/motor_controller.hpp:8[m[K,
[3.055s]                  from [01m[K/home/corey/uumotor-servo-motor-driver-ros2/src/uumotor_servo_motor_driver/src/test_node.cpp:10[m[K:
[3.055s] [01m[K/home/corey/uumotor-servo-motor-driver-ros2/src/uumotor_servo_motor_driver/include/uumotor_servo_motor_driver/comms.hpp:117:13:[m[K [01;31m[Kerror: [m[Kreturn-statement with no value, in function returning ‘[01m[Kstd::string[m[K’ {aka ‘[01m[Kstd::__cxx11::basic_string<char>[m[K’} [[01;31m[K-fpermissive[m[K]
[3.055s]   117 |             [01;31m[Kreturn[m[K;
[3.055s]       |             [01;31m[K^~~~~~[m[K
[3.056s] In file included from [01m[K/home/corey/uumotor-servo-motor-driver-ros2/src/uumotor_servo_motor_driver/src/test_node.cpp:10[m[K:
[3.056s] [01m[K/home/corey/uumotor-servo-motor-driver-ros2/src/uumotor_servo_motor_driver/include/uumotor_servo_motor_driver/motor_controller.hpp:[m[K In member function ‘[01m[Kbool MotorController::motor_running(int)[m[K’:
[3.056s] [01m[K/home/corey/uumotor-servo-motor-driver-ros2/src/uumotor_servo_motor_driver/include/uumotor_servo_motor_driver/motor_controller.hpp:72:43:[m[K [01;31m[Kerror: [m[Kno match for ‘[01m[Koperator=[m[K’ (operand types are ‘[01m[Kstd::vector<unsigned char, std::allocator<unsigned char> >[m[K’ and ‘[01m[Kstd::string[m[K’ {aka ‘[01m[Kstd::__cxx11::basic_string<char>[m[K’})
[3.056s]    72 |             msg = serial_.send_command(cmd[01;31m[K)[m[K;
[3.056s]       |                                           [01;31m[K^[m[K
[3.056s] In file included from [01m[K/usr/include/c++/9/vector:72[m[K,
[3.056s]                  from [01m[K/usr/include/c++/9/functional:62[m[K,
[3.056s]                  from [01m[K/home/corey/uumotor-servo-motor-driver-ros2/src/uumotor_servo_motor_driver/src/test_node.cpp:3[m[K:
[3.056s] [01m[K/usr/include/c++/9/bits/vector.tcc:198:5:[m[K [01;36m[Knote: [m[Kcandidate: ‘[01m[Kstd::vector<_Tp, _Alloc>& std::vector<_Tp, _Alloc>::operator=(const std::vector<_Tp, _Alloc>&) [with _Tp = unsigned char; _Alloc = std::allocator<unsigned char>][m[K’
[3.056s]   198 |     [01;36m[Kvector<_Tp, _Alloc>[m[K::
[3.056s]       |     [01;36m[K^~~~~~~~~~~~~~~~~~~[m[K
[3.056s] [01m[K/usr/include/c++/9/bits/vector.tcc:199:42:[m[K [01;36m[Knote: [m[K  no known conversion for argument 1 from ‘[01m[Kstd::string[m[K’ {aka ‘[01m[Kstd::__cxx11::basic_string<char>[m[K’} to ‘[01m[Kconst std::vector<unsigned char, std::allocator<unsigned char> >&[m[K’
[3.057s]   199 |     operator=([01;36m[Kconst vector<_Tp, _Alloc>& __x[m[K)
[3.057s]       |               [01;36m[K~~~~~~~~~~~~~~~~~~~~~~~~~~~^~~[m[K
[3.057s] In file included from [01m[K/usr/include/c++/9/vector:67[m[K,
[3.057s]                  from [01m[K/usr/include/c++/9/functional:62[m[K,
[3.057s]                  from [01m[K/home/corey/uumotor-servo-motor-driver-ros2/src/uumotor_servo_motor_driver/src/test_node.cpp:3[m[K:
[3.057s] [01m[K/usr/include/c++/9/bits/stl_vector.h:706:7:[m[K [01;36m[Knote: [m[Kcandidate: ‘[01m[Kstd::vector<_Tp, _Alloc>& std::vector<_Tp, _Alloc>::operator=(std::vector<_Tp, _Alloc>&&) [with _Tp = unsigned char; _Alloc = std::allocator<unsigned char>][m[K’
[3.057s]   706 |       [01;36m[Koperator[m[K=(vector&& __x) noexcept(_Alloc_traits::_S_nothrow_move())
[3.057s]       |       [01;36m[K^~~~~~~~[m[K
[3.057s] [01m[K/usr/include/c++/9/bits/stl_vector.h:706:26:[m[K [01;36m[Knote: [m[K  no known conversion for argument 1 from ‘[01m[Kstd::string[m[K’ {aka ‘[01m[Kstd::__cxx11::basic_string<char>[m[K’} to ‘[01m[Kstd::vector<unsigned char, std::allocator<unsigned char> >&&[m[K’
[3.057s]   706 |       operator=([01;36m[Kvector&& __x[m[K) noexcept(_Alloc_traits::_S_nothrow_move())
[3.057s]       |                 [01;36m[K~~~~~~~~~^~~[m[K
[3.057s] [01m[K/usr/include/c++/9/bits/stl_vector.h:727:7:[m[K [01;36m[Knote: [m[Kcandidate: ‘[01m[Kstd::vector<_Tp, _Alloc>& std::vector<_Tp, _Alloc>::operator=(std::initializer_list<_Tp>) [with _Tp = unsigned char; _Alloc = std::allocator<unsigned char>][m[K’
[3.057s]   727 |       [01;36m[Koperator[m[K=(initializer_list<value_type> __l)
[3.057s]       |       [01;36m[K^~~~~~~~[m[K
[3.057s] [01m[K/usr/include/c++/9/bits/stl_vector.h:727:46:[m[K [01;36m[Knote: [m[K  no known conversion for argument 1 from ‘[01m[Kstd::string[m[K’ {aka ‘[01m[Kstd::__cxx11::basic_string<char>[m[K’} to ‘[01m[Kstd::initializer_list<unsigned char>[m[K’
[3.057s]   727 |       operator=([01;36m[Kinitializer_list<value_type> __l[m[K)
[3.057s]       |                 [01;36m[K~~~~~~~~~~~~~~~~~~~~~~~~~~~~~^~~[m[K
[3.057s] In file included from [01m[K/home/corey/uumotor-servo-motor-driver-ros2/src/uumotor_servo_motor_driver/src/test_node.cpp:10[m[K:
[3.057s] [01m[K/home/corey/uumotor-servo-motor-driver-ros2/src/uumotor_servo_motor_driver/include/uumotor_servo_motor_driver/motor_controller.hpp:73:44:[m[K [01;31m[Kerror: [m[Kcannot convert ‘[01m[Kstd::vector<unsigned char, std::allocator<unsigned char> >[m[K’ to ‘[01m[Kuint8_t*[m[K’ {aka ‘[01m[Kunsigned char*[m[K’}
[3.057s]    73 |             int check = fun_.check_message([01;31m[Kmsg[m[K);
[3.057s]       |                                            [01;31m[K^~~[m[K
[3.057s]       |                                            [01;31m[K|[m[K
[3.058s]       |                                            [01;31m[Kstd::vector<unsigned char, std::allocator<unsigned char> >[m[K
[3.058s] In file included from [01m[K/home/corey/uumotor-servo-motor-driver-ros2/src/uumotor_servo_motor_driver/include/uumotor_servo_motor_driver/commands.h:6[m[K,
[3.058s]                  from [01m[K/home/corey/uumotor-servo-motor-driver-ros2/src/uumotor_servo_motor_driver/include/uumotor_servo_motor_driver/comms.hpp:7[m[K,
[3.058s]                  from [01m[K/home/corey/uumotor-servo-motor-driver-ros2/src/uumotor_servo_motor_driver/include/uumotor_servo_motor_driver/motor_controller.hpp:8[m[K,
[3.058s]                  from [01m[K/home/corey/uumotor-servo-motor-driver-ros2/src/uumotor_servo_motor_driver/src/test_node.cpp:10[m[K:
[3.058s] [01m[K/home/corey/uumotor-servo-motor-driver-ros2/src/uumotor_servo_motor_driver/include/uumotor_servo_motor_driver/functions.h:20:33:[m[K [01;36m[Knote: [m[K  initializing argument 1 of ‘[01m[Kbool Functions::check_message(uint8_t*)[m[K’
[3.058s]    20 |     bool check_message([01;36m[Kuint8_t *msg[m[K);
[3.058s]       |                        [01;36m[K~~~~~~~~~^~~[m[K
[3.058s] In file included from [01m[K/home/corey/uumotor-servo-motor-driver-ros2/src/uumotor_servo_motor_driver/src/test_node.cpp:10[m[K:
[3.058s] [01m[K/home/corey/uumotor-servo-motor-driver-ros2/src/uumotor_servo_motor_driver/include/uumotor_servo_motor_driver/motor_controller.hpp:77:52:[m[K [01;31m[Kerror: [m[Kcannot convert ‘[01m[Kstd::vector<unsigned char, std::allocator<unsigned char> >[m[K’ to ‘[01m[Kuint8_t*[m[K’ {aka ‘[01m[Kunsigned char*[m[K’}
[3.058s]    77 |                 int running = fun_.message_decoder([01;31m[Kmsg[m[K, 16, true);
[3.058s]       |                                                    [01;31m[K^~~[m[K
[3.058s]       |                                                    [01;31m[K|[m[K
[3.058s]       |                                                    [01;31m[Kstd::vector<unsigned char, std::allocator<unsigned char> >[m[K
[3.058s] In file included from [01m[K/home/corey/uumotor-servo-motor-driver-ros2/src/uumotor_servo_motor_driver/include/uumotor_servo_motor_driver/commands.h:6[m[K,
[3.058s]                  from [01m[K/home/corey/uumotor-servo-motor-driver-ros2/src/uumotor_servo_motor_driver/include/uumotor_servo_motor_driver/comms.hpp:7[m[K,
[3.058s]                  from [01m[K/home/corey/uumotor-servo-motor-driver-ros2/src/uumotor_servo_motor_driver/include/uumotor_servo_motor_driver/motor_controller.hpp:8[m[K,
[3.058s]                  from [01m[K/home/corey/uumotor-servo-motor-driver-ros2/src/uumotor_servo_motor_driver/src/test_node.cpp:10[m[K:
[3.058s] [01m[K/home/corey/uumotor-servo-motor-driver-ros2/src/uumotor_servo_motor_driver/include/uumotor_servo_motor_driver/functions.h:26:34:[m[K [01;36m[Knote: [m[K  initializing argument 1 of ‘[01m[Kint Functions::message_decoder(uint8_t*, int, bool)[m[K’
[3.058s]    26 |     int message_decoder([01;36m[Kuint8_t *msg[m[K, int bit, bool unsign);
[3.058s]       |                         [01;36m[K~~~~~~~~~^~~[m[K
[3.528s] make[2]: *** [CMakeFiles/driver.dir/build.make:76: CMakeFiles/driver.dir/src/test_node.cpp.o] Error 1
[3.528s] make[2]: *** Waiting for unfinished jobs....
[3.691s] make[1]: *** [CMakeFiles/Makefile2:170: CMakeFiles/driver.dir/all] Error 2
[3.691s] make: *** [Makefile:146: all] Error 2
[3.695s] Invoked command in '/home/corey/uumotor-servo-motor-driver-ros2/build/uumotor_servo_motor_driver' returned '2': CMAKE_PREFIX_PATH=/opt/ros/galactic /home/corey/.local/bin/cmake --build /home/corey/uumotor-servo-motor-driver-ros2/build/uumotor_servo_motor_driver -- -j16 -l16
