[0.014s] Invoking command in '/home/corey/uumotor-servo-motor-driver-ros2/build/uumotor_servo_motor_driver': CMAKE_PREFIX_PATH=${CMAKE_PREFIX_PATH}:/opt/ros/galactic /home/corey/.local/bin/cmake --build /home/corey/uumotor-servo-motor-driver-ros2/build/uumotor_servo_motor_driver -- -j16 -l16
[0.050s] [  9%] [32mBuilding CXX object CMakeFiles/fun.dir/src/functions.cpp.o[0m
[0.054s] [ 27%] Built target cmd
[0.055s] [ 36%] [32mBuilding CXX object CMakeFiles/uumotor_servo_motor_driver.dir/src/functions.cpp.o[0m
[0.231s] [01m[K/home/corey/uumotor-servo-motor-driver-ros2/src/uumotor_servo_motor_driver/src/functions.cpp:[m[K In member function ‘[01m[Kint Functions::check_message(int*)[m[K’:
[0.231s] [01m[K/home/corey/uumotor-servo-motor-driver-ros2/src/uumotor_servo_motor_driver/src/functions.cpp:114:19:[m[K [01;31m[Kerror: [m[K‘[01m[Kbegin[m[K’ was not declared in this scope; did you mean ‘[01m[Kstd::begin[m[K’?
[0.231s]   114 |     for (auto d : [01;31m[Kmsg[m[K)
[0.231s]       |                   [01;31m[K^~~[m[K
[0.231s]       |                   [32m[Kstd::begin[m[K
[0.231s] In file included from [01m[K/usr/include/c++/9/string:54[m[K,
[0.231s]                  from [01m[K/home/corey/uumotor-servo-motor-driver-ros2/src/uumotor_servo_motor_driver/include/uumotor_servo_motor_driver/functions.h:4[m[K,
[0.232s]                  from [01m[K/home/corey/uumotor-servo-motor-driver-ros2/src/uumotor_servo_motor_driver/src/functions.cpp:1[m[K:
[0.232s] [01m[K/usr/include/c++/9/bits/range_access.h:105:37:[m[K [01;36m[Knote: [m[K‘[01m[Kstd::begin[m[K’ declared here
[0.232s]   105 |   template<typename _Tp> const _Tp* [01;36m[Kbegin[m[K(const valarray<_Tp>&);
[0.232s]       |                                     [01;36m[K^~~~~[m[K
[0.232s] [01m[K/home/corey/uumotor-servo-motor-driver-ros2/src/uumotor_servo_motor_driver/src/functions.cpp:114:19:[m[K [01;31m[Kerror: [m[K‘[01m[Kend[m[K’ was not declared in this scope; did you mean ‘[01m[Kstd::end[m[K’?
[0.232s]   114 |     for (auto d : [01;31m[Kmsg[m[K)
[0.232s]       |                   [01;31m[K^~~[m[K
[0.232s]       |                   [32m[Kstd::end[m[K
[0.232s] In file included from [01m[K/usr/include/c++/9/string:54[m[K,
[0.232s]                  from [01m[K/home/corey/uumotor-servo-motor-driver-ros2/src/uumotor_servo_motor_driver/include/uumotor_servo_motor_driver/functions.h:4[m[K,
[0.232s]                  from [01m[K/home/corey/uumotor-servo-motor-driver-ros2/src/uumotor_servo_motor_driver/src/functions.cpp:1[m[K:
[0.232s] [01m[K/usr/include/c++/9/bits/range_access.h:107:37:[m[K [01;36m[Knote: [m[K‘[01m[Kstd::end[m[K’ declared here
[0.232s]   107 |   template<typename _Tp> const _Tp* [01;36m[Kend[m[K(const valarray<_Tp>&);
[0.232s]       |                                     [01;36m[K^~~[m[K
[0.232s] [01m[K/home/corey/uumotor-servo-motor-driver-ros2/src/uumotor_servo_motor_driver/src/functions.cpp:[m[K At global scope:
[0.232s] [01m[K/home/corey/uumotor-servo-motor-driver-ros2/src/uumotor_servo_motor_driver/src/functions.cpp:130:5:[m[K [01;31m[Kerror: [m[Kno declaration matches ‘[01m[Kint Functions::message_decoder(int*, int, bool)[m[K’
[0.232s]   130 | int [01;31m[KFunctions[m[K::message_decoder(int *msg, int bit, bool unsign)
[0.232s]       |     [01;31m[K^~~~~~~~~[m[K
[0.232s] In file included from [01m[K/home/corey/uumotor-servo-motor-driver-ros2/src/uumotor_servo_motor_driver/src/functions.cpp:1[m[K:
[0.232s] [01m[K/home/corey/uumotor-servo-motor-driver-ros2/src/uumotor_servo_motor_driver/include/uumotor_servo_motor_driver/functions.h:26:9:[m[K [01;36m[Knote: [m[Kcandidate is: ‘[01m[Kint Functions::message_decoder(uint8_t*, int, bool)[m[K’
[0.232s]    26 |     int [01;36m[Kmessage_decoder[m[K(uint8_t *msg, int bit, bool unsign);
[0.233s]       |         [01;36m[K^~~~~~~~~~~~~~~[m[K
[0.233s] [01m[K/home/corey/uumotor-servo-motor-driver-ros2/src/uumotor_servo_motor_driver/include/uumotor_servo_motor_driver/functions.h:9:7:[m[K [01;36m[Knote: [m[K‘[01m[Kclass Functions[m[K’ defined here
[0.233s]     9 | class [01;36m[KFunctions[m[K
[0.233s]       |       [01;36m[K^~~~~~~~~[m[K
[0.258s] make[2]: *** [CMakeFiles/fun.dir/build.make:76: CMakeFiles/fun.dir/src/functions.cpp.o] Error 1
[0.258s] make[1]: *** [CMakeFiles/Makefile2:196: CMakeFiles/fun.dir/all] Error 2
[0.258s] make[1]: *** Waiting for unfinished jobs....
[0.271s] [01m[K/home/corey/uumotor-servo-motor-driver-ros2/src/uumotor_servo_motor_driver/src/functions.cpp:[m[K In member function ‘[01m[Kint Functions::check_message(int*)[m[K’:
[0.271s] [01m[K/home/corey/uumotor-servo-motor-driver-ros2/src/uumotor_servo_motor_driver/src/functions.cpp:114:19:[m[K [01;31m[Kerror: [m[K‘[01m[Kbegin[m[K’ was not declared in this scope; did you mean ‘[01m[Kstd::begin[m[K’?
[0.271s]   114 |     for (auto d : [01;31m[Kmsg[m[K)
[0.271s]       |                   [01;31m[K^~~[m[K
[0.272s]       |                   [32m[Kstd::begin[m[K
[0.272s] In file included from [01m[K/usr/include/c++/9/string:54[m[K,
[0.272s]                  from [01m[K/home/corey/uumotor-servo-motor-driver-ros2/src/uumotor_servo_motor_driver/include/uumotor_servo_motor_driver/functions.h:4[m[K,
[0.272s]                  from [01m[K/home/corey/uumotor-servo-motor-driver-ros2/src/uumotor_servo_motor_driver/src/functions.cpp:1[m[K:
[0.272s] [01m[K/usr/include/c++/9/bits/range_access.h:105:37:[m[K [01;36m[Knote: [m[K‘[01m[Kstd::begin[m[K’ declared here
[0.272s]   105 |   template<typename _Tp> const _Tp* [01;36m[Kbegin[m[K(const valarray<_Tp>&);
[0.272s]       |                                     [01;36m[K^~~~~[m[K
[0.272s] [01m[K/home/corey/uumotor-servo-motor-driver-ros2/src/uumotor_servo_motor_driver/src/functions.cpp:114:19:[m[K [01;31m[Kerror: [m[K‘[01m[Kend[m[K’ was not declared in this scope; did you mean ‘[01m[Kstd::end[m[K’?
[0.272s]   114 |     for (auto d : [01;31m[Kmsg[m[K)
[0.272s]       |                   [01;31m[K^~~[m[K
[0.272s]       |                   [32m[Kstd::end[m[K
[0.272s] In file included from [01m[K/usr/include/c++/9/string:54[m[K,
[0.272s]                  from [01m[K/home/corey/uumotor-servo-motor-driver-ros2/src/uumotor_servo_motor_driver/include/uumotor_servo_motor_driver/functions.h:4[m[K,
[0.272s]                  from [01m[K/home/corey/uumotor-servo-motor-driver-ros2/src/uumotor_servo_motor_driver/src/functions.cpp:1[m[K:
[0.272s] [01m[K/usr/include/c++/9/bits/range_access.h:107:37:[m[K [01;36m[Knote: [m[K‘[01m[Kstd::end[m[K’ declared here
[0.272s]   107 |   template<typename _Tp> const _Tp* [01;36m[Kend[m[K(const valarray<_Tp>&);
[0.272s]       |                                     [01;36m[K^~~[m[K
[0.272s] [01m[K/home/corey/uumotor-servo-motor-driver-ros2/src/uumotor_servo_motor_driver/src/functions.cpp:[m[K At global scope:
[0.272s] [01m[K/home/corey/uumotor-servo-motor-driver-ros2/src/uumotor_servo_motor_driver/src/functions.cpp:130:5:[m[K [01;31m[Kerror: [m[Kno declaration matches ‘[01m[Kint Functions::message_decoder(int*, int, bool)[m[K’
[0.272s]   130 | int [01;31m[KFunctions[m[K::message_decoder(int *msg, int bit, bool unsign)
[0.272s]       |     [01;31m[K^~~~~~~~~[m[K
[0.273s] In file included from [01m[K/home/corey/uumotor-servo-motor-driver-ros2/src/uumotor_servo_motor_driver/src/functions.cpp:1[m[K:
[0.273s] [01m[K/home/corey/uumotor-servo-motor-driver-ros2/src/uumotor_servo_motor_driver/include/uumotor_servo_motor_driver/functions.h:26:9:[m[K [01;36m[Knote: [m[Kcandidate is: ‘[01m[Kint Functions::message_decoder(uint8_t*, int, bool)[m[K’
[0.273s]    26 |     int [01;36m[Kmessage_decoder[m[K(uint8_t *msg, int bit, bool unsign);
[0.273s]       |         [01;36m[K^~~~~~~~~~~~~~~[m[K
[0.273s] [01m[K/home/corey/uumotor-servo-motor-driver-ros2/src/uumotor_servo_motor_driver/include/uumotor_servo_motor_driver/functions.h:9:7:[m[K [01;36m[Knote: [m[K‘[01m[Kclass Functions[m[K’ defined here
[0.273s]     9 | class [01;36m[KFunctions[m[K
[0.273s]       |       [01;36m[K^~~~~~~~~[m[K
[0.301s] make[2]: *** [CMakeFiles/uumotor_servo_motor_driver.dir/build.make:90: CMakeFiles/uumotor_servo_motor_driver.dir/src/functions.cpp.o] Error 1
[0.301s] make[1]: *** [CMakeFiles/Makefile2:143: CMakeFiles/uumotor_servo_motor_driver.dir/all] Error 2
[0.302s] make: *** [Makefile:146: all] Error 2
[0.306s] Invoked command in '/home/corey/uumotor-servo-motor-driver-ros2/build/uumotor_servo_motor_driver' returned '2': CMAKE_PREFIX_PATH=${CMAKE_PREFIX_PATH}:/opt/ros/galactic /home/corey/.local/bin/cmake --build /home/corey/uumotor-servo-motor-driver-ros2/build/uumotor_servo_motor_driver -- -j16 -l16
