[ 25%] Built target fun
[ 37%] [32mBuilding CXX object CMakeFiles/uumotor_servo_motor_driver.dir/src/commands.cpp.o[0m
[ 50%] [32mBuilding CXX object CMakeFiles/driver.dir/src/test_node.cpp.o[0m
[01m[K/home/corey/uumotor-servo-motor-driver-ros2/src/uumotor_servo_motor_driver/src/commands.cpp:[m[K In member function ‘[01m[Kvoid Commands::set_control_mode(uint8_t*, int, std::string)[m[K’:
[01m[K/home/corey/uumotor-servo-motor-driver-ros2/src/uumotor_servo_motor_driver/src/commands.cpp:41:18:[m[K [01;31m[Kerror: [m[Kjump to case label
   41 |             case [01;31m[K2[m[K:
      |                  [01;31m[K^[m[K
[01m[K/home/corey/uumotor-servo-motor-driver-ros2/src/uumotor_servo_motor_driver/src/commands.cpp:36:25:[m[K [01;36m[Knote: [m[K  crosses initialization of ‘[01m[Kuint8_t cmd [8][m[K’
   36 |                 uint8_t [01;36m[Kcmd[m[K[8] = {0xEE, 0x06, 0x51, 0x00, 0x00, 0x00, 0xFF, 0xFF};
      |                         [01;36m[K^~~[m[K
[01m[K/home/corey/uumotor-servo-motor-driver-ros2/src/uumotor_servo_motor_driver/src/commands.cpp:42:25:[m[K [01;31m[Kerror: [m[Kredeclaration of ‘[01m[Kuint8_t cmd [8][m[K’
   42 |                 uint8_t [01;31m[Kcmd[m[K[8] = {0xEE, 0x06, 0x51, 0x01, 0x00, 0x00, 0xFF, 0xFF};
      |                         [01;31m[K^~~[m[K
[01m[K/home/corey/uumotor-servo-motor-driver-ros2/src/uumotor_servo_motor_driver/src/commands.cpp:36:25:[m[K [01;36m[Knote: [m[K‘[01m[Kuint8_t cmd [8][m[K’ previously declared here
   36 |                 uint8_t [01;36m[Kcmd[m[K[8] = {0xEE, 0x06, 0x51, 0x00, 0x00, 0x00, 0xFF, 0xFF};
      |                         [01;36m[K^~~[m[K
[01m[K/home/corey/uumotor-servo-motor-driver-ros2/src/uumotor_servo_motor_driver/src/commands.cpp:47:13:[m[K [01;31m[Kerror: [m[Kjump to case label
   47 |             [01;31m[Kdefault[m[K:
      |             [01;31m[K^~~~~~~[m[K
[01m[K/home/corey/uumotor-servo-motor-driver-ros2/src/uumotor_servo_motor_driver/src/commands.cpp:36:25:[m[K [01;36m[Knote: [m[K  crosses initialization of ‘[01m[Kuint8_t cmd [8][m[K’
   36 |                 uint8_t [01;36m[Kcmd[m[K[8] = {0xEE, 0x06, 0x51, 0x00, 0x00, 0x00, 0xFF, 0xFF};
      |                         [01;36m[K^~~[m[K
[01m[K/home/corey/uumotor-servo-motor-driver-ros2/src/uumotor_servo_motor_driver/src/commands.cpp:61:18:[m[K [01;31m[Kerror: [m[Kjump to case label
   61 |             case [01;31m[K2[m[K:
      |                  [01;31m[K^[m[K
[01m[K/home/corey/uumotor-servo-motor-driver-ros2/src/uumotor_servo_motor_driver/src/commands.cpp:56:25:[m[K [01;36m[Knote: [m[K  crosses initialization of ‘[01m[Kuint8_t cmd [8][m[K’
   56 |                 uint8_t [01;36m[Kcmd[m[K[8] = {0xEE, 0x06, 0x51, 0x00, 0x00, 0x01, 0xFF, 0xFF};
      |                         [01;36m[K^~~[m[K
[01m[K/home/corey/uumotor-servo-motor-driver-ros2/src/uumotor_servo_motor_driver/src/commands.cpp:62:25:[m[K [01;31m[Kerror: [m[Kredeclaration of ‘[01m[Kuint8_t cmd [8][m[K’
   62 |                 uint8_t [01;31m[Kcmd[m[K[8] = {0xEE, 0x06, 0x51, 0x01, 0x00, 0x01, 0xFF, 0xFF};
      |                         [01;31m[K^~~[m[K
[01m[K/home/corey/uumotor-servo-motor-driver-ros2/src/uumotor_servo_motor_driver/src/commands.cpp:56:25:[m[K [01;36m[Knote: [m[K‘[01m[Kuint8_t cmd [8][m[K’ previously declared here
   56 |                 uint8_t [01;36m[Kcmd[m[K[8] = {0xEE, 0x06, 0x51, 0x00, 0x00, 0x01, 0xFF, 0xFF};
      |                         [01;36m[K^~~[m[K
[01m[K/home/corey/uumotor-servo-motor-driver-ros2/src/uumotor_servo_motor_driver/src/commands.cpp:67:13:[m[K [01;31m[Kerror: [m[Kjump to case label
   67 |             [01;31m[Kdefault[m[K:
      |             [01;31m[K^~~~~~~[m[K
[01m[K/home/corey/uumotor-servo-motor-driver-ros2/src/uumotor_servo_motor_driver/src/commands.cpp:56:25:[m[K [01;36m[Knote: [m[K  crosses initialization of ‘[01m[Kuint8_t cmd [8][m[K’
   56 |                 uint8_t [01;36m[Kcmd[m[K[8] = {0xEE, 0x06, 0x51, 0x00, 0x00, 0x01, 0xFF, 0xFF};
      |                         [01;36m[K^~~[m[K
[01m[K/home/corey/uumotor-servo-motor-driver-ros2/src/uumotor_servo_motor_driver/src/commands.cpp:81:18:[m[K [01;31m[Kerror: [m[Kjump to case label
   81 |             case [01;31m[K2[m[K:
      |                  [01;31m[K^[m[K
[01m[K/home/corey/uumotor-servo-motor-driver-ros2/src/uumotor_servo_motor_driver/src/commands.cpp:76:25:[m[K [01;36m[Knote: [m[K  crosses initialization of ‘[01m[Kuint8_t cmd [8][m[K’
   76 |                 uint8_t [01;36m[Kcmd[m[K[8] = {0xEE, 0x06, 0x51, 0x00, 0x00, 0x02, 0xFF, 0xFF};
      |                         [01;36m[K^~~[m[K
[01m[K/home/corey/uumotor-servo-motor-driver-ros2/src/uumotor_servo_motor_driver/src/commands.cpp:82:25:[m[K [01;31m[Kerror: [m[Kredeclaration of ‘[01m[Kuint8_t cmd [8][m[K’
   82 |                 uint8_t [01;31m[Kcmd[m[K[8] = {0xEE, 0x06, 0x51, 0x01, 0x00, 0x02, 0xFF, 0xFF};
      |                         [01;31m[K^~~[m[K
[01m[K/home/corey/uumotor-servo-motor-driver-ros2/src/uumotor_servo_motor_driver/src/commands.cpp:76:25:[m[K [01;36m[Knote: [m[K‘[01m[Kuint8_t cmd [8][m[K’ previously declared here
   76 |                 uint8_t [01;36m[Kcmd[m[K[8] = {0xEE, 0x06, 0x51, 0x00, 0x00, 0x02, 0xFF, 0xFF};
      |                         [01;36m[K^~~[m[K
[01m[K/home/corey/uumotor-servo-motor-driver-ros2/src/uumotor_servo_motor_driver/src/commands.cpp:87:13:[m[K [01;31m[Kerror: [m[Kjump to case label
   87 |             [01;31m[Kdefault[m[K:
      |             [01;31m[K^~~~~~~[m[K
[01m[K/home/corey/uumotor-servo-motor-driver-ros2/src/uumotor_servo_motor_driver/src/commands.cpp:76:25:[m[K [01;36m[Knote: [m[K  crosses initialization of ‘[01m[Kuint8_t cmd [8][m[K’
   76 |                 uint8_t [01;36m[Kcmd[m[K[8] = {0xEE, 0x06, 0x51, 0x00, 0x00, 0x02, 0xFF, 0xFF};
      |                         [01;36m[K^~~[m[K
[01m[K/home/corey/uumotor-servo-motor-driver-ros2/src/uumotor_servo_motor_driver/src/commands.cpp:102:18:[m[K [01;31m[Kerror: [m[Kjump to case label
  102 |             case [01;31m[K2[m[K:
      |                  [01;31m[K^[m[K
[01m[K/home/corey/uumotor-servo-motor-driver-ros2/src/uumotor_servo_motor_driver/src/commands.cpp:97:25:[m[K [01;36m[Knote: [m[K  crosses initialization of ‘[01m[Kuint8_t cmd [8][m[K’
   97 |                 uint8_t [01;36m[Kcmd[m[K[8] = {0xEE, 0x06, 0x51, 0x00, 0x00, 0x03, 0xFF, 0xFF};
      |                         [01;36m[K^~~[m[K
[01m[K/home/corey/uumotor-servo-motor-driver-ros2/src/uumotor_servo_motor_driver/src/commands.cpp:103:25:[m[K [01;31m[Kerror: [m[Kredeclaration of ‘[01m[Kuint8_t cmd [8][m[K’
  103 |                 uint8_t [01;31m[Kcmd[m[K[8] = {0xEE, 0x06, 0x51, 0x01, 0x00, 0x03, 0xFF, 0xFF};
      |                         [01;31m[K^~~[m[K
[01m[K/home/corey/uumotor-servo-motor-driver-ros2/src/uumotor_servo_motor_driver/src/commands.cpp:97:25:[m[K [01;36m[Knote: [m[K‘[01m[Kuint8_t cmd [8][m[K’ previously declared here
   97 |                 uint8_t [01;36m[Kcmd[m[K[8] = {0xEE, 0x06, 0x51, 0x00, 0x00, 0x03, 0xFF, 0xFF};
      |                         [01;36m[K^~~[m[K
[01m[K/home/corey/uumotor-servo-motor-driver-ros2/src/uumotor_servo_motor_driver/src/commands.cpp:108:13:[m[K [01;31m[Kerror: [m[Kjump to case label
  108 |             [01;31m[Kdefault[m[K:
      |             [01;31m[K^~~~~~~[m[K
[01m[K/home/corey/uumotor-servo-motor-driver-ros2/src/uumotor_servo_motor_driver/src/commands.cpp:97:25:[m[K [01;36m[Knote: [m[K  crosses initialization of ‘[01m[Kuint8_t cmd [8][m[K’
   97 |                 uint8_t [01;36m[Kcmd[m[K[8] = {0xEE, 0x06, 0x51, 0x00, 0x00, 0x03, 0xFF, 0xFF};
      |                         [01;36m[K^~~[m[K
[01m[K/home/corey/uumotor-servo-motor-driver-ros2/src/uumotor_servo_motor_driver/src/commands.cpp:123:18:[m[K [01;31m[Kerror: [m[Kjump to case label
  123 |             case [01;31m[K2[m[K:
      |                  [01;31m[K^[m[K
[01m[K/home/corey/uumotor-servo-motor-driver-ros2/src/uumotor_servo_motor_driver/src/commands.cpp:118:25:[m[K [01;36m[Knote: [m[K  crosses initialization of ‘[01m[Kuint8_t cmd [8][m[K’
  118 |                 uint8_t [01;36m[Kcmd[m[K[8] = {0xEE, 0x06, 0x51, 0x00, 0x00, 0x04, 0xFF, 0xFF};
      |                         [01;36m[K^~~[m[K
[01m[K/home/corey/uumotor-servo-motor-driver-ros2/src/uumotor_servo_motor_driver/src/commands.cpp:124:25:[m[K [01;31m[Kerror: [m[Kredeclaration of ‘[01m[Kuint8_t cmd [8][m[K’
  124 |                 uint8_t [01;31m[Kcmd[m[K[8] = {0xEE, 0x06, 0x51, 0x01, 0x00, 0x04, 0xFF, 0xFF};
      |                         [01;31m[K^~~[m[K
[01m[K/home/corey/uumotor-servo-motor-driver-ros2/src/uumotor_servo_motor_driver/src/commands.cpp:118:25:[m[K [01;36m[Knote: [m[K‘[01m[Kuint8_t cmd [8][m[K’ previously declared here
  118 |                 uint8_t [01;36m[Kcmd[m[K[8] = {0xEE, 0x06, 0x51, 0x00, 0x00, 0x04, 0xFF, 0xFF};
      |                         [01;36m[K^~~[m[K
[01m[K/home/corey/uumotor-servo-motor-driver-ros2/src/uumotor_servo_motor_driver/src/commands.cpp:129:13:[m[K [01;31m[Kerror: [m[Kjump to case label
  129 |             [01;31m[Kdefault[m[K:
      |             [01;31m[K^~~~~~~[m[K
[01m[K/home/corey/uumotor-servo-motor-driver-ros2/src/uumotor_servo_motor_driver/src/commands.cpp:118:25:[m[K [01;36m[Knote: [m[K  crosses initialization of ‘[01m[Kuint8_t cmd [8][m[K’
  118 |                 uint8_t [01;36m[Kcmd[m[K[8] = {0xEE, 0x06, 0x51, 0x00, 0x00, 0x04, 0xFF, 0xFF};
      |                         [01;36m[K^~~[m[K
[01m[K/home/corey/uumotor-servo-motor-driver-ros2/src/uumotor_servo_motor_driver/src/commands.cpp:143:18:[m[K [01;31m[Kerror: [m[Kjump to case label
  143 |             case [01;31m[K2[m[K:
      |                  [01;31m[K^[m[K
[01m[K/home/corey/uumotor-servo-motor-driver-ros2/src/uumotor_servo_motor_driver/src/commands.cpp:138:25:[m[K [01;36m[Knote: [m[K  crosses initialization of ‘[01m[Kuint8_t cmd [8][m[K’
  138 |                 uint8_t [01;36m[Kcmd[m[K[8] = {0xEE, 0x06, 0x51, 0x00, 0x00, 0x05, 0xFF, 0xFF};
      |                         [01;36m[K^~~[m[K
[01m[K/home/corey/uumotor-servo-motor-driver-ros2/src/uumotor_servo_motor_driver/src/commands.cpp:144:25:[m[K [01;31m[Kerror: [m[Kredeclaration of ‘[01m[Kuint8_t cmd [8][m[K’
  144 |                 uint8_t [01;31m[Kcmd[m[K[8] = {0xEE, 0x06, 0x51, 0x01, 0x00, 0x05, 0xFF, 0xFF};
      |                         [01;31m[K^~~[m[K
[01m[K/home/corey/uumotor-servo-motor-driver-ros2/src/uumotor_servo_motor_driver/src/commands.cpp:138:25:[m[K [01;36m[Knote: [m[K‘[01m[Kuint8_t cmd [8][m[K’ previously declared here
  138 |                 uint8_t [01;36m[Kcmd[m[K[8] = {0xEE, 0x06, 0x51, 0x00, 0x00, 0x05, 0xFF, 0xFF};
      |                         [01;36m[K^~~[m[K
[01m[K/home/corey/uumotor-servo-motor-driver-ros2/src/uumotor_servo_motor_driver/src/commands.cpp:149:13:[m[K [01;31m[Kerror: [m[Kjump to case label
  149 |             [01;31m[Kdefault[m[K:
      |             [01;31m[K^~~~~~~[m[K
[01m[K/home/corey/uumotor-servo-motor-driver-ros2/src/uumotor_servo_motor_driver/src/commands.cpp:138:25:[m[K [01;36m[Knote: [m[K  crosses initialization of ‘[01m[Kuint8_t cmd [8][m[K’
  138 |                 uint8_t [01;36m[Kcmd[m[K[8] = {0xEE, 0x06, 0x51, 0x00, 0x00, 0x05, 0xFF, 0xFF};
      |                         [01;36m[K^~~[m[K
make[2]: *** [CMakeFiles/uumotor_servo_motor_driver.dir/build.make:76: CMakeFiles/uumotor_servo_motor_driver.dir/src/commands.cpp.o] Error 1
make[1]: *** [CMakeFiles/Makefile2:141: CMakeFiles/uumotor_servo_motor_driver.dir/all] Error 2
make[1]: *** Waiting for unfinished jobs....
[ 62%] [32m[1mLinking CXX executable driver[0m
/usr/bin/ld: CMakeFiles/driver.dir/src/test_node.cpp.o: in function `main':
test_node.cpp:(.text+0x18e): undefined reference to `Commands::set_control_mode(unsigned char*, int, std::__cxx11::basic_string<char, std::char_traits<char>, std::allocator<char> >)'
collect2: error: ld returned 1 exit status
make[2]: *** [CMakeFiles/driver.dir/build.make:162: driver] Error 1
make[1]: *** [CMakeFiles/Makefile2:167: CMakeFiles/driver.dir/all] Error 2
make: *** [Makefile:146: all] Error 2
