[0.012s] Invoking command in '/home/corey/uumotor-servo-motor-driver-ros2/build/uumotor_servo_motor_driver': CMAKE_PREFIX_PATH=${CMAKE_PREFIX_PATH}:/home/corey/uumotor-servo-motor-driver-ros2/install/serial:/opt/ros/galactic /home/corey/.local/bin/cmake --build /home/corey/uumotor-servo-motor-driver-ros2/build/uumotor_servo_motor_driver -- -j16 -l16
[0.038s] -- Found ament_cmake: 1.1.6 (/opt/ros/galactic/share/ament_cmake/cmake)
[0.039s] [33mCMake Warning (dev) at /opt/ros/galactic/share/ament_cmake_core/cmake/core/python.cmake:22 (find_package):
[0.039s]   Policy CMP0148 is not set: The FindPythonInterp and FindPythonLibs modules
[0.039s]   are removed.  Run "cmake --help-policy CMP0148" for policy details.  Use
[0.039s]   the cmake_policy command to set the policy and suppress this warning.
[0.039s] 
[0.039s] Call Stack (most recent call first):
[0.039s]   /opt/ros/galactic/share/ament_cmake_core/cmake/core/all.cmake:53 (include)
[0.040s]   /opt/ros/galactic/share/ament_cmake_core/cmake/ament_cmake_core-extras.cmake:17 (include)
[0.040s]   /opt/ros/galactic/share/ament_cmake_core/cmake/ament_cmake_coreConfig.cmake:41 (include)
[0.040s]   /opt/ros/galactic/share/ament_cmake/cmake/ament_cmake_export_dependencies-extras.cmake:15 (find_package)
[0.040s]   /opt/ros/galactic/share/ament_cmake/cmake/ament_cmakeConfig.cmake:41 (include)
[0.040s]   CMakeLists.txt:11 (find_package)
[0.040s] This warning is for project developers.  Use -Wno-dev to suppress it.
[0.040s] [0m
[0.052s] -- Using PYTHON_EXECUTABLE: /usr/bin/python3
[0.087s] -- Override CMake install command with custom implementation using symlinks instead of copying resources
[0.093s] -- Found rclcpp: 9.2.2 (/opt/ros/galactic/share/rclcpp/cmake)
[0.123s] -- Using all available rosidl_typesupport_c: rosidl_typesupport_fastrtps_c;rosidl_typesupport_introspection_c
[0.126s] -- Found rosidl_adapter: 2.2.3 (/opt/ros/galactic/share/rosidl_adapter/cmake)
[0.227s] -- Using all available rosidl_typesupport_cpp: rosidl_typesupport_fastrtps_cpp;rosidl_typesupport_introspection_cpp
[0.269s] -- Found rmw_implementation_cmake: 3.3.1 (/opt/ros/galactic/share/rmw_implementation_cmake/cmake)
[0.270s] -- Found rmw_cyclonedds_cpp: 0.22.6 (/opt/ros/galactic/share/rmw_cyclonedds_cpp/cmake)
[0.284s] -- Using RMW implementation 'rmw_cyclonedds_cpp' as default
[0.436s] -- Configuring done (0.4s)
[0.443s] -- Generating done (0.0s)
[0.445s] -- Build files have been written to: /home/corey/uumotor-servo-motor-driver-ros2/build/uumotor_servo_motor_driver
[0.459s] [ 20%] [32mBuilding CXX object CMakeFiles/uumotor_servo_motor_driver.dir/src/commands.cpp.o[0m
[0.459s] [ 40%] [32mBuilding CXX object CMakeFiles/uumotor_servo_motor_driver.dir/src/functions.cpp.o[0m
[0.463s] [ 60%] [32mBuilding CXX object CMakeFiles/driver.dir/src/test_node.cpp.o[0m
[0.557s] [01m[K/home/corey/uumotor-servo-motor-driver-ros2/src/uumotor_servo_motor_driver/src/functions.cpp:[m[K In function ‘[01m[Kuint16_t Calc_Crc(uint8_t*, uint8_t)[m[K’:
[0.558s] [01m[K/home/corey/uumotor-servo-motor-driver-ros2/src/uumotor_servo_motor_driver/src/functions.cpp:28:1:[m[K [01;35m[Kwarning: [m[Kno return statement in function returning non-void [[01;35m[K-Wreturn-type[m[K]
[0.558s]    28 | [01;35m[K}[m[K
[0.558s]       | [01;35m[K^[m[K
[0.559s] [01m[K/home/corey/uumotor-servo-motor-driver-ros2/src/uumotor_servo_motor_driver/src/commands.cpp:[m[K In member function ‘[01m[Kvoid Commands::set_control_mode(std::vector<unsigned char>&, int, std::string)[m[K’:
[0.559s] [01m[K/home/corey/uumotor-servo-motor-driver-ros2/src/uumotor_servo_motor_driver/src/commands.cpp:35:37:[m[K [01;35m[Kwarning: [m[Kunused variable ‘[01m[Kcmd[m[K’ [[01;35m[K-Wunused-variable[m[K]
[0.559s]    35 |                 const unsigned char [01;35m[Kcmd[m[K[6] = {0xEE, 0x06, 0x51, 0x00, 0x00, 0x00};
[0.559s]       |                                     [01;35m[K^~~[m[K
[0.560s] [01m[K/home/corey/uumotor-servo-motor-driver-ros2/src/uumotor_servo_motor_driver/src/commands.cpp:28:61:[m[K [01;35m[Kwarning: [m[Kunused parameter ‘[01m[Kcommand[m[K’ [[01;35m[K-Wunused-parameter[m[K]
[0.560s]    28 | void Commands::set_control_mode([01;35m[Kstd::vector<unsigned char> &command[m[K, int motor, std::string mode)
[0.560s]       |                                 [01;35m[K~~~~~~~~~~~~~~~~~~~~~~~~~~~~^~~~~~~[m[K
[0.594s] [ 80%] [32m[1mLinking CXX shared library libuumotor_servo_motor_driver.so[0m
[0.631s] [ 80%] Built target uumotor_servo_motor_driver
[2.121s] [100%] [32m[1mLinking CXX executable driver[0m
[2.187s] [100%] Built target driver
[2.192s] Invoked command in '/home/corey/uumotor-servo-motor-driver-ros2/build/uumotor_servo_motor_driver' returned '0': CMAKE_PREFIX_PATH=${CMAKE_PREFIX_PATH}:/home/corey/uumotor-servo-motor-driver-ros2/install/serial:/opt/ros/galactic /home/corey/.local/bin/cmake --build /home/corey/uumotor-servo-motor-driver-ros2/build/uumotor_servo_motor_driver -- -j16 -l16
[2.244s] Invoking command in '/home/corey/uumotor-servo-motor-driver-ros2/build/uumotor_servo_motor_driver': CMAKE_PREFIX_PATH=${CMAKE_PREFIX_PATH}:/home/corey/uumotor-servo-motor-driver-ros2/install/serial:/opt/ros/galactic /home/corey/.local/bin/cmake --install /home/corey/uumotor-servo-motor-driver-ros2/build/uumotor_servo_motor_driver
[2.261s] -- Install configuration: ""
[2.261s] -- Execute custom install script
[2.262s] -- Up-to-date symlink: /home/corey/uumotor-servo-motor-driver-ros2/install/uumotor_servo_motor_driver/lib/uumotor_servo_motor_driver/driver
[2.262s] [31mCMake Error at ament_cmake_symlink_install/ament_cmake_symlink_install.cmake:100 (message):
[2.262s]   ament_cmake_symlink_install_directory() can't find
[2.262s]   '/home/corey/uumotor-servo-motor-driver-ros2/src/uumotor_servo_motor_driver/uumotor_servo_motor_driver/include'
[2.262s] Call Stack (most recent call first):
[2.262s]   ament_cmake_symlink_install/ament_cmake_symlink_install.cmake:317 (ament_cmake_symlink_install_directory)
[2.262s]   cmake_install.cmake:46 (include)
[2.262s] 
[2.262s] [0m
[2.264s] Invoked command in '/home/corey/uumotor-servo-motor-driver-ros2/build/uumotor_servo_motor_driver' returned '1': CMAKE_PREFIX_PATH=${CMAKE_PREFIX_PATH}:/home/corey/uumotor-servo-motor-driver-ros2/install/serial:/opt/ros/galactic /home/corey/.local/bin/cmake --install /home/corey/uumotor-servo-motor-driver-ros2/build/uumotor_servo_motor_driver
