[0.007s] Invoking command in '/home/corey/uumotor-servo-motor-driver-ros2/build/uumotor_servo_motor_driver': CMAKE_PREFIX_PATH=${CMAKE_PREFIX_PATH}:/opt/ros/galactic /usr/bin/cmake --build /home/corey/uumotor-servo-motor-driver-ros2/build/uumotor_servo_motor_driver -- -j32 -l32
[0.031s] [35m[1mScanning dependencies of target cmd[0m
[0.031s] [35m[1mScanning dependencies of target uumotor_servo_motor_driver[0m
[0.036s] [ 18%] Built target fun
[0.045s] [ 27%] [32mBuilding CXX object CMakeFiles/cmd.dir/src/commands.cpp.o[0m
[0.045s] [ 36%] [32mBuilding CXX object CMakeFiles/uumotor_servo_motor_driver.dir/src/commands.cpp.o[0m
[0.754s] In file included from [01m[K/opt/ros/galactic/include/rclcpp/client.hpp:40[m[K,
[0.754s]                  from [01m[K/opt/ros/galactic/include/rclcpp/callback_group.hpp:23[m[K,
[0.754s]                  from [01m[K/opt/ros/galactic/include/rclcpp/any_executable.hpp:20[m[K,
[0.754s]                  from [01m[K/opt/ros/galactic/include/rclcpp/memory_strategy.hpp:25[m[K,
[0.754s]                  from [01m[K/opt/ros/galactic/include/rclcpp/memory_strategies.hpp:18[m[K,
[0.754s]                  from [01m[K/opt/ros/galactic/include/rclcpp/executor_options.hpp:20[m[K,
[0.754s]                  from [01m[K/opt/ros/galactic/include/rclcpp/executor.hpp:36[m[K,
[0.754s]                  from [01m[K/opt/ros/galactic/include/rclcpp/executors/multi_threaded_executor.hpp:26[m[K,
[0.754s]                  from [01m[K/opt/ros/galactic/include/rclcpp/executors.hpp:21[m[K,
[0.754s]                  from [01m[K/opt/ros/galactic/include/rclcpp/rclcpp.hpp:156[m[K,
[0.754s]                  from [01m[K/home/corey/uumotor-servo-motor-driver-ros2/src/uumotor_servo_motor_driver/src/commands.cpp:2[m[K:
[0.754s] [01m[K/home/corey/uumotor-servo-motor-driver-ros2/src/uumotor_servo_motor_driver/src/commands.cpp:[m[K In member function ‘[01m[Kstd::vector<unsigned char> Commands::set_speed(int, double)[m[K’:
[0.754s] [01m[K/home/corey/uumotor-servo-motor-driver-ros2/src/uumotor_servo_motor_driver/src/commands.cpp:289:65:[m[K [01;31m[Kerror: [m[Kinvalid conversion from ‘[01m[Kint[m[K’ to ‘[01m[Kconst char*[m[K’ [[01;31m[K-fpermissive[m[K]
[0.754s]   289 |             RCLCPP_INFO(rclcpp::get_logger("set_control_mode"), [01;31m[K(int)a[m[K);
[0.754s]       |                                                                 [01;31m[K^~~~~~[m[K
[0.754s]       |                                                                 [01;31m[K|[m[K
[0.754s]       |                                                                 [01;31m[Kint[m[K
[0.754s] In file included from [01m[K/opt/ros/galactic/include/rclcpp/client.hpp:40[m[K,
[0.754s]                  from [01m[K/opt/ros/galactic/include/rclcpp/callback_group.hpp:23[m[K,
[0.754s]                  from [01m[K/opt/ros/galactic/include/rclcpp/any_executable.hpp:20[m[K,
[0.754s]                  from [01m[K/opt/ros/galactic/include/rclcpp/memory_strategy.hpp:25[m[K,
[0.754s]                  from [01m[K/opt/ros/galactic/include/rclcpp/memory_strategies.hpp:18[m[K,
[0.754s]                  from [01m[K/opt/ros/galactic/include/rclcpp/executor_options.hpp:20[m[K,
[0.754s]                  from [01m[K/opt/ros/galactic/include/rclcpp/executor.hpp:36[m[K,
[0.755s]                  from [01m[K/opt/ros/galactic/include/rclcpp/executors/multi_threaded_executor.hpp:26[m[K,
[0.755s]                  from [01m[K/opt/ros/galactic/include/rclcpp/executors.hpp:21[m[K,
[0.755s]                  from [01m[K/opt/ros/galactic/include/rclcpp/rclcpp.hpp:156[m[K,
[0.755s]                  from [01m[K/home/corey/uumotor-servo-motor-driver-ros2/src/uumotor_servo_motor_driver/src/commands.cpp:2[m[K:
[0.755s] [01m[K/home/corey/uumotor-servo-motor-driver-ros2/src/uumotor_servo_motor_driver/src/commands.cpp:[m[K In member function ‘[01m[Kstd::vector<unsigned char> Commands::set_speed(int, double)[m[K’:
[0.755s] [01m[K/home/corey/uumotor-servo-motor-driver-ros2/src/uumotor_servo_motor_driver/src/commands.cpp:289:65:[m[K [01;31m[Kerror: [m[Kinvalid conversion from ‘[01m[Kint[m[K’ to ‘[01m[Kconst char*[m[K’ [[01;31m[K-fpermissive[m[K]
[0.755s]   289 |             RCLCPP_INFO(rclcpp::get_logger("set_control_mode"), [01;31m[K(int)a[m[K);
[0.755s]       |                                                                 [01;31m[K^~~~~~[m[K
[0.755s]       |                                                                 [01;31m[K|[m[K
[0.755s]       |                                                                 [01;31m[Kint[m[K
[0.755s] In file included from [01m[K/opt/ros/galactic/include/rmw/types.h:28[m[K,
[0.755s]                  from [01m[K/opt/ros/galactic/include/rcl/types.h:20[m[K,
[0.755s]                  from [01m[K/opt/ros/galactic/include/rcl/log_level.h:22[m[K,
[0.755s]                  from [01m[K/opt/ros/galactic/include/rcl/arguments.h:21[m[K,
[0.755s]                  from [01m[K/opt/ros/galactic/include/rcl/context.h:28[m[K,
[0.755s]                  from [01m[K/opt/ros/galactic/include/rcl/guard_condition.h:26[m[K,
[0.755s]                  from [01m[K/opt/ros/galactic/include/rclcpp/executor.hpp:30[m[K,
[0.755s]                  from [01m[K/opt/ros/galactic/include/rclcpp/executors/multi_threaded_executor.hpp:26[m[K,
[0.755s]                  from [01m[K/opt/ros/galactic/include/rclcpp/executors.hpp:21[m[K,
[0.755s]                  from [01m[K/opt/ros/galactic/include/rclcpp/rclcpp.hpp:156[m[K,
[0.755s]                  from [01m[K/home/corey/uumotor-servo-motor-driver-ros2/src/uumotor_servo_motor_driver/src/commands.cpp:2[m[K:
[0.755s] [01m[K/opt/ros/galactic/include/rcutils/logging.h:479:16:[m[K [01;36m[Knote: [m[K  initializing argument 4 of ‘[01m[Kvoid rcutils_log(const rcutils_log_location_t*, int, const char*, const char*, ...)[m[K’
[0.755s]   479 |   [01;36m[Kconst char * format[m[K,
[0.755s]       |   [01;36m[K~~~~~~~~~~~~~^~~~~~[m[K
[0.755s] In file included from [01m[K/opt/ros/galactic/include/rmw/types.h:28[m[K,
[0.755s]                  from [01m[K/opt/ros/galactic/include/rcl/types.h:20[m[K,
[0.755s]                  from [01m[K/opt/ros/galactic/include/rcl/log_level.h:22[m[K,
[0.755s]                  from [01m[K/opt/ros/galactic/include/rcl/arguments.h:21[m[K,
[0.755s]                  from [01m[K/opt/ros/galactic/include/rcl/context.h:28[m[K,
[0.755s]                  from [01m[K/opt/ros/galactic/include/rcl/guard_condition.h:26[m[K,
[0.755s]                  from [01m[K/opt/ros/galactic/include/rclcpp/executor.hpp:30[m[K,
[0.755s]                  from [01m[K/opt/ros/galactic/include/rclcpp/executors/multi_threaded_executor.hpp:26[m[K,
[0.755s]                  from [01m[K/opt/ros/galactic/include/rclcpp/executors.hpp:21[m[K,
[0.755s]                  from [01m[K/opt/ros/galactic/include/rclcpp/rclcpp.hpp:156[m[K,
[0.755s]                  from [01m[K/home/corey/uumotor-servo-motor-driver-ros2/src/uumotor_servo_motor_driver/src/commands.cpp:2[m[K:
[0.755s] [01m[K/opt/ros/galactic/include/rcutils/logging.h:479:16:[m[K [01;36m[Knote: [m[K  initializing argument 4 of ‘[01m[Kvoid rcutils_log(const rcutils_log_location_t*, int, const char*, const char*, ...)[m[K’
[0.755s]   479 |   [01;36m[Kconst char * format[m[K,
[0.755s]       |   [01;36m[K~~~~~~~~~~~~~^~~~~~[m[K
[1.047s] make[2]: *** [CMakeFiles/cmd.dir/build.make:63: CMakeFiles/cmd.dir/src/commands.cpp.o] Error 1
[1.047s] make[2]: *** [CMakeFiles/uumotor_servo_motor_driver.dir/build.make:63: CMakeFiles/uumotor_servo_motor_driver.dir/src/commands.cpp.o] Error 1
[1.048s] make[1]: *** [CMakeFiles/Makefile2:84: CMakeFiles/cmd.dir/all] Error 2
[1.048s] make[1]: *** Waiting for unfinished jobs....
[1.048s] make[1]: *** [CMakeFiles/Makefile2:138: CMakeFiles/uumotor_servo_motor_driver.dir/all] Error 2
[1.048s] make: *** [Makefile:141: all] Error 2
[1.049s] Invoked command in '/home/corey/uumotor-servo-motor-driver-ros2/build/uumotor_servo_motor_driver' returned '2': CMAKE_PREFIX_PATH=${CMAKE_PREFIX_PATH}:/opt/ros/galactic /usr/bin/cmake --build /home/corey/uumotor-servo-motor-driver-ros2/build/uumotor_servo_motor_driver -- -j32 -l32
