[0.012s] Invoking command in '/home/corey/uumotor-servo-motor-driver-ros2/build/uumotor_servo_motor_driver': CMAKE_PREFIX_PATH=${CMAKE_PREFIX_PATH}:/opt/ros/galactic /home/corey/.local/bin/cmake --build /home/corey/uumotor-servo-motor-driver-ros2/build/uumotor_servo_motor_driver -- -j16 -l16
[0.044s] [ 25%] Built target fun
[0.044s] [ 62%] Built target uumotor_servo_motor_driver
[0.058s] [ 75%] [32mBuilding CXX object CMakeFiles/driver.dir/src/test_node.cpp.o[0m
[1.186s] In file included from [01m[K/opt/ros/galactic/include/rclcpp/client.hpp:40[m[K,
[1.186s]                  from [01m[K/opt/ros/galactic/include/rclcpp/callback_group.hpp:23[m[K,
[1.186s]                  from [01m[K/opt/ros/galactic/include/rclcpp/any_executable.hpp:20[m[K,
[1.186s]                  from [01m[K/opt/ros/galactic/include/rclcpp/memory_strategy.hpp:25[m[K,
[1.186s]                  from [01m[K/opt/ros/galactic/include/rclcpp/memory_strategies.hpp:18[m[K,
[1.187s]                  from [01m[K/opt/ros/galactic/include/rclcpp/executor_options.hpp:20[m[K,
[1.187s]                  from [01m[K/opt/ros/galactic/include/rclcpp/executor.hpp:36[m[K,
[1.187s]                  from [01m[K/opt/ros/galactic/include/rclcpp/executors/multi_threaded_executor.hpp:26[m[K,
[1.187s]                  from [01m[K/opt/ros/galactic/include/rclcpp/executors.hpp:21[m[K,
[1.187s]                  from [01m[K/opt/ros/galactic/include/rclcpp/rclcpp.hpp:156[m[K,
[1.187s]                  from [01m[K/home/corey/uumotor-servo-motor-driver-ros2/src/uumotor_servo_motor_driver/src/test_node.cpp:9[m[K:
[1.187s] [01m[K/home/corey/uumotor-servo-motor-driver-ros2/src/uumotor_servo_motor_driver/src/test_node.cpp:[m[K In function ‘[01m[Kint main(int, char**)[m[K’:
[1.187s] [01m[K/home/corey/uumotor-servo-motor-driver-ros2/src/uumotor_servo_motor_driver/src/test_node.cpp:39:52:[m[K [01;31m[Kerror: [m[Krequest for member ‘[01m[Kc_str[m[K’ in ‘[01m[Kcrc[m[K’, which is of non-class type ‘[01m[Kuint16_t[m[K’ {aka ‘[01m[Kshort unsigned int[m[K’}
[1.187s]    39 |     RCLCPP_INFO(rclcpp::get_logger("message"), crc.[01;31m[Kc_str[m[K());
[1.187s]       |                                                    [01;31m[K^~~~~[m[K
[1.629s] make[2]: *** [CMakeFiles/driver.dir/build.make:76: CMakeFiles/driver.dir/src/test_node.cpp.o] Error 1
[1.630s] make[1]: *** [CMakeFiles/Makefile2:167: CMakeFiles/driver.dir/all] Error 2
[1.630s] make: *** [Makefile:146: all] Error 2
[1.633s] Invoked command in '/home/corey/uumotor-servo-motor-driver-ros2/build/uumotor_servo_motor_driver' returned '2': CMAKE_PREFIX_PATH=${CMAKE_PREFIX_PATH}:/opt/ros/galactic /home/corey/.local/bin/cmake --build /home/corey/uumotor-servo-motor-driver-ros2/build/uumotor_servo_motor_driver -- -j16 -l16
