[  9%] [32mBuilding CXX object CMakeFiles/fun.dir/src/functions.cpp.o[0m
[ 27%] Built target cmd
[ 36%] [32mBuilding CXX object CMakeFiles/uumotor_servo_motor_driver.dir/src/functions.cpp.o[0m
[01m[K/home/corey/uumotor-servo-motor-driver-ros2/src/uumotor_servo_motor_driver/src/functions.cpp:[m[K In member function ‘[01m[Kint Functions::message_decoder(uint8_t*, int, bool)[m[K’:
[01m[K/home/corey/uumotor-servo-motor-driver-ros2/src/uumotor_servo_motor_driver/src/functions.cpp:117:33:[m[K [01;31m[Kerror: [m[Kno matching function for call to ‘[01m[Kstoi(uint16_t&)[m[K’
  117 |     std::cout << std::stoi(value[01;31m[K)[m[K << "    " << std::endl;
      |                                 [01;31m[K^[m[K
In file included from [01m[K/usr/include/c++/9/string:55[m[K,
                 from [01m[K/home/corey/uumotor-servo-motor-driver-ros2/src/uumotor_servo_motor_driver/include/uumotor_servo_motor_driver/functions.h:4[m[K,
                 from [01m[K/home/corey/uumotor-servo-motor-driver-ros2/src/uumotor_servo_motor_driver/src/functions.cpp:1[m[K:
[01m[K/usr/include/c++/9/bits/basic_string.h:6506:3:[m[K [01;36m[Knote: [m[Kcandidate: ‘[01m[Kint std::__cxx11::stoi(const string&, std::size_t*, int)[m[K’
 6506 |   [01;36m[Kstoi[m[K(const string& __str, size_t* __idx = 0, int __base = 10)
      |   [01;36m[K^~~~[m[K
[01m[K/usr/include/c++/9/bits/basic_string.h:6506:22:[m[K [01;36m[Knote: [m[K  no known conversion for argument 1 from ‘[01m[Kuint16_t[m[K’ {aka ‘[01m[Kshort unsigned int[m[K’} to ‘[01m[Kconst string&[m[K’ {aka ‘[01m[Kconst std::__cxx11::basic_string<char>&[m[K’}
 6506 |   stoi([01;36m[Kconst string& __str[m[K, size_t* __idx = 0, int __base = 10)
      |        [01;36m[K~~~~~~~~~~~~~~^~~~~[m[K
[01m[K/usr/include/c++/9/bits/basic_string.h:6612:3:[m[K [01;36m[Knote: [m[Kcandidate: ‘[01m[Kint std::__cxx11::stoi(const wstring&, std::size_t*, int)[m[K’
 6612 |   [01;36m[Kstoi[m[K(const wstring& __str, size_t* __idx = 0, int __base = 10)
      |   [01;36m[K^~~~[m[K
[01m[K/usr/include/c++/9/bits/basic_string.h:6612:23:[m[K [01;36m[Knote: [m[K  no known conversion for argument 1 from ‘[01m[Kuint16_t[m[K’ {aka ‘[01m[Kshort unsigned int[m[K’} to ‘[01m[Kconst wstring&[m[K’ {aka ‘[01m[Kconst std::__cxx11::basic_string<wchar_t>&[m[K’}
 6612 |   stoi([01;36m[Kconst wstring& __str[m[K, size_t* __idx = 0, int __base = 10)
      |        [01;36m[K~~~~~~~~~~~~~~~^~~~~[m[K
make[2]: *** [CMakeFiles/fun.dir/build.make:76: CMakeFiles/fun.dir/src/functions.cpp.o] Error 1
make[1]: *** [CMakeFiles/Makefile2:196: CMakeFiles/fun.dir/all] Error 2
make[1]: *** Waiting for unfinished jobs....
[01m[K/home/corey/uumotor-servo-motor-driver-ros2/src/uumotor_servo_motor_driver/src/functions.cpp:[m[K In member function ‘[01m[Kint Functions::message_decoder(uint8_t*, int, bool)[m[K’:
[01m[K/home/corey/uumotor-servo-motor-driver-ros2/src/uumotor_servo_motor_driver/src/functions.cpp:117:33:[m[K [01;31m[Kerror: [m[Kno matching function for call to ‘[01m[Kstoi(uint16_t&)[m[K’
  117 |     std::cout << std::stoi(value[01;31m[K)[m[K << "    " << std::endl;
      |                                 [01;31m[K^[m[K
In file included from [01m[K/usr/include/c++/9/string:55[m[K,
                 from [01m[K/home/corey/uumotor-servo-motor-driver-ros2/src/uumotor_servo_motor_driver/include/uumotor_servo_motor_driver/functions.h:4[m[K,
                 from [01m[K/home/corey/uumotor-servo-motor-driver-ros2/src/uumotor_servo_motor_driver/src/functions.cpp:1[m[K:
[01m[K/usr/include/c++/9/bits/basic_string.h:6506:3:[m[K [01;36m[Knote: [m[Kcandidate: ‘[01m[Kint std::__cxx11::stoi(const string&, std::size_t*, int)[m[K’
 6506 |   [01;36m[Kstoi[m[K(const string& __str, size_t* __idx = 0, int __base = 10)
      |   [01;36m[K^~~~[m[K
[01m[K/usr/include/c++/9/bits/basic_string.h:6506:22:[m[K [01;36m[Knote: [m[K  no known conversion for argument 1 from ‘[01m[Kuint16_t[m[K’ {aka ‘[01m[Kshort unsigned int[m[K’} to ‘[01m[Kconst string&[m[K’ {aka ‘[01m[Kconst std::__cxx11::basic_string<char>&[m[K’}
 6506 |   stoi([01;36m[Kconst string& __str[m[K, size_t* __idx = 0, int __base = 10)
      |        [01;36m[K~~~~~~~~~~~~~~^~~~~[m[K
[01m[K/usr/include/c++/9/bits/basic_string.h:6612:3:[m[K [01;36m[Knote: [m[Kcandidate: ‘[01m[Kint std::__cxx11::stoi(const wstring&, std::size_t*, int)[m[K’
 6612 |   [01;36m[Kstoi[m[K(const wstring& __str, size_t* __idx = 0, int __base = 10)
      |   [01;36m[K^~~~[m[K
[01m[K/usr/include/c++/9/bits/basic_string.h:6612:23:[m[K [01;36m[Knote: [m[K  no known conversion for argument 1 from ‘[01m[Kuint16_t[m[K’ {aka ‘[01m[Kshort unsigned int[m[K’} to ‘[01m[Kconst wstring&[m[K’ {aka ‘[01m[Kconst std::__cxx11::basic_string<wchar_t>&[m[K’}
 6612 |   stoi([01;36m[Kconst wstring& __str[m[K, size_t* __idx = 0, int __base = 10)
      |        [01;36m[K~~~~~~~~~~~~~~~^~~~~[m[K
make[2]: *** [CMakeFiles/uumotor_servo_motor_driver.dir/build.make:90: CMakeFiles/uumotor_servo_motor_driver.dir/src/functions.cpp.o] Error 1
make[1]: *** [CMakeFiles/Makefile2:143: CMakeFiles/uumotor_servo_motor_driver.dir/all] Error 2
make: *** [Makefile:146: all] Error 2
