[0.014s] Invoking command in '/home/corey/uumotor-servo-motor-driver-ros2/build/uumotor_servo_motor_driver': CMAKE_PREFIX_PATH=${CMAKE_PREFIX_PATH}:/opt/ros/galactic /home/corey/.local/bin/cmake --build /home/corey/uumotor-servo-motor-driver-ros2/build/uumotor_servo_motor_driver -- -j16 -l16
[0.054s] [  9%] [32mBuilding CXX object CMakeFiles/fun.dir/src/functions.cpp.o[0m
[0.054s] [ 27%] Built target cmd
[0.063s] [ 36%] [32mBuilding CXX object CMakeFiles/uumotor_servo_motor_driver.dir/src/functions.cpp.o[0m
[0.246s] [01m[K/home/corey/uumotor-servo-motor-driver-ros2/src/uumotor_servo_motor_driver/src/functions.cpp:[m[K In member function ‘[01m[Kint Functions::message_decoder(uint8_t*, int, bool)[m[K’:
[0.246s] [01m[K/home/corey/uumotor-servo-motor-driver-ros2/src/uumotor_servo_motor_driver/src/functions.cpp:117:33:[m[K [01;31m[Kerror: [m[Kno matching function for call to ‘[01m[Kstoi(uint16_t&)[m[K’
[0.246s]   117 |     std::cout << std::stoi(value[01;31m[K)[m[K << "    " << std::endl;
[0.246s]       |                                 [01;31m[K^[m[K
[0.247s] In file included from [01m[K/usr/include/c++/9/string:55[m[K,
[0.247s]                  from [01m[K/home/corey/uumotor-servo-motor-driver-ros2/src/uumotor_servo_motor_driver/include/uumotor_servo_motor_driver/functions.h:4[m[K,
[0.247s]                  from [01m[K/home/corey/uumotor-servo-motor-driver-ros2/src/uumotor_servo_motor_driver/src/functions.cpp:1[m[K:
[0.247s] [01m[K/usr/include/c++/9/bits/basic_string.h:6506:3:[m[K [01;36m[Knote: [m[Kcandidate: ‘[01m[Kint std::__cxx11::stoi(const string&, std::size_t*, int)[m[K’
[0.247s]  6506 |   [01;36m[Kstoi[m[K(const string& __str, size_t* __idx = 0, int __base = 10)
[0.247s]       |   [01;36m[K^~~~[m[K
[0.247s] [01m[K/usr/include/c++/9/bits/basic_string.h:6506:22:[m[K [01;36m[Knote: [m[K  no known conversion for argument 1 from ‘[01m[Kuint16_t[m[K’ {aka ‘[01m[Kshort unsigned int[m[K’} to ‘[01m[Kconst string&[m[K’ {aka ‘[01m[Kconst std::__cxx11::basic_string<char>&[m[K’}
[0.247s]  6506 |   stoi([01;36m[Kconst string& __str[m[K, size_t* __idx = 0, int __base = 10)
[0.247s]       |        [01;36m[K~~~~~~~~~~~~~~^~~~~[m[K
[0.247s] [01m[K/usr/include/c++/9/bits/basic_string.h:6612:3:[m[K [01;36m[Knote: [m[Kcandidate: ‘[01m[Kint std::__cxx11::stoi(const wstring&, std::size_t*, int)[m[K’
[0.247s]  6612 |   [01;36m[Kstoi[m[K(const wstring& __str, size_t* __idx = 0, int __base = 10)
[0.247s]       |   [01;36m[K^~~~[m[K
[0.247s] [01m[K/usr/include/c++/9/bits/basic_string.h:6612:23:[m[K [01;36m[Knote: [m[K  no known conversion for argument 1 from ‘[01m[Kuint16_t[m[K’ {aka ‘[01m[Kshort unsigned int[m[K’} to ‘[01m[Kconst wstring&[m[K’ {aka ‘[01m[Kconst std::__cxx11::basic_string<wchar_t>&[m[K’}
[0.247s]  6612 |   stoi([01;36m[Kconst wstring& __str[m[K, size_t* __idx = 0, int __base = 10)
[0.247s]       |        [01;36m[K~~~~~~~~~~~~~~~^~~~~[m[K
[0.283s] make[2]: *** [CMakeFiles/fun.dir/build.make:76: CMakeFiles/fun.dir/src/functions.cpp.o] Error 1
[0.284s] make[1]: *** [CMakeFiles/Makefile2:196: CMakeFiles/fun.dir/all] Error 2
[0.284s] make[1]: *** Waiting for unfinished jobs....
[0.287s] [01m[K/home/corey/uumotor-servo-motor-driver-ros2/src/uumotor_servo_motor_driver/src/functions.cpp:[m[K In member function ‘[01m[Kint Functions::message_decoder(uint8_t*, int, bool)[m[K’:
[0.287s] [01m[K/home/corey/uumotor-servo-motor-driver-ros2/src/uumotor_servo_motor_driver/src/functions.cpp:117:33:[m[K [01;31m[Kerror: [m[Kno matching function for call to ‘[01m[Kstoi(uint16_t&)[m[K’
[0.287s]   117 |     std::cout << std::stoi(value[01;31m[K)[m[K << "    " << std::endl;
[0.287s]       |                                 [01;31m[K^[m[K
[0.288s] In file included from [01m[K/usr/include/c++/9/string:55[m[K,
[0.288s]                  from [01m[K/home/corey/uumotor-servo-motor-driver-ros2/src/uumotor_servo_motor_driver/include/uumotor_servo_motor_driver/functions.h:4[m[K,
[0.288s]                  from [01m[K/home/corey/uumotor-servo-motor-driver-ros2/src/uumotor_servo_motor_driver/src/functions.cpp:1[m[K:
[0.288s] [01m[K/usr/include/c++/9/bits/basic_string.h:6506:3:[m[K [01;36m[Knote: [m[Kcandidate: ‘[01m[Kint std::__cxx11::stoi(const string&, std::size_t*, int)[m[K’
[0.288s]  6506 |   [01;36m[Kstoi[m[K(const string& __str, size_t* __idx = 0, int __base = 10)
[0.288s]       |   [01;36m[K^~~~[m[K
[0.288s] [01m[K/usr/include/c++/9/bits/basic_string.h:6506:22:[m[K [01;36m[Knote: [m[K  no known conversion for argument 1 from ‘[01m[Kuint16_t[m[K’ {aka ‘[01m[Kshort unsigned int[m[K’} to ‘[01m[Kconst string&[m[K’ {aka ‘[01m[Kconst std::__cxx11::basic_string<char>&[m[K’}
[0.288s]  6506 |   stoi([01;36m[Kconst string& __str[m[K, size_t* __idx = 0, int __base = 10)
[0.288s]       |        [01;36m[K~~~~~~~~~~~~~~^~~~~[m[K
[0.288s] [01m[K/usr/include/c++/9/bits/basic_string.h:6612:3:[m[K [01;36m[Knote: [m[Kcandidate: ‘[01m[Kint std::__cxx11::stoi(const wstring&, std::size_t*, int)[m[K’
[0.288s]  6612 |   [01;36m[Kstoi[m[K(const wstring& __str, size_t* __idx = 0, int __base = 10)
[0.288s]       |   [01;36m[K^~~~[m[K
[0.288s] [01m[K/usr/include/c++/9/bits/basic_string.h:6612:23:[m[K [01;36m[Knote: [m[K  no known conversion for argument 1 from ‘[01m[Kuint16_t[m[K’ {aka ‘[01m[Kshort unsigned int[m[K’} to ‘[01m[Kconst wstring&[m[K’ {aka ‘[01m[Kconst std::__cxx11::basic_string<wchar_t>&[m[K’}
[0.288s]  6612 |   stoi([01;36m[Kconst wstring& __str[m[K, size_t* __idx = 0, int __base = 10)
[0.288s]       |        [01;36m[K~~~~~~~~~~~~~~~^~~~~[m[K
[0.328s] make[2]: *** [CMakeFiles/uumotor_servo_motor_driver.dir/build.make:90: CMakeFiles/uumotor_servo_motor_driver.dir/src/functions.cpp.o] Error 1
[0.329s] make[1]: *** [CMakeFiles/Makefile2:143: CMakeFiles/uumotor_servo_motor_driver.dir/all] Error 2
[0.329s] make: *** [Makefile:146: all] Error 2
[0.334s] Invoked command in '/home/corey/uumotor-servo-motor-driver-ros2/build/uumotor_servo_motor_driver' returned '2': CMAKE_PREFIX_PATH=${CMAKE_PREFIX_PATH}:/opt/ros/galactic /home/corey/.local/bin/cmake --build /home/corey/uumotor-servo-motor-driver-ros2/build/uumotor_servo_motor_driver -- -j16 -l16
