[0.133s] Invoking command in '/home/corey/uumotor-servo-motor-driver-ros2/build/uumotor_servo_motor_driver': CMAKE_PREFIX_PATH=${CMAKE_PREFIX_PATH}:/opt/ros/galactic /home/corey/.local/bin/cmake --build /home/corey/uumotor-servo-motor-driver-ros2/build/uumotor_servo_motor_driver -- -j16 -l16
[0.165s] [ 18%] Built target fun
[0.171s] [ 27%] [32mBuilding CXX object CMakeFiles/cmd.dir/src/commands.cpp.o[0m
[0.172s] [ 36%] [32mBuilding CXX object CMakeFiles/uumotor_servo_motor_driver.dir/src/commands.cpp.o[0m
[1.325s] [01m[K/home/corey/uumotor-servo-motor-driver-ros2/src/uumotor_servo_motor_driver/src/commands.cpp:[m[K In member function ‘[01m[Kstd::vector<unsigned char> Commands::set_acceleration_max(int, int)[m[K’:
[1.325s] [01m[K/home/corey/uumotor-servo-motor-driver-ros2/src/uumotor_servo_motor_driver/src/commands.cpp:235:14:[m[K [01;31m[Kerror: [m[Kjump to case label
[1.325s]   235 |         case [01;31m[K2[m[K:
[1.325s]       |              [01;31m[K^[m[K
[1.325s] [01m[K/home/corey/uumotor-servo-motor-driver-ros2/src/uumotor_servo_motor_driver/src/commands.cpp:229:34:[m[K [01;36m[Knote: [m[K  crosses initialization of ‘[01m[Kstd::vector<unsigned char> v[m[K’
[1.325s]   229 |             std::vector<uint8_t> [01;36m[Kv[m[K = fun.int2hex(value, max_speed_, true);
[1.325s]       |                                  [01;36m[K^[m[K
[1.325s] [01m[K/home/corey/uumotor-servo-motor-driver-ros2/src/uumotor_servo_motor_driver/src/commands.cpp:236:34:[m[K [01;31m[Kerror: [m[Kredeclaration of ‘[01m[Kstd::vector<unsigned char> v[m[K’
[1.325s]   236 |             std::vector<uint8_t> [01;31m[Kv[m[K = fun.int2hex(value, max_speed_, true);
[1.325s]       |                                  [01;31m[K^[m[K
[1.325s] [01m[K/home/corey/uumotor-servo-motor-driver-ros2/src/uumotor_servo_motor_driver/src/commands.cpp:229:34:[m[K [01;36m[Knote: [m[K‘[01m[Kstd::vector<unsigned char> v[m[K’ previously declared here
[1.325s]   229 |             std::vector<uint8_t> [01;36m[Kv[m[K = fun.int2hex(value, max_speed_, true);
[1.326s]       |                                  [01;36m[K^[m[K
[1.326s] [01m[K/home/corey/uumotor-servo-motor-driver-ros2/src/uumotor_servo_motor_driver/src/commands.cpp:242:9:[m[K [01;31m[Kerror: [m[Kjump to case label
[1.326s]   242 |         [01;31m[Kdefault[m[K:
[1.326s]       |         [01;31m[K^~~~~~~[m[K
[1.326s] [01m[K/home/corey/uumotor-servo-motor-driver-ros2/src/uumotor_servo_motor_driver/src/commands.cpp:229:34:[m[K [01;36m[Knote: [m[K  crosses initialization of ‘[01m[Kstd::vector<unsigned char> v[m[K’
[1.326s]   229 |             std::vector<uint8_t> [01;36m[Kv[m[K = fun.int2hex(value, max_speed_, true);
[1.326s]       |                                  [01;36m[K^[m[K
[1.326s] [01m[K/home/corey/uumotor-servo-motor-driver-ros2/src/uumotor_servo_motor_driver/src/commands.cpp:[m[K In member function ‘[01m[Kstd::vector<unsigned char> Commands::set_deceleration_max(int, int)[m[K’:
[1.326s] [01m[K/home/corey/uumotor-servo-motor-driver-ros2/src/uumotor_servo_motor_driver/src/commands.cpp:260:14:[m[K [01;31m[Kerror: [m[Kjump to case label
[1.326s]   260 |         case [01;31m[K2[m[K:
[1.326s]       |              [01;31m[K^[m[K
[1.326s] [01m[K/home/corey/uumotor-servo-motor-driver-ros2/src/uumotor_servo_motor_driver/src/commands.cpp:254:34:[m[K [01;36m[Knote: [m[K  crosses initialization of ‘[01m[Kstd::vector<unsigned char> v[m[K’
[1.326s]   254 |             std::vector<uint8_t> [01;36m[Kv[m[K = fun.int2hex(value, max_speed_, true);
[1.326s]       |                                  [01;36m[K^[m[K
[1.327s] [01m[K/home/corey/uumotor-servo-motor-driver-ros2/src/uumotor_servo_motor_driver/src/commands.cpp:261:34:[m[K [01;31m[Kerror: [m[Kredeclaration of ‘[01m[Kstd::vector<unsigned char> v[m[K’
[1.327s]   261 |             std::vector<uint8_t> [01;31m[Kv[m[K = fun.int2hex(value, max_speed_, true);
[1.327s]       |                                  [01;31m[K^[m[K
[1.327s] [01m[K/home/corey/uumotor-servo-motor-driver-ros2/src/uumotor_servo_motor_driver/src/commands.cpp:254:34:[m[K [01;36m[Knote: [m[K‘[01m[Kstd::vector<unsigned char> v[m[K’ previously declared here
[1.327s]   254 |             std::vector<uint8_t> [01;36m[Kv[m[K = fun.int2hex(value, max_speed_, true);
[1.327s]       |                                  [01;36m[K^[m[K
[1.327s] [01m[K/home/corey/uumotor-servo-motor-driver-ros2/src/uumotor_servo_motor_driver/src/commands.cpp:267:9:[m[K [01;31m[Kerror: [m[Kjump to case label
[1.327s]   267 |         [01;31m[Kdefault[m[K:
[1.327s]       |         [01;31m[K^~~~~~~[m[K
[1.327s] [01m[K/home/corey/uumotor-servo-motor-driver-ros2/src/uumotor_servo_motor_driver/src/commands.cpp:254:34:[m[K [01;36m[Knote: [m[K  crosses initialization of ‘[01m[Kstd::vector<unsigned char> v[m[K’
[1.327s]   254 |             std::vector<uint8_t> [01;36m[Kv[m[K = fun.int2hex(value, max_speed_, true);
[1.327s]       |                                  [01;36m[K^[m[K
[1.327s] [01m[K/home/corey/uumotor-servo-motor-driver-ros2/src/uumotor_servo_motor_driver/src/commands.cpp:[m[K In member function ‘[01m[Kstd::vector<unsigned char> Commands::set_speed(int, int)[m[K’:
[1.327s] [01m[K/home/corey/uumotor-servo-motor-driver-ros2/src/uumotor_servo_motor_driver/src/commands.cpp:285:14:[m[K [01;31m[Kerror: [m[Kjump to case label
[1.327s]   285 |         case [01;31m[K2[m[K:
[1.328s]       |              [01;31m[K^[m[K
[1.328s] [01m[K/home/corey/uumotor-servo-motor-driver-ros2/src/uumotor_servo_motor_driver/src/commands.cpp:279:34:[m[K [01;36m[Knote: [m[K  crosses initialization of ‘[01m[Kstd::vector<unsigned char> v[m[K’
[1.328s]   279 |             std::vector<uint8_t> [01;36m[Kv[m[K = fun.int2hex(speed, max_speed_, true);
[1.328s]       |                                  [01;36m[K^[m[K
[1.328s] [01m[K/home/corey/uumotor-servo-motor-driver-ros2/src/uumotor_servo_motor_driver/src/commands.cpp:286:34:[m[K [01;31m[Kerror: [m[Kredeclaration of ‘[01m[Kstd::vector<unsigned char> v[m[K’
[1.328s]   286 |             std::vector<uint8_t> [01;31m[Kv[m[K = fun.int2hex(speed, max_speed_, true);
[1.328s]       |                                  [01;31m[K^[m[K
[1.328s] [01m[K/home/corey/uumotor-servo-motor-driver-ros2/src/uumotor_servo_motor_driver/src/commands.cpp:279:34:[m[K [01;36m[Knote: [m[K‘[01m[Kstd::vector<unsigned char> v[m[K’ previously declared here
[1.328s]   279 |             std::vector<uint8_t> [01;36m[Kv[m[K = fun.int2hex(speed, max_speed_, true);
[1.328s]       |                                  [01;36m[K^[m[K
[1.328s] [01m[K/home/corey/uumotor-servo-motor-driver-ros2/src/uumotor_servo_motor_driver/src/commands.cpp:292:9:[m[K [01;31m[Kerror: [m[Kjump to case label
[1.328s]   292 |         [01;31m[Kdefault[m[K:
[1.328s]       |         [01;31m[K^~~~~~~[m[K
[1.328s] [01m[K/home/corey/uumotor-servo-motor-driver-ros2/src/uumotor_servo_motor_driver/src/commands.cpp:279:34:[m[K [01;36m[Knote: [m[K  crosses initialization of ‘[01m[Kstd::vector<unsigned char> v[m[K’
[1.328s]   279 |             std::vector<uint8_t> [01;36m[Kv[m[K = fun.int2hex(speed, max_speed_, true);
[1.328s]       |                                  [01;36m[K^[m[K
[1.329s] [01m[K/home/corey/uumotor-servo-motor-driver-ros2/src/uumotor_servo_motor_driver/src/commands.cpp:[m[K In member function ‘[01m[Kstd::vector<unsigned char> Commands::set_current(int, int)[m[K’:
[1.329s] [01m[K/home/corey/uumotor-servo-motor-driver-ros2/src/uumotor_servo_motor_driver/src/commands.cpp:310:14:[m[K [01;31m[Kerror: [m[Kjump to case label
[1.329s]   310 |         case [01;31m[K2[m[K:
[1.329s]       |              [01;31m[K^[m[K
[1.329s] [01m[K/home/corey/uumotor-servo-motor-driver-ros2/src/uumotor_servo_motor_driver/src/commands.cpp:304:34:[m[K [01;36m[Knote: [m[K  crosses initialization of ‘[01m[Kstd::vector<unsigned char> v[m[K’
[1.329s]   304 |             std::vector<uint8_t> [01;36m[Kv[m[K = fun.int2hex(current, max_amp_, true);
[1.329s]       |                                  [01;36m[K^[m[K
[1.329s] [01m[K/home/corey/uumotor-servo-motor-driver-ros2/src/uumotor_servo_motor_driver/src/commands.cpp:311:34:[m[K [01;31m[Kerror: [m[Kredeclaration of ‘[01m[Kstd::vector<unsigned char> v[m[K’
[1.329s]   311 |             std::vector<uint8_t> [01;31m[Kv[m[K = fun.int2hex(current, max_amp_, true);
[1.329s]       |                                  [01;31m[K^[m[K
[1.329s] [01m[K/home/corey/uumotor-servo-motor-driver-ros2/src/uumotor_servo_motor_driver/src/commands.cpp:304:34:[m[K [01;36m[Knote: [m[K‘[01m[Kstd::vector<unsigned char> v[m[K’ previously declared here
[1.329s]   304 |             std::vector<uint8_t> [01;36m[Kv[m[K = fun.int2hex(current, max_amp_, true);
[1.329s]       |                                  [01;36m[K^[m[K
[1.329s] [01m[K/home/corey/uumotor-servo-motor-driver-ros2/src/uumotor_servo_motor_driver/src/commands.cpp:317:9:[m[K [01;31m[Kerror: [m[Kjump to case label
[1.329s]   317 |         [01;31m[Kdefault[m[K:
[1.329s]       |         [01;31m[K^~~~~~~[m[K
[1.330s] [01m[K/home/corey/uumotor-servo-motor-driver-ros2/src/uumotor_servo_motor_driver/src/commands.cpp:304:34:[m[K [01;36m[Knote: [m[K  crosses initialization of ‘[01m[Kstd::vector<unsigned char> v[m[K’
[1.330s]   304 |             std::vector<uint8_t> [01;36m[Kv[m[K = fun.int2hex(current, max_amp_, true);
[1.330s]       |                                  [01;36m[K^[m[K
[1.344s] [01m[K/home/corey/uumotor-servo-motor-driver-ros2/src/uumotor_servo_motor_driver/src/commands.cpp:[m[K In member function ‘[01m[Kstd::vector<unsigned char> Commands::set_acceleration_max(int, int)[m[K’:
[1.344s] [01m[K/home/corey/uumotor-servo-motor-driver-ros2/src/uumotor_servo_motor_driver/src/commands.cpp:235:14:[m[K [01;31m[Kerror: [m[Kjump to case label
[1.344s]   235 |         case [01;31m[K2[m[K:
[1.344s]       |              [01;31m[K^[m[K
[1.345s] [01m[K/home/corey/uumotor-servo-motor-driver-ros2/src/uumotor_servo_motor_driver/src/commands.cpp:229:34:[m[K [01;36m[Knote: [m[K  crosses initialization of ‘[01m[Kstd::vector<unsigned char> v[m[K’
[1.345s]   229 |             std::vector<uint8_t> [01;36m[Kv[m[K = fun.int2hex(value, max_speed_, true);
[1.345s]       |                                  [01;36m[K^[m[K
[1.345s] [01m[K/home/corey/uumotor-servo-motor-driver-ros2/src/uumotor_servo_motor_driver/src/commands.cpp:236:34:[m[K [01;31m[Kerror: [m[Kredeclaration of ‘[01m[Kstd::vector<unsigned char> v[m[K’
[1.345s]   236 |             std::vector<uint8_t> [01;31m[Kv[m[K = fun.int2hex(value, max_speed_, true);
[1.345s]       |                                  [01;31m[K^[m[K
[1.345s] [01m[K/home/corey/uumotor-servo-motor-driver-ros2/src/uumotor_servo_motor_driver/src/commands.cpp:229:34:[m[K [01;36m[Knote: [m[K‘[01m[Kstd::vector<unsigned char> v[m[K’ previously declared here
[1.345s]   229 |             std::vector<uint8_t> [01;36m[Kv[m[K = fun.int2hex(value, max_speed_, true);
[1.345s]       |                                  [01;36m[K^[m[K
[1.345s] [01m[K/home/corey/uumotor-servo-motor-driver-ros2/src/uumotor_servo_motor_driver/src/commands.cpp:242:9:[m[K [01;31m[Kerror: [m[Kjump to case label
[1.345s]   242 |         [01;31m[Kdefault[m[K:
[1.345s]       |         [01;31m[K^~~~~~~[m[K
[1.345s] [01m[K/home/corey/uumotor-servo-motor-driver-ros2/src/uumotor_servo_motor_driver/src/commands.cpp:229:34:[m[K [01;36m[Knote: [m[K  crosses initialization of ‘[01m[Kstd::vector<unsigned char> v[m[K’
[1.345s]   229 |             std::vector<uint8_t> [01;36m[Kv[m[K = fun.int2hex(value, max_speed_, true);
[1.345s]       |                                  [01;36m[K^[m[K
[1.346s] [01m[K/home/corey/uumotor-servo-motor-driver-ros2/src/uumotor_servo_motor_driver/src/commands.cpp:[m[K In member function ‘[01m[Kstd::vector<unsigned char> Commands::set_deceleration_max(int, int)[m[K’:
[1.346s] [01m[K/home/corey/uumotor-servo-motor-driver-ros2/src/uumotor_servo_motor_driver/src/commands.cpp:260:14:[m[K [01;31m[Kerror: [m[Kjump to case label
[1.346s]   260 |         case [01;31m[K2[m[K:
[1.346s]       |              [01;31m[K^[m[K
[1.346s] [01m[K/home/corey/uumotor-servo-motor-driver-ros2/src/uumotor_servo_motor_driver/src/commands.cpp:254:34:[m[K [01;36m[Knote: [m[K  crosses initialization of ‘[01m[Kstd::vector<unsigned char> v[m[K’
[1.346s]   254 |             std::vector<uint8_t> [01;36m[Kv[m[K = fun.int2hex(value, max_speed_, true);
[1.346s]       |                                  [01;36m[K^[m[K
[1.346s] [01m[K/home/corey/uumotor-servo-motor-driver-ros2/src/uumotor_servo_motor_driver/src/commands.cpp:261:34:[m[K [01;31m[Kerror: [m[Kredeclaration of ‘[01m[Kstd::vector<unsigned char> v[m[K’
[1.346s]   261 |             std::vector<uint8_t> [01;31m[Kv[m[K = fun.int2hex(value, max_speed_, true);
[1.346s]       |                                  [01;31m[K^[m[K
[1.346s] [01m[K/home/corey/uumotor-servo-motor-driver-ros2/src/uumotor_servo_motor_driver/src/commands.cpp:254:34:[m[K [01;36m[Knote: [m[K‘[01m[Kstd::vector<unsigned char> v[m[K’ previously declared here
[1.346s]   254 |             std::vector<uint8_t> [01;36m[Kv[m[K = fun.int2hex(value, max_speed_, true);
[1.346s]       |                                  [01;36m[K^[m[K
[1.346s] [01m[K/home/corey/uumotor-servo-motor-driver-ros2/src/uumotor_servo_motor_driver/src/commands.cpp:267:9:[m[K [01;31m[Kerror: [m[Kjump to case label
[1.347s]   267 |         [01;31m[Kdefault[m[K:
[1.347s]       |         [01;31m[K^~~~~~~[m[K
[1.347s] [01m[K/home/corey/uumotor-servo-motor-driver-ros2/src/uumotor_servo_motor_driver/src/commands.cpp:254:34:[m[K [01;36m[Knote: [m[K  crosses initialization of ‘[01m[Kstd::vector<unsigned char> v[m[K’
[1.347s]   254 |             std::vector<uint8_t> [01;36m[Kv[m[K = fun.int2hex(value, max_speed_, true);
[1.347s]       |                                  [01;36m[K^[m[K
[1.347s] [01m[K/home/corey/uumotor-servo-motor-driver-ros2/src/uumotor_servo_motor_driver/src/commands.cpp:[m[K In member function ‘[01m[Kstd::vector<unsigned char> Commands::set_speed(int, int)[m[K’:
[1.347s] [01m[K/home/corey/uumotor-servo-motor-driver-ros2/src/uumotor_servo_motor_driver/src/commands.cpp:285:14:[m[K [01;31m[Kerror: [m[Kjump to case label
[1.347s]   285 |         case [01;31m[K2[m[K:
[1.347s]       |              [01;31m[K^[m[K
[1.347s] [01m[K/home/corey/uumotor-servo-motor-driver-ros2/src/uumotor_servo_motor_driver/src/commands.cpp:279:34:[m[K [01;36m[Knote: [m[K  crosses initialization of ‘[01m[Kstd::vector<unsigned char> v[m[K’
[1.347s]   279 |             std::vector<uint8_t> [01;36m[Kv[m[K = fun.int2hex(speed, max_speed_, true);
[1.347s]       |                                  [01;36m[K^[m[K
[1.347s] [01m[K/home/corey/uumotor-servo-motor-driver-ros2/src/uumotor_servo_motor_driver/src/commands.cpp:286:34:[m[K [01;31m[Kerror: [m[Kredeclaration of ‘[01m[Kstd::vector<unsigned char> v[m[K’
[1.347s]   286 |             std::vector<uint8_t> [01;31m[Kv[m[K = fun.int2hex(speed, max_speed_, true);
[1.347s]       |                                  [01;31m[K^[m[K
[1.348s] [01m[K/home/corey/uumotor-servo-motor-driver-ros2/src/uumotor_servo_motor_driver/src/commands.cpp:279:34:[m[K [01;36m[Knote: [m[K‘[01m[Kstd::vector<unsigned char> v[m[K’ previously declared here
[1.348s]   279 |             std::vector<uint8_t> [01;36m[Kv[m[K = fun.int2hex(speed, max_speed_, true);
[1.348s]       |                                  [01;36m[K^[m[K
[1.348s] [01m[K/home/corey/uumotor-servo-motor-driver-ros2/src/uumotor_servo_motor_driver/src/commands.cpp:292:9:[m[K [01;31m[Kerror: [m[Kjump to case label
[1.348s]   292 |         [01;31m[Kdefault[m[K:
[1.348s]       |         [01;31m[K^~~~~~~[m[K
[1.348s] [01m[K/home/corey/uumotor-servo-motor-driver-ros2/src/uumotor_servo_motor_driver/src/commands.cpp:279:34:[m[K [01;36m[Knote: [m[K  crosses initialization of ‘[01m[Kstd::vector<unsigned char> v[m[K’
[1.348s]   279 |             std::vector<uint8_t> [01;36m[Kv[m[K = fun.int2hex(speed, max_speed_, true);
[1.348s]       |                                  [01;36m[K^[m[K
[1.348s] [01m[K/home/corey/uumotor-servo-motor-driver-ros2/src/uumotor_servo_motor_driver/src/commands.cpp:[m[K In member function ‘[01m[Kstd::vector<unsigned char> Commands::set_current(int, int)[m[K’:
[1.348s] [01m[K/home/corey/uumotor-servo-motor-driver-ros2/src/uumotor_servo_motor_driver/src/commands.cpp:310:14:[m[K [01;31m[Kerror: [m[Kjump to case label
[1.348s]   310 |         case [01;31m[K2[m[K:
[1.348s]       |              [01;31m[K^[m[K
[1.348s] [01m[K/home/corey/uumotor-servo-motor-driver-ros2/src/uumotor_servo_motor_driver/src/commands.cpp:304:34:[m[K [01;36m[Knote: [m[K  crosses initialization of ‘[01m[Kstd::vector<unsigned char> v[m[K’
[1.348s]   304 |             std::vector<uint8_t> [01;36m[Kv[m[K = fun.int2hex(current, max_amp_, true);
[1.348s]       |                                  [01;36m[K^[m[K
[1.349s] [01m[K/home/corey/uumotor-servo-motor-driver-ros2/src/uumotor_servo_motor_driver/src/commands.cpp:311:34:[m[K [01;31m[Kerror: [m[Kredeclaration of ‘[01m[Kstd::vector<unsigned char> v[m[K’
[1.349s]   311 |             std::vector<uint8_t> [01;31m[Kv[m[K = fun.int2hex(current, max_amp_, true);
[1.349s]       |                                  [01;31m[K^[m[K
[1.349s] [01m[K/home/corey/uumotor-servo-motor-driver-ros2/src/uumotor_servo_motor_driver/src/commands.cpp:304:34:[m[K [01;36m[Knote: [m[K‘[01m[Kstd::vector<unsigned char> v[m[K’ previously declared here
[1.349s]   304 |             std::vector<uint8_t> [01;36m[Kv[m[K = fun.int2hex(current, max_amp_, true);
[1.349s]       |                                  [01;36m[K^[m[K
[1.349s] [01m[K/home/corey/uumotor-servo-motor-driver-ros2/src/uumotor_servo_motor_driver/src/commands.cpp:317:9:[m[K [01;31m[Kerror: [m[Kjump to case label
[1.349s]   317 |         [01;31m[Kdefault[m[K:
[1.349s]       |         [01;31m[K^~~~~~~[m[K
[1.349s] [01m[K/home/corey/uumotor-servo-motor-driver-ros2/src/uumotor_servo_motor_driver/src/commands.cpp:304:34:[m[K [01;36m[Knote: [m[K  crosses initialization of ‘[01m[Kstd::vector<unsigned char> v[m[K’
[1.349s]   304 |             std::vector<uint8_t> [01;36m[Kv[m[K = fun.int2hex(current, max_amp_, true);
[1.349s]       |                                  [01;36m[K^[m[K
[1.768s] [01m[K/home/corey/uumotor-servo-motor-driver-ros2/src/uumotor_servo_motor_driver/src/commands.cpp:[m[K In member function ‘[01m[Kstd::vector<unsigned char> Commands::set_acceleration_max(int, int)[m[K’:
[1.768s] [01m[K/home/corey/uumotor-servo-motor-driver-ros2/src/uumotor_servo_motor_driver/src/commands.cpp:246:1:[m[K [01;35m[Kwarning: [m[Kcontrol reaches end of non-void function [[01;35m[K-Wreturn-type[m[K]
[1.768s]   246 | [01;35m[K}[m[K
[1.768s]       | [01;35m[K^[m[K
[1.768s] [01m[K/home/corey/uumotor-servo-motor-driver-ros2/src/uumotor_servo_motor_driver/src/commands.cpp:[m[K In member function ‘[01m[Kstd::vector<unsigned char> Commands::set_deceleration_max(int, int)[m[K’:
[1.768s] [01m[K/home/corey/uumotor-servo-motor-driver-ros2/src/uumotor_servo_motor_driver/src/commands.cpp:271:1:[m[K [01;35m[Kwarning: [m[Kcontrol reaches end of non-void function [[01;35m[K-Wreturn-type[m[K]
[1.768s]   271 | [01;35m[K}[m[K
[1.769s]       | [01;35m[K^[m[K
[1.769s] [01m[K/home/corey/uumotor-servo-motor-driver-ros2/src/uumotor_servo_motor_driver/src/commands.cpp:[m[K In member function ‘[01m[Kstd::vector<unsigned char> Commands::set_speed(int, int)[m[K’:
[1.769s] [01m[K/home/corey/uumotor-servo-motor-driver-ros2/src/uumotor_servo_motor_driver/src/commands.cpp:296:1:[m[K [01;35m[Kwarning: [m[Kcontrol reaches end of non-void function [[01;35m[K-Wreturn-type[m[K]
[1.769s]   296 | [01;35m[K}[m[K
[1.769s]       | [01;35m[K^[m[K
[1.769s] [01m[K/home/corey/uumotor-servo-motor-driver-ros2/src/uumotor_servo_motor_driver/src/commands.cpp:[m[K In member function ‘[01m[Kstd::vector<unsigned char> Commands::set_current(int, int)[m[K’:
[1.769s] [01m[K/home/corey/uumotor-servo-motor-driver-ros2/src/uumotor_servo_motor_driver/src/commands.cpp:321:1:[m[K [01;35m[Kwarning: [m[Kcontrol reaches end of non-void function [[01;35m[K-Wreturn-type[m[K]
[1.769s]   321 | [01;35m[K}[m[K
[1.769s]       | [01;35m[K^[m[K
[1.788s] make[2]: *** [CMakeFiles/uumotor_servo_motor_driver.dir/build.make:76: CMakeFiles/uumotor_servo_motor_driver.dir/src/commands.cpp.o] Error 1
[1.788s] make[1]: *** [CMakeFiles/Makefile2:143: CMakeFiles/uumotor_servo_motor_driver.dir/all] Error 2
[1.788s] make[1]: *** Waiting for unfinished jobs....
[1.795s] [01m[K/home/corey/uumotor-servo-motor-driver-ros2/src/uumotor_servo_motor_driver/src/commands.cpp:[m[K In member function ‘[01m[Kstd::vector<unsigned char> Commands::set_acceleration_max(int, int)[m[K’:
[1.795s] [01m[K/home/corey/uumotor-servo-motor-driver-ros2/src/uumotor_servo_motor_driver/src/commands.cpp:246:1:[m[K [01;35m[Kwarning: [m[Kcontrol reaches end of non-void function [[01;35m[K-Wreturn-type[m[K]
[1.795s]   246 | [01;35m[K}[m[K
[1.795s]       | [01;35m[K^[m[K
[1.795s] [01m[K/home/corey/uumotor-servo-motor-driver-ros2/src/uumotor_servo_motor_driver/src/commands.cpp:[m[K In member function ‘[01m[Kstd::vector<unsigned char> Commands::set_deceleration_max(int, int)[m[K’:
[1.795s] [01m[K/home/corey/uumotor-servo-motor-driver-ros2/src/uumotor_servo_motor_driver/src/commands.cpp:271:1:[m[K [01;35m[Kwarning: [m[Kcontrol reaches end of non-void function [[01;35m[K-Wreturn-type[m[K]
[1.795s]   271 | [01;35m[K}[m[K
[1.795s]       | [01;35m[K^[m[K
[1.795s] [01m[K/home/corey/uumotor-servo-motor-driver-ros2/src/uumotor_servo_motor_driver/src/commands.cpp:[m[K In member function ‘[01m[Kstd::vector<unsigned char> Commands::set_speed(int, int)[m[K’:
[1.795s] [01m[K/home/corey/uumotor-servo-motor-driver-ros2/src/uumotor_servo_motor_driver/src/commands.cpp:296:1:[m[K [01;35m[Kwarning: [m[Kcontrol reaches end of non-void function [[01;35m[K-Wreturn-type[m[K]
[1.795s]   296 | [01;35m[K}[m[K
[1.795s]       | [01;35m[K^[m[K
[1.795s] [01m[K/home/corey/uumotor-servo-motor-driver-ros2/src/uumotor_servo_motor_driver/src/commands.cpp:[m[K In member function ‘[01m[Kstd::vector<unsigned char> Commands::set_current(int, int)[m[K’:
[1.795s] [01m[K/home/corey/uumotor-servo-motor-driver-ros2/src/uumotor_servo_motor_driver/src/commands.cpp:321:1:[m[K [01;35m[Kwarning: [m[Kcontrol reaches end of non-void function [[01;35m[K-Wreturn-type[m[K]
[1.795s]   321 | [01;35m[K}[m[K
[1.795s]       | [01;35m[K^[m[K
[1.815s] make[2]: *** [CMakeFiles/cmd.dir/build.make:76: CMakeFiles/cmd.dir/src/commands.cpp.o] Error 1
[1.815s] make[1]: *** [CMakeFiles/Makefile2:222: CMakeFiles/cmd.dir/all] Error 2
[1.816s] make: *** [Makefile:146: all] Error 2
[1.819s] Invoked command in '/home/corey/uumotor-servo-motor-driver-ros2/build/uumotor_servo_motor_driver' returned '2': CMAKE_PREFIX_PATH=${CMAKE_PREFIX_PATH}:/opt/ros/galactic /home/corey/.local/bin/cmake --build /home/corey/uumotor-servo-motor-driver-ros2/build/uumotor_servo_motor_driver -- -j16 -l16
