[01m[K/home/corey/uumotor-servo-motor-driver-ros2/src/uumotor_servo_motor_driver/src/functions.cpp:[m[K In member function ‘[01m[Kuint8_t Functions::get_hex_msg(uint8_t&, uint16_t)[m[K’:
[01m[K/home/corey/uumotor-servo-motor-driver-ros2/src/uumotor_servo_motor_driver/src/functions.cpp:35:13:[m[K [01;35m[Kwarning: [m[Kunused variable ‘[01m[Klow[m[K’ [[01;35m[K-Wunused-variable[m[K]
   35 |     uint8_t [01;35m[Klow[m[K = 0xFF;
      |             [01;35m[K^~~[m[K
[01m[K/home/corey/uumotor-servo-motor-driver-ros2/src/uumotor_servo_motor_driver/src/functions.cpp:31:41:[m[K [01;35m[Kwarning: [m[Kunused parameter ‘[01m[Kdata[m[K’ [[01;35m[K-Wunused-parameter[m[K]
   31 | uint8_t Functions::get_hex_msg([01;35m[Kuint8_t &data[m[K, uint16_t crc)
      |                                [01;35m[K~~~~~~~~~^~~~[m[K
[01m[K/home/corey/uumotor-servo-motor-driver-ros2/src/uumotor_servo_motor_driver/src/functions.cpp:[m[K In member function ‘[01m[Kuint8_t Functions::get_hex_msg(uint8_t&, uint16_t)[m[K’:
[01m[K/home/corey/uumotor-servo-motor-driver-ros2/src/uumotor_servo_motor_driver/src/functions.cpp:35:13:[m[K [01;35m[Kwarning: [m[Kunused variable ‘[01m[Klow[m[K’ [[01;35m[K-Wunused-variable[m[K]
   35 |     uint8_t [01;35m[Klow[m[K = 0xFF;
      |             [01;35m[K^~~[m[K
[01m[K/home/corey/uumotor-servo-motor-driver-ros2/src/uumotor_servo_motor_driver/src/functions.cpp:31:41:[m[K [01;35m[Kwarning: [m[Kunused parameter ‘[01m[Kdata[m[K’ [[01;35m[K-Wunused-parameter[m[K]
   31 | uint8_t Functions::get_hex_msg([01;35m[Kuint8_t &data[m[K, uint16_t crc)
      |                                [01;35m[K~~~~~~~~~^~~~[m[K
[01m[K/home/corey/uumotor-servo-motor-driver-ros2/src/uumotor_servo_motor_driver/src/functions.cpp:[m[K In member function ‘[01m[Kuint8_t Functions::get_hex_msg(uint8_t&, uint16_t)[m[K’:
[01m[K/home/corey/uumotor-servo-motor-driver-ros2/src/uumotor_servo_motor_driver/src/functions.cpp:35:13:[m[K [01;35m[Kwarning: [m[Kunused variable ‘[01m[Klow[m[K’ [[01;35m[K-Wunused-variable[m[K]
   35 |     uint8_t [01;35m[Klow[m[K = 0xFF;
      |             [01;35m[K^~~[m[K
[01m[K/home/corey/uumotor-servo-motor-driver-ros2/src/uumotor_servo_motor_driver/src/functions.cpp:31:41:[m[K [01;35m[Kwarning: [m[Kunused parameter ‘[01m[Kdata[m[K’ [[01;35m[K-Wunused-parameter[m[K]
   31 | uint8_t Functions::get_hex_msg([01;35m[Kuint8_t &data[m[K, uint16_t crc)
      |                                [01;35m[K~~~~~~~~~^~~~[m[K
[01m[K/home/corey/uumotor-servo-motor-driver-ros2/src/uumotor_servo_motor_driver/src/test_node.cpp:[m[K In function ‘[01m[Kint main(int, char**)[m[K’:
[01m[K/home/corey/uumotor-servo-motor-driver-ros2/src/uumotor_servo_motor_driver/src/test_node.cpp:38:36:[m[K [01;31m[Kerror: [m[Kinvalid conversion from ‘[01m[Kuint8_t*[m[K’ {aka ‘[01m[Kunsigned char*[m[K’} to ‘[01m[Kuint8_t[m[K’ {aka ‘[01m[Kunsigned char[m[K’} [[01;31m[K-fpermissive[m[K]
   38 |     uint8_t high = fun.get_hex_msg([01;31m[Kcmd[m[K, crc);
      |                                    [01;31m[K^~~[m[K
      |                                    [01;31m[K|[m[K
      |                                    [01;31m[Kuint8_t* {aka unsigned char*}[m[K
In file included from [01m[K/home/corey/uumotor-servo-motor-driver-ros2/src/uumotor_servo_motor_driver/src/test_node.cpp:10[m[K:
[01m[K/home/corey/uumotor-servo-motor-driver-ros2/src/uumotor_servo_motor_driver/include/uumotor_servo_motor_driver/functions.h:18:34:[m[K [01;36m[Knote: [m[K  initializing argument 1 of ‘[01m[Kuint8_t Functions::get_hex_msg(uint8_t&, uint16_t)[m[K’
   18 |     uint8_t get_hex_msg([01;36m[Kuint8_t &data[m[K, uint16_t crc);
      |                         [01;36m[K~~~~~~~~~^~~~[m[K
[01m[K/home/corey/uumotor-servo-motor-driver-ros2/src/uumotor_servo_motor_driver/src/test_node.cpp:38:36:[m[K [01;31m[Kerror: [m[Kcannot bind rvalue ‘[01m[K(uint8_t)((uint8_t*)(& cmd))[m[K’ to ‘[01m[Kuint8_t&[m[K’ {aka ‘[01m[Kunsigned char&[m[K’}
   38 |     uint8_t high = fun.get_hex_msg([01;31m[Kcmd[m[K, crc);
      |                                    [01;31m[K^~~[m[K
make[2]: *** [CMakeFiles/driver.dir/build.make:76: CMakeFiles/driver.dir/src/test_node.cpp.o] Error 1
make[1]: *** [CMakeFiles/Makefile2:167: CMakeFiles/driver.dir/all] Error 2
make: *** [Makefile:146: all] Error 2
