[ 12%] [32mBuilding CXX object CMakeFiles/fun.dir/src/functions.cpp.o[0m
[ 25%] [32mBuilding CXX object CMakeFiles/uumotor_servo_motor_driver.dir/src/functions.cpp.o[0m
[01m[K/home/corey/uumotor-servo-motor-driver-ros2/src/uumotor_servo_motor_driver/src/functions.cpp:[m[K In member function ‘[01m[Kvoid Functions::get_hex_msg(uint8_t&, uint16_t)[m[K’:
[01m[K/home/corey/uumotor-servo-motor-driver-ros2/src/uumotor_servo_motor_driver/src/functions.cpp:31:38:[m[K [01;35m[Kwarning: [m[Kunused parameter ‘[01m[Kdata[m[K’ [[01;35m[K-Wunused-parameter[m[K]
   31 | void Functions::get_hex_msg([01;35m[Kuint8_t &data[m[K, uint16_t crc)
      |                             [01;35m[K~~~~~~~~~^~~~[m[K
[01m[K/home/corey/uumotor-servo-motor-driver-ros2/src/uumotor_servo_motor_driver/src/functions.cpp:31:53:[m[K [01;35m[Kwarning: [m[Kunused parameter ‘[01m[Kcrc[m[K’ [[01;35m[K-Wunused-parameter[m[K]
   31 | void Functions::get_hex_msg(uint8_t &data, [01;35m[Kuint16_t crc[m[K)
      |                                            [01;35m[K~~~~~~~~~^~~[m[K
[01m[K/home/corey/uumotor-servo-motor-driver-ros2/src/uumotor_servo_motor_driver/src/functions.cpp:[m[K In member function ‘[01m[Kvoid Functions::get_hex_msg(uint8_t&, uint16_t)[m[K’:
[01m[K/home/corey/uumotor-servo-motor-driver-ros2/src/uumotor_servo_motor_driver/src/functions.cpp:31:38:[m[K [01;35m[Kwarning: [m[Kunused parameter ‘[01m[Kdata[m[K’ [[01;35m[K-Wunused-parameter[m[K]
   31 | void Functions::get_hex_msg([01;35m[Kuint8_t &data[m[K, uint16_t crc)
      |                             [01;35m[K~~~~~~~~~^~~~[m[K
[01m[K/home/corey/uumotor-servo-motor-driver-ros2/src/uumotor_servo_motor_driver/src/functions.cpp:31:53:[m[K [01;35m[Kwarning: [m[Kunused parameter ‘[01m[Kcrc[m[K’ [[01;35m[K-Wunused-parameter[m[K]
   31 | void Functions::get_hex_msg(uint8_t &data, [01;35m[Kuint16_t crc[m[K)
      |                                            [01;35m[K~~~~~~~~~^~~[m[K
[ 37%] [32m[1mLinking CXX static library libfun.a[0m
[ 50%] [32m[1mLinking CXX shared library libuumotor_servo_motor_driver.so[0m
[ 50%] Built target fun
[ 62%] [32mBuilding CXX object CMakeFiles/driver.dir/src/test_node.cpp.o[0m
[ 75%] [32mBuilding CXX object CMakeFiles/driver.dir/src/functions.cpp.o[0m
[ 87%] Built target uumotor_servo_motor_driver
[01m[K/home/corey/uumotor-servo-motor-driver-ros2/src/uumotor_servo_motor_driver/src/functions.cpp:[m[K In member function ‘[01m[Kvoid Functions::get_hex_msg(uint8_t&, uint16_t)[m[K’:
[01m[K/home/corey/uumotor-servo-motor-driver-ros2/src/uumotor_servo_motor_driver/src/functions.cpp:31:38:[m[K [01;35m[Kwarning: [m[Kunused parameter ‘[01m[Kdata[m[K’ [[01;35m[K-Wunused-parameter[m[K]
   31 | void Functions::get_hex_msg([01;35m[Kuint8_t &data[m[K, uint16_t crc)
      |                             [01;35m[K~~~~~~~~~^~~~[m[K
[01m[K/home/corey/uumotor-servo-motor-driver-ros2/src/uumotor_servo_motor_driver/src/functions.cpp:31:53:[m[K [01;35m[Kwarning: [m[Kunused parameter ‘[01m[Kcrc[m[K’ [[01;35m[K-Wunused-parameter[m[K]
   31 | void Functions::get_hex_msg(uint8_t &data, [01;35m[Kuint16_t crc[m[K)
      |                                            [01;35m[K~~~~~~~~~^~~[m[K
[01m[K/home/corey/uumotor-servo-motor-driver-ros2/src/uumotor_servo_motor_driver/src/test_node.cpp:[m[K In function ‘[01m[Kint main(int, char**)[m[K’:
[01m[K/home/corey/uumotor-servo-motor-driver-ros2/src/uumotor_servo_motor_driver/src/test_node.cpp:44:64:[m[K [01;31m[Kerror: [m[Kinvalid static_cast from type ‘[01m[Kuint8_t [8][m[K’ {aka ‘[01m[Kunsigned char [8][m[K’} to type ‘[01m[Kint[m[K’
   44 |     std::cout << "message " << std::hex << static_cast<int>(cmd[01;31m[K)[m[K << std::endl;
      |                                                                [01;31m[K^[m[K
[01m[K/home/corey/uumotor-servo-motor-driver-ros2/src/uumotor_servo_motor_driver/src/test_node.cpp:45:64:[m[K [01;31m[Kerror: [m[Kinvalid static_cast from type ‘[01m[Kuint8_t [8][m[K’ {aka ‘[01m[Kunsigned char [8][m[K’} to type ‘[01m[Kint[m[K’
   45 |     std::cout << "message " << std::hex << static_cast<int>(cmd[01;31m[K)[m[K << std::endl;
      |                                                                [01;31m[K^[m[K
make[2]: *** [CMakeFiles/driver.dir/build.make:76: CMakeFiles/driver.dir/src/test_node.cpp.o] Error 1
make[1]: *** [CMakeFiles/Makefile2:167: CMakeFiles/driver.dir/all] Error 2
make: *** [Makefile:146: all] Error 2
