[0.012s] Invoking command in '/home/corey/uumotor-servo-motor-driver-ros2/build/uumotor_servo_motor_driver': CMAKE_PREFIX_PATH=${CMAKE_PREFIX_PATH}:/opt/ros/galactic /home/corey/.local/bin/cmake --build /home/corey/uumotor-servo-motor-driver-ros2/build/uumotor_servo_motor_driver -- -j16 -l16
[0.046s] [ 12%] [32mBuilding CXX object CMakeFiles/fun.dir/src/functions.cpp.o[0m
[0.046s] [ 25%] [32mBuilding CXX object CMakeFiles/uumotor_servo_motor_driver.dir/src/functions.cpp.o[0m
[0.145s] [01m[K/home/corey/uumotor-servo-motor-driver-ros2/src/uumotor_servo_motor_driver/src/functions.cpp:[m[K In member function ‘[01m[Kvoid Functions::get_hex_msg(uint8_t&, uint16_t)[m[K’:
[0.145s] [01m[K/home/corey/uumotor-servo-motor-driver-ros2/src/uumotor_servo_motor_driver/src/functions.cpp:31:38:[m[K [01;35m[Kwarning: [m[Kunused parameter ‘[01m[Kdata[m[K’ [[01;35m[K-Wunused-parameter[m[K]
[0.145s]    31 | void Functions::get_hex_msg([01;35m[Kuint8_t &data[m[K, uint16_t crc)
[0.145s]       |                             [01;35m[K~~~~~~~~~^~~~[m[K
[0.145s] [01m[K/home/corey/uumotor-servo-motor-driver-ros2/src/uumotor_servo_motor_driver/src/functions.cpp:31:53:[m[K [01;35m[Kwarning: [m[Kunused parameter ‘[01m[Kcrc[m[K’ [[01;35m[K-Wunused-parameter[m[K]
[0.145s]    31 | void Functions::get_hex_msg(uint8_t &data, [01;35m[Kuint16_t crc[m[K)
[0.145s]       |                                            [01;35m[K~~~~~~~~~^~~[m[K
[0.146s] [01m[K/home/corey/uumotor-servo-motor-driver-ros2/src/uumotor_servo_motor_driver/src/functions.cpp:[m[K In member function ‘[01m[Kvoid Functions::get_hex_msg(uint8_t&, uint16_t)[m[K’:
[0.146s] [01m[K/home/corey/uumotor-servo-motor-driver-ros2/src/uumotor_servo_motor_driver/src/functions.cpp:31:38:[m[K [01;35m[Kwarning: [m[Kunused parameter ‘[01m[Kdata[m[K’ [[01;35m[K-Wunused-parameter[m[K]
[0.146s]    31 | void Functions::get_hex_msg([01;35m[Kuint8_t &data[m[K, uint16_t crc)
[0.146s]       |                             [01;35m[K~~~~~~~~~^~~~[m[K
[0.146s] [01m[K/home/corey/uumotor-servo-motor-driver-ros2/src/uumotor_servo_motor_driver/src/functions.cpp:31:53:[m[K [01;35m[Kwarning: [m[Kunused parameter ‘[01m[Kcrc[m[K’ [[01;35m[K-Wunused-parameter[m[K]
[0.146s]    31 | void Functions::get_hex_msg(uint8_t &data, [01;35m[Kuint16_t crc[m[K)
[0.147s]       |                                            [01;35m[K~~~~~~~~~^~~[m[K
[0.171s] [ 37%] [32m[1mLinking CXX static library libfun.a[0m
[0.173s] [ 50%] [32m[1mLinking CXX shared library libuumotor_servo_motor_driver.so[0m
[0.178s] [ 50%] Built target fun
[0.191s] [ 62%] [32mBuilding CXX object CMakeFiles/driver.dir/src/test_node.cpp.o[0m
[0.191s] [ 75%] [32mBuilding CXX object CMakeFiles/driver.dir/src/functions.cpp.o[0m
[0.207s] [ 87%] Built target uumotor_servo_motor_driver
[0.317s] [01m[K/home/corey/uumotor-servo-motor-driver-ros2/src/uumotor_servo_motor_driver/src/functions.cpp:[m[K In member function ‘[01m[Kvoid Functions::get_hex_msg(uint8_t&, uint16_t)[m[K’:
[0.317s] [01m[K/home/corey/uumotor-servo-motor-driver-ros2/src/uumotor_servo_motor_driver/src/functions.cpp:31:38:[m[K [01;35m[Kwarning: [m[Kunused parameter ‘[01m[Kdata[m[K’ [[01;35m[K-Wunused-parameter[m[K]
[0.317s]    31 | void Functions::get_hex_msg([01;35m[Kuint8_t &data[m[K, uint16_t crc)
[0.317s]       |                             [01;35m[K~~~~~~~~~^~~~[m[K
[0.317s] [01m[K/home/corey/uumotor-servo-motor-driver-ros2/src/uumotor_servo_motor_driver/src/functions.cpp:31:53:[m[K [01;35m[Kwarning: [m[Kunused parameter ‘[01m[Kcrc[m[K’ [[01;35m[K-Wunused-parameter[m[K]
[0.317s]    31 | void Functions::get_hex_msg(uint8_t &data, [01;35m[Kuint16_t crc[m[K)
[0.317s]       |                                            [01;35m[K~~~~~~~~~^~~[m[K
[1.331s] [01m[K/home/corey/uumotor-servo-motor-driver-ros2/src/uumotor_servo_motor_driver/src/test_node.cpp:[m[K In function ‘[01m[Kint main(int, char**)[m[K’:
[1.331s] [01m[K/home/corey/uumotor-servo-motor-driver-ros2/src/uumotor_servo_motor_driver/src/test_node.cpp:44:64:[m[K [01;31m[Kerror: [m[Kinvalid static_cast from type ‘[01m[Kuint8_t [8][m[K’ {aka ‘[01m[Kunsigned char [8][m[K’} to type ‘[01m[Kint[m[K’
[1.332s]    44 |     std::cout << "message " << std::hex << static_cast<int>(cmd[01;31m[K)[m[K << std::endl;
[1.332s]       |                                                                [01;31m[K^[m[K
[1.332s] [01m[K/home/corey/uumotor-servo-motor-driver-ros2/src/uumotor_servo_motor_driver/src/test_node.cpp:45:64:[m[K [01;31m[Kerror: [m[Kinvalid static_cast from type ‘[01m[Kuint8_t [8][m[K’ {aka ‘[01m[Kunsigned char [8][m[K’} to type ‘[01m[Kint[m[K’
[1.332s]    45 |     std::cout << "message " << std::hex << static_cast<int>(cmd[01;31m[K)[m[K << std::endl;
[1.332s]       |                                                                [01;31m[K^[m[K
[1.781s] make[2]: *** [CMakeFiles/driver.dir/build.make:76: CMakeFiles/driver.dir/src/test_node.cpp.o] Error 1
[1.781s] make[1]: *** [CMakeFiles/Makefile2:167: CMakeFiles/driver.dir/all] Error 2
[1.782s] make: *** [Makefile:146: all] Error 2
[1.785s] Invoked command in '/home/corey/uumotor-servo-motor-driver-ros2/build/uumotor_servo_motor_driver' returned '2': CMAKE_PREFIX_PATH=${CMAKE_PREFIX_PATH}:/opt/ros/galactic /home/corey/.local/bin/cmake --build /home/corey/uumotor-servo-motor-driver-ros2/build/uumotor_servo_motor_driver -- -j16 -l16
