[0.153s] Invoking command in '/home/corey/uumotor-servo-motor-driver-ros2/build/uumotor_servo_motor_driver': CMAKE_PREFIX_PATH=${CMAKE_PREFIX_PATH}:/opt/ros/galactic /home/corey/.local/bin/cmake --build /home/corey/uumotor-servo-motor-driver-ros2/build/uumotor_servo_motor_driver -- -j16 -l16
[0.184s] [ 18%] Built target fun
[0.186s] [ 36%] Built target cmd
[0.187s] [ 63%] Built target uumotor_servo_motor_driver
[0.202s] [ 72%] [32mBuilding CXX object CMakeFiles/driver.dir/src/test_node.cpp.o[0m
[1.357s] In file included from [01m[K/home/corey/uumotor-servo-motor-driver-ros2/src/uumotor_servo_motor_driver/src/test_node.cpp:8[m[K:
[1.358s] [01m[K/home/corey/uumotor-servo-motor-driver-ros2/src/uumotor_servo_motor_driver/include/uumotor_servo_motor_driver/controller.hpp:69:37:[m[K [01;31m[Kerror: [m[K‘[01m[Kmonitor[m[K’ is not a type
[1.358s]    69 |         std::thread monitor_thread ([01;31m[Kmonitor[m[K);
[1.358s]       |                                     [01;31m[K^~~~~~~[m[K
[1.358s] [01m[K/home/corey/uumotor-servo-motor-driver-ros2/src/uumotor_servo_motor_driver/include/uumotor_servo_motor_driver/controller.hpp:71:2:[m[K [01;31m[Kerror: [m[Kexpected ‘[01m[K;[m[K’ after class definition
[1.358s]    71 | }
[1.358s]       |  [01;31m[K^[m[K
[1.358s]       |  [32m[K;[m[K
[1.358s] [01m[K/home/corey/uumotor-servo-motor-driver-ros2/src/uumotor_servo_motor_driver/include/uumotor_servo_motor_driver/controller.hpp:[m[K In member function ‘[01m[Kvoid Controller::start_demo()[m[K’:
[1.358s] [01m[K/home/corey/uumotor-servo-motor-driver-ros2/src/uumotor_servo_motor_driver/include/uumotor_servo_motor_driver/controller.hpp:21:25:[m[K [01;35m[Kwarning: [m[KISO C++ forbids converting a string constant to ‘[01m[Kchar*[m[K’ [[01;35m[K-Wwrite-strings[m[K]
[1.358s]    21 |                 sprintf([01;35m[K"test"[m[K);
[1.358s]       |                         [01;35m[K^~~~~~[m[K
[1.358s] [01m[K/home/corey/uumotor-servo-motor-driver-ros2/src/uumotor_servo_motor_driver/include/uumotor_servo_motor_driver/controller.hpp:21:31:[m[K [01;31m[Kerror: [m[Ktoo few arguments to function ‘[01m[Kint sprintf(char*, const char*, ...)[m[K’
[1.358s]    21 |                 sprintf("test"[01;31m[K)[m[K;
[1.358s]       |                               [01;31m[K^[m[K
[1.358s] In file included from [01m[K/usr/include/c++/9/cstdio:42[m[K,
[1.358s]                  from [01m[K/usr/include/c++/9/ext/string_conversions.h:43[m[K,
[1.358s]                  from [01m[K/usr/include/c++/9/bits/basic_string.h:6496[m[K,
[1.358s]                  from [01m[K/usr/include/c++/9/string:55[m[K,
[1.358s]                  from [01m[K/usr/include/c++/9/bits/locale_classes.h:40[m[K,
[1.358s]                  from [01m[K/usr/include/c++/9/bits/ios_base.h:41[m[K,
[1.358s]                  from [01m[K/usr/include/c++/9/ios:42[m[K,
[1.358s]                  from [01m[K/usr/include/c++/9/ostream:38[m[K,
[1.359s]                  from [01m[K/usr/include/c++/9/iostream:39[m[K,
[1.359s]                  from [01m[K/home/corey/uumotor-servo-motor-driver-ros2/src/uumotor_servo_motor_driver/src/test_node.cpp:1[m[K:
[1.359s] [01m[K/usr/include/stdio.h:334:12:[m[K [01;36m[Knote: [m[Kdeclared here
[1.359s]   334 | extern int [01;36m[Ksprintf[m[K (char *__restrict __s,
[1.359s]       |            [01;36m[K^~~~~~~[m[K
[1.359s] In file included from [01m[K/home/corey/uumotor-servo-motor-driver-ros2/src/uumotor_servo_motor_driver/src/test_node.cpp:8[m[K:
[1.359s] [01m[K/home/corey/uumotor-servo-motor-driver-ros2/src/uumotor_servo_motor_driver/include/uumotor_servo_motor_driver/controller.hpp:[m[K In member function ‘[01m[Kvoid Controller::monitor()[m[K’:
[1.359s] [01m[K/home/corey/uumotor-servo-motor-driver-ros2/src/uumotor_servo_motor_driver/include/uumotor_servo_motor_driver/controller.hpp:48:33:[m[K [01;31m[Kerror: [m[Kcannot convert ‘[01m[KMotorController::calibrate[m[K’ from type ‘[01m[Kvoid (MotorController::)(int)[m[K’ to type ‘[01m[Kbool[m[K’
[1.359s]    48 |                 if (MC.calibrate[01;31m[K)[m[K
[1.359s]       |                                 [01;31m[K^[m[K
[1.359s] [01m[K/home/corey/uumotor-servo-motor-driver-ros2/src/uumotor_servo_motor_driver/include/uumotor_servo_motor_driver/controller.hpp:53:28:[m[K [01;31m[Kerror: [m[Kinvalid use of member function ‘[01m[Kvoid MotorController::calibrate(int)[m[K’ (did you forget the ‘[01m[K()[m[K’ ?)
[1.359s]    53 |                         [01;31m[KMC.calibrate[m[K = false;
[1.359s]       |                         [01;31m[K~~~^~~~~~~~~[m[K
[1.359s] [01m[K/home/corey/uumotor-servo-motor-driver-ros2/src/uumotor_servo_motor_driver/include/uumotor_servo_motor_driver/controller.hpp:58:28:[m[K [01;31m[Kerror: [m[Kinvalid use of member function ‘[01m[Kvoid MotorController::calibrate(int)[m[K’ (did you forget the ‘[01m[K()[m[K’ ?)
[1.359s]    58 |                         [01;31m[KMC.calibrate[m[K = false;
[1.359s]       |                         [01;31m[K~~~^~~~~~~~~[m[K
[1.807s] make[2]: *** [CMakeFiles/driver.dir/build.make:76: CMakeFiles/driver.dir/src/test_node.cpp.o] Error 1
[1.807s] make[1]: *** [CMakeFiles/Makefile2:170: CMakeFiles/driver.dir/all] Error 2
[1.807s] make: *** [Makefile:146: all] Error 2
[1.811s] Invoked command in '/home/corey/uumotor-servo-motor-driver-ros2/build/uumotor_servo_motor_driver' returned '2': CMAKE_PREFIX_PATH=${CMAKE_PREFIX_PATH}:/opt/ros/galactic /home/corey/.local/bin/cmake --build /home/corey/uumotor-servo-motor-driver-ros2/build/uumotor_servo_motor_driver -- -j16 -l16
