[0.013s] Invoking command in '/home/corey/uumotor-servo-motor-driver-ros2/build/uumotor_servo_motor_driver': CMAKE_PREFIX_PATH=/opt/ros/galactic /home/corey/.local/bin/cmake --build /home/corey/uumotor-servo-motor-driver-ros2/build/uumotor_servo_motor_driver -- -j16 -l16
[0.048s] [ 18%] Built target fun
[0.050s] [ 36%] Built target cmd
[0.050s] [ 63%] Built target uumotor_servo_motor_driver
[0.068s] [ 72%] [32mBuilding CXX object CMakeFiles/driver.dir/src/test_node.cpp.o[0m
[1.294s] In file included from [01m[K/home/corey/uumotor-servo-motor-driver-ros2/src/uumotor_servo_motor_driver/src/test_node.cpp:12[m[K:
[1.294s] [01m[K/home/corey/uumotor-servo-motor-driver-ros2/src/uumotor_servo_motor_driver/include/uumotor_servo_motor_driver/comms.hpp:89:2:[m[K [01;31m[Kerror: [m[Kexpected ‘[01m[K;[m[K’ after class definition
[1.294s]    89 | }
[1.294s]       |  [01;31m[K^[m[K
[1.294s]       |  [32m[K;[m[K
[1.294s] [01m[K/home/corey/uumotor-servo-motor-driver-ros2/src/uumotor_servo_motor_driver/include/uumotor_servo_motor_driver/comms.hpp:[m[K In member function ‘[01m[Kstd::string Comms::send_command(const string&, bool)[m[K’:
[1.294s] [01m[K/home/corey/uumotor-servo-motor-driver-ros2/src/uumotor_servo_motor_driver/include/uumotor_servo_motor_driver/comms.hpp:57:38:[m[K [01;31m[Kerror: [m[Kbase operand of ‘[01m[K->[m[K’ has non-pointer type ‘[01m[Kconst string[m[K’ {aka ‘[01m[Kconst std::__cxx11::basic_string<char>[m[K’}
[1.294s]    57 |             serial_.Write(cmd, 0, cmd[01;31m[K->[m[KLength);
[1.294s]       |                                      [01;31m[K^~[m[K
[1.295s] In file included from [01m[K/opt/ros/galactic/include/rclcpp/client.hpp:40[m[K,
[1.295s]                  from [01m[K/opt/ros/galactic/include/rclcpp/callback_group.hpp:23[m[K,
[1.295s]                  from [01m[K/opt/ros/galactic/include/rclcpp/any_executable.hpp:20[m[K,
[1.295s]                  from [01m[K/opt/ros/galactic/include/rclcpp/memory_strategy.hpp:25[m[K,
[1.295s]                  from [01m[K/opt/ros/galactic/include/rclcpp/memory_strategies.hpp:18[m[K,
[1.295s]                  from [01m[K/opt/ros/galactic/include/rclcpp/executor_options.hpp:20[m[K,
[1.295s]                  from [01m[K/opt/ros/galactic/include/rclcpp/executor.hpp:36[m[K,
[1.296s]                  from [01m[K/opt/ros/galactic/include/rclcpp/executors/multi_threaded_executor.hpp:26[m[K,
[1.296s]                  from [01m[K/opt/ros/galactic/include/rclcpp/executors.hpp:21[m[K,
[1.296s]                  from [01m[K/opt/ros/galactic/include/rclcpp/rclcpp.hpp:156[m[K,
[1.296s]                  from [01m[K/home/corey/uumotor-servo-motor-driver-ros2/src/uumotor_servo_motor_driver/src/test_node.cpp:9[m[K:
[1.296s] [01m[K/home/corey/uumotor-servo-motor-driver-ros2/src/uumotor_servo_motor_driver/include/uumotor_servo_motor_driver/comms.hpp:73:59:[m[K [01;31m[Kerror: [m[Kcannot convert ‘[01m[Kstd::stringstream[m[K’ {aka ‘[01m[Kstd::__cxx11::basic_stringstream<char>[m[K’} to ‘[01m[Kconst char*[m[K’
[1.296s]    73 |                 RCLCPP_INFO(rclcpp::get_logger("Serial"), [01;31m[Kstr[m[K);
[1.296s]       |                                                           [01;31m[K^~~[m[K
[1.296s]       |                                                           [01;31m[K|[m[K
[1.296s]       |                                                           [01;31m[Kstd::stringstream {aka std::__cxx11::basic_stringstream<char>}[m[K
[1.296s] In file included from [01m[K/opt/ros/galactic/include/rmw/types.h:28[m[K,
[1.296s]                  from [01m[K/opt/ros/galactic/include/rcl/types.h:20[m[K,
[1.296s]                  from [01m[K/opt/ros/galactic/include/rcl/log_level.h:22[m[K,
[1.296s]                  from [01m[K/opt/ros/galactic/include/rcl/arguments.h:21[m[K,
[1.296s]                  from [01m[K/opt/ros/galactic/include/rcl/context.h:28[m[K,
[1.296s]                  from [01m[K/opt/ros/galactic/include/rcl/guard_condition.h:26[m[K,
[1.296s]                  from [01m[K/opt/ros/galactic/include/rclcpp/executor.hpp:30[m[K,
[1.296s]                  from [01m[K/opt/ros/galactic/include/rclcpp/executors/multi_threaded_executor.hpp:26[m[K,
[1.296s]                  from [01m[K/opt/ros/galactic/include/rclcpp/executors.hpp:21[m[K,
[1.296s]                  from [01m[K/opt/ros/galactic/include/rclcpp/rclcpp.hpp:156[m[K,
[1.296s]                  from [01m[K/home/corey/uumotor-servo-motor-driver-ros2/src/uumotor_servo_motor_driver/src/test_node.cpp:9[m[K:
[1.296s] [01m[K/opt/ros/galactic/include/rcutils/logging.h:479:16:[m[K [01;36m[Knote: [m[K  initializing argument 4 of ‘[01m[Kvoid rcutils_log(const rcutils_log_location_t*, int, const char*, const char*, ...)[m[K’
[1.296s]   479 |   [01;36m[Kconst char * format[m[K,
[1.297s]       |   [01;36m[K~~~~~~~~~~~~~^~~~~~[m[K
[1.777s] make[2]: *** [CMakeFiles/driver.dir/build.make:76: CMakeFiles/driver.dir/src/test_node.cpp.o] Error 1
[1.777s] make[1]: *** [CMakeFiles/Makefile2:170: CMakeFiles/driver.dir/all] Error 2
[1.777s] make: *** [Makefile:146: all] Error 2
[1.781s] Invoked command in '/home/corey/uumotor-servo-motor-driver-ros2/build/uumotor_servo_motor_driver' returned '2': CMAKE_PREFIX_PATH=/opt/ros/galactic /home/corey/.local/bin/cmake --build /home/corey/uumotor-servo-motor-driver-ros2/build/uumotor_servo_motor_driver -- -j16 -l16
