[0.011s] Invoking command in '/home/corey/uumotor-servo-motor-driver-ros2/build/uumotor_servo_motor_driver': CMAKE_PREFIX_PATH=/opt/ros/galactic /home/corey/.local/bin/cmake /home/corey/uumotor-servo-motor-driver-ros2/src/uumotor_servo_motor_driver -DAMENT_CMAKE_SYMLINK_INSTALL=1 -DCMAKE_INSTALL_PREFIX=/home/corey/uumotor-servo-motor-driver-ros2/install/uumotor_servo_motor_driver
[0.037s] -- Found ament_cmake: 1.1.6 (/opt/ros/galactic/share/ament_cmake/cmake)
[0.038s] [33mCMake Warning (dev) at /opt/ros/galactic/share/ament_cmake_core/cmake/core/python.cmake:22 (find_package):
[0.038s]   Policy CMP0148 is not set: The FindPythonInterp and FindPythonLibs modules
[0.038s]   are removed.  Run "cmake --help-policy CMP0148" for policy details.  Use
[0.038s]   the cmake_policy command to set the policy and suppress this warning.
[0.038s] 
[0.039s] Call Stack (most recent call first):
[0.039s]   /opt/ros/galactic/share/ament_cmake_core/cmake/core/all.cmake:53 (include)
[0.039s]   /opt/ros/galactic/share/ament_cmake_core/cmake/ament_cmake_core-extras.cmake:17 (include)
[0.039s]   /opt/ros/galactic/share/ament_cmake_core/cmake/ament_cmake_coreConfig.cmake:41 (include)
[0.039s]   /opt/ros/galactic/share/ament_cmake/cmake/ament_cmake_export_dependencies-extras.cmake:15 (find_package)
[0.039s]   /opt/ros/galactic/share/ament_cmake/cmake/ament_cmakeConfig.cmake:41 (include)
[0.039s]   CMakeLists.txt:9 (find_package)
[0.039s] This warning is for project developers.  Use -Wno-dev to suppress it.
[0.039s] [0m
[0.053s] -- Using PYTHON_EXECUTABLE: /usr/bin/python3
[0.089s] -- Override CMake install command with custom implementation using symlinks instead of copying resources
[0.104s] [31mCMake Error at CMakeLists.txt:10 (find_package):
[0.104s]   By not providing "Findserial.cmake" in CMAKE_MODULE_PATH this project has
[0.104s]   asked CMake to find a package configuration file provided by "serial", but
[0.104s]   CMake did not find one.
[0.104s] 
[0.104s]   Could not find a package configuration file provided by "serial" with any
[0.104s]   of the following names:
[0.104s] 
[0.104s]     serialConfig.cmake
[0.104s]     serial-config.cmake
[0.104s] 
[0.104s]   Add the installation prefix of "serial" to CMAKE_PREFIX_PATH or set
[0.104s]   "serial_DIR" to a directory containing one of the above files.  If "serial"
[0.104s]   provides a separate development package or SDK, be sure it has been
[0.104s]   installed.
[0.104s] 
[0.104s] [0m
[0.104s] -- Configuring incomplete, errors occurred!
[0.117s] Invoked command in '/home/corey/uumotor-servo-motor-driver-ros2/build/uumotor_servo_motor_driver' returned '1': CMAKE_PREFIX_PATH=/opt/ros/galactic /home/corey/.local/bin/cmake /home/corey/uumotor-servo-motor-driver-ros2/src/uumotor_servo_motor_driver -DAMENT_CMAKE_SYMLINK_INSTALL=1 -DCMAKE_INSTALL_PREFIX=/home/corey/uumotor-servo-motor-driver-ros2/install/uumotor_servo_motor_driver
