[0.012s] Invoking command in '/home/corey/uumotor-servo-motor-driver-ros2/build/uumotor_servo_motor_driver': CMAKE_PREFIX_PATH=${CMAKE_PREFIX_PATH}:/opt/ros/galactic /home/corey/.local/bin/cmake --build /home/corey/uumotor-servo-motor-driver-ros2/build/uumotor_servo_motor_driver -- -j16 -l16
[0.042s] [ 12%] [32mBuilding CXX object CMakeFiles/fun.dir/src/functions.cpp.o[0m
[0.042s] [ 25%] [32mBuilding CXX object CMakeFiles/uumotor_servo_motor_driver.dir/src/functions.cpp.o[0m
[0.166s] [ 37%] [32m[1mLinking CXX static library libfun.a[0m
[0.167s] [ 50%] [32m[1mLinking CXX shared library libuumotor_servo_motor_driver.so[0m
[0.173s] [ 50%] Built target fun
[0.187s] [ 62%] [32mBuilding CXX object CMakeFiles/driver.dir/src/test_node.cpp.o[0m
[0.187s] [ 75%] [32mBuilding CXX object CMakeFiles/driver.dir/src/functions.cpp.o[0m
[0.201s] [ 87%] Built target uumotor_servo_motor_driver
[1.315s] In file included from [01m[K/opt/ros/galactic/include/rclcpp/client.hpp:40[m[K,
[1.315s]                  from [01m[K/opt/ros/galactic/include/rclcpp/callback_group.hpp:23[m[K,
[1.315s]                  from [01m[K/opt/ros/galactic/include/rclcpp/any_executable.hpp:20[m[K,
[1.315s]                  from [01m[K/opt/ros/galactic/include/rclcpp/memory_strategy.hpp:25[m[K,
[1.315s]                  from [01m[K/opt/ros/galactic/include/rclcpp/memory_strategies.hpp:18[m[K,
[1.315s]                  from [01m[K/opt/ros/galactic/include/rclcpp/executor_options.hpp:20[m[K,
[1.315s]                  from [01m[K/opt/ros/galactic/include/rclcpp/executor.hpp:36[m[K,
[1.315s]                  from [01m[K/opt/ros/galactic/include/rclcpp/executors/multi_threaded_executor.hpp:26[m[K,
[1.315s]                  from [01m[K/opt/ros/galactic/include/rclcpp/executors.hpp:21[m[K,
[1.315s]                  from [01m[K/opt/ros/galactic/include/rclcpp/rclcpp.hpp:156[m[K,
[1.315s]                  from [01m[K/home/corey/uumotor-servo-motor-driver-ros2/src/uumotor_servo_motor_driver/src/test_node.cpp:9[m[K:
[1.315s] [01m[K/home/corey/uumotor-servo-motor-driver-ros2/src/uumotor_servo_motor_driver/src/test_node.cpp:[m[K In function ‘[01m[Kint main(int, char**)[m[K’:
[1.315s] [01m[K/home/corey/uumotor-servo-motor-driver-ros2/src/uumotor_servo_motor_driver/src/test_node.cpp:40:48:[m[K [01;31m[Kerror: [m[Kinvalid conversion from ‘[01m[Kuint16_t[m[K’ {aka ‘[01m[Kshort unsigned int[m[K’} to ‘[01m[Kconst char*[m[K’ [[01;31m[K-fpermissive[m[K]
[1.315s]    40 |     RCLCPP_INFO(rclcpp::get_logger("message"), [01;31m[Kval[m[K);
[1.316s]       |                                                [01;31m[K^~~[m[K
[1.316s]       |                                                [01;31m[K|[m[K
[1.316s]       |                                                [01;31m[Kuint16_t {aka short unsigned int}[m[K
[1.316s] In file included from [01m[K/opt/ros/galactic/include/rmw/types.h:28[m[K,
[1.316s]                  from [01m[K/opt/ros/galactic/include/rcl/types.h:20[m[K,
[1.316s]                  from [01m[K/opt/ros/galactic/include/rcl/log_level.h:22[m[K,
[1.316s]                  from [01m[K/opt/ros/galactic/include/rcl/arguments.h:21[m[K,
[1.316s]                  from [01m[K/opt/ros/galactic/include/rcl/context.h:28[m[K,
[1.316s]                  from [01m[K/opt/ros/galactic/include/rcl/guard_condition.h:26[m[K,
[1.316s]                  from [01m[K/opt/ros/galactic/include/rclcpp/executor.hpp:30[m[K,
[1.316s]                  from [01m[K/opt/ros/galactic/include/rclcpp/executors/multi_threaded_executor.hpp:26[m[K,
[1.316s]                  from [01m[K/opt/ros/galactic/include/rclcpp/executors.hpp:21[m[K,
[1.316s]                  from [01m[K/opt/ros/galactic/include/rclcpp/rclcpp.hpp:156[m[K,
[1.316s]                  from [01m[K/home/corey/uumotor-servo-motor-driver-ros2/src/uumotor_servo_motor_driver/src/test_node.cpp:9[m[K:
[1.316s] [01m[K/opt/ros/galactic/include/rcutils/logging.h:479:16:[m[K [01;36m[Knote: [m[K  initializing argument 4 of ‘[01m[Kvoid rcutils_log(const rcutils_log_location_t*, int, const char*, const char*, ...)[m[K’
[1.316s]   479 |   [01;36m[Kconst char * format[m[K,
[1.317s]       |   [01;36m[K~~~~~~~~~~~~~^~~~~~[m[K
[1.317s] [01m[K/home/corey/uumotor-servo-motor-driver-ros2/src/uumotor_servo_motor_driver/src/test_node.cpp:36:14:[m[K [01;35m[Kwarning: [m[Kunused variable ‘[01m[Kcrc[m[K’ [[01;35m[K-Wunused-variable[m[K]
[1.317s]    36 |     uint16_t [01;35m[Kcrc[m[K = fun.Calc_Crc(cmd, 6); // Calculates the CRC16 of all 8 bytes
[1.317s]       |              [01;35m[K^~~[m[K
[1.763s] make[2]: *** [CMakeFiles/driver.dir/build.make:76: CMakeFiles/driver.dir/src/test_node.cpp.o] Error 1
[1.763s] make[1]: *** [CMakeFiles/Makefile2:167: CMakeFiles/driver.dir/all] Error 2
[1.763s] make: *** [Makefile:146: all] Error 2
[1.767s] Invoked command in '/home/corey/uumotor-servo-motor-driver-ros2/build/uumotor_servo_motor_driver' returned '2': CMAKE_PREFIX_PATH=${CMAKE_PREFIX_PATH}:/opt/ros/galactic /home/corey/.local/bin/cmake --build /home/corey/uumotor-servo-motor-driver-ros2/build/uumotor_servo_motor_driver -- -j16 -l16
