[0.022s] Invoking command in '/home/corey/uumotor-servo-motor-driver-ros2/build/serial': CMAKE_PREFIX_PATH=${CMAKE_PREFIX_PATH}:/opt/ros/galactic /home/corey/.local/bin/cmake --build /home/corey/uumotor-servo-motor-driver-ros2/build/serial -- -j16 -l16
[0.058s] [ 42%] Built target gtest_main
[0.058s] [ 42%] Built target serial
[0.058s] [ 57%] Built target gtest
[0.065s] [ 71%] Built target serial_example
[0.067s] [ 92%] Built target serial-test-timer
[0.067s] [100%] Built target serial-test
[0.074s] Invoked command in '/home/corey/uumotor-servo-motor-driver-ros2/build/serial' returned '0': CMAKE_PREFIX_PATH=${CMAKE_PREFIX_PATH}:/opt/ros/galactic /home/corey/.local/bin/cmake --build /home/corey/uumotor-servo-motor-driver-ros2/build/serial -- -j16 -l16
[0.138s] Invoking command in '/home/corey/uumotor-servo-motor-driver-ros2/build/serial': CMAKE_PREFIX_PATH=${CMAKE_PREFIX_PATH}:/opt/ros/galactic /home/corey/.local/bin/cmake --install /home/corey/uumotor-servo-motor-driver-ros2/build/serial
[0.156s] -- Install configuration: ""
[0.157s] -- Execute custom install script
[0.157s] -- Up-to-date symlink: /home/corey/uumotor-servo-motor-driver-ros2/install/serial/lib/libserial.a
[0.157s] -- Up-to-date symlink: /home/corey/uumotor-servo-motor-driver-ros2/install/serial/include/serial/serial.h
[0.158s] -- Up-to-date symlink: /home/corey/uumotor-servo-motor-driver-ros2/install/serial/include/serial/v8stdint.h
[0.158s] -- Up-to-date symlink: /home/corey/uumotor-servo-motor-driver-ros2/install/serial/share/serial/environment/library_path.sh
[0.158s] -- Up-to-date symlink: /home/corey/uumotor-servo-motor-driver-ros2/install/serial/share/serial/environment/library_path.dsv
[0.158s] -- Up-to-date symlink: /home/corey/uumotor-servo-motor-driver-ros2/install/serial/share/ament_index/resource_index/package_run_dependencies/serial
[0.159s] -- Up-to-date symlink: /home/corey/uumotor-servo-motor-driver-ros2/install/serial/share/ament_index/resource_index/parent_prefix_path/serial
[0.160s] -- Up-to-date symlink: /home/corey/uumotor-servo-motor-driver-ros2/install/serial/share/serial/environment/ament_prefix_path.sh
[0.160s] -- Up-to-date symlink: /home/corey/uumotor-servo-motor-driver-ros2/install/serial/share/serial/environment/ament_prefix_path.dsv
[0.161s] -- Up-to-date symlink: /home/corey/uumotor-servo-motor-driver-ros2/install/serial/share/serial/environment/path.sh
[0.161s] -- Up-to-date symlink: /home/corey/uumotor-servo-motor-driver-ros2/install/serial/share/serial/environment/path.dsv
[0.161s] -- Up-to-date symlink: /home/corey/uumotor-servo-motor-driver-ros2/install/serial/share/serial/local_setup.bash
[0.161s] -- Up-to-date symlink: /home/corey/uumotor-servo-motor-driver-ros2/install/serial/share/serial/local_setup.sh
[0.161s] -- Up-to-date symlink: /home/corey/uumotor-servo-motor-driver-ros2/install/serial/share/serial/local_setup.zsh
[0.161s] -- Up-to-date symlink: /home/corey/uumotor-servo-motor-driver-ros2/install/serial/share/serial/local_setup.dsv
[0.162s] -- Symlinking: /home/corey/uumotor-servo-motor-driver-ros2/install/serial/share/serial/package.dsv
[0.162s] -- Up-to-date symlink: /home/corey/uumotor-servo-motor-driver-ros2/install/serial/share/ament_index/resource_index/packages/serial
[0.162s] -- Up-to-date symlink: /home/corey/uumotor-servo-motor-driver-ros2/install/serial/share/serial/cmake/ament_cmake_export_include_directories-extras.cmake
[0.162s] -- Up-to-date symlink: /home/corey/uumotor-servo-motor-driver-ros2/install/serial/share/serial/cmake/ament_cmake_export_libraries-extras.cmake
[0.162s] -- Up-to-date symlink: /home/corey/uumotor-servo-motor-driver-ros2/install/serial/share/serial/cmake/serialConfig.cmake
[0.162s] -- Up-to-date symlink: /home/corey/uumotor-servo-motor-driver-ros2/install/serial/share/serial/cmake/serialConfig-version.cmake
[0.162s] -- Up-to-date symlink: /home/corey/uumotor-servo-motor-driver-ros2/install/serial/share/serial/package.xml
[0.166s] Invoked command in '/home/corey/uumotor-servo-motor-driver-ros2/build/serial' returned '0': CMAKE_PREFIX_PATH=${CMAKE_PREFIX_PATH}:/opt/ros/galactic /home/corey/.local/bin/cmake --install /home/corey/uumotor-servo-motor-driver-ros2/build/serial
