[0.015s] Invoking command in '/home/corey/uumotor-servo-motor-driver-ros2/build/uumotor_servo_motor_driver': CMAKE_PREFIX_PATH=${CMAKE_PREFIX_PATH}:/opt/ros/galactic /home/corey/.local/bin/cmake /home/corey/uumotor-servo-motor-driver-ros2/src/uumotor_servo_motor_driver -DAMENT_CMAKE_SYMLINK_INSTALL=1 -DCMAKE_INSTALL_PREFIX=/home/corey/uumotor-servo-motor-driver-ros2/install/uumotor_servo_motor_driver
[0.074s] -- The C compiler identification is GNU 9.4.0
[0.119s] -- The CXX compiler identification is GNU 9.4.0
[0.132s] -- Detecting C compiler ABI info
[0.177s] -- Detecting C compiler ABI info - done
[0.186s] -- Check for working C compiler: /usr/bin/cc - skipped
[0.187s] -- Detecting C compile features
[0.187s] -- Detecting C compile features - done
[0.195s] -- Detecting CXX compiler ABI info
[0.249s] -- Detecting CXX compiler ABI info - done
[0.258s] -- Check for working CXX compiler: /usr/bin/c++ - skipped
[0.258s] -- Detecting CXX compile features
[0.258s] -- Detecting CXX compile features - done
[0.260s] -- Found ament_cmake: 1.1.6 (/opt/ros/galactic/share/ament_cmake/cmake)
[0.264s] [33mCMake Warning (dev) at /opt/ros/galactic/share/ament_cmake_core/cmake/core/python.cmake:22 (find_package):
[0.264s]   Policy CMP0148 is not set: The FindPythonInterp and FindPythonLibs modules
[0.264s]   are removed.  Run "cmake --help-policy CMP0148" for policy details.  Use
[0.264s]   the cmake_policy command to set the policy and suppress this warning.
[0.264s] 
[0.264s] Call Stack (most recent call first):
[0.264s]   /opt/ros/galactic/share/ament_cmake_core/cmake/core/all.cmake:53 (include)
[0.264s]   /opt/ros/galactic/share/ament_cmake_core/cmake/ament_cmake_core-extras.cmake:17 (include)
[0.264s]   /opt/ros/galactic/share/ament_cmake_core/cmake/ament_cmake_coreConfig.cmake:41 (include)
[0.264s]   /opt/ros/galactic/share/ament_cmake/cmake/ament_cmake_export_dependencies-extras.cmake:15 (find_package)
[0.265s]   /opt/ros/galactic/share/ament_cmake/cmake/ament_cmakeConfig.cmake:41 (include)
[0.265s]   CMakeLists.txt:9 (find_package)
[0.265s] This warning is for project developers.  Use -Wno-dev to suppress it.
[0.265s] [0m
[0.278s] -- Found PythonInterp: /usr/bin/python3 (found suitable version "3.8.10", minimum required is "3") 
[0.278s] -- Using PYTHON_EXECUTABLE: /usr/bin/python3
[0.321s] -- Override CMake install command with custom implementation using symlinks instead of copying resources
[0.340s] -- Found serial: 1.2.1 (/usr/local/share/serial/cmake)
[0.342s] -- Found rclcpp: 9.2.2 (/opt/ros/galactic/share/rclcpp/cmake)
[0.379s] -- Using all available rosidl_typesupport_c: rosidl_typesupport_fastrtps_c;rosidl_typesupport_introspection_c
[0.384s] -- Found rosidl_adapter: 2.2.3 (/opt/ros/galactic/share/rosidl_adapter/cmake)
[0.437s] -- Found OpenSSL: /usr/lib/x86_64-linux-gnu/libcrypto.so (found version "1.1.1f")  
[0.462s] -- Found FastRTPS: /opt/ros/galactic/include  
[0.524s] -- Using all available rosidl_typesupport_cpp: rosidl_typesupport_fastrtps_cpp;rosidl_typesupport_introspection_cpp
[0.581s] -- Found rmw_implementation_cmake: 3.3.1 (/opt/ros/galactic/share/rmw_implementation_cmake/cmake)
[0.583s] -- Found rmw_cyclonedds_cpp: 0.22.6 (/opt/ros/galactic/share/rmw_cyclonedds_cpp/cmake)
[0.603s] -- Using RMW implementation 'rmw_cyclonedds_cpp' as default
[0.603s] -- Performing Test CMAKE_HAVE_LIBC_PTHREAD
[0.657s] -- Performing Test CMAKE_HAVE_LIBC_PTHREAD - Failed
[0.657s] -- Looking for pthread_create in pthreads
[0.693s] -- Looking for pthread_create in pthreads - not found
[0.693s] -- Looking for pthread_create in pthread
[0.744s] -- Looking for pthread_create in pthread - found
[0.745s] -- Found Threads: TRUE  
[0.878s] [31mCMake Error at /opt/ros/galactic/share/ament_cmake_target_dependencies/cmake/ament_target_dependencies.cmake:77 (message):
[0.878s]   ament_target_dependencies() the passed package name 'driver' was not found
[0.878s]   before
[0.878s] Call Stack (most recent call first):
[0.878s]   CMakeLists.txt:35 (ament_target_dependencies)
[0.878s] 
[0.879s] [0m
[0.879s] -- Configuring incomplete, errors occurred!
[0.891s] Invoked command in '/home/corey/uumotor-servo-motor-driver-ros2/build/uumotor_servo_motor_driver' returned '1': CMAKE_PREFIX_PATH=${CMAKE_PREFIX_PATH}:/opt/ros/galactic /home/corey/.local/bin/cmake /home/corey/uumotor-servo-motor-driver-ros2/src/uumotor_servo_motor_driver -DAMENT_CMAKE_SYMLINK_INSTALL=1 -DCMAKE_INSTALL_PREFIX=/home/corey/uumotor-servo-motor-driver-ros2/install/uumotor_servo_motor_driver
