[0.013s] Invoking command in '/home/corey/uumotor-servo-motor-driver-ros2/build/uumotor_servo_motor_driver': CMAKE_PREFIX_PATH=${CMAKE_PREFIX_PATH}:/opt/ros/galactic /home/corey/.local/bin/cmake --build /home/corey/uumotor-servo-motor-driver-ros2/build/uumotor_servo_motor_driver -- -j16 -l16
[0.047s] [ 18%] Built target fun
[0.049s] [ 36%] Built target cmd
[0.049s] [ 63%] Built target uumotor_servo_motor_driver
[0.064s] [ 72%] [32mBuilding CXX object CMakeFiles/driver.dir/src/test_node.cpp.o[0m
[1.340s] In file included from [01m[K/home/corey/uumotor-servo-motor-driver-ros2/src/uumotor_servo_motor_driver/include/uumotor_servo_motor_driver/motor_controller.hpp:8[m[K,
[1.341s]                  from [01m[K/home/corey/uumotor-servo-motor-driver-ros2/src/uumotor_servo_motor_driver/src/test_node.cpp:10[m[K:
[1.341s] [01m[K/home/corey/uumotor-servo-motor-driver-ros2/src/uumotor_servo_motor_driver/include/uumotor_servo_motor_driver/comms.hpp:[m[K In member function ‘[01m[Kstd::vector<unsigned char, std::allocator<unsigned char> > Comms::send_command(const std::vector<unsigned char, std::allocator<unsigned char> >&, bool)[m[K’:
[1.341s] [01m[K/home/corey/uumotor-servo-motor-driver-ros2/src/uumotor_servo_motor_driver/include/uumotor_servo_motor_driver/comms.hpp:66:46:[m[K [01;31m[Kerror: [m[Kcannot bind non-const lvalue reference of type ‘[01m[Kstd::basic_istream<char>::char_type&[m[K’ {aka ‘[01m[Kchar&[m[K’} to an rvalue of type ‘[01m[Kstd::basic_istream<char>::char_type[m[K’ {aka ‘[01m[Kchar[m[K’}
[1.341s]    66 |                 output.push_back(serial_.get([01;31m[Khex_value[m[K));
[1.341s]       |                                              [01;31m[K^~~~~~~~~[m[K
[1.341s] In file included from [01m[K/usr/include/c++/9/iostream:40[m[K,
[1.341s]                  from [01m[K/home/corey/uumotor-servo-motor-driver-ros2/src/uumotor_servo_motor_driver/src/test_node.cpp:1[m[K:
[1.341s] [01m[K/usr/include/c++/9/istream:316:22:[m[K [01;36m[Knote: [m[K  initializing argument 1 of ‘[01m[Kstd::basic_istream<_CharT, _Traits>& std::basic_istream<_CharT, _Traits>::get(std::basic_istream<_CharT, _Traits>::char_type&) [with _CharT = char; _Traits = std::char_traits<char>; std::basic_istream<_CharT, _Traits>::char_type = char][m[K’
[1.341s]   316 |       get([01;36m[Kchar_type& __c[m[K);
[1.341s]       |           [01;36m[K~~~~~~~~~~~^~~[m[K
[1.835s] make[2]: *** [CMakeFiles/driver.dir/build.make:76: CMakeFiles/driver.dir/src/test_node.cpp.o] Error 1
[1.835s] make[1]: *** [CMakeFiles/Makefile2:170: CMakeFiles/driver.dir/all] Error 2
[1.835s] make: *** [Makefile:146: all] Error 2
[1.840s] Invoked command in '/home/corey/uumotor-servo-motor-driver-ros2/build/uumotor_servo_motor_driver' returned '2': CMAKE_PREFIX_PATH=${CMAKE_PREFIX_PATH}:/opt/ros/galactic /home/corey/.local/bin/cmake --build /home/corey/uumotor-servo-motor-driver-ros2/build/uumotor_servo_motor_driver -- -j16 -l16
