[ 60%] Built target uumotor_servo_motor_driver
[ 80%] [32mBuilding CXX object CMakeFiles/driver.dir/src/test_node.cpp.o[0m
[01m[K/home/corey/uumotor-servo-motor-driver-ros2/src/uumotor_servo_motor_driver/src/test_node.cpp:[m[K In function ‘[01m[Kint main(int, char**)[m[K’:
[01m[K/home/corey/uumotor-servo-motor-driver-ros2/src/uumotor_servo_motor_driver/src/test_node.cpp:39:38:[m[K [01;31m[Kerror: [m[Kinvalid conversion from ‘[01m[Kunsigned char*[m[K’ to ‘[01m[Kconst char*[m[K’ [[01;31m[K-fpermissive[m[K]
   39 |     val = fun.Calc_Crc((uint8_t)atoi([01;31m[Kcmd[m[K), 6);
      |                                      [01;31m[K^~~[m[K
      |                                      [01;31m[K|[m[K
      |                                      [01;31m[Kunsigned char*[m[K
In file included from [01m[K/usr/include/c++/9/cstdlib:75[m[K,
                 from [01m[K/usr/include/c++/9/ext/string_conversions.h:41[m[K,
                 from [01m[K/usr/include/c++/9/bits/basic_string.h:6496[m[K,
                 from [01m[K/usr/include/c++/9/string:55[m[K,
                 from [01m[K/usr/include/c++/9/bits/locale_classes.h:40[m[K,
                 from [01m[K/usr/include/c++/9/bits/ios_base.h:41[m[K,
                 from [01m[K/usr/include/c++/9/ios:42[m[K,
                 from [01m[K/usr/include/c++/9/ostream:38[m[K,
                 from [01m[K/usr/include/c++/9/iostream:39[m[K,
                 from [01m[K/home/corey/uumotor-servo-motor-driver-ros2/src/uumotor_servo_motor_driver/src/test_node.cpp:1[m[K:
[01m[K/usr/include/stdlib.h:104:30:[m[K [01;36m[Knote: [m[K  initializing argument 1 of ‘[01m[Kint atoi(const char*)[m[K’
  104 | extern int atoi ([01;36m[Kconst char *__nptr[m[K)
      |                  [01;36m[K~~~~~~~~~~~~^~~~~~[m[K
[01m[K/home/corey/uumotor-servo-motor-driver-ros2/src/uumotor_servo_motor_driver/src/test_node.cpp:39:24:[m[K [01;31m[Kerror: [m[Kinvalid conversion from ‘[01m[Kuint8_t[m[K’ {aka ‘[01m[Kunsigned char[m[K’} to ‘[01m[Kuint8_t*[m[K’ {aka ‘[01m[Kunsigned char*[m[K’} [[01;31m[K-fpermissive[m[K]
   39 |     val = fun.Calc_Crc([01;31m[K(uint8_t)atoi(cmd)[m[K, 6);
      |                        [01;31m[K^~~~~~~~~~~~~~~~~~[m[K
      |                        [01;31m[K|[m[K
      |                        [01;31m[Kuint8_t {aka unsigned char}[m[K
In file included from [01m[K/home/corey/uumotor-servo-motor-driver-ros2/src/uumotor_servo_motor_driver/src/test_node.cpp:10[m[K:
[01m[K/home/corey/uumotor-servo-motor-driver-ros2/src/uumotor_servo_motor_driver/include/uumotor_servo_motor_driver/functions.h:18:31:[m[K [01;36m[Knote: [m[K  initializing argument 1 of ‘[01m[Kuint16_t Functions::Calc_Crc(uint8_t*, uint8_t)[m[K’
   18 |     uint16_t Calc_Crc([01;36m[Kuint8_t*pack_buff[m[K, uint8_t pack_len);
      |                       [01;36m[K~~~~~~~~^~~~~~~~~[m[K
make[2]: *** [CMakeFiles/driver.dir/build.make:76: CMakeFiles/driver.dir/src/test_node.cpp.o] Error 1
make[1]: *** [CMakeFiles/Makefile2:165: CMakeFiles/driver.dir/all] Error 2
make: *** [Makefile:146: all] Error 2
