[0.013s] Invoking command in '/home/corey/uumotor-servo-motor-driver-ros2/build/uumotor_servo_motor_driver': CMAKE_PREFIX_PATH=${CMAKE_PREFIX_PATH}:/home/corey/uumotor-servo-motor-driver-ros2/install/serial:/opt/ros/galactic /home/corey/.local/bin/cmake --build /home/corey/uumotor-servo-motor-driver-ros2/build/uumotor_servo_motor_driver -- -j16 -l16
[0.046s] [ 20%] [32mBuilding CXX object CMakeFiles/uumotor_servo_motor_driver.dir/src/functions.cpp.o[0m
[0.051s] [ 40%] [32mBuilding CXX object CMakeFiles/driver.dir/src/test_node.cpp.o[0m
[0.144s] [01m[K/home/corey/uumotor-servo-motor-driver-ros2/src/uumotor_servo_motor_driver/src/functions.cpp:[m[K In function ‘[01m[Kuint16_t Calc_Crc(uint8_t&, int)[m[K’:
[0.144s] [01m[K/home/corey/uumotor-servo-motor-driver-ros2/src/uumotor_servo_motor_driver/src/functions.cpp:13:27:[m[K [01;31m[Kerror: [m[Kinvalid types ‘[01m[Kuint8_t {aka unsigned char}[int][m[K’ for array subscript
[0.144s]    13 |         crc ^= pack_buff[i[01;31m[K][m[K;
[0.144s]       |                           [01;31m[K^[m[K
[0.162s] make[2]: *** [CMakeFiles/uumotor_servo_motor_driver.dir/build.make:90: CMakeFiles/uumotor_servo_motor_driver.dir/src/functions.cpp.o] Error 1
[0.162s] make[1]: *** [CMakeFiles/Makefile2:139: CMakeFiles/uumotor_servo_motor_driver.dir/all] Error 2
[0.162s] make[1]: *** Waiting for unfinished jobs....
[1.179s] [01m[K/home/corey/uumotor-servo-motor-driver-ros2/src/uumotor_servo_motor_driver/src/test_node.cpp:[m[K In function ‘[01m[Kint main(int, char**)[m[K’:
[1.179s] [01m[K/home/corey/uumotor-servo-motor-driver-ros2/src/uumotor_servo_motor_driver/src/test_node.cpp:36:33:[m[K [01;31m[Kerror: [m[Kinvalid conversion from ‘[01m[Kuint8_t*[m[K’ {aka ‘[01m[Kunsigned char*[m[K’} to ‘[01m[Kuint8_t[m[K’ {aka ‘[01m[Kunsigned char[m[K’} [[01;31m[K-fpermissive[m[K]
[1.179s]    36 |     uint16_t crc = fun.Calc_Crc([01;31m[Kcmd[m[K, 6); // Calculates the CRC16 of all 8 bytes
[1.179s]       |                                 [01;31m[K^~~[m[K
[1.179s]       |                                 [01;31m[K|[m[K
[1.179s]       |                                 [01;31m[Kuint8_t* {aka unsigned char*}[m[K
[1.179s] In file included from [01m[K/home/corey/uumotor-servo-motor-driver-ros2/src/uumotor_servo_motor_driver/src/test_node.cpp:10[m[K:
[1.179s] [01m[K/home/corey/uumotor-servo-motor-driver-ros2/src/uumotor_servo_motor_driver/include/uumotor_servo_motor_driver/functions.h:18:32:[m[K [01;36m[Knote: [m[K  initializing argument 1 of ‘[01m[Kuint16_t Functions::Calc_Crc(uint8_t&, int)[m[K’
[1.179s]    18 |     uint16_t Calc_Crc([01;36m[Kuint8_t &pack_buff[m[K, int pack_len);
[1.179s]       |                       [01;36m[K~~~~~~~~~^~~~~~~~~[m[K
[1.179s] [01m[K/home/corey/uumotor-servo-motor-driver-ros2/src/uumotor_servo_motor_driver/src/test_node.cpp:36:33:[m[K [01;31m[Kerror: [m[Kcannot bind rvalue ‘[01m[K(uint8_t)((uint8_t*)(& cmd))[m[K’ to ‘[01m[Kuint8_t&[m[K’ {aka ‘[01m[Kunsigned char&[m[K’}
[1.179s]    36 |     uint16_t crc = fun.Calc_Crc([01;31m[Kcmd[m[K, 6); // Calculates the CRC16 of all 8 bytes
[1.179s]       |                                 [01;31m[K^~~[m[K
[1.630s] make[2]: *** [CMakeFiles/driver.dir/build.make:76: CMakeFiles/driver.dir/src/test_node.cpp.o] Error 1
[1.630s] make[1]: *** [CMakeFiles/Makefile2:165: CMakeFiles/driver.dir/all] Error 2
[1.630s] make: *** [Makefile:146: all] Error 2
[1.634s] Invoked command in '/home/corey/uumotor-servo-motor-driver-ros2/build/uumotor_servo_motor_driver' returned '2': CMAKE_PREFIX_PATH=${CMAKE_PREFIX_PATH}:/home/corey/uumotor-servo-motor-driver-ros2/install/serial:/opt/ros/galactic /home/corey/.local/bin/cmake --build /home/corey/uumotor-servo-motor-driver-ros2/build/uumotor_servo_motor_driver -- -j16 -l16
