[0.016s] Invoking command in '/home/corey/uumotor-servo-motor-driver-ros2/build/serial': CMAKE_PREFIX_PATH=/opt/ros/galactic /home/corey/.local/bin/cmake --build /home/corey/uumotor-servo-motor-driver-ros2/build/serial -- -j16 -l16
[0.074s] [ 14%] Built target gtest_main
[0.074s] [ 42%] Built target gtest
[0.074s] [ 57%] Built target serial
[0.081s] [ 71%] Built target serial_example
[0.083s] [ 92%] Built target serial-test-timer
[0.083s] [100%] Built target serial-test
[0.090s] Invoked command in '/home/corey/uumotor-servo-motor-driver-ros2/build/serial' returned '0': CMAKE_PREFIX_PATH=/opt/ros/galactic /home/corey/.local/bin/cmake --build /home/corey/uumotor-servo-motor-driver-ros2/build/serial -- -j16 -l16
[0.153s] Invoking command in '/home/corey/uumotor-servo-motor-driver-ros2/build/serial': CMAKE_PREFIX_PATH=/opt/ros/galactic /home/corey/.local/bin/cmake --install /home/corey/uumotor-servo-motor-driver-ros2/build/serial
[0.171s] -- Install configuration: ""
[0.172s] -- Execute custom install script
[0.172s] -- Up-to-date symlink: /home/corey/uumotor-servo-motor-driver-ros2/install/serial/lib/libserial.a
[0.172s] -- Up-to-date symlink: /home/corey/uumotor-servo-motor-driver-ros2/install/serial/include/serial/serial.h
[0.172s] -- Up-to-date symlink: /home/corey/uumotor-servo-motor-driver-ros2/install/serial/include/serial/v8stdint.h
[0.172s] -- Up-to-date symlink: /home/corey/uumotor-servo-motor-driver-ros2/install/serial/share/serial/environment/library_path.sh
[0.172s] -- Up-to-date symlink: /home/corey/uumotor-servo-motor-driver-ros2/install/serial/share/serial/environment/library_path.dsv
[0.172s] -- Up-to-date symlink: /home/corey/uumotor-servo-motor-driver-ros2/install/serial/share/ament_index/resource_index/package_run_dependencies/serial
[0.172s] -- Up-to-date symlink: /home/corey/uumotor-servo-motor-driver-ros2/install/serial/share/ament_index/resource_index/parent_prefix_path/serial
[0.173s] -- Up-to-date symlink: /home/corey/uumotor-servo-motor-driver-ros2/install/serial/share/serial/environment/ament_prefix_path.sh
[0.173s] -- Up-to-date symlink: /home/corey/uumotor-servo-motor-driver-ros2/install/serial/share/serial/environment/ament_prefix_path.dsv
[0.173s] -- Up-to-date symlink: /home/corey/uumotor-servo-motor-driver-ros2/install/serial/share/serial/environment/path.sh
[0.173s] -- Up-to-date symlink: /home/corey/uumotor-servo-motor-driver-ros2/install/serial/share/serial/environment/path.dsv
[0.173s] -- Up-to-date symlink: /home/corey/uumotor-servo-motor-driver-ros2/install/serial/share/serial/local_setup.bash
[0.173s] -- Up-to-date symlink: /home/corey/uumotor-servo-motor-driver-ros2/install/serial/share/serial/local_setup.sh
[0.173s] -- Up-to-date symlink: /home/corey/uumotor-servo-motor-driver-ros2/install/serial/share/serial/local_setup.zsh
[0.173s] -- Up-to-date symlink: /home/corey/uumotor-servo-motor-driver-ros2/install/serial/share/serial/local_setup.dsv
[0.174s] -- Symlinking: /home/corey/uumotor-servo-motor-driver-ros2/install/serial/share/serial/package.dsv
[0.176s] -- Up-to-date symlink: /home/corey/uumotor-servo-motor-driver-ros2/install/serial/share/ament_index/resource_index/packages/serial
[0.176s] -- Up-to-date symlink: /home/corey/uumotor-servo-motor-driver-ros2/install/serial/share/serial/cmake/ament_cmake_export_include_directories-extras.cmake
[0.176s] -- Up-to-date symlink: /home/corey/uumotor-servo-motor-driver-ros2/install/serial/share/serial/cmake/ament_cmake_export_libraries-extras.cmake
[0.176s] -- Up-to-date symlink: /home/corey/uumotor-servo-motor-driver-ros2/install/serial/share/serial/cmake/serialConfig.cmake
[0.176s] -- Up-to-date symlink: /home/corey/uumotor-servo-motor-driver-ros2/install/serial/share/serial/cmake/serialConfig-version.cmake
[0.177s] -- Up-to-date symlink: /home/corey/uumotor-servo-motor-driver-ros2/install/serial/share/serial/package.xml
[0.182s] Invoked command in '/home/corey/uumotor-servo-motor-driver-ros2/build/serial' returned '0': CMAKE_PREFIX_PATH=/opt/ros/galactic /home/corey/.local/bin/cmake --install /home/corey/uumotor-servo-motor-driver-ros2/build/serial
