[0.021s] Invoking command in '/home/corey/uumotor-servo-motor-driver-ros2/build/uumotor_servo_motor_driver': CMAKE_PREFIX_PATH=${CMAKE_PREFIX_PATH}:/opt/ros/galactic /home/corey/.local/bin/cmake --build /home/corey/uumotor-servo-motor-driver-ros2/build/uumotor_servo_motor_driver -- -j16 -l16
[0.052s] -- Found ament_cmake: 1.1.6 (/opt/ros/galactic/share/ament_cmake/cmake)
[0.053s] [33mCMake Warning (dev) at /opt/ros/galactic/share/ament_cmake_core/cmake/core/python.cmake:22 (find_package):
[0.054s]   Policy CMP0148 is not set: The FindPythonInterp and FindPythonLibs modules
[0.054s]   are removed.  Run "cmake --help-policy CMP0148" for policy details.  Use
[0.054s]   the cmake_policy command to set the policy and suppress this warning.
[0.054s] 
[0.054s] Call Stack (most recent call first):
[0.054s]   /opt/ros/galactic/share/ament_cmake_core/cmake/core/all.cmake:53 (include)
[0.054s]   /opt/ros/galactic/share/ament_cmake_core/cmake/ament_cmake_core-extras.cmake:17 (include)
[0.054s]   /opt/ros/galactic/share/ament_cmake_core/cmake/ament_cmake_coreConfig.cmake:41 (include)
[0.054s]   /opt/ros/galactic/share/ament_cmake/cmake/ament_cmake_export_dependencies-extras.cmake:15 (find_package)
[0.054s]   /opt/ros/galactic/share/ament_cmake/cmake/ament_cmakeConfig.cmake:41 (include)
[0.054s]   CMakeLists.txt:9 (find_package)
[0.054s] This warning is for project developers.  Use -Wno-dev to suppress it.
[0.054s] [0m
[0.070s] -- Using PYTHON_EXECUTABLE: /usr/bin/python3
[0.120s] -- Override CMake install command with custom implementation using symlinks instead of copying resources
[0.127s] -- Found serial: 1.2.1 (/usr/local/share/serial/cmake)
[0.128s] -- Found rclcpp: 9.2.2 (/opt/ros/galactic/share/rclcpp/cmake)
[0.160s] -- Using all available rosidl_typesupport_c: rosidl_typesupport_fastrtps_c;rosidl_typesupport_introspection_c
[0.165s] -- Found rosidl_adapter: 2.2.3 (/opt/ros/galactic/share/rosidl_adapter/cmake)
[0.265s] -- Using all available rosidl_typesupport_cpp: rosidl_typesupport_fastrtps_cpp;rosidl_typesupport_introspection_cpp
[0.306s] -- Found rmw_implementation_cmake: 3.3.1 (/opt/ros/galactic/share/rmw_implementation_cmake/cmake)
[0.307s] -- Found rmw_cyclonedds_cpp: 0.22.6 (/opt/ros/galactic/share/rmw_cyclonedds_cpp/cmake)
[0.321s] -- Using RMW implementation 'rmw_cyclonedds_cpp' as default
[0.426s] [31mCMake Error at /opt/ros/galactic/share/ament_cmake_target_dependencies/cmake/ament_target_dependencies.cmake:77 (message):
[0.426s]   ament_target_dependencies() the passed package name 'driver' was not found
[0.426s]   before
[0.426s] Call Stack (most recent call first):
[0.426s]   CMakeLists.txt:35 (ament_target_dependencies)
[0.426s] 
[0.427s] [0m
[0.427s] -- Configuring incomplete, errors occurred!
[0.431s] make: *** [Makefile:338: cmake_check_build_system] Error 1
[0.435s] Invoked command in '/home/corey/uumotor-servo-motor-driver-ros2/build/uumotor_servo_motor_driver' returned '2': CMAKE_PREFIX_PATH=${CMAKE_PREFIX_PATH}:/opt/ros/galactic /home/corey/.local/bin/cmake --build /home/corey/uumotor-servo-motor-driver-ros2/build/uumotor_servo_motor_driver -- -j16 -l16
