[0.100s] Invoking command in '/home/corey/uumotor-servo-motor-driver-ros2/build/uumotor_servo_motor_driver': CMAKE_PREFIX_PATH=/opt/ros/galactic /home/corey/.local/bin/cmake --build /home/corey/uumotor-servo-motor-driver-ros2/build/uumotor_servo_motor_driver -- -j16 -l16
[0.132s] [ 18%] Built target fun
[0.137s] [ 36%] Built target cmd
[0.138s] [ 63%] Built target uumotor_servo_motor_driver
[0.153s] [ 72%] [32mBuilding CXX object CMakeFiles/driver.dir/src/test_node.cpp.o[0m
[1.304s] In file included from [01m[K/home/corey/uumotor-servo-motor-driver-ros2/src/uumotor_servo_motor_driver/include/uumotor_servo_motor_driver/motor_controller.hpp:8[m[K,
[1.304s]                  from [01m[K/home/corey/uumotor-servo-motor-driver-ros2/src/uumotor_servo_motor_driver/src/test_node.cpp:10[m[K:
[1.304s] [01m[K/home/corey/uumotor-servo-motor-driver-ros2/src/uumotor_servo_motor_driver/include/uumotor_servo_motor_driver/comms.hpp:[m[K In member function ‘[01m[Kvoid Comms::send_command(const std::vector<unsigned char, std::allocator<unsigned char> >&, std::vector<unsigned char, std::allocator<unsigned char> >&, bool)[m[K’:
[1.304s] [01m[K/home/corey/uumotor-servo-motor-driver-ros2/src/uumotor_servo_motor_driver/include/uumotor_servo_motor_driver/comms.hpp:92:30:[m[K [01;31m[Kerror: [m[Kcannot bind non-const lvalue reference of type ‘[01m[Kint&[m[K’ to an rvalue of type ‘[01m[Kint[m[K’
[1.304s]    92 |                 for (int &i: [01;31m[Kmsg[m[K) {
[1.304s]       |                              [01;31m[K^~~[m[K
[1.305s] In file included from [01m[K/home/corey/uumotor-servo-motor-driver-ros2/src/uumotor_servo_motor_driver/src/test_node.cpp:10[m[K:
[1.305s] [01m[K/home/corey/uumotor-servo-motor-driver-ros2/src/uumotor_servo_motor_driver/include/uumotor_servo_motor_driver/motor_controller.hpp:[m[K In member function ‘[01m[Kvoid MotorController::drive_motor(int)[m[K’:
[1.305s] [01m[K/home/corey/uumotor-servo-motor-driver-ros2/src/uumotor_servo_motor_driver/include/uumotor_servo_motor_driver/motor_controller.hpp:34:37:[m[K [01;31m[Kerror: [m[Kno matching function for call to ‘[01m[KComms::send_command(std::vector<unsigned char, std::allocator<unsigned char> >&)[m[K’
[1.305s]    34 |             serial_.send_command(cmd[01;31m[K)[m[K;
[1.305s]       |                                     [01;31m[K^[m[K
[1.305s] In file included from [01m[K/home/corey/uumotor-servo-motor-driver-ros2/src/uumotor_servo_motor_driver/include/uumotor_servo_motor_driver/motor_controller.hpp:8[m[K,
[1.305s]                  from [01m[K/home/corey/uumotor-servo-motor-driver-ros2/src/uumotor_servo_motor_driver/src/test_node.cpp:10[m[K:
[1.305s] [01m[K/home/corey/uumotor-servo-motor-driver-ros2/src/uumotor_servo_motor_driver/include/uumotor_servo_motor_driver/comms.hpp:55:14:[m[K [01;36m[Knote: [m[Kcandidate: ‘[01m[Kvoid Comms::send_command(const std::vector<unsigned char, std::allocator<unsigned char> >&, std::vector<unsigned char, std::allocator<unsigned char> >&, bool)[m[K’
[1.305s]    55 |         void [01;36m[Ksend_command[m[K(const std::vector<uint8_t> &cmd, std::vector<uint8_t> &msg, bool print_output=true)
[1.305s]       |              [01;36m[K^~~~~~~~~~~~[m[K
[1.306s] [01m[K/home/corey/uumotor-servo-motor-driver-ros2/src/uumotor_servo_motor_driver/include/uumotor_servo_motor_driver/comms.hpp:55:14:[m[K [01;36m[Knote: [m[K  candidate expects 3 arguments, 1 provided
[1.306s] In file included from [01m[K/home/corey/uumotor-servo-motor-driver-ros2/src/uumotor_servo_motor_driver/src/test_node.cpp:10[m[K:
[1.306s] [01m[K/home/corey/uumotor-servo-motor-driver-ros2/src/uumotor_servo_motor_driver/include/uumotor_servo_motor_driver/motor_controller.hpp:[m[K In member function ‘[01m[Kvoid MotorController::set_motor_parameters(int, std::string, int, int, int, std::string)[m[K’:
[1.306s] [01m[K/home/corey/uumotor-servo-motor-driver-ros2/src/uumotor_servo_motor_driver/include/uumotor_servo_motor_driver/motor_controller.hpp:41:37:[m[K [01;31m[Kerror: [m[Kno matching function for call to ‘[01m[KComms::send_command(std::vector<unsigned char, std::allocator<unsigned char> >&)[m[K’
[1.306s]    41 |             serial_.send_command(cmd[01;31m[K)[m[K;
[1.306s]       |                                     [01;31m[K^[m[K
[1.306s] In file included from [01m[K/home/corey/uumotor-servo-motor-driver-ros2/src/uumotor_servo_motor_driver/include/uumotor_servo_motor_driver/motor_controller.hpp:8[m[K,
[1.306s]                  from [01m[K/home/corey/uumotor-servo-motor-driver-ros2/src/uumotor_servo_motor_driver/src/test_node.cpp:10[m[K:
[1.306s] [01m[K/home/corey/uumotor-servo-motor-driver-ros2/src/uumotor_servo_motor_driver/include/uumotor_servo_motor_driver/comms.hpp:55:14:[m[K [01;36m[Knote: [m[Kcandidate: ‘[01m[Kvoid Comms::send_command(const std::vector<unsigned char, std::allocator<unsigned char> >&, std::vector<unsigned char, std::allocator<unsigned char> >&, bool)[m[K’
[1.306s]    55 |         void [01;36m[Ksend_command[m[K(const std::vector<uint8_t> &cmd, std::vector<uint8_t> &msg, bool print_output=true)
[1.306s]       |              [01;36m[K^~~~~~~~~~~~[m[K
[1.307s] [01m[K/home/corey/uumotor-servo-motor-driver-ros2/src/uumotor_servo_motor_driver/include/uumotor_servo_motor_driver/comms.hpp:55:14:[m[K [01;36m[Knote: [m[K  candidate expects 3 arguments, 1 provided
[1.307s] In file included from [01m[K/home/corey/uumotor-servo-motor-driver-ros2/src/uumotor_servo_motor_driver/src/test_node.cpp:10[m[K:
[1.307s] [01m[K/home/corey/uumotor-servo-motor-driver-ros2/src/uumotor_servo_motor_driver/include/uumotor_servo_motor_driver/motor_controller.hpp:43:37:[m[K [01;31m[Kerror: [m[Kno matching function for call to ‘[01m[KComms::send_command(std::vector<unsigned char, std::allocator<unsigned char> >&)[m[K’
[1.307s]    43 |             serial_.send_command(cmd[01;31m[K)[m[K;
[1.307s]       |                                     [01;31m[K^[m[K
[1.307s] In file included from [01m[K/home/corey/uumotor-servo-motor-driver-ros2/src/uumotor_servo_motor_driver/include/uumotor_servo_motor_driver/motor_controller.hpp:8[m[K,
[1.307s]                  from [01m[K/home/corey/uumotor-servo-motor-driver-ros2/src/uumotor_servo_motor_driver/src/test_node.cpp:10[m[K:
[1.307s] [01m[K/home/corey/uumotor-servo-motor-driver-ros2/src/uumotor_servo_motor_driver/include/uumotor_servo_motor_driver/comms.hpp:55:14:[m[K [01;36m[Knote: [m[Kcandidate: ‘[01m[Kvoid Comms::send_command(const std::vector<unsigned char, std::allocator<unsigned char> >&, std::vector<unsigned char, std::allocator<unsigned char> >&, bool)[m[K’
[1.307s]    55 |         void [01;36m[Ksend_command[m[K(const std::vector<uint8_t> &cmd, std::vector<uint8_t> &msg, bool print_output=true)
[1.307s]       |              [01;36m[K^~~~~~~~~~~~[m[K
[1.307s] [01m[K/home/corey/uumotor-servo-motor-driver-ros2/src/uumotor_servo_motor_driver/include/uumotor_servo_motor_driver/comms.hpp:55:14:[m[K [01;36m[Knote: [m[K  candidate expects 3 arguments, 1 provided
[1.307s] In file included from [01m[K/home/corey/uumotor-servo-motor-driver-ros2/src/uumotor_servo_motor_driver/src/test_node.cpp:10[m[K:
[1.307s] [01m[K/home/corey/uumotor-servo-motor-driver-ros2/src/uumotor_servo_motor_driver/include/uumotor_servo_motor_driver/motor_controller.hpp:45:37:[m[K [01;31m[Kerror: [m[Kno matching function for call to ‘[01m[KComms::send_command(std::vector<unsigned char, std::allocator<unsigned char> >&)[m[K’
[1.307s]    45 |             serial_.send_command(cmd[01;31m[K)[m[K;
[1.307s]       |                                     [01;31m[K^[m[K
[1.307s] In file included from [01m[K/home/corey/uumotor-servo-motor-driver-ros2/src/uumotor_servo_motor_driver/include/uumotor_servo_motor_driver/motor_controller.hpp:8[m[K,
[1.307s]                  from [01m[K/home/corey/uumotor-servo-motor-driver-ros2/src/uumotor_servo_motor_driver/src/test_node.cpp:10[m[K:
[1.308s] [01m[K/home/corey/uumotor-servo-motor-driver-ros2/src/uumotor_servo_motor_driver/include/uumotor_servo_motor_driver/comms.hpp:55:14:[m[K [01;36m[Knote: [m[Kcandidate: ‘[01m[Kvoid Comms::send_command(const std::vector<unsigned char, std::allocator<unsigned char> >&, std::vector<unsigned char, std::allocator<unsigned char> >&, bool)[m[K’
[1.308s]    55 |         void [01;36m[Ksend_command[m[K(const std::vector<uint8_t> &cmd, std::vector<uint8_t> &msg, bool print_output=true)
[1.308s]       |              [01;36m[K^~~~~~~~~~~~[m[K
[1.308s] [01m[K/home/corey/uumotor-servo-motor-driver-ros2/src/uumotor_servo_motor_driver/include/uumotor_servo_motor_driver/comms.hpp:55:14:[m[K [01;36m[Knote: [m[K  candidate expects 3 arguments, 1 provided
[1.308s] In file included from [01m[K/home/corey/uumotor-servo-motor-driver-ros2/src/uumotor_servo_motor_driver/src/test_node.cpp:10[m[K:
[1.308s] [01m[K/home/corey/uumotor-servo-motor-driver-ros2/src/uumotor_servo_motor_driver/include/uumotor_servo_motor_driver/motor_controller.hpp:47:37:[m[K [01;31m[Kerror: [m[Kno matching function for call to ‘[01m[KComms::send_command(std::vector<unsigned char, std::allocator<unsigned char> >&)[m[K’
[1.308s]    47 |             serial_.send_command(cmd[01;31m[K)[m[K;
[1.308s]       |                                     [01;31m[K^[m[K
[1.308s] In file included from [01m[K/home/corey/uumotor-servo-motor-driver-ros2/src/uumotor_servo_motor_driver/include/uumotor_servo_motor_driver/motor_controller.hpp:8[m[K,
[1.308s]                  from [01m[K/home/corey/uumotor-servo-motor-driver-ros2/src/uumotor_servo_motor_driver/src/test_node.cpp:10[m[K:
[1.308s] [01m[K/home/corey/uumotor-servo-motor-driver-ros2/src/uumotor_servo_motor_driver/include/uumotor_servo_motor_driver/comms.hpp:55:14:[m[K [01;36m[Knote: [m[Kcandidate: ‘[01m[Kvoid Comms::send_command(const std::vector<unsigned char, std::allocator<unsigned char> >&, std::vector<unsigned char, std::allocator<unsigned char> >&, bool)[m[K’
[1.308s]    55 |         void [01;36m[Ksend_command[m[K(const std::vector<uint8_t> &cmd, std::vector<uint8_t> &msg, bool print_output=true)
[1.308s]       |              [01;36m[K^~~~~~~~~~~~[m[K
[1.308s] [01m[K/home/corey/uumotor-servo-motor-driver-ros2/src/uumotor_servo_motor_driver/include/uumotor_servo_motor_driver/comms.hpp:55:14:[m[K [01;36m[Knote: [m[K  candidate expects 3 arguments, 1 provided
[1.308s] In file included from [01m[K/home/corey/uumotor-servo-motor-driver-ros2/src/uumotor_servo_motor_driver/src/test_node.cpp:10[m[K:
[1.308s] [01m[K/home/corey/uumotor-servo-motor-driver-ros2/src/uumotor_servo_motor_driver/include/uumotor_servo_motor_driver/motor_controller.hpp:[m[K In member function ‘[01m[Kvoid MotorController::change_current(int, float)[m[K’:
[1.308s] [01m[K/home/corey/uumotor-servo-motor-driver-ros2/src/uumotor_servo_motor_driver/include/uumotor_servo_motor_driver/motor_controller.hpp:55:37:[m[K [01;31m[Kerror: [m[Kno matching function for call to ‘[01m[KComms::send_command(std::vector<unsigned char, std::allocator<unsigned char> >&)[m[K’
[1.308s]    55 |             serial_.send_command(cmd[01;31m[K)[m[K;
[1.308s]       |                                     [01;31m[K^[m[K
[1.308s] In file included from [01m[K/home/corey/uumotor-servo-motor-driver-ros2/src/uumotor_servo_motor_driver/include/uumotor_servo_motor_driver/motor_controller.hpp:8[m[K,
[1.308s]                  from [01m[K/home/corey/uumotor-servo-motor-driver-ros2/src/uumotor_servo_motor_driver/src/test_node.cpp:10[m[K:
[1.309s] [01m[K/home/corey/uumotor-servo-motor-driver-ros2/src/uumotor_servo_motor_driver/include/uumotor_servo_motor_driver/comms.hpp:55:14:[m[K [01;36m[Knote: [m[Kcandidate: ‘[01m[Kvoid Comms::send_command(const std::vector<unsigned char, std::allocator<unsigned char> >&, std::vector<unsigned char, std::allocator<unsigned char> >&, bool)[m[K’
[1.309s]    55 |         void [01;36m[Ksend_command[m[K(const std::vector<uint8_t> &cmd, std::vector<uint8_t> &msg, bool print_output=true)
[1.309s]       |              [01;36m[K^~~~~~~~~~~~[m[K
[1.309s] [01m[K/home/corey/uumotor-servo-motor-driver-ros2/src/uumotor_servo_motor_driver/include/uumotor_servo_motor_driver/comms.hpp:55:14:[m[K [01;36m[Knote: [m[K  candidate expects 3 arguments, 1 provided
[1.309s] In file included from [01m[K/home/corey/uumotor-servo-motor-driver-ros2/src/uumotor_servo_motor_driver/src/test_node.cpp:10[m[K:
[1.309s] [01m[K/home/corey/uumotor-servo-motor-driver-ros2/src/uumotor_servo_motor_driver/include/uumotor_servo_motor_driver/motor_controller.hpp:[m[K In member function ‘[01m[Kvoid MotorController::set_motor_speed(int, int)[m[K’:
[1.309s] [01m[K/home/corey/uumotor-servo-motor-driver-ros2/src/uumotor_servo_motor_driver/include/uumotor_servo_motor_driver/motor_controller.hpp:61:37:[m[K [01;31m[Kerror: [m[Kno matching function for call to ‘[01m[KComms::send_command(std::vector<unsigned char, std::allocator<unsigned char> >&)[m[K’
[1.309s]    61 |             serial_.send_command(cmd[01;31m[K)[m[K;
[1.309s]       |                                     [01;31m[K^[m[K
[1.309s] In file included from [01m[K/home/corey/uumotor-servo-motor-driver-ros2/src/uumotor_servo_motor_driver/include/uumotor_servo_motor_driver/motor_controller.hpp:8[m[K,
[1.309s]                  from [01m[K/home/corey/uumotor-servo-motor-driver-ros2/src/uumotor_servo_motor_driver/src/test_node.cpp:10[m[K:
[1.309s] [01m[K/home/corey/uumotor-servo-motor-driver-ros2/src/uumotor_servo_motor_driver/include/uumotor_servo_motor_driver/comms.hpp:55:14:[m[K [01;36m[Knote: [m[Kcandidate: ‘[01m[Kvoid Comms::send_command(const std::vector<unsigned char, std::allocator<unsigned char> >&, std::vector<unsigned char, std::allocator<unsigned char> >&, bool)[m[K’
[1.309s]    55 |         void [01;36m[Ksend_command[m[K(const std::vector<uint8_t> &cmd, std::vector<uint8_t> &msg, bool print_output=true)
[1.309s]       |              [01;36m[K^~~~~~~~~~~~[m[K
[1.309s] [01m[K/home/corey/uumotor-servo-motor-driver-ros2/src/uumotor_servo_motor_driver/include/uumotor_servo_motor_driver/comms.hpp:55:14:[m[K [01;36m[Knote: [m[K  candidate expects 3 arguments, 1 provided
[1.309s] In file included from [01m[K/home/corey/uumotor-servo-motor-driver-ros2/src/uumotor_servo_motor_driver/src/test_node.cpp:10[m[K:
[1.309s] [01m[K/home/corey/uumotor-servo-motor-driver-ros2/src/uumotor_servo_motor_driver/include/uumotor_servo_motor_driver/motor_controller.hpp:[m[K In member function ‘[01m[Kbool MotorController::motor_running(int)[m[K’:
[1.309s] [01m[K/home/corey/uumotor-servo-motor-driver-ros2/src/uumotor_servo_motor_driver/include/uumotor_servo_motor_driver/motor_controller.hpp:72:64:[m[K [01;31m[Kerror: [m[Kno matching function for call to ‘[01m[KComms::send_command(std::vector<unsigned char, std::allocator<unsigned char> >&)[m[K’
[1.309s]    72 |             std::vector<uint8_t> msg = serial_.send_command(cmd[01;31m[K)[m[K;
[1.309s]       |                                                                [01;31m[K^[m[K
[1.309s] In file included from [01m[K/home/corey/uumotor-servo-motor-driver-ros2/src/uumotor_servo_motor_driver/include/uumotor_servo_motor_driver/motor_controller.hpp:8[m[K,
[1.309s]                  from [01m[K/home/corey/uumotor-servo-motor-driver-ros2/src/uumotor_servo_motor_driver/src/test_node.cpp:10[m[K:
[1.309s] [01m[K/home/corey/uumotor-servo-motor-driver-ros2/src/uumotor_servo_motor_driver/include/uumotor_servo_motor_driver/comms.hpp:55:14:[m[K [01;36m[Knote: [m[Kcandidate: ‘[01m[Kvoid Comms::send_command(const std::vector<unsigned char, std::allocator<unsigned char> >&, std::vector<unsigned char, std::allocator<unsigned char> >&, bool)[m[K’
[1.310s]    55 |         void [01;36m[Ksend_command[m[K(const std::vector<uint8_t> &cmd, std::vector<uint8_t> &msg, bool print_output=true)
[1.310s]       |              [01;36m[K^~~~~~~~~~~~[m[K
[1.310s] [01m[K/home/corey/uumotor-servo-motor-driver-ros2/src/uumotor_servo_motor_driver/include/uumotor_servo_motor_driver/comms.hpp:55:14:[m[K [01;36m[Knote: [m[K  candidate expects 3 arguments, 1 provided
[1.310s] In file included from [01m[K/home/corey/uumotor-servo-motor-driver-ros2/src/uumotor_servo_motor_driver/src/test_node.cpp:10[m[K:
[1.310s] [01m[K/home/corey/uumotor-servo-motor-driver-ros2/src/uumotor_servo_motor_driver/include/uumotor_servo_motor_driver/motor_controller.hpp:73:44:[m[K [01;31m[Kerror: [m[Kcannot convert ‘[01m[Kstd::vector<unsigned char, std::allocator<unsigned char> >[m[K’ to ‘[01m[Kuint8_t*[m[K’ {aka ‘[01m[Kunsigned char*[m[K’}
[1.310s]    73 |             int check = fun_.check_message([01;31m[Kmsg[m[K);
[1.310s]       |                                            [01;31m[K^~~[m[K
[1.310s]       |                                            [01;31m[K|[m[K
[1.310s]       |                                            [01;31m[Kstd::vector<unsigned char, std::allocator<unsigned char> >[m[K
[1.310s] In file included from [01m[K/home/corey/uumotor-servo-motor-driver-ros2/src/uumotor_servo_motor_driver/include/uumotor_servo_motor_driver/commands.h:6[m[K,
[1.310s]                  from [01m[K/home/corey/uumotor-servo-motor-driver-ros2/src/uumotor_servo_motor_driver/include/uumotor_servo_motor_driver/comms.hpp:7[m[K,
[1.310s]                  from [01m[K/home/corey/uumotor-servo-motor-driver-ros2/src/uumotor_servo_motor_driver/include/uumotor_servo_motor_driver/motor_controller.hpp:8[m[K,
[1.310s]                  from [01m[K/home/corey/uumotor-servo-motor-driver-ros2/src/uumotor_servo_motor_driver/src/test_node.cpp:10[m[K:
[1.310s] [01m[K/home/corey/uumotor-servo-motor-driver-ros2/src/uumotor_servo_motor_driver/include/uumotor_servo_motor_driver/functions.h:20:33:[m[K [01;36m[Knote: [m[K  initializing argument 1 of ‘[01m[Kbool Functions::check_message(uint8_t*)[m[K’
[1.310s]    20 |     bool check_message([01;36m[Kuint8_t *msg[m[K);
[1.310s]       |                        [01;36m[K~~~~~~~~~^~~[m[K
[1.310s] In file included from [01m[K/home/corey/uumotor-servo-motor-driver-ros2/src/uumotor_servo_motor_driver/src/test_node.cpp:10[m[K:
[1.310s] [01m[K/home/corey/uumotor-servo-motor-driver-ros2/src/uumotor_servo_motor_driver/include/uumotor_servo_motor_driver/motor_controller.hpp:77:52:[m[K [01;31m[Kerror: [m[Kcannot convert ‘[01m[Kstd::vector<unsigned char, std::allocator<unsigned char> >[m[K’ to ‘[01m[Kuint8_t*[m[K’ {aka ‘[01m[Kunsigned char*[m[K’}
[1.310s]    77 |                 int running = fun_.message_decoder([01;31m[Kmsg[m[K, 16, true);
[1.310s]       |                                                    [01;31m[K^~~[m[K
[1.310s]       |                                                    [01;31m[K|[m[K
[1.310s]       |                                                    [01;31m[Kstd::vector<unsigned char, std::allocator<unsigned char> >[m[K
[1.311s] In file included from [01m[K/home/corey/uumotor-servo-motor-driver-ros2/src/uumotor_servo_motor_driver/include/uumotor_servo_motor_driver/commands.h:6[m[K,
[1.311s]                  from [01m[K/home/corey/uumotor-servo-motor-driver-ros2/src/uumotor_servo_motor_driver/include/uumotor_servo_motor_driver/comms.hpp:7[m[K,
[1.311s]                  from [01m[K/home/corey/uumotor-servo-motor-driver-ros2/src/uumotor_servo_motor_driver/include/uumotor_servo_motor_driver/motor_controller.hpp:8[m[K,
[1.311s]                  from [01m[K/home/corey/uumotor-servo-motor-driver-ros2/src/uumotor_servo_motor_driver/src/test_node.cpp:10[m[K:
[1.311s] [01m[K/home/corey/uumotor-servo-motor-driver-ros2/src/uumotor_servo_motor_driver/include/uumotor_servo_motor_driver/functions.h:26:34:[m[K [01;36m[Knote: [m[K  initializing argument 1 of ‘[01m[Kint Functions::message_decoder(uint8_t*, int, bool)[m[K’
[1.311s]    26 |     int message_decoder([01;36m[Kuint8_t *msg[m[K, int bit, bool unsign);
[1.311s]       |                         [01;36m[K~~~~~~~~~^~~[m[K
[1.311s] In file included from [01m[K/home/corey/uumotor-servo-motor-driver-ros2/src/uumotor_servo_motor_driver/src/test_node.cpp:10[m[K:
[1.311s] [01m[K/home/corey/uumotor-servo-motor-driver-ros2/src/uumotor_servo_motor_driver/include/uumotor_servo_motor_driver/motor_controller.hpp:[m[K In member function ‘[01m[Kfloat MotorController::read_temp(int)[m[K’:
[1.311s] [01m[K/home/corey/uumotor-servo-motor-driver-ros2/src/uumotor_servo_motor_driver/include/uumotor_servo_motor_driver/motor_controller.hpp:86:37:[m[K [01;31m[Kerror: [m[Kno matching function for call to ‘[01m[KComms::send_command(std::vector<unsigned char, std::allocator<unsigned char> >&)[m[K’
[1.311s]    86 |             serial_.send_command(cmd[01;31m[K)[m[K;
[1.311s]       |                                     [01;31m[K^[m[K
[1.311s] In file included from [01m[K/home/corey/uumotor-servo-motor-driver-ros2/src/uumotor_servo_motor_driver/include/uumotor_servo_motor_driver/motor_controller.hpp:8[m[K,
[1.311s]                  from [01m[K/home/corey/uumotor-servo-motor-driver-ros2/src/uumotor_servo_motor_driver/src/test_node.cpp:10[m[K:
[1.311s] [01m[K/home/corey/uumotor-servo-motor-driver-ros2/src/uumotor_servo_motor_driver/include/uumotor_servo_motor_driver/comms.hpp:55:14:[m[K [01;36m[Knote: [m[Kcandidate: ‘[01m[Kvoid Comms::send_command(const std::vector<unsigned char, std::allocator<unsigned char> >&, std::vector<unsigned char, std::allocator<unsigned char> >&, bool)[m[K’
[1.311s]    55 |         void [01;36m[Ksend_command[m[K(const std::vector<uint8_t> &cmd, std::vector<uint8_t> &msg, bool print_output=true)
[1.311s]       |              [01;36m[K^~~~~~~~~~~~[m[K
[1.311s] [01m[K/home/corey/uumotor-servo-motor-driver-ros2/src/uumotor_servo_motor_driver/include/uumotor_servo_motor_driver/comms.hpp:55:14:[m[K [01;36m[Knote: [m[K  candidate expects 3 arguments, 1 provided
[1.311s] In file included from [01m[K/home/corey/uumotor-servo-motor-driver-ros2/src/uumotor_servo_motor_driver/src/test_node.cpp:10[m[K:
[1.311s] [01m[K/home/corey/uumotor-servo-motor-driver-ros2/src/uumotor_servo_motor_driver/include/uumotor_servo_motor_driver/motor_controller.hpp:[m[K In member function ‘[01m[Kfloat MotorController::read_volt(int)[m[K’:
[1.311s] [01m[K/home/corey/uumotor-servo-motor-driver-ros2/src/uumotor_servo_motor_driver/include/uumotor_servo_motor_driver/motor_controller.hpp:93:37:[m[K [01;31m[Kerror: [m[Kno matching function for call to ‘[01m[KComms::send_command(std::vector<unsigned char, std::allocator<unsigned char> >&)[m[K’
[1.311s]    93 |             serial_.send_command(cmd[01;31m[K)[m[K;
[1.311s]       |                                     [01;31m[K^[m[K
[1.312s] In file included from [01m[K/home/corey/uumotor-servo-motor-driver-ros2/src/uumotor_servo_motor_driver/include/uumotor_servo_motor_driver/motor_controller.hpp:8[m[K,
[1.312s]                  from [01m[K/home/corey/uumotor-servo-motor-driver-ros2/src/uumotor_servo_motor_driver/src/test_node.cpp:10[m[K:
[1.312s] [01m[K/home/corey/uumotor-servo-motor-driver-ros2/src/uumotor_servo_motor_driver/include/uumotor_servo_motor_driver/comms.hpp:55:14:[m[K [01;36m[Knote: [m[Kcandidate: ‘[01m[Kvoid Comms::send_command(const std::vector<unsigned char, std::allocator<unsigned char> >&, std::vector<unsigned char, std::allocator<unsigned char> >&, bool)[m[K’
[1.312s]    55 |         void [01;36m[Ksend_command[m[K(const std::vector<uint8_t> &cmd, std::vector<uint8_t> &msg, bool print_output=true)
[1.312s]       |              [01;36m[K^~~~~~~~~~~~[m[K
[1.312s] [01m[K/home/corey/uumotor-servo-motor-driver-ros2/src/uumotor_servo_motor_driver/include/uumotor_servo_motor_driver/comms.hpp:55:14:[m[K [01;36m[Knote: [m[K  candidate expects 3 arguments, 1 provided
[1.312s] In file included from [01m[K/home/corey/uumotor-servo-motor-driver-ros2/src/uumotor_servo_motor_driver/src/test_node.cpp:10[m[K:
[1.312s] [01m[K/home/corey/uumotor-servo-motor-driver-ros2/src/uumotor_servo_motor_driver/include/uumotor_servo_motor_driver/motor_controller.hpp:[m[K In member function ‘[01m[Kdouble MotorController::get_absolute_position(int)[m[K’:
[1.312s] [01m[K/home/corey/uumotor-servo-motor-driver-ros2/src/uumotor_servo_motor_driver/include/uumotor_servo_motor_driver/motor_controller.hpp:101:37:[m[K [01;31m[Kerror: [m[Kno matching function for call to ‘[01m[KComms::send_command(std::vector<unsigned char, std::allocator<unsigned char> >&)[m[K’
[1.312s]   101 |             serial_.send_command(cmd[01;31m[K)[m[K;
[1.312s]       |                                     [01;31m[K^[m[K
[1.312s] In file included from [01m[K/home/corey/uumotor-servo-motor-driver-ros2/src/uumotor_servo_motor_driver/include/uumotor_servo_motor_driver/motor_controller.hpp:8[m[K,
[1.312s]                  from [01m[K/home/corey/uumotor-servo-motor-driver-ros2/src/uumotor_servo_motor_driver/src/test_node.cpp:10[m[K:
[1.312s] [01m[K/home/corey/uumotor-servo-motor-driver-ros2/src/uumotor_servo_motor_driver/include/uumotor_servo_motor_driver/comms.hpp:55:14:[m[K [01;36m[Knote: [m[Kcandidate: ‘[01m[Kvoid Comms::send_command(const std::vector<unsigned char, std::allocator<unsigned char> >&, std::vector<unsigned char, std::allocator<unsigned char> >&, bool)[m[K’
[1.312s]    55 |         void [01;36m[Ksend_command[m[K(const std::vector<uint8_t> &cmd, std::vector<uint8_t> &msg, bool print_output=true)
[1.312s]       |              [01;36m[K^~~~~~~~~~~~[m[K
[1.312s] [01m[K/home/corey/uumotor-servo-motor-driver-ros2/src/uumotor_servo_motor_driver/include/uumotor_servo_motor_driver/comms.hpp:55:14:[m[K [01;36m[Knote: [m[K  candidate expects 3 arguments, 1 provided
[1.312s] In file included from [01m[K/home/corey/uumotor-servo-motor-driver-ros2/src/uumotor_servo_motor_driver/src/test_node.cpp:10[m[K:
[1.312s] [01m[K/home/corey/uumotor-servo-motor-driver-ros2/src/uumotor_servo_motor_driver/include/uumotor_servo_motor_driver/motor_controller.hpp:[m[K In member function ‘[01m[Kvoid MotorController::calibrate(int)[m[K’:
[1.312s] [01m[K/home/corey/uumotor-servo-motor-driver-ros2/src/uumotor_servo_motor_driver/include/uumotor_servo_motor_driver/motor_controller.hpp:109:37:[m[K [01;31m[Kerror: [m[Kno matching function for call to ‘[01m[KComms::send_command(std::vector<unsigned char, std::allocator<unsigned char> >&)[m[K’
[1.312s]   109 |             serial_.send_command(cmd[01;31m[K)[m[K;
[1.312s]       |                                     [01;31m[K^[m[K
[1.313s] In file included from [01m[K/home/corey/uumotor-servo-motor-driver-ros2/src/uumotor_servo_motor_driver/include/uumotor_servo_motor_driver/motor_controller.hpp:8[m[K,
[1.313s]                  from [01m[K/home/corey/uumotor-servo-motor-driver-ros2/src/uumotor_servo_motor_driver/src/test_node.cpp:10[m[K:
[1.313s] [01m[K/home/corey/uumotor-servo-motor-driver-ros2/src/uumotor_servo_motor_driver/include/uumotor_servo_motor_driver/comms.hpp:55:14:[m[K [01;36m[Knote: [m[Kcandidate: ‘[01m[Kvoid Comms::send_command(const std::vector<unsigned char, std::allocator<unsigned char> >&, std::vector<unsigned char, std::allocator<unsigned char> >&, bool)[m[K’
[1.313s]    55 |         void [01;36m[Ksend_command[m[K(const std::vector<uint8_t> &cmd, std::vector<uint8_t> &msg, bool print_output=true)
[1.313s]       |              [01;36m[K^~~~~~~~~~~~[m[K
[1.313s] [01m[K/home/corey/uumotor-servo-motor-driver-ros2/src/uumotor_servo_motor_driver/include/uumotor_servo_motor_driver/comms.hpp:55:14:[m[K [01;36m[Knote: [m[K  candidate expects 3 arguments, 1 provided
[1.313s] In file included from [01m[K/home/corey/uumotor-servo-motor-driver-ros2/src/uumotor_servo_motor_driver/src/test_node.cpp:10[m[K:
[1.313s] [01m[K/home/corey/uumotor-servo-motor-driver-ros2/src/uumotor_servo_motor_driver/include/uumotor_servo_motor_driver/motor_controller.hpp:[m[K In member function ‘[01m[Kint MotorController::calibration_status(int)[m[K’:
[1.313s] [01m[K/home/corey/uumotor-servo-motor-driver-ros2/src/uumotor_servo_motor_driver/include/uumotor_servo_motor_driver/motor_controller.hpp:115:37:[m[K [01;31m[Kerror: [m[Kno matching function for call to ‘[01m[KComms::send_command(std::vector<unsigned char, std::allocator<unsigned char> >&)[m[K’
[1.313s]   115 |             serial_.send_command(cmd[01;31m[K)[m[K;
[1.313s]       |                                     [01;31m[K^[m[K
[1.313s] In file included from [01m[K/home/corey/uumotor-servo-motor-driver-ros2/src/uumotor_servo_motor_driver/include/uumotor_servo_motor_driver/motor_controller.hpp:8[m[K,
[1.313s]                  from [01m[K/home/corey/uumotor-servo-motor-driver-ros2/src/uumotor_servo_motor_driver/src/test_node.cpp:10[m[K:
[1.313s] [01m[K/home/corey/uumotor-servo-motor-driver-ros2/src/uumotor_servo_motor_driver/include/uumotor_servo_motor_driver/comms.hpp:55:14:[m[K [01;36m[Knote: [m[Kcandidate: ‘[01m[Kvoid Comms::send_command(const std::vector<unsigned char, std::allocator<unsigned char> >&, std::vector<unsigned char, std::allocator<unsigned char> >&, bool)[m[K’
[1.313s]    55 |         void [01;36m[Ksend_command[m[K(const std::vector<uint8_t> &cmd, std::vector<uint8_t> &msg, bool print_output=true)
[1.313s]       |              [01;36m[K^~~~~~~~~~~~[m[K
[1.313s] [01m[K/home/corey/uumotor-servo-motor-driver-ros2/src/uumotor_servo_motor_driver/include/uumotor_servo_motor_driver/comms.hpp:55:14:[m[K [01;36m[Knote: [m[K  candidate expects 3 arguments, 1 provided
[1.313s] In file included from [01m[K/home/corey/uumotor-servo-motor-driver-ros2/src/uumotor_servo_motor_driver/src/test_node.cpp:10[m[K:
[1.313s] [01m[K/home/corey/uumotor-servo-motor-driver-ros2/src/uumotor_servo_motor_driver/include/uumotor_servo_motor_driver/motor_controller.hpp:[m[K In member function ‘[01m[Kint MotorController::error_status(int)[m[K’:
[1.313s] [01m[K/home/corey/uumotor-servo-motor-driver-ros2/src/uumotor_servo_motor_driver/include/uumotor_servo_motor_driver/motor_controller.hpp:123:37:[m[K [01;31m[Kerror: [m[Kno matching function for call to ‘[01m[KComms::send_command(std::vector<unsigned char, std::allocator<unsigned char> >&)[m[K’
[1.313s]   123 |             serial_.send_command(cmd[01;31m[K)[m[K;
[1.313s]       |                                     [01;31m[K^[m[K
[1.314s] In file included from [01m[K/home/corey/uumotor-servo-motor-driver-ros2/src/uumotor_servo_motor_driver/include/uumotor_servo_motor_driver/motor_controller.hpp:8[m[K,
[1.314s]                  from [01m[K/home/corey/uumotor-servo-motor-driver-ros2/src/uumotor_servo_motor_driver/src/test_node.cpp:10[m[K:
[1.314s] [01m[K/home/corey/uumotor-servo-motor-driver-ros2/src/uumotor_servo_motor_driver/include/uumotor_servo_motor_driver/comms.hpp:55:14:[m[K [01;36m[Knote: [m[Kcandidate: ‘[01m[Kvoid Comms::send_command(const std::vector<unsigned char, std::allocator<unsigned char> >&, std::vector<unsigned char, std::allocator<unsigned char> >&, bool)[m[K’
[1.314s]    55 |         void [01;36m[Ksend_command[m[K(const std::vector<uint8_t> &cmd, std::vector<uint8_t> &msg, bool print_output=true)
[1.314s]       |              [01;36m[K^~~~~~~~~~~~[m[K
[1.314s] [01m[K/home/corey/uumotor-servo-motor-driver-ros2/src/uumotor_servo_motor_driver/include/uumotor_servo_motor_driver/comms.hpp:55:14:[m[K [01;36m[Knote: [m[K  candidate expects 3 arguments, 1 provided
[1.763s] make[2]: *** [CMakeFiles/driver.dir/build.make:76: CMakeFiles/driver.dir/src/test_node.cpp.o] Error 1
[1.763s] make[1]: *** [CMakeFiles/Makefile2:170: CMakeFiles/driver.dir/all] Error 2
[1.763s] make: *** [Makefile:146: all] Error 2
[1.767s] Invoked command in '/home/corey/uumotor-servo-motor-driver-ros2/build/uumotor_servo_motor_driver' returned '2': CMAKE_PREFIX_PATH=/opt/ros/galactic /home/corey/.local/bin/cmake --build /home/corey/uumotor-servo-motor-driver-ros2/build/uumotor_servo_motor_driver -- -j16 -l16
