[0.107s] Invoking command in '/home/corey/uumotor-servo-motor-driver-ros2/build/uumotor_servo_motor_driver': CMAKE_PREFIX_PATH=/opt/ros/galactic /home/corey/.local/bin/cmake --build /home/corey/uumotor-servo-motor-driver-ros2/build/uumotor_servo_motor_driver -- -j16 -l16
[0.137s] [ 18%] Built target fun
[0.140s] [ 36%] Built target cmd
[0.140s] [ 63%] Built target uumotor_servo_motor_driver
[0.155s] [ 72%] [32mBuilding CXX object CMakeFiles/driver.dir/src/test_node.cpp.o[0m
[1.298s] In file included from [01m[K/home/corey/uumotor-servo-motor-driver-ros2/src/uumotor_servo_motor_driver/include/uumotor_servo_motor_driver/motor_controller.hpp:8[m[K,
[1.298s]                  from [01m[K/home/corey/uumotor-servo-motor-driver-ros2/src/uumotor_servo_motor_driver/src/test_node.cpp:10[m[K:
[1.298s] [01m[K/home/corey/uumotor-servo-motor-driver-ros2/src/uumotor_servo_motor_driver/include/uumotor_servo_motor_driver/comms.hpp:[m[K In member function ‘[01m[Kvoid Comms::send_command(const std::vector<unsigned char, std::allocator<unsigned char> >&, std::vector<unsigned char, std::allocator<unsigned char> >&, bool)[m[K’:
[1.298s] [01m[K/home/corey/uumotor-servo-motor-driver-ros2/src/uumotor_servo_motor_driver/include/uumotor_servo_motor_driver/comms.hpp:92:30:[m[K [01;31m[Kerror: [m[Kcannot bind non-const lvalue reference of type ‘[01m[Kint&[m[K’ to an rvalue of type ‘[01m[Kint[m[K’
[1.298s]    92 |                 for (int &i: [01;31m[Kmsg[m[K) {
[1.298s]       |                              [01;31m[K^~~[m[K
[1.299s] In file included from [01m[K/home/corey/uumotor-servo-motor-driver-ros2/src/uumotor_servo_motor_driver/src/test_node.cpp:10[m[K:
[1.299s] [01m[K/home/corey/uumotor-servo-motor-driver-ros2/src/uumotor_servo_motor_driver/include/uumotor_servo_motor_driver/motor_controller.hpp:[m[K In member function ‘[01m[Kvoid MotorController::drive_motor(int)[m[K’:
[1.299s] [01m[K/home/corey/uumotor-servo-motor-driver-ros2/src/uumotor_servo_motor_driver/include/uumotor_servo_motor_driver/motor_controller.hpp:34:37:[m[K [01;31m[Kerror: [m[Kno matching function for call to ‘[01m[KComms::send_command(std::vector<unsigned char, std::allocator<unsigned char> >&)[m[K’
[1.299s]    34 |             serial_.send_command(cmd[01;31m[K)[m[K;
[1.299s]       |                                     [01;31m[K^[m[K
[1.299s] In file included from [01m[K/home/corey/uumotor-servo-motor-driver-ros2/src/uumotor_servo_motor_driver/include/uumotor_servo_motor_driver/motor_controller.hpp:8[m[K,
[1.299s]                  from [01m[K/home/corey/uumotor-servo-motor-driver-ros2/src/uumotor_servo_motor_driver/src/test_node.cpp:10[m[K:
[1.299s] [01m[K/home/corey/uumotor-servo-motor-driver-ros2/src/uumotor_servo_motor_driver/include/uumotor_servo_motor_driver/comms.hpp:55:14:[m[K [01;36m[Knote: [m[Kcandidate: ‘[01m[Kvoid Comms::send_command(const std::vector<unsigned char, std::allocator<unsigned char> >&, std::vector<unsigned char, std::allocator<unsigned char> >&, bool)[m[K’
[1.299s]    55 |         void [01;36m[Ksend_command[m[K(const std::vector<uint8_t> &cmd, std::vector<uint8_t> &msg, bool print_output=true)
[1.299s]       |              [01;36m[K^~~~~~~~~~~~[m[K
[1.299s] [01m[K/home/corey/uumotor-servo-motor-driver-ros2/src/uumotor_servo_motor_driver/include/uumotor_servo_motor_driver/comms.hpp:55:14:[m[K [01;36m[Knote: [m[K  candidate expects 3 arguments, 1 provided
[1.299s] In file included from [01m[K/home/corey/uumotor-servo-motor-driver-ros2/src/uumotor_servo_motor_driver/src/test_node.cpp:10[m[K:
[1.300s] [01m[K/home/corey/uumotor-servo-motor-driver-ros2/src/uumotor_servo_motor_driver/include/uumotor_servo_motor_driver/motor_controller.hpp:[m[K In member function ‘[01m[Kvoid MotorController::set_motor_parameters(int, std::string, int, int, int, std::string)[m[K’:
[1.300s] [01m[K/home/corey/uumotor-servo-motor-driver-ros2/src/uumotor_servo_motor_driver/include/uumotor_servo_motor_driver/motor_controller.hpp:41:37:[m[K [01;31m[Kerror: [m[Kno matching function for call to ‘[01m[KComms::send_command(std::vector<unsigned char, std::allocator<unsigned char> >&)[m[K’
[1.300s]    41 |             serial_.send_command(cmd[01;31m[K)[m[K;
[1.300s]       |                                     [01;31m[K^[m[K
[1.300s] In file included from [01m[K/home/corey/uumotor-servo-motor-driver-ros2/src/uumotor_servo_motor_driver/include/uumotor_servo_motor_driver/motor_controller.hpp:8[m[K,
[1.300s]                  from [01m[K/home/corey/uumotor-servo-motor-driver-ros2/src/uumotor_servo_motor_driver/src/test_node.cpp:10[m[K:
[1.300s] [01m[K/home/corey/uumotor-servo-motor-driver-ros2/src/uumotor_servo_motor_driver/include/uumotor_servo_motor_driver/comms.hpp:55:14:[m[K [01;36m[Knote: [m[Kcandidate: ‘[01m[Kvoid Comms::send_command(const std::vector<unsigned char, std::allocator<unsigned char> >&, std::vector<unsigned char, std::allocator<unsigned char> >&, bool)[m[K’
[1.300s]    55 |         void [01;36m[Ksend_command[m[K(const std::vector<uint8_t> &cmd, std::vector<uint8_t> &msg, bool print_output=true)
[1.300s]       |              [01;36m[K^~~~~~~~~~~~[m[K
[1.300s] [01m[K/home/corey/uumotor-servo-motor-driver-ros2/src/uumotor_servo_motor_driver/include/uumotor_servo_motor_driver/comms.hpp:55:14:[m[K [01;36m[Knote: [m[K  candidate expects 3 arguments, 1 provided
[1.300s] In file included from [01m[K/home/corey/uumotor-servo-motor-driver-ros2/src/uumotor_servo_motor_driver/src/test_node.cpp:10[m[K:
[1.300s] [01m[K/home/corey/uumotor-servo-motor-driver-ros2/src/uumotor_servo_motor_driver/include/uumotor_servo_motor_driver/motor_controller.hpp:43:37:[m[K [01;31m[Kerror: [m[Kno matching function for call to ‘[01m[KComms::send_command(std::vector<unsigned char, std::allocator<unsigned char> >&)[m[K’
[1.300s]    43 |             serial_.send_command(cmd[01;31m[K)[m[K;
[1.300s]       |                                     [01;31m[K^[m[K
[1.301s] In file included from [01m[K/home/corey/uumotor-servo-motor-driver-ros2/src/uumotor_servo_motor_driver/include/uumotor_servo_motor_driver/motor_controller.hpp:8[m[K,
[1.301s]                  from [01m[K/home/corey/uumotor-servo-motor-driver-ros2/src/uumotor_servo_motor_driver/src/test_node.cpp:10[m[K:
[1.301s] [01m[K/home/corey/uumotor-servo-motor-driver-ros2/src/uumotor_servo_motor_driver/include/uumotor_servo_motor_driver/comms.hpp:55:14:[m[K [01;36m[Knote: [m[Kcandidate: ‘[01m[Kvoid Comms::send_command(const std::vector<unsigned char, std::allocator<unsigned char> >&, std::vector<unsigned char, std::allocator<unsigned char> >&, bool)[m[K’
[1.301s]    55 |         void [01;36m[Ksend_command[m[K(const std::vector<uint8_t> &cmd, std::vector<uint8_t> &msg, bool print_output=true)
[1.301s]       |              [01;36m[K^~~~~~~~~~~~[m[K
[1.301s] [01m[K/home/corey/uumotor-servo-motor-driver-ros2/src/uumotor_servo_motor_driver/include/uumotor_servo_motor_driver/comms.hpp:55:14:[m[K [01;36m[Knote: [m[K  candidate expects 3 arguments, 1 provided
[1.301s] In file included from [01m[K/home/corey/uumotor-servo-motor-driver-ros2/src/uumotor_servo_motor_driver/src/test_node.cpp:10[m[K:
[1.301s] [01m[K/home/corey/uumotor-servo-motor-driver-ros2/src/uumotor_servo_motor_driver/include/uumotor_servo_motor_driver/motor_controller.hpp:45:37:[m[K [01;31m[Kerror: [m[Kno matching function for call to ‘[01m[KComms::send_command(std::vector<unsigned char, std::allocator<unsigned char> >&)[m[K’
[1.301s]    45 |             serial_.send_command(cmd[01;31m[K)[m[K;
[1.301s]       |                                     [01;31m[K^[m[K
[1.301s] In file included from [01m[K/home/corey/uumotor-servo-motor-driver-ros2/src/uumotor_servo_motor_driver/include/uumotor_servo_motor_driver/motor_controller.hpp:8[m[K,
[1.301s]                  from [01m[K/home/corey/uumotor-servo-motor-driver-ros2/src/uumotor_servo_motor_driver/src/test_node.cpp:10[m[K:
[1.301s] [01m[K/home/corey/uumotor-servo-motor-driver-ros2/src/uumotor_servo_motor_driver/include/uumotor_servo_motor_driver/comms.hpp:55:14:[m[K [01;36m[Knote: [m[Kcandidate: ‘[01m[Kvoid Comms::send_command(const std::vector<unsigned char, std::allocator<unsigned char> >&, std::vector<unsigned char, std::allocator<unsigned char> >&, bool)[m[K’
[1.301s]    55 |         void [01;36m[Ksend_command[m[K(const std::vector<uint8_t> &cmd, std::vector<uint8_t> &msg, bool print_output=true)
[1.301s]       |              [01;36m[K^~~~~~~~~~~~[m[K
[1.302s] [01m[K/home/corey/uumotor-servo-motor-driver-ros2/src/uumotor_servo_motor_driver/include/uumotor_servo_motor_driver/comms.hpp:55:14:[m[K [01;36m[Knote: [m[K  candidate expects 3 arguments, 1 provided
[1.302s] In file included from [01m[K/home/corey/uumotor-servo-motor-driver-ros2/src/uumotor_servo_motor_driver/src/test_node.cpp:10[m[K:
[1.302s] [01m[K/home/corey/uumotor-servo-motor-driver-ros2/src/uumotor_servo_motor_driver/include/uumotor_servo_motor_driver/motor_controller.hpp:47:37:[m[K [01;31m[Kerror: [m[Kno matching function for call to ‘[01m[KComms::send_command(std::vector<unsigned char, std::allocator<unsigned char> >&)[m[K’
[1.302s]    47 |             serial_.send_command(cmd[01;31m[K)[m[K;
[1.302s]       |                                     [01;31m[K^[m[K
[1.302s] In file included from [01m[K/home/corey/uumotor-servo-motor-driver-ros2/src/uumotor_servo_motor_driver/include/uumotor_servo_motor_driver/motor_controller.hpp:8[m[K,
[1.302s]                  from [01m[K/home/corey/uumotor-servo-motor-driver-ros2/src/uumotor_servo_motor_driver/src/test_node.cpp:10[m[K:
[1.302s] [01m[K/home/corey/uumotor-servo-motor-driver-ros2/src/uumotor_servo_motor_driver/include/uumotor_servo_motor_driver/comms.hpp:55:14:[m[K [01;36m[Knote: [m[Kcandidate: ‘[01m[Kvoid Comms::send_command(const std::vector<unsigned char, std::allocator<unsigned char> >&, std::vector<unsigned char, std::allocator<unsigned char> >&, bool)[m[K’
[1.302s]    55 |         void [01;36m[Ksend_command[m[K(const std::vector<uint8_t> &cmd, std::vector<uint8_t> &msg, bool print_output=true)
[1.302s]       |              [01;36m[K^~~~~~~~~~~~[m[K
[1.302s] [01m[K/home/corey/uumotor-servo-motor-driver-ros2/src/uumotor_servo_motor_driver/include/uumotor_servo_motor_driver/comms.hpp:55:14:[m[K [01;36m[Knote: [m[K  candidate expects 3 arguments, 1 provided
[1.302s] In file included from [01m[K/home/corey/uumotor-servo-motor-driver-ros2/src/uumotor_servo_motor_driver/src/test_node.cpp:10[m[K:
[1.302s] [01m[K/home/corey/uumotor-servo-motor-driver-ros2/src/uumotor_servo_motor_driver/include/uumotor_servo_motor_driver/motor_controller.hpp:[m[K In member function ‘[01m[Kvoid MotorController::change_current(int, float)[m[K’:
[1.302s] [01m[K/home/corey/uumotor-servo-motor-driver-ros2/src/uumotor_servo_motor_driver/include/uumotor_servo_motor_driver/motor_controller.hpp:55:37:[m[K [01;31m[Kerror: [m[Kno matching function for call to ‘[01m[KComms::send_command(std::vector<unsigned char, std::allocator<unsigned char> >&)[m[K’
[1.302s]    55 |             serial_.send_command(cmd[01;31m[K)[m[K;
[1.303s]       |                                     [01;31m[K^[m[K
[1.303s] In file included from [01m[K/home/corey/uumotor-servo-motor-driver-ros2/src/uumotor_servo_motor_driver/include/uumotor_servo_motor_driver/motor_controller.hpp:8[m[K,
[1.303s]                  from [01m[K/home/corey/uumotor-servo-motor-driver-ros2/src/uumotor_servo_motor_driver/src/test_node.cpp:10[m[K:
[1.303s] [01m[K/home/corey/uumotor-servo-motor-driver-ros2/src/uumotor_servo_motor_driver/include/uumotor_servo_motor_driver/comms.hpp:55:14:[m[K [01;36m[Knote: [m[Kcandidate: ‘[01m[Kvoid Comms::send_command(const std::vector<unsigned char, std::allocator<unsigned char> >&, std::vector<unsigned char, std::allocator<unsigned char> >&, bool)[m[K’
[1.303s]    55 |         void [01;36m[Ksend_command[m[K(const std::vector<uint8_t> &cmd, std::vector<uint8_t> &msg, bool print_output=true)
[1.303s]       |              [01;36m[K^~~~~~~~~~~~[m[K
[1.303s] [01m[K/home/corey/uumotor-servo-motor-driver-ros2/src/uumotor_servo_motor_driver/include/uumotor_servo_motor_driver/comms.hpp:55:14:[m[K [01;36m[Knote: [m[K  candidate expects 3 arguments, 1 provided
[1.303s] In file included from [01m[K/home/corey/uumotor-servo-motor-driver-ros2/src/uumotor_servo_motor_driver/src/test_node.cpp:10[m[K:
[1.303s] [01m[K/home/corey/uumotor-servo-motor-driver-ros2/src/uumotor_servo_motor_driver/include/uumotor_servo_motor_driver/motor_controller.hpp:[m[K In member function ‘[01m[Kvoid MotorController::set_motor_speed(int, int)[m[K’:
[1.303s] [01m[K/home/corey/uumotor-servo-motor-driver-ros2/src/uumotor_servo_motor_driver/include/uumotor_servo_motor_driver/motor_controller.hpp:61:37:[m[K [01;31m[Kerror: [m[Kno matching function for call to ‘[01m[KComms::send_command(std::vector<unsigned char, std::allocator<unsigned char> >&)[m[K’
[1.303s]    61 |             serial_.send_command(cmd[01;31m[K)[m[K;
[1.303s]       |                                     [01;31m[K^[m[K
[1.303s] In file included from [01m[K/home/corey/uumotor-servo-motor-driver-ros2/src/uumotor_servo_motor_driver/include/uumotor_servo_motor_driver/motor_controller.hpp:8[m[K,
[1.303s]                  from [01m[K/home/corey/uumotor-servo-motor-driver-ros2/src/uumotor_servo_motor_driver/src/test_node.cpp:10[m[K:
[1.303s] [01m[K/home/corey/uumotor-servo-motor-driver-ros2/src/uumotor_servo_motor_driver/include/uumotor_servo_motor_driver/comms.hpp:55:14:[m[K [01;36m[Knote: [m[Kcandidate: ‘[01m[Kvoid Comms::send_command(const std::vector<unsigned char, std::allocator<unsigned char> >&, std::vector<unsigned char, std::allocator<unsigned char> >&, bool)[m[K’
[1.303s]    55 |         void [01;36m[Ksend_command[m[K(const std::vector<uint8_t> &cmd, std::vector<uint8_t> &msg, bool print_output=true)
[1.303s]       |              [01;36m[K^~~~~~~~~~~~[m[K
[1.303s] [01m[K/home/corey/uumotor-servo-motor-driver-ros2/src/uumotor_servo_motor_driver/include/uumotor_servo_motor_driver/comms.hpp:55:14:[m[K [01;36m[Knote: [m[K  candidate expects 3 arguments, 1 provided
[1.303s] In file included from [01m[K/home/corey/uumotor-servo-motor-driver-ros2/src/uumotor_servo_motor_driver/src/test_node.cpp:10[m[K:
[1.303s] [01m[K/home/corey/uumotor-servo-motor-driver-ros2/src/uumotor_servo_motor_driver/include/uumotor_servo_motor_driver/motor_controller.hpp:[m[K In member function ‘[01m[Kbool MotorController::motor_running(int)[m[K’:
[1.303s] [01m[K/home/corey/uumotor-servo-motor-driver-ros2/src/uumotor_servo_motor_driver/include/uumotor_servo_motor_driver/motor_controller.hpp:72:48:[m[K [01;31m[Kerror: [m[Kno match for ‘[01m[Koperator=[m[K’ (operand types are ‘[01m[Kstd::vector<unsigned char, std::allocator<unsigned char> >[m[K’ and ‘[01m[Kvoid[m[K’)
[1.303s]    72 |             msg = serial_.send_command(cmd, msg[01;31m[K)[m[K;
[1.304s]       |                                                [01;31m[K^[m[K
[1.304s] In file included from [01m[K/usr/include/c++/9/vector:72[m[K,
[1.304s]                  from [01m[K/usr/include/c++/9/functional:62[m[K,
[1.304s]                  from [01m[K/home/corey/uumotor-servo-motor-driver-ros2/src/uumotor_servo_motor_driver/src/test_node.cpp:3[m[K:
[1.304s] [01m[K/usr/include/c++/9/bits/vector.tcc:198:5:[m[K [01;36m[Knote: [m[Kcandidate: ‘[01m[Kstd::vector<_Tp, _Alloc>& std::vector<_Tp, _Alloc>::operator=(const std::vector<_Tp, _Alloc>&) [with _Tp = unsigned char; _Alloc = std::allocator<unsigned char>][m[K’
[1.304s]   198 |     [01;36m[Kvector<_Tp, _Alloc>[m[K::
[1.304s]       |     [01;36m[K^~~~~~~~~~~~~~~~~~~[m[K
[1.304s] [01m[K/usr/include/c++/9/bits/vector.tcc:199:42:[m[K [01;36m[Knote: [m[K  no known conversion for argument 1 from ‘[01m[Kvoid[m[K’ to ‘[01m[Kconst std::vector<unsigned char, std::allocator<unsigned char> >&[m[K’
[1.304s]   199 |     operator=([01;36m[Kconst vector<_Tp, _Alloc>& __x[m[K)
[1.304s]       |               [01;36m[K~~~~~~~~~~~~~~~~~~~~~~~~~~~^~~[m[K
[1.304s] In file included from [01m[K/usr/include/c++/9/vector:67[m[K,
[1.304s]                  from [01m[K/usr/include/c++/9/functional:62[m[K,
[1.304s]                  from [01m[K/home/corey/uumotor-servo-motor-driver-ros2/src/uumotor_servo_motor_driver/src/test_node.cpp:3[m[K:
[1.304s] [01m[K/usr/include/c++/9/bits/stl_vector.h:706:7:[m[K [01;36m[Knote: [m[Kcandidate: ‘[01m[Kstd::vector<_Tp, _Alloc>& std::vector<_Tp, _Alloc>::operator=(std::vector<_Tp, _Alloc>&&) [with _Tp = unsigned char; _Alloc = std::allocator<unsigned char>][m[K’
[1.304s]   706 |       [01;36m[Koperator[m[K=(vector&& __x) noexcept(_Alloc_traits::_S_nothrow_move())
[1.304s]       |       [01;36m[K^~~~~~~~[m[K
[1.304s] [01m[K/usr/include/c++/9/bits/stl_vector.h:706:26:[m[K [01;36m[Knote: [m[K  no known conversion for argument 1 from ‘[01m[Kvoid[m[K’ to ‘[01m[Kstd::vector<unsigned char, std::allocator<unsigned char> >&&[m[K’
[1.304s]   706 |       operator=([01;36m[Kvector&& __x[m[K) noexcept(_Alloc_traits::_S_nothrow_move())
[1.304s]       |                 [01;36m[K~~~~~~~~~^~~[m[K
[1.304s] [01m[K/usr/include/c++/9/bits/stl_vector.h:727:7:[m[K [01;36m[Knote: [m[Kcandidate: ‘[01m[Kstd::vector<_Tp, _Alloc>& std::vector<_Tp, _Alloc>::operator=(std::initializer_list<_Tp>) [with _Tp = unsigned char; _Alloc = std::allocator<unsigned char>][m[K’
[1.304s]   727 |       [01;36m[Koperator[m[K=(initializer_list<value_type> __l)
[1.304s]       |       [01;36m[K^~~~~~~~[m[K
[1.305s] [01m[K/usr/include/c++/9/bits/stl_vector.h:727:46:[m[K [01;36m[Knote: [m[K  no known conversion for argument 1 from ‘[01m[Kvoid[m[K’ to ‘[01m[Kstd::initializer_list<unsigned char>[m[K’
[1.305s]   727 |       operator=([01;36m[Kinitializer_list<value_type> __l[m[K)
[1.305s]       |                 [01;36m[K~~~~~~~~~~~~~~~~~~~~~~~~~~~~~^~~[m[K
[1.305s] In file included from [01m[K/home/corey/uumotor-servo-motor-driver-ros2/src/uumotor_servo_motor_driver/src/test_node.cpp:10[m[K:
[1.305s] [01m[K/home/corey/uumotor-servo-motor-driver-ros2/src/uumotor_servo_motor_driver/include/uumotor_servo_motor_driver/motor_controller.hpp:73:44:[m[K [01;31m[Kerror: [m[Kcannot convert ‘[01m[Kstd::vector<unsigned char, std::allocator<unsigned char> >[m[K’ to ‘[01m[Kuint8_t*[m[K’ {aka ‘[01m[Kunsigned char*[m[K’}
[1.305s]    73 |             int check = fun_.check_message([01;31m[Kmsg[m[K);
[1.305s]       |                                            [01;31m[K^~~[m[K
[1.305s]       |                                            [01;31m[K|[m[K
[1.305s]       |                                            [01;31m[Kstd::vector<unsigned char, std::allocator<unsigned char> >[m[K
[1.305s] In file included from [01m[K/home/corey/uumotor-servo-motor-driver-ros2/src/uumotor_servo_motor_driver/include/uumotor_servo_motor_driver/commands.h:6[m[K,
[1.305s]                  from [01m[K/home/corey/uumotor-servo-motor-driver-ros2/src/uumotor_servo_motor_driver/include/uumotor_servo_motor_driver/comms.hpp:7[m[K,
[1.305s]                  from [01m[K/home/corey/uumotor-servo-motor-driver-ros2/src/uumotor_servo_motor_driver/include/uumotor_servo_motor_driver/motor_controller.hpp:8[m[K,
[1.305s]                  from [01m[K/home/corey/uumotor-servo-motor-driver-ros2/src/uumotor_servo_motor_driver/src/test_node.cpp:10[m[K:
[1.305s] [01m[K/home/corey/uumotor-servo-motor-driver-ros2/src/uumotor_servo_motor_driver/include/uumotor_servo_motor_driver/functions.h:20:33:[m[K [01;36m[Knote: [m[K  initializing argument 1 of ‘[01m[Kbool Functions::check_message(uint8_t*)[m[K’
[1.305s]    20 |     bool check_message([01;36m[Kuint8_t *msg[m[K);
[1.305s]       |                        [01;36m[K~~~~~~~~~^~~[m[K
[1.305s] In file included from [01m[K/home/corey/uumotor-servo-motor-driver-ros2/src/uumotor_servo_motor_driver/src/test_node.cpp:10[m[K:
[1.305s] [01m[K/home/corey/uumotor-servo-motor-driver-ros2/src/uumotor_servo_motor_driver/include/uumotor_servo_motor_driver/motor_controller.hpp:77:52:[m[K [01;31m[Kerror: [m[Kcannot convert ‘[01m[Kstd::vector<unsigned char, std::allocator<unsigned char> >[m[K’ to ‘[01m[Kuint8_t*[m[K’ {aka ‘[01m[Kunsigned char*[m[K’}
[1.305s]    77 |                 int running = fun_.message_decoder([01;31m[Kmsg[m[K, 16, true);
[1.305s]       |                                                    [01;31m[K^~~[m[K
[1.305s]       |                                                    [01;31m[K|[m[K
[1.305s]       |                                                    [01;31m[Kstd::vector<unsigned char, std::allocator<unsigned char> >[m[K
[1.305s] In file included from [01m[K/home/corey/uumotor-servo-motor-driver-ros2/src/uumotor_servo_motor_driver/include/uumotor_servo_motor_driver/commands.h:6[m[K,
[1.306s]                  from [01m[K/home/corey/uumotor-servo-motor-driver-ros2/src/uumotor_servo_motor_driver/include/uumotor_servo_motor_driver/comms.hpp:7[m[K,
[1.306s]                  from [01m[K/home/corey/uumotor-servo-motor-driver-ros2/src/uumotor_servo_motor_driver/include/uumotor_servo_motor_driver/motor_controller.hpp:8[m[K,
[1.306s]                  from [01m[K/home/corey/uumotor-servo-motor-driver-ros2/src/uumotor_servo_motor_driver/src/test_node.cpp:10[m[K:
[1.306s] [01m[K/home/corey/uumotor-servo-motor-driver-ros2/src/uumotor_servo_motor_driver/include/uumotor_servo_motor_driver/functions.h:26:34:[m[K [01;36m[Knote: [m[K  initializing argument 1 of ‘[01m[Kint Functions::message_decoder(uint8_t*, int, bool)[m[K’
[1.306s]    26 |     int message_decoder([01;36m[Kuint8_t *msg[m[K, int bit, bool unsign);
[1.306s]       |                         [01;36m[K~~~~~~~~~^~~[m[K
[1.306s] In file included from [01m[K/home/corey/uumotor-servo-motor-driver-ros2/src/uumotor_servo_motor_driver/src/test_node.cpp:10[m[K:
[1.306s] [01m[K/home/corey/uumotor-servo-motor-driver-ros2/src/uumotor_servo_motor_driver/include/uumotor_servo_motor_driver/motor_controller.hpp:[m[K In member function ‘[01m[Kfloat MotorController::read_temp(int)[m[K’:
[1.306s] [01m[K/home/corey/uumotor-servo-motor-driver-ros2/src/uumotor_servo_motor_driver/include/uumotor_servo_motor_driver/motor_controller.hpp:86:37:[m[K [01;31m[Kerror: [m[Kno matching function for call to ‘[01m[KComms::send_command(std::vector<unsigned char, std::allocator<unsigned char> >&)[m[K’
[1.306s]    86 |             serial_.send_command(cmd[01;31m[K)[m[K;
[1.306s]       |                                     [01;31m[K^[m[K
[1.306s] In file included from [01m[K/home/corey/uumotor-servo-motor-driver-ros2/src/uumotor_servo_motor_driver/include/uumotor_servo_motor_driver/motor_controller.hpp:8[m[K,
[1.306s]                  from [01m[K/home/corey/uumotor-servo-motor-driver-ros2/src/uumotor_servo_motor_driver/src/test_node.cpp:10[m[K:
[1.306s] [01m[K/home/corey/uumotor-servo-motor-driver-ros2/src/uumotor_servo_motor_driver/include/uumotor_servo_motor_driver/comms.hpp:55:14:[m[K [01;36m[Knote: [m[Kcandidate: ‘[01m[Kvoid Comms::send_command(const std::vector<unsigned char, std::allocator<unsigned char> >&, std::vector<unsigned char, std::allocator<unsigned char> >&, bool)[m[K’
[1.306s]    55 |         void [01;36m[Ksend_command[m[K(const std::vector<uint8_t> &cmd, std::vector<uint8_t> &msg, bool print_output=true)
[1.306s]       |              [01;36m[K^~~~~~~~~~~~[m[K
[1.306s] [01m[K/home/corey/uumotor-servo-motor-driver-ros2/src/uumotor_servo_motor_driver/include/uumotor_servo_motor_driver/comms.hpp:55:14:[m[K [01;36m[Knote: [m[K  candidate expects 3 arguments, 1 provided
[1.306s] In file included from [01m[K/home/corey/uumotor-servo-motor-driver-ros2/src/uumotor_servo_motor_driver/src/test_node.cpp:10[m[K:
[1.306s] [01m[K/home/corey/uumotor-servo-motor-driver-ros2/src/uumotor_servo_motor_driver/include/uumotor_servo_motor_driver/motor_controller.hpp:[m[K In member function ‘[01m[Kfloat MotorController::read_volt(int)[m[K’:
[1.306s] [01m[K/home/corey/uumotor-servo-motor-driver-ros2/src/uumotor_servo_motor_driver/include/uumotor_servo_motor_driver/motor_controller.hpp:93:37:[m[K [01;31m[Kerror: [m[Kno matching function for call to ‘[01m[KComms::send_command(std::vector<unsigned char, std::allocator<unsigned char> >&)[m[K’
[1.306s]    93 |             serial_.send_command(cmd[01;31m[K)[m[K;
[1.306s]       |                                     [01;31m[K^[m[K
[1.307s] In file included from [01m[K/home/corey/uumotor-servo-motor-driver-ros2/src/uumotor_servo_motor_driver/include/uumotor_servo_motor_driver/motor_controller.hpp:8[m[K,
[1.307s]                  from [01m[K/home/corey/uumotor-servo-motor-driver-ros2/src/uumotor_servo_motor_driver/src/test_node.cpp:10[m[K:
[1.307s] [01m[K/home/corey/uumotor-servo-motor-driver-ros2/src/uumotor_servo_motor_driver/include/uumotor_servo_motor_driver/comms.hpp:55:14:[m[K [01;36m[Knote: [m[Kcandidate: ‘[01m[Kvoid Comms::send_command(const std::vector<unsigned char, std::allocator<unsigned char> >&, std::vector<unsigned char, std::allocator<unsigned char> >&, bool)[m[K’
[1.307s]    55 |         void [01;36m[Ksend_command[m[K(const std::vector<uint8_t> &cmd, std::vector<uint8_t> &msg, bool print_output=true)
[1.307s]       |              [01;36m[K^~~~~~~~~~~~[m[K
[1.307s] [01m[K/home/corey/uumotor-servo-motor-driver-ros2/src/uumotor_servo_motor_driver/include/uumotor_servo_motor_driver/comms.hpp:55:14:[m[K [01;36m[Knote: [m[K  candidate expects 3 arguments, 1 provided
[1.307s] In file included from [01m[K/home/corey/uumotor-servo-motor-driver-ros2/src/uumotor_servo_motor_driver/src/test_node.cpp:10[m[K:
[1.307s] [01m[K/home/corey/uumotor-servo-motor-driver-ros2/src/uumotor_servo_motor_driver/include/uumotor_servo_motor_driver/motor_controller.hpp:[m[K In member function ‘[01m[Kdouble MotorController::get_absolute_position(int)[m[K’:
[1.307s] [01m[K/home/corey/uumotor-servo-motor-driver-ros2/src/uumotor_servo_motor_driver/include/uumotor_servo_motor_driver/motor_controller.hpp:101:37:[m[K [01;31m[Kerror: [m[Kno matching function for call to ‘[01m[KComms::send_command(std::vector<unsigned char, std::allocator<unsigned char> >&)[m[K’
[1.307s]   101 |             serial_.send_command(cmd[01;31m[K)[m[K;
[1.307s]       |                                     [01;31m[K^[m[K
[1.307s] In file included from [01m[K/home/corey/uumotor-servo-motor-driver-ros2/src/uumotor_servo_motor_driver/include/uumotor_servo_motor_driver/motor_controller.hpp:8[m[K,
[1.307s]                  from [01m[K/home/corey/uumotor-servo-motor-driver-ros2/src/uumotor_servo_motor_driver/src/test_node.cpp:10[m[K:
[1.307s] [01m[K/home/corey/uumotor-servo-motor-driver-ros2/src/uumotor_servo_motor_driver/include/uumotor_servo_motor_driver/comms.hpp:55:14:[m[K [01;36m[Knote: [m[Kcandidate: ‘[01m[Kvoid Comms::send_command(const std::vector<unsigned char, std::allocator<unsigned char> >&, std::vector<unsigned char, std::allocator<unsigned char> >&, bool)[m[K’
[1.307s]    55 |         void [01;36m[Ksend_command[m[K(const std::vector<uint8_t> &cmd, std::vector<uint8_t> &msg, bool print_output=true)
[1.307s]       |              [01;36m[K^~~~~~~~~~~~[m[K
[1.307s] [01m[K/home/corey/uumotor-servo-motor-driver-ros2/src/uumotor_servo_motor_driver/include/uumotor_servo_motor_driver/comms.hpp:55:14:[m[K [01;36m[Knote: [m[K  candidate expects 3 arguments, 1 provided
[1.307s] In file included from [01m[K/home/corey/uumotor-servo-motor-driver-ros2/src/uumotor_servo_motor_driver/src/test_node.cpp:10[m[K:
[1.307s] [01m[K/home/corey/uumotor-servo-motor-driver-ros2/src/uumotor_servo_motor_driver/include/uumotor_servo_motor_driver/motor_controller.hpp:[m[K In member function ‘[01m[Kvoid MotorController::calibrate(int)[m[K’:
[1.307s] [01m[K/home/corey/uumotor-servo-motor-driver-ros2/src/uumotor_servo_motor_driver/include/uumotor_servo_motor_driver/motor_controller.hpp:109:37:[m[K [01;31m[Kerror: [m[Kno matching function for call to ‘[01m[KComms::send_command(std::vector<unsigned char, std::allocator<unsigned char> >&)[m[K’
[1.307s]   109 |             serial_.send_command(cmd[01;31m[K)[m[K;
[1.308s]       |                                     [01;31m[K^[m[K
[1.308s] In file included from [01m[K/home/corey/uumotor-servo-motor-driver-ros2/src/uumotor_servo_motor_driver/include/uumotor_servo_motor_driver/motor_controller.hpp:8[m[K,
[1.308s]                  from [01m[K/home/corey/uumotor-servo-motor-driver-ros2/src/uumotor_servo_motor_driver/src/test_node.cpp:10[m[K:
[1.308s] [01m[K/home/corey/uumotor-servo-motor-driver-ros2/src/uumotor_servo_motor_driver/include/uumotor_servo_motor_driver/comms.hpp:55:14:[m[K [01;36m[Knote: [m[Kcandidate: ‘[01m[Kvoid Comms::send_command(const std::vector<unsigned char, std::allocator<unsigned char> >&, std::vector<unsigned char, std::allocator<unsigned char> >&, bool)[m[K’
[1.308s]    55 |         void [01;36m[Ksend_command[m[K(const std::vector<uint8_t> &cmd, std::vector<uint8_t> &msg, bool print_output=true)
[1.308s]       |              [01;36m[K^~~~~~~~~~~~[m[K
[1.308s] [01m[K/home/corey/uumotor-servo-motor-driver-ros2/src/uumotor_servo_motor_driver/include/uumotor_servo_motor_driver/comms.hpp:55:14:[m[K [01;36m[Knote: [m[K  candidate expects 3 arguments, 1 provided
[1.308s] In file included from [01m[K/home/corey/uumotor-servo-motor-driver-ros2/src/uumotor_servo_motor_driver/src/test_node.cpp:10[m[K:
[1.308s] [01m[K/home/corey/uumotor-servo-motor-driver-ros2/src/uumotor_servo_motor_driver/include/uumotor_servo_motor_driver/motor_controller.hpp:[m[K In member function ‘[01m[Kint MotorController::calibration_status(int)[m[K’:
[1.308s] [01m[K/home/corey/uumotor-servo-motor-driver-ros2/src/uumotor_servo_motor_driver/include/uumotor_servo_motor_driver/motor_controller.hpp:115:37:[m[K [01;31m[Kerror: [m[Kno matching function for call to ‘[01m[KComms::send_command(std::vector<unsigned char, std::allocator<unsigned char> >&)[m[K’
[1.308s]   115 |             serial_.send_command(cmd[01;31m[K)[m[K;
[1.308s]       |                                     [01;31m[K^[m[K
[1.308s] In file included from [01m[K/home/corey/uumotor-servo-motor-driver-ros2/src/uumotor_servo_motor_driver/include/uumotor_servo_motor_driver/motor_controller.hpp:8[m[K,
[1.308s]                  from [01m[K/home/corey/uumotor-servo-motor-driver-ros2/src/uumotor_servo_motor_driver/src/test_node.cpp:10[m[K:
[1.308s] [01m[K/home/corey/uumotor-servo-motor-driver-ros2/src/uumotor_servo_motor_driver/include/uumotor_servo_motor_driver/comms.hpp:55:14:[m[K [01;36m[Knote: [m[Kcandidate: ‘[01m[Kvoid Comms::send_command(const std::vector<unsigned char, std::allocator<unsigned char> >&, std::vector<unsigned char, std::allocator<unsigned char> >&, bool)[m[K’
[1.308s]    55 |         void [01;36m[Ksend_command[m[K(const std::vector<uint8_t> &cmd, std::vector<uint8_t> &msg, bool print_output=true)
[1.308s]       |              [01;36m[K^~~~~~~~~~~~[m[K
[1.308s] [01m[K/home/corey/uumotor-servo-motor-driver-ros2/src/uumotor_servo_motor_driver/include/uumotor_servo_motor_driver/comms.hpp:55:14:[m[K [01;36m[Knote: [m[K  candidate expects 3 arguments, 1 provided
[1.308s] In file included from [01m[K/home/corey/uumotor-servo-motor-driver-ros2/src/uumotor_servo_motor_driver/src/test_node.cpp:10[m[K:
[1.308s] [01m[K/home/corey/uumotor-servo-motor-driver-ros2/src/uumotor_servo_motor_driver/include/uumotor_servo_motor_driver/motor_controller.hpp:[m[K In member function ‘[01m[Kint MotorController::error_status(int)[m[K’:
[1.308s] [01m[K/home/corey/uumotor-servo-motor-driver-ros2/src/uumotor_servo_motor_driver/include/uumotor_servo_motor_driver/motor_controller.hpp:123:37:[m[K [01;31m[Kerror: [m[Kno matching function for call to ‘[01m[KComms::send_command(std::vector<unsigned char, std::allocator<unsigned char> >&)[m[K’
[1.308s]   123 |             serial_.send_command(cmd[01;31m[K)[m[K;
[1.309s]       |                                     [01;31m[K^[m[K
[1.309s] In file included from [01m[K/home/corey/uumotor-servo-motor-driver-ros2/src/uumotor_servo_motor_driver/include/uumotor_servo_motor_driver/motor_controller.hpp:8[m[K,
[1.309s]                  from [01m[K/home/corey/uumotor-servo-motor-driver-ros2/src/uumotor_servo_motor_driver/src/test_node.cpp:10[m[K:
[1.309s] [01m[K/home/corey/uumotor-servo-motor-driver-ros2/src/uumotor_servo_motor_driver/include/uumotor_servo_motor_driver/comms.hpp:55:14:[m[K [01;36m[Knote: [m[Kcandidate: ‘[01m[Kvoid Comms::send_command(const std::vector<unsigned char, std::allocator<unsigned char> >&, std::vector<unsigned char, std::allocator<unsigned char> >&, bool)[m[K’
[1.309s]    55 |         void [01;36m[Ksend_command[m[K(const std::vector<uint8_t> &cmd, std::vector<uint8_t> &msg, bool print_output=true)
[1.309s]       |              [01;36m[K^~~~~~~~~~~~[m[K
[1.309s] [01m[K/home/corey/uumotor-servo-motor-driver-ros2/src/uumotor_servo_motor_driver/include/uumotor_servo_motor_driver/comms.hpp:55:14:[m[K [01;36m[Knote: [m[K  candidate expects 3 arguments, 1 provided
[1.757s] make[2]: *** [CMakeFiles/driver.dir/build.make:76: CMakeFiles/driver.dir/src/test_node.cpp.o] Error 1
[1.757s] make[1]: *** [CMakeFiles/Makefile2:170: CMakeFiles/driver.dir/all] Error 2
[1.757s] make: *** [Makefile:146: all] Error 2
[1.761s] Invoked command in '/home/corey/uumotor-servo-motor-driver-ros2/build/uumotor_servo_motor_driver' returned '2': CMAKE_PREFIX_PATH=/opt/ros/galactic /home/corey/.local/bin/cmake --build /home/corey/uumotor-servo-motor-driver-ros2/build/uumotor_servo_motor_driver -- -j16 -l16
