[0.134s] Invoking command in '/home/corey/uumotor-servo-motor-driver-ros2/build/uumotor_servo_motor_driver': CMAKE_PREFIX_PATH=${CMAKE_PREFIX_PATH}:/opt/ros/galactic /home/corey/.local/bin/cmake --build /home/corey/uumotor-servo-motor-driver-ros2/build/uumotor_servo_motor_driver -- -j16 -l16
[0.165s] [  9%] [32mBuilding CXX object CMakeFiles/fun.dir/src/functions.cpp.o[0m
[0.167s] [ 18%] [32mBuilding CXX object CMakeFiles/uumotor_servo_motor_driver.dir/src/commands.cpp.o[0m
[0.167s] [ 27%] [32mBuilding CXX object CMakeFiles/uumotor_servo_motor_driver.dir/src/functions.cpp.o[0m
[0.167s] [ 36%] [32mBuilding CXX object CMakeFiles/cmd.dir/src/commands.cpp.o[0m
[0.311s] [ 45%] [32m[1mLinking CXX static library libfun.a[0m
[0.318s] [ 45%] Built target fun
[1.321s] [01m[K/home/corey/uumotor-servo-motor-driver-ros2/src/uumotor_servo_motor_driver/src/commands.cpp:[m[K In function ‘[01m[Kstd::vector<unsigned char> set_location_mode(int, std::string)[m[K’:
[1.321s] [01m[K/home/corey/uumotor-servo-motor-driver-ros2/src/uumotor_servo_motor_driver/src/commands.cpp:176:17:[m[K [01;31m[Kerror: [m[K‘[01m[Kfun[m[K’ was not declared in this scope
[1.321s]   176 |                 [01;31m[Kfun[m[K.get_hex_msg(command.data());
[1.321s]       |                 [01;31m[K^~~[m[K
[1.321s] [01m[K/home/corey/uumotor-servo-motor-driver-ros2/src/uumotor_servo_motor_driver/src/commands.cpp:196:17:[m[K [01;31m[Kerror: [m[K‘[01m[Kfun[m[K’ was not declared in this scope
[1.321s]   196 |                 [01;31m[Kfun[m[K.get_hex_msg(command.data());
[1.321s]       |                 [01;31m[K^~~[m[K
[1.322s] [01m[K/home/corey/uumotor-servo-motor-driver-ros2/src/uumotor_servo_motor_driver/src/commands.cpp:[m[K In function ‘[01m[Kstd::vector<unsigned char> set_acceleration_max(int, long int)[m[K’:
[1.322s] [01m[K/home/corey/uumotor-servo-motor-driver-ros2/src/uumotor_servo_motor_driver/src/commands.cpp:225:1:[m[K [01;35m[Kwarning: [m[Kno return statement in function returning non-void [[01;35m[K-Wreturn-type[m[K]
[1.322s]   225 | [01;35m[K}[m[K
[1.322s]       | [01;35m[K^[m[K
[1.322s] [01m[K/home/corey/uumotor-servo-motor-driver-ros2/src/uumotor_servo_motor_driver/src/commands.cpp:217:47:[m[K [01;35m[Kwarning: [m[Kunused parameter ‘[01m[Kmotor[m[K’ [[01;35m[K-Wunused-parameter[m[K]
[1.322s]   217 | std::vector<uint8_t> set_acceleration_max([01;35m[Kint motor[m[K, long value)
[1.323s]       |                                           [01;35m[K~~~~^~~~~[m[K
[1.323s] [01m[K/home/corey/uumotor-servo-motor-driver-ros2/src/uumotor_servo_motor_driver/src/commands.cpp:217:59:[m[K [01;35m[Kwarning: [m[Kunused parameter ‘[01m[Kvalue[m[K’ [[01;35m[K-Wunused-parameter[m[K]
[1.323s]   217 | std::vector<uint8_t> set_acceleration_max(int motor, [01;35m[Klong value[m[K)
[1.323s]       |                                                      [01;35m[K~~~~~^~~~~[m[K
[1.323s] [01m[K/home/corey/uumotor-servo-motor-driver-ros2/src/uumotor_servo_motor_driver/src/commands.cpp:[m[K In function ‘[01m[Kstd::vector<unsigned char> set_deceleration_max(int, long int)[m[K’:
[1.323s] [01m[K/home/corey/uumotor-servo-motor-driver-ros2/src/uumotor_servo_motor_driver/src/commands.cpp:230:1:[m[K [01;35m[Kwarning: [m[Kno return statement in function returning non-void [[01;35m[K-Wreturn-type[m[K]
[1.323s]   230 | [01;35m[K}[m[K
[1.323s]       | [01;35m[K^[m[K
[1.323s] [01m[K/home/corey/uumotor-servo-motor-driver-ros2/src/uumotor_servo_motor_driver/src/commands.cpp:227:47:[m[K [01;35m[Kwarning: [m[Kunused parameter ‘[01m[Kmotor[m[K’ [[01;35m[K-Wunused-parameter[m[K]
[1.323s]   227 | std::vector<uint8_t> set_deceleration_max([01;35m[Kint motor[m[K, long value)
[1.323s]       |                                           [01;35m[K~~~~^~~~~[m[K
[1.323s] [01m[K/home/corey/uumotor-servo-motor-driver-ros2/src/uumotor_servo_motor_driver/src/commands.cpp:227:59:[m[K [01;35m[Kwarning: [m[Kunused parameter ‘[01m[Kvalue[m[K’ [[01;35m[K-Wunused-parameter[m[K]
[1.323s]   227 | std::vector<uint8_t> set_deceleration_max(int motor, [01;35m[Klong value[m[K)
[1.323s]       |                                                      [01;35m[K~~~~~^~~~~[m[K
[1.323s] [01m[K/home/corey/uumotor-servo-motor-driver-ros2/src/uumotor_servo_motor_driver/src/commands.cpp:[m[K In function ‘[01m[Kstd::vector<unsigned char> set_speed(int, long int)[m[K’:
[1.323s] [01m[K/home/corey/uumotor-servo-motor-driver-ros2/src/uumotor_servo_motor_driver/src/commands.cpp:235:1:[m[K [01;35m[Kwarning: [m[Kno return statement in function returning non-void [[01;35m[K-Wreturn-type[m[K]
[1.323s]   235 | [01;35m[K}[m[K
[1.324s]       | [01;35m[K^[m[K
[1.324s] [01m[K/home/corey/uumotor-servo-motor-driver-ros2/src/uumotor_servo_motor_driver/src/commands.cpp:232:36:[m[K [01;35m[Kwarning: [m[Kunused parameter ‘[01m[Kmotor[m[K’ [[01;35m[K-Wunused-parameter[m[K]
[1.324s]   232 | std::vector<uint8_t> set_speed([01;35m[Kint motor[m[K, long speed)
[1.324s]       |                                [01;35m[K~~~~^~~~~[m[K
[1.324s] [01m[K/home/corey/uumotor-servo-motor-driver-ros2/src/uumotor_servo_motor_driver/src/commands.cpp:232:48:[m[K [01;35m[Kwarning: [m[Kunused parameter ‘[01m[Kspeed[m[K’ [[01;35m[K-Wunused-parameter[m[K]
[1.324s]   232 | std::vector<uint8_t> set_speed(int motor, [01;35m[Klong speed[m[K)
[1.324s]       |                                           [01;35m[K~~~~~^~~~~[m[K
[1.324s] [01m[K/home/corey/uumotor-servo-motor-driver-ros2/src/uumotor_servo_motor_driver/src/commands.cpp:[m[K In function ‘[01m[Kstd::vector<unsigned char> set_current(int, long int)[m[K’:
[1.324s] [01m[K/home/corey/uumotor-servo-motor-driver-ros2/src/uumotor_servo_motor_driver/src/commands.cpp:240:1:[m[K [01;35m[Kwarning: [m[Kno return statement in function returning non-void [[01;35m[K-Wreturn-type[m[K]
[1.324s]   240 | [01;35m[K}[m[K
[1.324s]       | [01;35m[K^[m[K
[1.324s] [01m[K/home/corey/uumotor-servo-motor-driver-ros2/src/uumotor_servo_motor_driver/src/commands.cpp:237:38:[m[K [01;35m[Kwarning: [m[Kunused parameter ‘[01m[Kmotor[m[K’ [[01;35m[K-Wunused-parameter[m[K]
[1.324s]   237 | std::vector<uint8_t> set_current([01;35m[Kint motor[m[K, long current)
[1.324s]       |                                  [01;35m[K~~~~^~~~~[m[K
[1.324s] [01m[K/home/corey/uumotor-servo-motor-driver-ros2/src/uumotor_servo_motor_driver/src/commands.cpp:237:50:[m[K [01;35m[Kwarning: [m[Kunused parameter ‘[01m[Kcurrent[m[K’ [[01;35m[K-Wunused-parameter[m[K]
[1.324s]   237 | std::vector<uint8_t> set_current(int motor, [01;35m[Klong current[m[K)
[1.324s]       |                                             [01;35m[K~~~~~^~~~~~~[m[K
[1.324s] [01m[K/home/corey/uumotor-servo-motor-driver-ros2/src/uumotor_servo_motor_driver/src/commands.cpp:[m[K In function ‘[01m[Kstd::vector<unsigned char> set_sensor_type(int, std::string)[m[K’:
[1.324s] [01m[K/home/corey/uumotor-servo-motor-driver-ros2/src/uumotor_servo_motor_driver/src/commands.cpp:245:1:[m[K [01;35m[Kwarning: [m[Kno return statement in function returning non-void [[01;35m[K-Wreturn-type[m[K]
[1.324s]   245 | [01;35m[K}[m[K
[1.324s]       | [01;35m[K^[m[K
[1.324s] [01m[K/home/corey/uumotor-servo-motor-driver-ros2/src/uumotor_servo_motor_driver/src/commands.cpp:242:42:[m[K [01;35m[Kwarning: [m[Kunused parameter ‘[01m[Kmotor[m[K’ [[01;35m[K-Wunused-parameter[m[K]
[1.325s]   242 | std::vector<uint8_t> set_sensor_type([01;35m[Kint motor[m[K, std::string type)
[1.325s]       |                                      [01;35m[K~~~~^~~~~[m[K
[1.325s] [01m[K/home/corey/uumotor-servo-motor-driver-ros2/src/uumotor_servo_motor_driver/src/commands.cpp:242:61:[m[K [01;35m[Kwarning: [m[Kunused parameter ‘[01m[Ktype[m[K’ [[01;35m[K-Wunused-parameter[m[K]
[1.325s]   242 | std::vector<uint8_t> set_sensor_type(int motor, [01;35m[Kstd::string type[m[K)
[1.325s]       |                                                 [01;35m[K~~~~~~~~~~~~^~~~[m[K
[1.325s] [01m[K/home/corey/uumotor-servo-motor-driver-ros2/src/uumotor_servo_motor_driver/src/commands.cpp:[m[K In function ‘[01m[Kstd::vector<unsigned char> control_motor(int, std::string)[m[K’:
[1.325s] [01m[K/home/corey/uumotor-servo-motor-driver-ros2/src/uumotor_servo_motor_driver/src/commands.cpp:250:1:[m[K [01;35m[Kwarning: [m[Kno return statement in function returning non-void [[01;35m[K-Wreturn-type[m[K]
[1.325s]   250 | [01;35m[K}[m[K
[1.325s]       | [01;35m[K^[m[K
[1.325s] [01m[K/home/corey/uumotor-servo-motor-driver-ros2/src/uumotor_servo_motor_driver/src/commands.cpp:247:40:[m[K [01;35m[Kwarning: [m[Kunused parameter ‘[01m[Kmotor[m[K’ [[01;35m[K-Wunused-parameter[m[K]
[1.325s]   247 | std::vector<uint8_t> control_motor([01;35m[Kint motor[m[K, std::string cmd)
[1.325s]       |                                    [01;35m[K~~~~^~~~~[m[K
[1.325s] [01m[K/home/corey/uumotor-servo-motor-driver-ros2/src/uumotor_servo_motor_driver/src/commands.cpp:247:59:[m[K [01;35m[Kwarning: [m[Kunused parameter ‘[01m[Kcmd[m[K’ [[01;35m[K-Wunused-parameter[m[K]
[1.325s]   247 | std::vector<uint8_t> control_motor(int motor, [01;35m[Kstd::string cmd[m[K)
[1.325s]       |                                               [01;35m[K~~~~~~~~~~~~^~~[m[K
[1.325s] [01m[K/home/corey/uumotor-servo-motor-driver-ros2/src/uumotor_servo_motor_driver/src/commands.cpp:[m[K In function ‘[01m[Kstd::vector<unsigned char> calibrate(int)[m[K’:
[1.325s] [01m[K/home/corey/uumotor-servo-motor-driver-ros2/src/uumotor_servo_motor_driver/src/commands.cpp:255:1:[m[K [01;35m[Kwarning: [m[Kno return statement in function returning non-void [[01;35m[K-Wreturn-type[m[K]
[1.325s]   255 | [01;35m[K}[m[K
[1.325s]       | [01;35m[K^[m[K
[1.325s] [01m[K/home/corey/uumotor-servo-motor-driver-ros2/src/uumotor_servo_motor_driver/src/commands.cpp:252:36:[m[K [01;35m[Kwarning: [m[Kunused parameter ‘[01m[Kmotor[m[K’ [[01;35m[K-Wunused-parameter[m[K]
[1.325s]   252 | std::vector<uint8_t> calibrate([01;35m[Kint motor[m[K)
[1.325s]       |                                [01;35m[K~~~~^~~~~[m[K
[1.340s] [01m[K/home/corey/uumotor-servo-motor-driver-ros2/src/uumotor_servo_motor_driver/src/commands.cpp:[m[K In function ‘[01m[Kstd::vector<unsigned char> set_location_mode(int, std::string)[m[K’:
[1.340s] [01m[K/home/corey/uumotor-servo-motor-driver-ros2/src/uumotor_servo_motor_driver/src/commands.cpp:176:17:[m[K [01;31m[Kerror: [m[K‘[01m[Kfun[m[K’ was not declared in this scope
[1.340s]   176 |                 [01;31m[Kfun[m[K.get_hex_msg(command.data());
[1.340s]       |                 [01;31m[K^~~[m[K
[1.341s] [01m[K/home/corey/uumotor-servo-motor-driver-ros2/src/uumotor_servo_motor_driver/src/commands.cpp:196:17:[m[K [01;31m[Kerror: [m[K‘[01m[Kfun[m[K’ was not declared in this scope
[1.341s]   196 |                 [01;31m[Kfun[m[K.get_hex_msg(command.data());
[1.341s]       |                 [01;31m[K^~~[m[K
[1.342s] [01m[K/home/corey/uumotor-servo-motor-driver-ros2/src/uumotor_servo_motor_driver/src/commands.cpp:[m[K In function ‘[01m[Kstd::vector<unsigned char> set_acceleration_max(int, long int)[m[K’:
[1.342s] [01m[K/home/corey/uumotor-servo-motor-driver-ros2/src/uumotor_servo_motor_driver/src/commands.cpp:225:1:[m[K [01;35m[Kwarning: [m[Kno return statement in function returning non-void [[01;35m[K-Wreturn-type[m[K]
[1.342s]   225 | [01;35m[K}[m[K
[1.342s]       | [01;35m[K^[m[K
[1.342s] [01m[K/home/corey/uumotor-servo-motor-driver-ros2/src/uumotor_servo_motor_driver/src/commands.cpp:217:47:[m[K [01;35m[Kwarning: [m[Kunused parameter ‘[01m[Kmotor[m[K’ [[01;35m[K-Wunused-parameter[m[K]
[1.342s]   217 | std::vector<uint8_t> set_acceleration_max([01;35m[Kint motor[m[K, long value)
[1.342s]       |                                           [01;35m[K~~~~^~~~~[m[K
[1.342s] [01m[K/home/corey/uumotor-servo-motor-driver-ros2/src/uumotor_servo_motor_driver/src/commands.cpp:217:59:[m[K [01;35m[Kwarning: [m[Kunused parameter ‘[01m[Kvalue[m[K’ [[01;35m[K-Wunused-parameter[m[K]
[1.342s]   217 | std::vector<uint8_t> set_acceleration_max(int motor, [01;35m[Klong value[m[K)
[1.342s]       |                                                      [01;35m[K~~~~~^~~~~[m[K
[1.342s] [01m[K/home/corey/uumotor-servo-motor-driver-ros2/src/uumotor_servo_motor_driver/src/commands.cpp:[m[K In function ‘[01m[Kstd::vector<unsigned char> set_deceleration_max(int, long int)[m[K’:
[1.343s] [01m[K/home/corey/uumotor-servo-motor-driver-ros2/src/uumotor_servo_motor_driver/src/commands.cpp:230:1:[m[K [01;35m[Kwarning: [m[Kno return statement in function returning non-void [[01;35m[K-Wreturn-type[m[K]
[1.343s]   230 | [01;35m[K}[m[K
[1.343s]       | [01;35m[K^[m[K
[1.343s] [01m[K/home/corey/uumotor-servo-motor-driver-ros2/src/uumotor_servo_motor_driver/src/commands.cpp:227:47:[m[K [01;35m[Kwarning: [m[Kunused parameter ‘[01m[Kmotor[m[K’ [[01;35m[K-Wunused-parameter[m[K]
[1.343s]   227 | std::vector<uint8_t> set_deceleration_max([01;35m[Kint motor[m[K, long value)
[1.343s]       |                                           [01;35m[K~~~~^~~~~[m[K
[1.343s] [01m[K/home/corey/uumotor-servo-motor-driver-ros2/src/uumotor_servo_motor_driver/src/commands.cpp:227:59:[m[K [01;35m[Kwarning: [m[Kunused parameter ‘[01m[Kvalue[m[K’ [[01;35m[K-Wunused-parameter[m[K]
[1.343s]   227 | std::vector<uint8_t> set_deceleration_max(int motor, [01;35m[Klong value[m[K)
[1.343s]       |                                                      [01;35m[K~~~~~^~~~~[m[K
[1.343s] [01m[K/home/corey/uumotor-servo-motor-driver-ros2/src/uumotor_servo_motor_driver/src/commands.cpp:[m[K In function ‘[01m[Kstd::vector<unsigned char> set_speed(int, long int)[m[K’:
[1.343s] [01m[K/home/corey/uumotor-servo-motor-driver-ros2/src/uumotor_servo_motor_driver/src/commands.cpp:235:1:[m[K [01;35m[Kwarning: [m[Kno return statement in function returning non-void [[01;35m[K-Wreturn-type[m[K]
[1.343s]   235 | [01;35m[K}[m[K
[1.343s]       | [01;35m[K^[m[K
[1.343s] [01m[K/home/corey/uumotor-servo-motor-driver-ros2/src/uumotor_servo_motor_driver/src/commands.cpp:232:36:[m[K [01;35m[Kwarning: [m[Kunused parameter ‘[01m[Kmotor[m[K’ [[01;35m[K-Wunused-parameter[m[K]
[1.343s]   232 | std::vector<uint8_t> set_speed([01;35m[Kint motor[m[K, long speed)
[1.343s]       |                                [01;35m[K~~~~^~~~~[m[K
[1.343s] [01m[K/home/corey/uumotor-servo-motor-driver-ros2/src/uumotor_servo_motor_driver/src/commands.cpp:232:48:[m[K [01;35m[Kwarning: [m[Kunused parameter ‘[01m[Kspeed[m[K’ [[01;35m[K-Wunused-parameter[m[K]
[1.343s]   232 | std::vector<uint8_t> set_speed(int motor, [01;35m[Klong speed[m[K)
[1.343s]       |                                           [01;35m[K~~~~~^~~~~[m[K
[1.343s] [01m[K/home/corey/uumotor-servo-motor-driver-ros2/src/uumotor_servo_motor_driver/src/commands.cpp:[m[K In function ‘[01m[Kstd::vector<unsigned char> set_current(int, long int)[m[K’:
[1.344s] [01m[K/home/corey/uumotor-servo-motor-driver-ros2/src/uumotor_servo_motor_driver/src/commands.cpp:240:1:[m[K [01;35m[Kwarning: [m[Kno return statement in function returning non-void [[01;35m[K-Wreturn-type[m[K]
[1.344s]   240 | [01;35m[K}[m[K
[1.344s]       | [01;35m[K^[m[K
[1.344s] [01m[K/home/corey/uumotor-servo-motor-driver-ros2/src/uumotor_servo_motor_driver/src/commands.cpp:237:38:[m[K [01;35m[Kwarning: [m[Kunused parameter ‘[01m[Kmotor[m[K’ [[01;35m[K-Wunused-parameter[m[K]
[1.344s]   237 | std::vector<uint8_t> set_current([01;35m[Kint motor[m[K, long current)
[1.344s]       |                                  [01;35m[K~~~~^~~~~[m[K
[1.344s] [01m[K/home/corey/uumotor-servo-motor-driver-ros2/src/uumotor_servo_motor_driver/src/commands.cpp:237:50:[m[K [01;35m[Kwarning: [m[Kunused parameter ‘[01m[Kcurrent[m[K’ [[01;35m[K-Wunused-parameter[m[K]
[1.344s]   237 | std::vector<uint8_t> set_current(int motor, [01;35m[Klong current[m[K)
[1.344s]       |                                             [01;35m[K~~~~~^~~~~~~[m[K
[1.344s] [01m[K/home/corey/uumotor-servo-motor-driver-ros2/src/uumotor_servo_motor_driver/src/commands.cpp:[m[K In function ‘[01m[Kstd::vector<unsigned char> set_sensor_type(int, std::string)[m[K’:
[1.344s] [01m[K/home/corey/uumotor-servo-motor-driver-ros2/src/uumotor_servo_motor_driver/src/commands.cpp:245:1:[m[K [01;35m[Kwarning: [m[Kno return statement in function returning non-void [[01;35m[K-Wreturn-type[m[K]
[1.344s]   245 | [01;35m[K}[m[K
[1.344s]       | [01;35m[K^[m[K
[1.344s] [01m[K/home/corey/uumotor-servo-motor-driver-ros2/src/uumotor_servo_motor_driver/src/commands.cpp:242:42:[m[K [01;35m[Kwarning: [m[Kunused parameter ‘[01m[Kmotor[m[K’ [[01;35m[K-Wunused-parameter[m[K]
[1.344s]   242 | std::vector<uint8_t> set_sensor_type([01;35m[Kint motor[m[K, std::string type)
[1.344s]       |                                      [01;35m[K~~~~^~~~~[m[K
[1.344s] [01m[K/home/corey/uumotor-servo-motor-driver-ros2/src/uumotor_servo_motor_driver/src/commands.cpp:242:61:[m[K [01;35m[Kwarning: [m[Kunused parameter ‘[01m[Ktype[m[K’ [[01;35m[K-Wunused-parameter[m[K]
[1.344s]   242 | std::vector<uint8_t> set_sensor_type(int motor, [01;35m[Kstd::string type[m[K)
[1.344s]       |                                                 [01;35m[K~~~~~~~~~~~~^~~~[m[K
[1.344s] [01m[K/home/corey/uumotor-servo-motor-driver-ros2/src/uumotor_servo_motor_driver/src/commands.cpp:[m[K In function ‘[01m[Kstd::vector<unsigned char> control_motor(int, std::string)[m[K’:
[1.344s] [01m[K/home/corey/uumotor-servo-motor-driver-ros2/src/uumotor_servo_motor_driver/src/commands.cpp:250:1:[m[K [01;35m[Kwarning: [m[Kno return statement in function returning non-void [[01;35m[K-Wreturn-type[m[K]
[1.344s]   250 | [01;35m[K}[m[K
[1.344s]       | [01;35m[K^[m[K
[1.345s] [01m[K/home/corey/uumotor-servo-motor-driver-ros2/src/uumotor_servo_motor_driver/src/commands.cpp:247:40:[m[K [01;35m[Kwarning: [m[Kunused parameter ‘[01m[Kmotor[m[K’ [[01;35m[K-Wunused-parameter[m[K]
[1.345s]   247 | std::vector<uint8_t> control_motor([01;35m[Kint motor[m[K, std::string cmd)
[1.345s]       |                                    [01;35m[K~~~~^~~~~[m[K
[1.345s] [01m[K/home/corey/uumotor-servo-motor-driver-ros2/src/uumotor_servo_motor_driver/src/commands.cpp:247:59:[m[K [01;35m[Kwarning: [m[Kunused parameter ‘[01m[Kcmd[m[K’ [[01;35m[K-Wunused-parameter[m[K]
[1.345s]   247 | std::vector<uint8_t> control_motor(int motor, [01;35m[Kstd::string cmd[m[K)
[1.345s]       |                                               [01;35m[K~~~~~~~~~~~~^~~[m[K
[1.345s] [01m[K/home/corey/uumotor-servo-motor-driver-ros2/src/uumotor_servo_motor_driver/src/commands.cpp:[m[K In function ‘[01m[Kstd::vector<unsigned char> calibrate(int)[m[K’:
[1.345s] [01m[K/home/corey/uumotor-servo-motor-driver-ros2/src/uumotor_servo_motor_driver/src/commands.cpp:255:1:[m[K [01;35m[Kwarning: [m[Kno return statement in function returning non-void [[01;35m[K-Wreturn-type[m[K]
[1.345s]   255 | [01;35m[K}[m[K
[1.345s]       | [01;35m[K^[m[K
[1.345s] [01m[K/home/corey/uumotor-servo-motor-driver-ros2/src/uumotor_servo_motor_driver/src/commands.cpp:252:36:[m[K [01;35m[Kwarning: [m[Kunused parameter ‘[01m[Kmotor[m[K’ [[01;35m[K-Wunused-parameter[m[K]
[1.345s]   252 | std::vector<uint8_t> calibrate([01;35m[Kint motor[m[K)
[1.345s]       |                                [01;35m[K~~~~^~~~~[m[K
[1.769s] make[2]: *** [CMakeFiles/uumotor_servo_motor_driver.dir/build.make:76: CMakeFiles/uumotor_servo_motor_driver.dir/src/commands.cpp.o] Error 1
[1.769s] make[1]: *** [CMakeFiles/Makefile2:143: CMakeFiles/uumotor_servo_motor_driver.dir/all] Error 2
[1.769s] make[1]: *** Waiting for unfinished jobs....
[1.794s] make[2]: *** [CMakeFiles/cmd.dir/build.make:76: CMakeFiles/cmd.dir/src/commands.cpp.o] Error 1
[1.794s] make[1]: *** [CMakeFiles/Makefile2:222: CMakeFiles/cmd.dir/all] Error 2
[1.794s] make: *** [Makefile:146: all] Error 2
[1.797s] Invoked command in '/home/corey/uumotor-servo-motor-driver-ros2/build/uumotor_servo_motor_driver' returned '2': CMAKE_PREFIX_PATH=${CMAKE_PREFIX_PATH}:/opt/ros/galactic /home/corey/.local/bin/cmake --build /home/corey/uumotor-servo-motor-driver-ros2/build/uumotor_servo_motor_driver -- -j16 -l16
