[ 18%] Built target fun
[ 36%] Built target cmd
[ 63%] Built target uumotor_servo_motor_driver
[ 72%] [32mBuilding CXX object CMakeFiles/driver.dir/src/test_node.cpp.o[0m
[01m[K/home/corey/uumotor-servo-motor-driver-ros2/src/uumotor_servo_motor_driver/src/test_node.cpp:34:37:[m[K [01;31m[Kerror: [m[Kexpected identifier before ‘[01m[K[[m[K’ token
   34 |         std::thread monitor_thread ([01;31m[K[[m[Kthis, true]{monitor(true);});
      |                                     [01;31m[K^[m[K
[01m[K/home/corey/uumotor-servo-motor-driver-ros2/src/uumotor_servo_motor_driver/src/test_node.cpp:34:38:[m[K [01;31m[Kerror: [m[Kinvalid use of ‘[01m[Kthis[m[K’ at top level
   34 |         std::thread monitor_thread ([[01;31m[Kthis[m[K, true]{monitor(true);});
      |                                      [01;31m[K^~~~[m[K
[01m[K/home/corey/uumotor-servo-motor-driver-ros2/src/uumotor_servo_motor_driver/src/test_node.cpp:34:42:[m[K [01;31m[Kerror: [m[Kexpected ‘[01m[K][m[K’ before ‘[01m[K,[m[K’ token
   34 |         std::thread monitor_thread ([this[01;31m[K,[m[K true]{monitor(true);});
      |                                          [01;31m[K^[m[K
      |                                          [32m[K][m[K
[01m[K/home/corey/uumotor-servo-motor-driver-ros2/src/uumotor_servo_motor_driver/src/test_node.cpp:34:42:[m[K [01;31m[Kerror: [m[Kexpected ‘[01m[K)[m[K’ before ‘[01m[K,[m[K’ token
   34 |         std::thread monitor_thread [34m[K([m[K[this[01;31m[K,[m[K true]{monitor(true);});
      |                                    [34m[K~[m[K     [01;31m[K^[m[K
      |                                          [32m[K)[m[K
[01m[K/home/corey/uumotor-servo-motor-driver-ros2/src/uumotor_servo_motor_driver/src/test_node.cpp:34:44:[m[K [01;31m[Kerror: [m[Kexpected unqualified-id before ‘[01m[Ktrue[m[K’
   34 |         std::thread monitor_thread ([this, [01;31m[Ktrue[m[K]{monitor(true);});
      |                                            [01;31m[K^~~~[m[K
[01m[K/home/corey/uumotor-servo-motor-driver-ros2/src/uumotor_servo_motor_driver/src/test_node.cpp:34:65:[m[K [01;31m[Kerror: [m[Kexpected unqualified-id before ‘[01m[K)[m[K’ token
   34 |         std::thread monitor_thread ([this, true]{monitor(true);}[01;31m[K)[m[K;
      |                                                                 [01;31m[K^[m[K
make[2]: *** [CMakeFiles/driver.dir/build.make:76: CMakeFiles/driver.dir/src/test_node.cpp.o] Error 1
make[1]: *** [CMakeFiles/Makefile2:170: CMakeFiles/driver.dir/all] Error 2
make: *** [Makefile:146: all] Error 2
