[0.012s] Invoking command in '/home/corey/uumotor-servo-motor-driver-ros2/build/uumotor_servo_motor_driver': CMAKE_PREFIX_PATH=${CMAKE_PREFIX_PATH}:/opt/ros/galactic /home/corey/.local/bin/cmake --build /home/corey/uumotor-servo-motor-driver-ros2/build/uumotor_servo_motor_driver -- -j16 -l16
[0.038s] -- Found ament_cmake: 1.1.6 (/opt/ros/galactic/share/ament_cmake/cmake)
[0.040s] [33mCMake Warning (dev) at /opt/ros/galactic/share/ament_cmake_core/cmake/core/python.cmake:22 (find_package):
[0.040s]   Policy CMP0148 is not set: The FindPythonInterp and FindPythonLibs modules
[0.040s]   are removed.  Run "cmake --help-policy CMP0148" for policy details.  Use
[0.040s]   the cmake_policy command to set the policy and suppress this warning.
[0.040s] 
[0.040s] Call Stack (most recent call first):
[0.040s]   /opt/ros/galactic/share/ament_cmake_core/cmake/core/all.cmake:53 (include)
[0.040s]   /opt/ros/galactic/share/ament_cmake_core/cmake/ament_cmake_core-extras.cmake:17 (include)
[0.040s]   /opt/ros/galactic/share/ament_cmake_core/cmake/ament_cmake_coreConfig.cmake:41 (include)
[0.040s]   /opt/ros/galactic/share/ament_cmake/cmake/ament_cmake_export_dependencies-extras.cmake:15 (find_package)
[0.040s]   /opt/ros/galactic/share/ament_cmake/cmake/ament_cmakeConfig.cmake:41 (include)
[0.040s]   CMakeLists.txt:11 (find_package)
[0.040s] This warning is for project developers.  Use -Wno-dev to suppress it.
[0.040s] [0m
[0.052s] -- Using PYTHON_EXECUTABLE: /usr/bin/python3
[0.088s] -- Override CMake install command with custom implementation using symlinks instead of copying resources
[0.093s] -- Found rclcpp: 9.2.2 (/opt/ros/galactic/share/rclcpp/cmake)
[0.123s] -- Using all available rosidl_typesupport_c: rosidl_typesupport_fastrtps_c;rosidl_typesupport_introspection_c
[0.125s] -- Found rosidl_adapter: 2.2.3 (/opt/ros/galactic/share/rosidl_adapter/cmake)
[0.223s] -- Using all available rosidl_typesupport_cpp: rosidl_typesupport_fastrtps_cpp;rosidl_typesupport_introspection_cpp
[0.268s] -- Found rmw_implementation_cmake: 3.3.1 (/opt/ros/galactic/share/rmw_implementation_cmake/cmake)
[0.269s] -- Found rmw_cyclonedds_cpp: 0.22.6 (/opt/ros/galactic/share/rmw_cyclonedds_cpp/cmake)
[0.284s] -- Using RMW implementation 'rmw_cyclonedds_cpp' as default
[0.438s] -- Configuring done (0.4s)
[0.448s] -- Generating done (0.0s)
[0.449s] -- Build files have been written to: /home/corey/uumotor-servo-motor-driver-ros2/build/uumotor_servo_motor_driver
[0.461s] [  9%] [32mBuilding CXX object CMakeFiles/cmd.dir/src/commands.cpp.o[0m
[0.463s] [ 27%] Built target fun
[0.468s] [ 54%] Built target uumotor_servo_motor_driver
[0.484s] [01m[K/home/corey/uumotor-servo-motor-driver-ros2/src/uumotor_servo_motor_driver/src/commands.cpp:2:10:[m[K [01;31m[Kfatal error: [m[Krclcpp/rclcpp.hpp: No such file or directory
[0.484s]     2 | #include [01;31m[K"rclcpp/rclcpp.hpp"[m[K
[0.484s]       |          [01;31m[K^~~~~~~~~~~~~~~~~~~[m[K
[0.485s] compilation terminated.
[0.485s] make[2]: *** [CMakeFiles/cmd.dir/build.make:76: CMakeFiles/cmd.dir/src/commands.cpp.o] Error 1
[0.485s] make[1]: *** [CMakeFiles/Makefile2:222: CMakeFiles/cmd.dir/all] Error 2
[0.486s] make: *** [Makefile:146: all] Error 2
[0.489s] Invoked command in '/home/corey/uumotor-servo-motor-driver-ros2/build/uumotor_servo_motor_driver' returned '2': CMAKE_PREFIX_PATH=${CMAKE_PREFIX_PATH}:/opt/ros/galactic /home/corey/.local/bin/cmake --build /home/corey/uumotor-servo-motor-driver-ros2/build/uumotor_servo_motor_driver -- -j16 -l16
