[01m[K/home/corey/uumotor-servo-motor-driver-ros2/src/uumotor_servo_motor_driver/src/commands.cpp:278:22:[m[K [01;31m[Kerror: [m[Kno declaration matches ‘[01m[Kstd::vector<unsigned char> Commands::set_speed(int, double)[m[K’
  278 | std::vector<uint8_t> [01;31m[KCommands[m[K::set_speed(int motor, double speed)
      |                      [01;31m[K^~~~~~~~[m[K
In file included from [01m[K/home/corey/uumotor-servo-motor-driver-ros2/src/uumotor_servo_motor_driver/src/commands.cpp:1[m[K:
[01m[K/home/corey/uumotor-servo-motor-driver-ros2/src/uumotor_servo_motor_driver/include/uumotor_servo_motor_driver/commands.h:33:26:[m[K [01;36m[Knote: [m[Kcandidate is: ‘[01m[Kstd::vector<unsigned char> Commands::set_speed(int, int)[m[K’
   33 |     std::vector<uint8_t> [01;36m[Kset_speed[m[K(int motor, int speed);
      |                          [01;36m[K^~~~~~~~~[m[K
[01m[K/home/corey/uumotor-servo-motor-driver-ros2/src/uumotor_servo_motor_driver/include/uumotor_servo_motor_driver/commands.h:10:7:[m[K [01;36m[Knote: [m[K‘[01m[Kclass Commands[m[K’ defined here
   10 | class [01;36m[KCommands[m[K
      |       [01;36m[K^~~~~~~~[m[K
[01m[K/home/corey/uumotor-servo-motor-driver-ros2/src/uumotor_servo_motor_driver/src/commands.cpp:278:22:[m[K [01;31m[Kerror: [m[Kno declaration matches ‘[01m[Kstd::vector<unsigned char> Commands::set_speed(int, double)[m[K’
  278 | std::vector<uint8_t> [01;31m[KCommands[m[K::set_speed(int motor, double speed)
      |                      [01;31m[K^~~~~~~~[m[K
In file included from [01m[K/home/corey/uumotor-servo-motor-driver-ros2/src/uumotor_servo_motor_driver/src/commands.cpp:1[m[K:
[01m[K/home/corey/uumotor-servo-motor-driver-ros2/src/uumotor_servo_motor_driver/include/uumotor_servo_motor_driver/commands.h:33:26:[m[K [01;36m[Knote: [m[Kcandidate is: ‘[01m[Kstd::vector<unsigned char> Commands::set_speed(int, int)[m[K’
   33 |     std::vector<uint8_t> [01;36m[Kset_speed[m[K(int motor, int speed);
      |                          [01;36m[K^~~~~~~~~[m[K
[01m[K/home/corey/uumotor-servo-motor-driver-ros2/src/uumotor_servo_motor_driver/include/uumotor_servo_motor_driver/commands.h:10:7:[m[K [01;36m[Knote: [m[K‘[01m[Kclass Commands[m[K’ defined here
   10 | class [01;36m[KCommands[m[K
      |       [01;36m[K^~~~~~~~[m[K
make[2]: *** [CMakeFiles/cmd.dir/build.make:63: CMakeFiles/cmd.dir/src/commands.cpp.o] Error 1
make[2]: *** [CMakeFiles/uumotor_servo_motor_driver.dir/build.make:63: CMakeFiles/uumotor_servo_motor_driver.dir/src/commands.cpp.o] Error 1
make[1]: *** [CMakeFiles/Makefile2:84: CMakeFiles/cmd.dir/all] Error 2
make[1]: *** Waiting for unfinished jobs....
make[1]: *** [CMakeFiles/Makefile2:138: CMakeFiles/uumotor_servo_motor_driver.dir/all] Error 2
make: *** [Makefile:141: all] Error 2
