[0.012s] Invoking command in '/home/corey/uumotor-servo-motor-driver-ros2/build/uumotor_servo_motor_driver': CMAKE_PREFIX_PATH=${CMAKE_PREFIX_PATH}:/home/corey/uumotor-servo-motor-driver-ros2/install/serial:/opt/ros/galactic /home/corey/.local/bin/cmake --build /home/corey/uumotor-servo-motor-driver-ros2/build/uumotor_servo_motor_driver -- -j16 -l16
[0.040s] -- Found ament_cmake: 1.1.6 (/opt/ros/galactic/share/ament_cmake/cmake)
[0.041s] [33mCMake Warning (dev) at /opt/ros/galactic/share/ament_cmake_core/cmake/core/python.cmake:22 (find_package):
[0.041s]   Policy CMP0148 is not set: The FindPythonInterp and FindPythonLibs modules
[0.041s]   are removed.  Run "cmake --help-policy CMP0148" for policy details.  Use
[0.041s]   the cmake_policy command to set the policy and suppress this warning.
[0.041s] 
[0.041s] Call Stack (most recent call first):
[0.041s]   /opt/ros/galactic/share/ament_cmake_core/cmake/core/all.cmake:53 (include)
[0.041s]   /opt/ros/galactic/share/ament_cmake_core/cmake/ament_cmake_core-extras.cmake:17 (include)
[0.041s]   /opt/ros/galactic/share/ament_cmake_core/cmake/ament_cmake_coreConfig.cmake:41 (include)
[0.041s]   /opt/ros/galactic/share/ament_cmake/cmake/ament_cmake_export_dependencies-extras.cmake:15 (find_package)
[0.041s]   /opt/ros/galactic/share/ament_cmake/cmake/ament_cmakeConfig.cmake:41 (include)
[0.041s]   CMakeLists.txt:11 (find_package)
[0.041s] This warning is for project developers.  Use -Wno-dev to suppress it.
[0.041s] [0m
[0.054s] -- Using PYTHON_EXECUTABLE: /usr/bin/python3
[0.089s] -- Override CMake install command with custom implementation using symlinks instead of copying resources
[0.095s] -- Found rclcpp: 9.2.2 (/opt/ros/galactic/share/rclcpp/cmake)
[0.125s] -- Using all available rosidl_typesupport_c: rosidl_typesupport_fastrtps_c;rosidl_typesupport_introspection_c
[0.128s] -- Found rosidl_adapter: 2.2.3 (/opt/ros/galactic/share/rosidl_adapter/cmake)
[0.229s] -- Using all available rosidl_typesupport_cpp: rosidl_typesupport_fastrtps_cpp;rosidl_typesupport_introspection_cpp
[0.272s] -- Found rmw_implementation_cmake: 3.3.1 (/opt/ros/galactic/share/rmw_implementation_cmake/cmake)
[0.273s] -- Found rmw_cyclonedds_cpp: 0.22.6 (/opt/ros/galactic/share/rmw_cyclonedds_cpp/cmake)
[0.287s] -- Using RMW implementation 'rmw_cyclonedds_cpp' as default
[0.442s] -- Configuring done (0.4s)
[0.450s] -- Generating done (0.0s)
[0.451s] -- Build files have been written to: /home/corey/uumotor-servo-motor-driver-ros2/build/uumotor_servo_motor_driver
[0.466s] [ 50%] Built target uumotor_servo_motor_driver
[0.470s] [ 66%] [32mBuilding CXX object CMakeFiles/driver.dir/src/functions.cpp.o[0m
[0.628s] [ 83%] [32m[1mLinking CXX executable driver[0m
[0.691s] /usr/bin/ld: CMakeFiles/driver.dir/src/test_node.cpp.o: in function `main':
[0.691s] test_node.cpp:(.text+0x189): undefined reference to `Functions::test(std::__cxx11::basic_string<char, std::char_traits<char>, std::allocator<char> >)'
[0.691s] collect2: error: ld returned 1 exit status
[0.691s] make[2]: *** [CMakeFiles/driver.dir/build.make:161: driver] Error 1
[0.692s] make[1]: *** [CMakeFiles/Makefile2:165: CMakeFiles/driver.dir/all] Error 2
[0.692s] make: *** [Makefile:146: all] Error 2
[0.695s] Invoked command in '/home/corey/uumotor-servo-motor-driver-ros2/build/uumotor_servo_motor_driver' returned '2': CMAKE_PREFIX_PATH=${CMAKE_PREFIX_PATH}:/home/corey/uumotor-servo-motor-driver-ros2/install/serial:/opt/ros/galactic /home/corey/.local/bin/cmake --build /home/corey/uumotor-servo-motor-driver-ros2/build/uumotor_servo_motor_driver -- -j16 -l16
