[0.014s] Invoking command in '/home/corey/uumotor-servo-motor-driver-ros2/build/uumotor_servo_motor_driver': CMAKE_PREFIX_PATH=${CMAKE_PREFIX_PATH}:/opt/ros/galactic /home/corey/.local/bin/cmake --build /home/corey/uumotor-servo-motor-driver-ros2/build/uumotor_servo_motor_driver -- -j16 -l16
[0.049s] [ 18%] Built target fun
[0.051s] [ 36%] Built target cmd
[0.051s] [ 63%] Built target uumotor_servo_motor_driver
[0.068s] [ 72%] [32mBuilding CXX object CMakeFiles/driver.dir/src/test_node.cpp.o[0m
[1.324s] In file included from [01m[K/home/corey/uumotor-servo-motor-driver-ros2/src/uumotor_servo_motor_driver/include/uumotor_servo_motor_driver/motor_controller.hpp:8[m[K,
[1.324s]                  from [01m[K/home/corey/uumotor-servo-motor-driver-ros2/src/uumotor_servo_motor_driver/src/test_node.cpp:10[m[K:
[1.324s] [01m[K/home/corey/uumotor-servo-motor-driver-ros2/src/uumotor_servo_motor_driver/include/uumotor_servo_motor_driver/comms.hpp:[m[K In member function ‘[01m[Kstd::vector<unsigned char, std::allocator<unsigned char> > Comms::send_command(const std::vector<unsigned char, std::allocator<unsigned char> >&, bool)[m[K’:
[1.324s] [01m[K/home/corey/uumotor-servo-motor-driver-ros2/src/uumotor_servo_motor_driver/include/uumotor_servo_motor_driver/comms.hpp:66:56:[m[K [01;31m[Kerror: [m[Kno matching function for call to ‘[01m[Kstd::vector<unsigned char, std::allocator<unsigned char> >::push_back(std::basic_istream<char>::__istream_type&)[m[K’
[1.324s]    66 |                 output.push_back(serial_.get(hex_value)[01;31m[K)[m[K;
[1.324s]       |                                                        [01;31m[K^[m[K
[1.324s] In file included from [01m[K/usr/include/c++/9/vector:67[m[K,
[1.324s]                  from [01m[K/usr/include/c++/9/functional:62[m[K,
[1.324s]                  from [01m[K/home/corey/uumotor-servo-motor-driver-ros2/src/uumotor_servo_motor_driver/src/test_node.cpp:3[m[K:
[1.324s] [01m[K/usr/include/c++/9/bits/stl_vector.h:1184:7:[m[K [01;36m[Knote: [m[Kcandidate: ‘[01m[Kvoid std::vector<_Tp, _Alloc>::push_back(const value_type&) [with _Tp = unsigned char; _Alloc = std::allocator<unsigned char>; std::vector<_Tp, _Alloc>::value_type = unsigned char][m[K’
[1.325s]  1184 |       [01;36m[Kpush_back[m[K(const value_type& __x)
[1.325s]       |       [01;36m[K^~~~~~~~~[m[K
[1.325s] [01m[K/usr/include/c++/9/bits/stl_vector.h:1184:35:[m[K [01;36m[Knote: [m[K  no known conversion for argument 1 from ‘[01m[Kstd::basic_istream<char>::__istream_type[m[K’ {aka ‘[01m[Kstd::basic_istream<char>[m[K’} to ‘[01m[Kconst value_type&[m[K’ {aka ‘[01m[Kconst unsigned char&[m[K’}
[1.325s]  1184 |       push_back([01;36m[Kconst value_type& __x[m[K)
[1.325s]       |                 [01;36m[K~~~~~~~~~~~~~~~~~~^~~[m[K
[1.325s] [01m[K/usr/include/c++/9/bits/stl_vector.h:1200:7:[m[K [01;36m[Knote: [m[Kcandidate: ‘[01m[Kvoid std::vector<_Tp, _Alloc>::push_back(std::vector<_Tp, _Alloc>::value_type&&) [with _Tp = unsigned char; _Alloc = std::allocator<unsigned char>; std::vector<_Tp, _Alloc>::value_type = unsigned char][m[K’
[1.325s]  1200 |       [01;36m[Kpush_back[m[K(value_type&& __x)
[1.325s]       |       [01;36m[K^~~~~~~~~[m[K
[1.325s] [01m[K/usr/include/c++/9/bits/stl_vector.h:1200:30:[m[K [01;36m[Knote: [m[K  no known conversion for argument 1 from ‘[01m[Kstd::basic_istream<char>::__istream_type[m[K’ {aka ‘[01m[Kstd::basic_istream<char>[m[K’} to ‘[01m[Kstd::vector<unsigned char, std::allocator<unsigned char> >::value_type&&[m[K’ {aka ‘[01m[Kunsigned char&&[m[K’}
[1.325s]  1200 |       push_back([01;36m[Kvalue_type&& __x[m[K)
[1.325s]       |                 [01;36m[K~~~~~~~~~~~~~^~~[m[K
[1.804s] make[2]: *** [CMakeFiles/driver.dir/build.make:76: CMakeFiles/driver.dir/src/test_node.cpp.o] Error 1
[1.804s] make[1]: *** [CMakeFiles/Makefile2:170: CMakeFiles/driver.dir/all] Error 2
[1.804s] make: *** [Makefile:146: all] Error 2
[1.809s] Invoked command in '/home/corey/uumotor-servo-motor-driver-ros2/build/uumotor_servo_motor_driver' returned '2': CMAKE_PREFIX_PATH=${CMAKE_PREFIX_PATH}:/opt/ros/galactic /home/corey/.local/bin/cmake --build /home/corey/uumotor-servo-motor-driver-ros2/build/uumotor_servo_motor_driver -- -j16 -l16
