[01m[K/home/corey/uumotor-servo-motor-driver-ros2/src/uumotor_servo_motor_driver/src/functions.cpp:[m[K In member function ‘[01m[Kvoid Functions::get_hex_msg(uint8_t&, uint16_t)[m[K’:
[01m[K/home/corey/uumotor-servo-motor-driver-ros2/src/uumotor_servo_motor_driver/src/functions.cpp:34:13:[m[K [01;35m[Kwarning: [m[Kunused variable ‘[01m[Khigh[m[K’ [[01;35m[K-Wunused-variable[m[K]
   34 |     uint8_t [01;35m[Khigh[m[K = 0xFF;
      |             [01;35m[K^~~~[m[K
[01m[K/home/corey/uumotor-servo-motor-driver-ros2/src/uumotor_servo_motor_driver/src/functions.cpp:35:13:[m[K [01;35m[Kwarning: [m[Kunused variable ‘[01m[Klow[m[K’ [[01;35m[K-Wunused-variable[m[K]
   35 |     uint8_t [01;35m[Klow[m[K = 0xFF;
      |             [01;35m[K^~~[m[K
[01m[K/home/corey/uumotor-servo-motor-driver-ros2/src/uumotor_servo_motor_driver/src/functions.cpp:31:38:[m[K [01;35m[Kwarning: [m[Kunused parameter ‘[01m[Kdata[m[K’ [[01;35m[K-Wunused-parameter[m[K]
   31 | void Functions::get_hex_msg([01;35m[Kuint8_t &data[m[K, uint16_t crc)
      |                             [01;35m[K~~~~~~~~~^~~~[m[K
[01m[K/home/corey/uumotor-servo-motor-driver-ros2/src/uumotor_servo_motor_driver/src/functions.cpp:31:53:[m[K [01;35m[Kwarning: [m[Kunused parameter ‘[01m[Kcrc[m[K’ [[01;35m[K-Wunused-parameter[m[K]
   31 | void Functions::get_hex_msg(uint8_t &data, [01;35m[Kuint16_t crc[m[K)
      |                                            [01;35m[K~~~~~~~~~^~~[m[K
[01m[K/home/corey/uumotor-servo-motor-driver-ros2/src/uumotor_servo_motor_driver/src/functions.cpp:[m[K In member function ‘[01m[Kvoid Functions::get_hex_msg(uint8_t&, uint16_t)[m[K’:
[01m[K/home/corey/uumotor-servo-motor-driver-ros2/src/uumotor_servo_motor_driver/src/functions.cpp:34:13:[m[K [01;35m[Kwarning: [m[Kunused variable ‘[01m[Khigh[m[K’ [[01;35m[K-Wunused-variable[m[K]
   34 |     uint8_t [01;35m[Khigh[m[K = 0xFF;
      |             [01;35m[K^~~~[m[K
[01m[K/home/corey/uumotor-servo-motor-driver-ros2/src/uumotor_servo_motor_driver/src/functions.cpp:35:13:[m[K [01;35m[Kwarning: [m[Kunused variable ‘[01m[Klow[m[K’ [[01;35m[K-Wunused-variable[m[K]
   35 |     uint8_t [01;35m[Klow[m[K = 0xFF;
      |             [01;35m[K^~~[m[K
[01m[K/home/corey/uumotor-servo-motor-driver-ros2/src/uumotor_servo_motor_driver/src/functions.cpp:31:38:[m[K [01;35m[Kwarning: [m[Kunused parameter ‘[01m[Kdata[m[K’ [[01;35m[K-Wunused-parameter[m[K]
   31 | void Functions::get_hex_msg([01;35m[Kuint8_t &data[m[K, uint16_t crc)
      |                             [01;35m[K~~~~~~~~~^~~~[m[K
[01m[K/home/corey/uumotor-servo-motor-driver-ros2/src/uumotor_servo_motor_driver/src/functions.cpp:31:53:[m[K [01;35m[Kwarning: [m[Kunused parameter ‘[01m[Kcrc[m[K’ [[01;35m[K-Wunused-parameter[m[K]
   31 | void Functions::get_hex_msg(uint8_t &data, [01;35m[Kuint16_t crc[m[K)
      |                                            [01;35m[K~~~~~~~~~^~~[m[K
[01m[K/home/corey/uumotor-servo-motor-driver-ros2/src/uumotor_servo_motor_driver/src/functions.cpp:[m[K In member function ‘[01m[Kvoid Functions::get_hex_msg(uint8_t&, uint16_t)[m[K’:
[01m[K/home/corey/uumotor-servo-motor-driver-ros2/src/uumotor_servo_motor_driver/src/functions.cpp:34:13:[m[K [01;35m[Kwarning: [m[Kunused variable ‘[01m[Khigh[m[K’ [[01;35m[K-Wunused-variable[m[K]
   34 |     uint8_t [01;35m[Khigh[m[K = 0xFF;
      |             [01;35m[K^~~~[m[K
[01m[K/home/corey/uumotor-servo-motor-driver-ros2/src/uumotor_servo_motor_driver/src/functions.cpp:35:13:[m[K [01;35m[Kwarning: [m[Kunused variable ‘[01m[Klow[m[K’ [[01;35m[K-Wunused-variable[m[K]
   35 |     uint8_t [01;35m[Klow[m[K = 0xFF;
      |             [01;35m[K^~~[m[K
[01m[K/home/corey/uumotor-servo-motor-driver-ros2/src/uumotor_servo_motor_driver/src/functions.cpp:31:38:[m[K [01;35m[Kwarning: [m[Kunused parameter ‘[01m[Kdata[m[K’ [[01;35m[K-Wunused-parameter[m[K]
   31 | void Functions::get_hex_msg([01;35m[Kuint8_t &data[m[K, uint16_t crc)
      |                             [01;35m[K~~~~~~~~~^~~~[m[K
[01m[K/home/corey/uumotor-servo-motor-driver-ros2/src/uumotor_servo_motor_driver/src/functions.cpp:31:53:[m[K [01;35m[Kwarning: [m[Kunused parameter ‘[01m[Kcrc[m[K’ [[01;35m[K-Wunused-parameter[m[K]
   31 | void Functions::get_hex_msg(uint8_t &data, [01;35m[Kuint16_t crc[m[K)
      |                                            [01;35m[K~~~~~~~~~^~~[m[K
