[ 12%] [32mBuilding CXX object CMakeFiles/uumotor_servo_motor_driver.dir/src/functions.cpp.o[0m
[ 25%] [32mBuilding CXX object CMakeFiles/fun.dir/src/functions.cpp.o[0m
[01m[K/home/corey/uumotor-servo-motor-driver-ros2/src/uumotor_servo_motor_driver/src/functions.cpp:[m[K In member function ‘[01m[Kvoid Functions::get_hex_msg(uint8_t&, uint16_t)[m[K’:
[01m[K/home/corey/uumotor-servo-motor-driver-ros2/src/uumotor_servo_motor_driver/src/functions.cpp:34:13:[m[K [01;35m[Kwarning: [m[Kunused variable ‘[01m[Khigh[m[K’ [[01;35m[K-Wunused-variable[m[K]
   34 |     uint8_t [01;35m[Khigh[m[K = 0xFF;
      |             [01;35m[K^~~~[m[K
[01m[K/home/corey/uumotor-servo-motor-driver-ros2/src/uumotor_servo_motor_driver/src/functions.cpp:35:13:[m[K [01;35m[Kwarning: [m[Kunused variable ‘[01m[Klow[m[K’ [[01;35m[K-Wunused-variable[m[K]
   35 |     uint8_t [01;35m[Klow[m[K = 0xFF;
      |             [01;35m[K^~~[m[K
[01m[K/home/corey/uumotor-servo-motor-driver-ros2/src/uumotor_servo_motor_driver/src/functions.cpp:31:38:[m[K [01;35m[Kwarning: [m[Kunused parameter ‘[01m[Kdata[m[K’ [[01;35m[K-Wunused-parameter[m[K]
   31 | void Functions::get_hex_msg([01;35m[Kuint8_t &data[m[K, uint16_t crc)
      |                             [01;35m[K~~~~~~~~~^~~~[m[K
[01m[K/home/corey/uumotor-servo-motor-driver-ros2/src/uumotor_servo_motor_driver/src/functions.cpp:31:53:[m[K [01;35m[Kwarning: [m[Kunused parameter ‘[01m[Kcrc[m[K’ [[01;35m[K-Wunused-parameter[m[K]
   31 | void Functions::get_hex_msg(uint8_t &data, [01;35m[Kuint16_t crc[m[K)
      |                                            [01;35m[K~~~~~~~~~^~~[m[K
[01m[K/home/corey/uumotor-servo-motor-driver-ros2/src/uumotor_servo_motor_driver/src/functions.cpp:[m[K In member function ‘[01m[Kvoid Functions::get_hex_msg(uint8_t&, uint16_t)[m[K’:
[01m[K/home/corey/uumotor-servo-motor-driver-ros2/src/uumotor_servo_motor_driver/src/functions.cpp:34:13:[m[K [01;35m[Kwarning: [m[Kunused variable ‘[01m[Khigh[m[K’ [[01;35m[K-Wunused-variable[m[K]
   34 |     uint8_t [01;35m[Khigh[m[K = 0xFF;
      |             [01;35m[K^~~~[m[K
[01m[K/home/corey/uumotor-servo-motor-driver-ros2/src/uumotor_servo_motor_driver/src/functions.cpp:35:13:[m[K [01;35m[Kwarning: [m[Kunused variable ‘[01m[Klow[m[K’ [[01;35m[K-Wunused-variable[m[K]
   35 |     uint8_t [01;35m[Klow[m[K = 0xFF;
      |             [01;35m[K^~~[m[K
[01m[K/home/corey/uumotor-servo-motor-driver-ros2/src/uumotor_servo_motor_driver/src/functions.cpp:31:38:[m[K [01;35m[Kwarning: [m[Kunused parameter ‘[01m[Kdata[m[K’ [[01;35m[K-Wunused-parameter[m[K]
   31 | void Functions::get_hex_msg([01;35m[Kuint8_t &data[m[K, uint16_t crc)
      |                             [01;35m[K~~~~~~~~~^~~~[m[K
[01m[K/home/corey/uumotor-servo-motor-driver-ros2/src/uumotor_servo_motor_driver/src/functions.cpp:31:53:[m[K [01;35m[Kwarning: [m[Kunused parameter ‘[01m[Kcrc[m[K’ [[01;35m[K-Wunused-parameter[m[K]
   31 | void Functions::get_hex_msg(uint8_t &data, [01;35m[Kuint16_t crc[m[K)
      |                                            [01;35m[K~~~~~~~~~^~~[m[K
[ 37%] [32m[1mLinking CXX shared library libuumotor_servo_motor_driver.so[0m
[ 50%] [32m[1mLinking CXX static library libfun.a[0m
[ 50%] Built target fun
[ 62%] [32mBuilding CXX object CMakeFiles/driver.dir/src/test_node.cpp.o[0m
[ 75%] [32mBuilding CXX object CMakeFiles/driver.dir/src/functions.cpp.o[0m
[ 87%] Built target uumotor_servo_motor_driver
[01m[K/home/corey/uumotor-servo-motor-driver-ros2/src/uumotor_servo_motor_driver/src/functions.cpp:[m[K In member function ‘[01m[Kvoid Functions::get_hex_msg(uint8_t&, uint16_t)[m[K’:
[01m[K/home/corey/uumotor-servo-motor-driver-ros2/src/uumotor_servo_motor_driver/src/functions.cpp:34:13:[m[K [01;35m[Kwarning: [m[Kunused variable ‘[01m[Khigh[m[K’ [[01;35m[K-Wunused-variable[m[K]
   34 |     uint8_t [01;35m[Khigh[m[K = 0xFF;
      |             [01;35m[K^~~~[m[K
[01m[K/home/corey/uumotor-servo-motor-driver-ros2/src/uumotor_servo_motor_driver/src/functions.cpp:35:13:[m[K [01;35m[Kwarning: [m[Kunused variable ‘[01m[Klow[m[K’ [[01;35m[K-Wunused-variable[m[K]
   35 |     uint8_t [01;35m[Klow[m[K = 0xFF;
      |             [01;35m[K^~~[m[K
[01m[K/home/corey/uumotor-servo-motor-driver-ros2/src/uumotor_servo_motor_driver/src/functions.cpp:31:38:[m[K [01;35m[Kwarning: [m[Kunused parameter ‘[01m[Kdata[m[K’ [[01;35m[K-Wunused-parameter[m[K]
   31 | void Functions::get_hex_msg([01;35m[Kuint8_t &data[m[K, uint16_t crc)
      |                             [01;35m[K~~~~~~~~~^~~~[m[K
[01m[K/home/corey/uumotor-servo-motor-driver-ros2/src/uumotor_servo_motor_driver/src/functions.cpp:31:53:[m[K [01;35m[Kwarning: [m[Kunused parameter ‘[01m[Kcrc[m[K’ [[01;35m[K-Wunused-parameter[m[K]
   31 | void Functions::get_hex_msg(uint8_t &data, [01;35m[Kuint16_t crc[m[K)
      |                                            [01;35m[K~~~~~~~~~^~~[m[K
[100%] [32m[1mLinking CXX executable driver[0m
[100%] Built target driver
-- Install configuration: ""
-- Execute custom install script
-- Up-to-date symlink: /home/corey/uumotor-servo-motor-driver-ros2/install/uumotor_servo_motor_driver/lib/uumotor_servo_motor_driver/libuumotor_servo_motor_driver.so
-- Up-to-date symlink: /home/corey/uumotor-servo-motor-driver-ros2/install/uumotor_servo_motor_driver/include/uumotor_servo_motor_driver//commands.h
-- Up-to-date symlink: /home/corey/uumotor-servo-motor-driver-ros2/install/uumotor_servo_motor_driver/include/uumotor_servo_motor_driver//functions.h
-- Up-to-date symlink: /home/corey/uumotor-servo-motor-driver-ros2/install/uumotor_servo_motor_driver/lib/uumotor_servo_motor_driver/driver
-- Up-to-date symlink: /home/corey/uumotor-servo-motor-driver-ros2/install/uumotor_servo_motor_driver/share/uumotor_servo_motor_driver/environment/library_path.sh
-- Up-to-date symlink: /home/corey/uumotor-servo-motor-driver-ros2/install/uumotor_servo_motor_driver/share/uumotor_servo_motor_driver/environment/library_path.dsv
-- Up-to-date symlink: /home/corey/uumotor-servo-motor-driver-ros2/install/uumotor_servo_motor_driver/share/ament_index/resource_index/package_run_dependencies/uumotor_servo_motor_driver
-- Up-to-date symlink: /home/corey/uumotor-servo-motor-driver-ros2/install/uumotor_servo_motor_driver/share/ament_index/resource_index/parent_prefix_path/uumotor_servo_motor_driver
-- Up-to-date symlink: /home/corey/uumotor-servo-motor-driver-ros2/install/uumotor_servo_motor_driver/share/uumotor_servo_motor_driver/environment/ament_prefix_path.sh
-- Up-to-date symlink: /home/corey/uumotor-servo-motor-driver-ros2/install/uumotor_servo_motor_driver/share/uumotor_servo_motor_driver/environment/ament_prefix_path.dsv
-- Up-to-date symlink: /home/corey/uumotor-servo-motor-driver-ros2/install/uumotor_servo_motor_driver/share/uumotor_servo_motor_driver/environment/path.sh
-- Up-to-date symlink: /home/corey/uumotor-servo-motor-driver-ros2/install/uumotor_servo_motor_driver/share/uumotor_servo_motor_driver/environment/path.dsv
-- Up-to-date symlink: /home/corey/uumotor-servo-motor-driver-ros2/install/uumotor_servo_motor_driver/share/uumotor_servo_motor_driver/local_setup.bash
-- Up-to-date symlink: /home/corey/uumotor-servo-motor-driver-ros2/install/uumotor_servo_motor_driver/share/uumotor_servo_motor_driver/local_setup.sh
-- Up-to-date symlink: /home/corey/uumotor-servo-motor-driver-ros2/install/uumotor_servo_motor_driver/share/uumotor_servo_motor_driver/local_setup.zsh
-- Up-to-date symlink: /home/corey/uumotor-servo-motor-driver-ros2/install/uumotor_servo_motor_driver/share/uumotor_servo_motor_driver/local_setup.dsv
-- Symlinking: /home/corey/uumotor-servo-motor-driver-ros2/install/uumotor_servo_motor_driver/share/uumotor_servo_motor_driver/package.dsv
-- Up-to-date symlink: /home/corey/uumotor-servo-motor-driver-ros2/install/uumotor_servo_motor_driver/share/ament_index/resource_index/packages/uumotor_servo_motor_driver
-- Up-to-date symlink: /home/corey/uumotor-servo-motor-driver-ros2/install/uumotor_servo_motor_driver/share/uumotor_servo_motor_driver/cmake/ament_cmake_export_include_directories-extras.cmake
-- Up-to-date symlink: /home/corey/uumotor-servo-motor-driver-ros2/install/uumotor_servo_motor_driver/share/uumotor_servo_motor_driver/cmake/ament_cmake_export_libraries-extras.cmake
-- Up-to-date symlink: /home/corey/uumotor-servo-motor-driver-ros2/install/uumotor_servo_motor_driver/share/uumotor_servo_motor_driver/cmake/ament_cmake_export_dependencies-extras.cmake
-- Up-to-date symlink: /home/corey/uumotor-servo-motor-driver-ros2/install/uumotor_servo_motor_driver/share/uumotor_servo_motor_driver/cmake/uumotor_servo_motor_driverConfig.cmake
-- Up-to-date symlink: /home/corey/uumotor-servo-motor-driver-ros2/install/uumotor_servo_motor_driver/share/uumotor_servo_motor_driver/cmake/uumotor_servo_motor_driverConfig-version.cmake
-- Up-to-date symlink: /home/corey/uumotor-servo-motor-driver-ros2/install/uumotor_servo_motor_driver/share/uumotor_servo_motor_driver/package.xml
