[0.012s] Invoking command in '/home/corey/uumotor-servo-motor-driver-ros2/build/uumotor_servo_motor_driver': CMAKE_PREFIX_PATH=${CMAKE_PREFIX_PATH}:/opt/ros/galactic /home/corey/.local/bin/cmake --build /home/corey/uumotor-servo-motor-driver-ros2/build/uumotor_servo_motor_driver -- -j16 -l16
[0.046s] [ 12%] [32mBuilding CXX object CMakeFiles/uumotor_servo_motor_driver.dir/src/functions.cpp.o[0m
[0.046s] [ 25%] [32mBuilding CXX object CMakeFiles/fun.dir/src/functions.cpp.o[0m
[0.145s] [01m[K/home/corey/uumotor-servo-motor-driver-ros2/src/uumotor_servo_motor_driver/src/functions.cpp:[m[K In member function ‘[01m[Kvoid Functions::get_hex_msg(uint8_t&, uint16_t)[m[K’:
[0.145s] [01m[K/home/corey/uumotor-servo-motor-driver-ros2/src/uumotor_servo_motor_driver/src/functions.cpp:34:13:[m[K [01;35m[Kwarning: [m[Kunused variable ‘[01m[Khigh[m[K’ [[01;35m[K-Wunused-variable[m[K]
[0.145s]    34 |     uint8_t [01;35m[Khigh[m[K = 0xFF;
[0.145s]       |             [01;35m[K^~~~[m[K
[0.145s] [01m[K/home/corey/uumotor-servo-motor-driver-ros2/src/uumotor_servo_motor_driver/src/functions.cpp:35:13:[m[K [01;35m[Kwarning: [m[Kunused variable ‘[01m[Klow[m[K’ [[01;35m[K-Wunused-variable[m[K]
[0.145s]    35 |     uint8_t [01;35m[Klow[m[K = 0xFF;
[0.146s]       |             [01;35m[K^~~[m[K
[0.146s] [01m[K/home/corey/uumotor-servo-motor-driver-ros2/src/uumotor_servo_motor_driver/src/functions.cpp:31:38:[m[K [01;35m[Kwarning: [m[Kunused parameter ‘[01m[Kdata[m[K’ [[01;35m[K-Wunused-parameter[m[K]
[0.146s]    31 | void Functions::get_hex_msg([01;35m[Kuint8_t &data[m[K, uint16_t crc)
[0.146s]       |                             [01;35m[K~~~~~~~~~^~~~[m[K
[0.146s] [01m[K/home/corey/uumotor-servo-motor-driver-ros2/src/uumotor_servo_motor_driver/src/functions.cpp:31:53:[m[K [01;35m[Kwarning: [m[Kunused parameter ‘[01m[Kcrc[m[K’ [[01;35m[K-Wunused-parameter[m[K]
[0.146s]    31 | void Functions::get_hex_msg(uint8_t &data, [01;35m[Kuint16_t crc[m[K)
[0.146s]       |                                            [01;35m[K~~~~~~~~~^~~[m[K
[0.147s] [01m[K/home/corey/uumotor-servo-motor-driver-ros2/src/uumotor_servo_motor_driver/src/functions.cpp:[m[K In member function ‘[01m[Kvoid Functions::get_hex_msg(uint8_t&, uint16_t)[m[K’:
[0.147s] [01m[K/home/corey/uumotor-servo-motor-driver-ros2/src/uumotor_servo_motor_driver/src/functions.cpp:34:13:[m[K [01;35m[Kwarning: [m[Kunused variable ‘[01m[Khigh[m[K’ [[01;35m[K-Wunused-variable[m[K]
[0.147s]    34 |     uint8_t [01;35m[Khigh[m[K = 0xFF;
[0.147s]       |             [01;35m[K^~~~[m[K
[0.148s] [01m[K/home/corey/uumotor-servo-motor-driver-ros2/src/uumotor_servo_motor_driver/src/functions.cpp:35:13:[m[K [01;35m[Kwarning: [m[Kunused variable ‘[01m[Klow[m[K’ [[01;35m[K-Wunused-variable[m[K]
[0.148s]    35 |     uint8_t [01;35m[Klow[m[K = 0xFF;
[0.148s]       |             [01;35m[K^~~[m[K
[0.148s] [01m[K/home/corey/uumotor-servo-motor-driver-ros2/src/uumotor_servo_motor_driver/src/functions.cpp:31:38:[m[K [01;35m[Kwarning: [m[Kunused parameter ‘[01m[Kdata[m[K’ [[01;35m[K-Wunused-parameter[m[K]
[0.148s]    31 | void Functions::get_hex_msg([01;35m[Kuint8_t &data[m[K, uint16_t crc)
[0.148s]       |                             [01;35m[K~~~~~~~~~^~~~[m[K
[0.148s] [01m[K/home/corey/uumotor-servo-motor-driver-ros2/src/uumotor_servo_motor_driver/src/functions.cpp:31:53:[m[K [01;35m[Kwarning: [m[Kunused parameter ‘[01m[Kcrc[m[K’ [[01;35m[K-Wunused-parameter[m[K]
[0.148s]    31 | void Functions::get_hex_msg(uint8_t &data, [01;35m[Kuint16_t crc[m[K)
[0.148s]       |                                            [01;35m[K~~~~~~~~~^~~[m[K
[0.171s] [ 37%] [32m[1mLinking CXX shared library libuumotor_servo_motor_driver.so[0m
[0.173s] [ 50%] [32m[1mLinking CXX static library libfun.a[0m
[0.180s] [ 50%] Built target fun
[0.193s] [ 62%] [32mBuilding CXX object CMakeFiles/driver.dir/src/test_node.cpp.o[0m
[0.193s] [ 75%] [32mBuilding CXX object CMakeFiles/driver.dir/src/functions.cpp.o[0m
[0.204s] [ 87%] Built target uumotor_servo_motor_driver
[0.319s] [01m[K/home/corey/uumotor-servo-motor-driver-ros2/src/uumotor_servo_motor_driver/src/functions.cpp:[m[K In member function ‘[01m[Kvoid Functions::get_hex_msg(uint8_t&, uint16_t)[m[K’:
[0.320s] [01m[K/home/corey/uumotor-servo-motor-driver-ros2/src/uumotor_servo_motor_driver/src/functions.cpp:34:13:[m[K [01;35m[Kwarning: [m[Kunused variable ‘[01m[Khigh[m[K’ [[01;35m[K-Wunused-variable[m[K]
[0.320s]    34 |     uint8_t [01;35m[Khigh[m[K = 0xFF;
[0.320s]       |             [01;35m[K^~~~[m[K
[0.320s] [01m[K/home/corey/uumotor-servo-motor-driver-ros2/src/uumotor_servo_motor_driver/src/functions.cpp:35:13:[m[K [01;35m[Kwarning: [m[Kunused variable ‘[01m[Klow[m[K’ [[01;35m[K-Wunused-variable[m[K]
[0.320s]    35 |     uint8_t [01;35m[Klow[m[K = 0xFF;
[0.320s]       |             [01;35m[K^~~[m[K
[0.320s] [01m[K/home/corey/uumotor-servo-motor-driver-ros2/src/uumotor_servo_motor_driver/src/functions.cpp:31:38:[m[K [01;35m[Kwarning: [m[Kunused parameter ‘[01m[Kdata[m[K’ [[01;35m[K-Wunused-parameter[m[K]
[0.320s]    31 | void Functions::get_hex_msg([01;35m[Kuint8_t &data[m[K, uint16_t crc)
[0.320s]       |                             [01;35m[K~~~~~~~~~^~~~[m[K
[0.320s] [01m[K/home/corey/uumotor-servo-motor-driver-ros2/src/uumotor_servo_motor_driver/src/functions.cpp:31:53:[m[K [01;35m[Kwarning: [m[Kunused parameter ‘[01m[Kcrc[m[K’ [[01;35m[K-Wunused-parameter[m[K]
[0.320s]    31 | void Functions::get_hex_msg(uint8_t &data, [01;35m[Kuint16_t crc[m[K)
[0.320s]       |                                            [01;35m[K~~~~~~~~~^~~[m[K
[1.851s] [100%] [32m[1mLinking CXX executable driver[0m
[1.915s] [100%] Built target driver
[1.920s] Invoked command in '/home/corey/uumotor-servo-motor-driver-ros2/build/uumotor_servo_motor_driver' returned '0': CMAKE_PREFIX_PATH=${CMAKE_PREFIX_PATH}:/opt/ros/galactic /home/corey/.local/bin/cmake --build /home/corey/uumotor-servo-motor-driver-ros2/build/uumotor_servo_motor_driver -- -j16 -l16
[1.973s] Invoking command in '/home/corey/uumotor-servo-motor-driver-ros2/build/uumotor_servo_motor_driver': CMAKE_PREFIX_PATH=${CMAKE_PREFIX_PATH}:/opt/ros/galactic /home/corey/.local/bin/cmake --install /home/corey/uumotor-servo-motor-driver-ros2/build/uumotor_servo_motor_driver
[1.990s] -- Install configuration: ""
[1.990s] -- Execute custom install script
[1.991s] -- Up-to-date symlink: /home/corey/uumotor-servo-motor-driver-ros2/install/uumotor_servo_motor_driver/lib/uumotor_servo_motor_driver/libuumotor_servo_motor_driver.so
[1.991s] -- Up-to-date symlink: /home/corey/uumotor-servo-motor-driver-ros2/install/uumotor_servo_motor_driver/include/uumotor_servo_motor_driver//commands.h
[1.991s] -- Up-to-date symlink: /home/corey/uumotor-servo-motor-driver-ros2/install/uumotor_servo_motor_driver/include/uumotor_servo_motor_driver//functions.h
[1.991s] -- Up-to-date symlink: /home/corey/uumotor-servo-motor-driver-ros2/install/uumotor_servo_motor_driver/lib/uumotor_servo_motor_driver/driver
[1.992s] -- Up-to-date symlink: /home/corey/uumotor-servo-motor-driver-ros2/install/uumotor_servo_motor_driver/share/uumotor_servo_motor_driver/environment/library_path.sh
[1.992s] -- Up-to-date symlink: /home/corey/uumotor-servo-motor-driver-ros2/install/uumotor_servo_motor_driver/share/uumotor_servo_motor_driver/environment/library_path.dsv
[1.992s] -- Up-to-date symlink: /home/corey/uumotor-servo-motor-driver-ros2/install/uumotor_servo_motor_driver/share/ament_index/resource_index/package_run_dependencies/uumotor_servo_motor_driver
[1.992s] -- Up-to-date symlink: /home/corey/uumotor-servo-motor-driver-ros2/install/uumotor_servo_motor_driver/share/ament_index/resource_index/parent_prefix_path/uumotor_servo_motor_driver
[1.992s] -- Up-to-date symlink: /home/corey/uumotor-servo-motor-driver-ros2/install/uumotor_servo_motor_driver/share/uumotor_servo_motor_driver/environment/ament_prefix_path.sh
[1.993s] -- Up-to-date symlink: /home/corey/uumotor-servo-motor-driver-ros2/install/uumotor_servo_motor_driver/share/uumotor_servo_motor_driver/environment/ament_prefix_path.dsv
[1.993s] -- Up-to-date symlink: /home/corey/uumotor-servo-motor-driver-ros2/install/uumotor_servo_motor_driver/share/uumotor_servo_motor_driver/environment/path.sh
[1.993s] -- Up-to-date symlink: /home/corey/uumotor-servo-motor-driver-ros2/install/uumotor_servo_motor_driver/share/uumotor_servo_motor_driver/environment/path.dsv
[1.993s] -- Up-to-date symlink: /home/corey/uumotor-servo-motor-driver-ros2/install/uumotor_servo_motor_driver/share/uumotor_servo_motor_driver/local_setup.bash
[1.993s] -- Up-to-date symlink: /home/corey/uumotor-servo-motor-driver-ros2/install/uumotor_servo_motor_driver/share/uumotor_servo_motor_driver/local_setup.sh
[1.993s] -- Up-to-date symlink: /home/corey/uumotor-servo-motor-driver-ros2/install/uumotor_servo_motor_driver/share/uumotor_servo_motor_driver/local_setup.zsh
[1.994s] -- Up-to-date symlink: /home/corey/uumotor-servo-motor-driver-ros2/install/uumotor_servo_motor_driver/share/uumotor_servo_motor_driver/local_setup.dsv
[1.994s] -- Symlinking: /home/corey/uumotor-servo-motor-driver-ros2/install/uumotor_servo_motor_driver/share/uumotor_servo_motor_driver/package.dsv
[1.996s] -- Up-to-date symlink: /home/corey/uumotor-servo-motor-driver-ros2/install/uumotor_servo_motor_driver/share/ament_index/resource_index/packages/uumotor_servo_motor_driver
[1.996s] -- Up-to-date symlink: /home/corey/uumotor-servo-motor-driver-ros2/install/uumotor_servo_motor_driver/share/uumotor_servo_motor_driver/cmake/ament_cmake_export_include_directories-extras.cmake
[1.996s] -- Up-to-date symlink: /home/corey/uumotor-servo-motor-driver-ros2/install/uumotor_servo_motor_driver/share/uumotor_servo_motor_driver/cmake/ament_cmake_export_libraries-extras.cmake
[1.996s] -- Up-to-date symlink: /home/corey/uumotor-servo-motor-driver-ros2/install/uumotor_servo_motor_driver/share/uumotor_servo_motor_driver/cmake/ament_cmake_export_dependencies-extras.cmake
[1.996s] -- Up-to-date symlink: /home/corey/uumotor-servo-motor-driver-ros2/install/uumotor_servo_motor_driver/share/uumotor_servo_motor_driver/cmake/uumotor_servo_motor_driverConfig.cmake
[1.997s] -- Up-to-date symlink: /home/corey/uumotor-servo-motor-driver-ros2/install/uumotor_servo_motor_driver/share/uumotor_servo_motor_driver/cmake/uumotor_servo_motor_driverConfig-version.cmake
[1.997s] -- Up-to-date symlink: /home/corey/uumotor-servo-motor-driver-ros2/install/uumotor_servo_motor_driver/share/uumotor_servo_motor_driver/package.xml
[2.000s] Invoked command in '/home/corey/uumotor-servo-motor-driver-ros2/build/uumotor_servo_motor_driver' returned '0': CMAKE_PREFIX_PATH=${CMAKE_PREFIX_PATH}:/opt/ros/galactic /home/corey/.local/bin/cmake --install /home/corey/uumotor-servo-motor-driver-ros2/build/uumotor_servo_motor_driver
