[0.013s] Invoking command in '/home/corey/uumotor-servo-motor-driver-ros2/build/uumotor_servo_motor_driver': CMAKE_PREFIX_PATH=${CMAKE_PREFIX_PATH}:/opt/ros/galactic /home/corey/.local/bin/cmake --build /home/corey/uumotor-servo-motor-driver-ros2/build/uumotor_servo_motor_driver -- -j16 -l16
[0.048s] [ 18%] Built target fun
[0.050s] [ 36%] Built target cmd
[0.050s] [ 63%] Built target uumotor_servo_motor_driver
[0.067s] [ 72%] [32mBuilding CXX object CMakeFiles/driver.dir/src/test_node.cpp.o[0m
[1.318s] In file included from [01m[K/home/corey/uumotor-servo-motor-driver-ros2/src/uumotor_servo_motor_driver/include/uumotor_servo_motor_driver/motor_controller.hpp:8[m[K,
[1.319s]                  from [01m[K/home/corey/uumotor-servo-motor-driver-ros2/src/uumotor_servo_motor_driver/src/test_node.cpp:10[m[K:
[1.320s] [01m[K/home/corey/uumotor-servo-motor-driver-ros2/src/uumotor_servo_motor_driver/include/uumotor_servo_motor_driver/comms.hpp:[m[K In member function ‘[01m[Kstd::string Comms::send_command(const std::vector<unsigned char, std::allocator<unsigned char> >&, bool)[m[K’:
[1.320s] [01m[K/home/corey/uumotor-servo-motor-driver-ros2/src/uumotor_servo_motor_driver/include/uumotor_servo_motor_driver/comms.hpp:75:41:[m[K [01;31m[Kerror: [m[Kno match for ‘[01m[Koperator<<[m[K’ (operand types are ‘[01m[Kstd::basic_ostream<char>[m[K’ and ‘[01m[Kstd::stringstream[m[K’ {aka ‘[01m[Kstd::__cxx11::basic_stringstream<char>[m[K’})
[1.321s]    75 |                  [32m[Kstd::cout << " Recv: "[m[K [01;31m[K<<[m[K [34m[Kss[m[K << std::endl;
[1.321s]       |                  [32m[K~~~~~~~~~~~~~~~~~~~~~~[m[K [01;31m[K^~[m[K [34m[K~~[m[K
[1.321s]       |                            [32m[K|[m[K               [34m[K|[m[K
[1.322s]       |                            [32m[K|[m[K               [34m[Kstd::stringstream {aka std::__cxx11::basic_stringstream<char>}[m[K
[1.322s]       |                            [32m[Kstd::basic_ostream<char>[m[K
[1.322s] [01m[K/home/corey/uumotor-servo-motor-driver-ros2/src/uumotor_servo_motor_driver/include/uumotor_servo_motor_driver/comms.hpp:75:41:[m[K [01;36m[Knote: [m[Kcandidate: ‘[01m[Koperator<<(int, int)[m[K’ <built-in>
[1.322s]    75 |                  [01;36m[Kstd::cout << " Recv: " << ss[m[K << std::endl;
[1.322s]       |                  [01;36m[K~~~~~~~~~~~~~~~~~~~~~~~^~~~~[m[K
[1.322s] [01m[K/home/corey/uumotor-servo-motor-driver-ros2/src/uumotor_servo_motor_driver/include/uumotor_servo_motor_driver/comms.hpp:75:41:[m[K [01;36m[Knote: [m[K  no known conversion for argument 2 from ‘[01m[Kstd::stringstream[m[K’ {aka ‘[01m[Kstd::__cxx11::basic_stringstream<char>[m[K’} to ‘[01m[Kint[m[K’
[1.322s] In file included from [01m[K/usr/include/c++/9/iostream:39[m[K,
[1.322s]                  from [01m[K/home/corey/uumotor-servo-motor-driver-ros2/src/uumotor_servo_motor_driver/src/test_node.cpp:1[m[K:
[1.322s] [01m[K/usr/include/c++/9/ostream:108:7:[m[K [01;36m[Knote: [m[Kcandidate: ‘[01m[Kstd::basic_ostream<_CharT, _Traits>::__ostream_type& std::basic_ostream<_CharT, _Traits>::operator<<(std::basic_ostream<_CharT, _Traits>::__ostream_type& (*)(std::basic_ostream<_CharT, _Traits>::__ostream_type&)) [with _CharT = char; _Traits = std::char_traits<char>; std::basic_ostream<_CharT, _Traits>::__ostream_type = std::basic_ostream<char>][m[K’
[1.322s]   108 |       [01;36m[Koperator[m[K<<(__ostream_type& (*__pf)(__ostream_type&))
[1.323s]       |       [01;36m[K^~~~~~~~[m[K
[1.323s] [01m[K/usr/include/c++/9/ostream:108:36:[m[K [01;36m[Knote: [m[K  no known conversion for argument 1 from ‘[01m[Kstd::stringstream[m[K’ {aka ‘[01m[Kstd::__cxx11::basic_stringstream<char>[m[K’} to ‘[01m[Kstd::basic_ostream<char>::__ostream_type& (*)(std::basic_ostream<char>::__ostream_type&)[m[K’ {aka ‘[01m[Kstd::basic_ostream<char>& (*)(std::basic_ostream<char>&)[m[K’}
[1.323s]   108 |       operator<<([01;36m[K__ostream_type& (*__pf)(__ostream_type&)[m[K)
[1.323s]       |                  [01;36m[K~~~~~~~~~~~~~~~~~~^~~~~~~~~~~~~~~~~~~~~~[m[K
[1.323s] [01m[K/usr/include/c++/9/ostream:117:7:[m[K [01;36m[Knote: [m[Kcandidate: ‘[01m[Kstd::basic_ostream<_CharT, _Traits>::__ostream_type& std::basic_ostream<_CharT, _Traits>::operator<<(std::basic_ostream<_CharT, _Traits>::__ios_type& (*)(std::basic_ostream<_CharT, _Traits>::__ios_type&)) [with _CharT = char; _Traits = std::char_traits<char>; std::basic_ostream<_CharT, _Traits>::__ostream_type = std::basic_ostream<char>; std::basic_ostream<_CharT, _Traits>::__ios_type = std::basic_ios<char>][m[K’
[1.323s]   117 |       [01;36m[Koperator[m[K<<(__ios_type& (*__pf)(__ios_type&))
[1.323s]       |       [01;36m[K^~~~~~~~[m[K
[1.323s] [01m[K/usr/include/c++/9/ostream:117:32:[m[K [01;36m[Knote: [m[K  no known conversion for argument 1 from ‘[01m[Kstd::stringstream[m[K’ {aka ‘[01m[Kstd::__cxx11::basic_stringstream<char>[m[K’} to ‘[01m[Kstd::basic_ostream<char>::__ios_type& (*)(std::basic_ostream<char>::__ios_type&)[m[K’ {aka ‘[01m[Kstd::basic_ios<char>& (*)(std::basic_ios<char>&)[m[K’}
[1.323s]   117 |       operator<<([01;36m[K__ios_type& (*__pf)(__ios_type&)[m[K)
[1.323s]       |                  [01;36m[K~~~~~~~~~~~~~~^~~~~~~~~~~~~~~~~~[m[K
[1.323s] [01m[K/usr/include/c++/9/ostream:127:7:[m[K [01;36m[Knote: [m[Kcandidate: ‘[01m[Kstd::basic_ostream<_CharT, _Traits>::__ostream_type& std::basic_ostream<_CharT, _Traits>::operator<<(std::ios_base& (*)(std::ios_base&)) [with _CharT = char; _Traits = std::char_traits<char>; std::basic_ostream<_CharT, _Traits>::__ostream_type = std::basic_ostream<char>][m[K’
[1.324s]   127 |       [01;36m[Koperator[m[K<<(ios_base& (*__pf) (ios_base&))
[1.324s]       |       [01;36m[K^~~~~~~~[m[K
[1.324s] [01m[K/usr/include/c++/9/ostream:127:30:[m[K [01;36m[Knote: [m[K  no known conversion for argument 1 from ‘[01m[Kstd::stringstream[m[K’ {aka ‘[01m[Kstd::__cxx11::basic_stringstream<char>[m[K’} to ‘[01m[Kstd::ios_base& (*)(std::ios_base&)[m[K’
[1.324s]   127 |       operator<<([01;36m[Kios_base& (*__pf) (ios_base&)[m[K)
[1.324s]       |                  [01;36m[K~~~~~~~~~~~~^~~~~~~~~~~~~~~~~[m[K
[1.324s] [01m[K/usr/include/c++/9/ostream:166:7:[m[K [01;36m[Knote: [m[Kcandidate: ‘[01m[Kstd::basic_ostream<_CharT, _Traits>::__ostream_type& std::basic_ostream<_CharT, _Traits>::operator<<(long int) [with _CharT = char; _Traits = std::char_traits<char>; std::basic_ostream<_CharT, _Traits>::__ostream_type = std::basic_ostream<char>][m[K’
[1.324s]   166 |       [01;36m[Koperator[m[K<<(long __n)
[1.324s]       |       [01;36m[K^~~~~~~~[m[K
[1.324s] [01m[K/usr/include/c++/9/ostream:166:23:[m[K [01;36m[Knote: [m[K  no known conversion for argument 1 from ‘[01m[Kstd::stringstream[m[K’ {aka ‘[01m[Kstd::__cxx11::basic_stringstream<char>[m[K’} to ‘[01m[Klong int[m[K’
[1.324s]   166 |       operator<<([01;36m[Klong __n[m[K)
[1.325s]       |                  [01;36m[K~~~~~^~~[m[K
[1.325s] [01m[K/usr/include/c++/9/ostream:170:7:[m[K [01;36m[Knote: [m[Kcandidate: ‘[01m[Kstd::basic_ostream<_CharT, _Traits>::__ostream_type& std::basic_ostream<_CharT, _Traits>::operator<<(long unsigned int) [with _CharT = char; _Traits = std::char_traits<char>; std::basic_ostream<_CharT, _Traits>::__ostream_type = std::basic_ostream<char>][m[K’
[1.325s]   170 |       [01;36m[Koperator[m[K<<(unsigned long __n)
[1.325s]       |       [01;36m[K^~~~~~~~[m[K
[1.325s] [01m[K/usr/include/c++/9/ostream:170:32:[m[K [01;36m[Knote: [m[K  no known conversion for argument 1 from ‘[01m[Kstd::stringstream[m[K’ {aka ‘[01m[Kstd::__cxx11::basic_stringstream<char>[m[K’} to ‘[01m[Klong unsigned int[m[K’
[1.325s]   170 |       operator<<([01;36m[Kunsigned long __n[m[K)
[1.325s]       |                  [01;36m[K~~~~~~~~~~~~~~^~~[m[K
[1.325s] [01m[K/usr/include/c++/9/ostream:174:7:[m[K [01;36m[Knote: [m[Kcandidate: ‘[01m[Kstd::basic_ostream<_CharT, _Traits>::__ostream_type& std::basic_ostream<_CharT, _Traits>::operator<<(bool) [with _CharT = char; _Traits = std::char_traits<char>; std::basic_ostream<_CharT, _Traits>::__ostream_type = std::basic_ostream<char>][m[K’
[1.325s]   174 |       [01;36m[Koperator[m[K<<(bool __n)
[1.325s]       |       [01;36m[K^~~~~~~~[m[K
[1.325s] [01m[K/usr/include/c++/9/ostream:174:23:[m[K [01;36m[Knote: [m[K  no known conversion for argument 1 from ‘[01m[Kstd::stringstream[m[K’ {aka ‘[01m[Kstd::__cxx11::basic_stringstream<char>[m[K’} to ‘[01m[Kbool[m[K’
[1.325s]   174 |       operator<<([01;36m[Kbool __n[m[K)
[1.326s]       |                  [01;36m[K~~~~~^~~[m[K
[1.326s] In file included from [01m[K/usr/include/c++/9/ostream:702[m[K,
[1.326s]                  from [01m[K/usr/include/c++/9/iostream:39[m[K,
[1.326s]                  from [01m[K/home/corey/uumotor-servo-motor-driver-ros2/src/uumotor_servo_motor_driver/src/test_node.cpp:1[m[K:
[1.326s] [01m[K/usr/include/c++/9/bits/ostream.tcc:91:5:[m[K [01;36m[Knote: [m[Kcandidate: ‘[01m[Kstd::basic_ostream<_CharT, _Traits>& std::basic_ostream<_CharT, _Traits>::operator<<(short int) [with _CharT = char; _Traits = std::char_traits<char>][m[K’
[1.326s]    91 |     [01;36m[Kbasic_ostream<_CharT, _Traits>[m[K::
[1.326s]       |     [01;36m[K^~~~~~~~~~~~~~~~~~~~~~~~~~~~~~[m[K
[1.326s] [01m[K/usr/include/c++/9/bits/ostream.tcc:92:22:[m[K [01;36m[Knote: [m[K  no known conversion for argument 1 from ‘[01m[Kstd::stringstream[m[K’ {aka ‘[01m[Kstd::__cxx11::basic_stringstream<char>[m[K’} to ‘[01m[Kshort int[m[K’
[1.326s]    92 |     operator<<([01;36m[Kshort __n[m[K)
[1.326s]       |                [01;36m[K~~~~~~^~~[m[K
[1.326s] In file included from [01m[K/usr/include/c++/9/iostream:39[m[K,
[1.326s]                  from [01m[K/home/corey/uumotor-servo-motor-driver-ros2/src/uumotor_servo_motor_driver/src/test_node.cpp:1[m[K:
[1.326s] [01m[K/usr/include/c++/9/ostream:181:7:[m[K [01;36m[Knote: [m[Kcandidate: ‘[01m[Kstd::basic_ostream<_CharT, _Traits>::__ostream_type& std::basic_ostream<_CharT, _Traits>::operator<<(short unsigned int) [with _CharT = char; _Traits = std::char_traits<char>; std::basic_ostream<_CharT, _Traits>::__ostream_type = std::basic_ostream<char>][m[K’
[1.327s]   181 |       [01;36m[Koperator[m[K<<(unsigned short __n)
[1.327s]       |       [01;36m[K^~~~~~~~[m[K
[1.327s] [01m[K/usr/include/c++/9/ostream:181:33:[m[K [01;36m[Knote: [m[K  no known conversion for argument 1 from ‘[01m[Kstd::stringstream[m[K’ {aka ‘[01m[Kstd::__cxx11::basic_stringstream<char>[m[K’} to ‘[01m[Kshort unsigned int[m[K’
[1.327s]   181 |       operator<<([01;36m[Kunsigned short __n[m[K)
[1.327s]       |                  [01;36m[K~~~~~~~~~~~~~~~^~~[m[K
[1.327s] In file included from [01m[K/usr/include/c++/9/ostream:702[m[K,
[1.327s]                  from [01m[K/usr/include/c++/9/iostream:39[m[K,
[1.327s]                  from [01m[K/home/corey/uumotor-servo-motor-driver-ros2/src/uumotor_servo_motor_driver/src/test_node.cpp:1[m[K:
[1.327s] [01m[K/usr/include/c++/9/bits/ostream.tcc:105:5:[m[K [01;36m[Knote: [m[Kcandidate: ‘[01m[Kstd::basic_ostream<_CharT, _Traits>& std::basic_ostream<_CharT, _Traits>::operator<<(int) [with _CharT = char; _Traits = std::char_traits<char>][m[K’
[1.327s]   105 |     [01;36m[Kbasic_ostream<_CharT, _Traits>[m[K::
[1.327s]       |     [01;36m[K^~~~~~~~~~~~~~~~~~~~~~~~~~~~~~[m[K
[1.328s] [01m[K/usr/include/c++/9/bits/ostream.tcc:106:20:[m[K [01;36m[Knote: [m[K  no known conversion for argument 1 from ‘[01m[Kstd::stringstream[m[K’ {aka ‘[01m[Kstd::__cxx11::basic_stringstream<char>[m[K’} to ‘[01m[Kint[m[K’
[1.328s]   106 |     operator<<([01;36m[Kint __n[m[K)
[1.328s]       |                [01;36m[K~~~~^~~[m[K
[1.328s] In file included from [01m[K/usr/include/c++/9/iostream:39[m[K,
[1.328s]                  from [01m[K/home/corey/uumotor-servo-motor-driver-ros2/src/uumotor_servo_motor_driver/src/test_node.cpp:1[m[K:
[1.328s] [01m[K/usr/include/c++/9/ostream:192:7:[m[K [01;36m[Knote: [m[Kcandidate: ‘[01m[Kstd::basic_ostream<_CharT, _Traits>::__ostream_type& std::basic_ostream<_CharT, _Traits>::operator<<(unsigned int) [with _CharT = char; _Traits = std::char_traits<char>; std::basic_ostream<_CharT, _Traits>::__ostream_type = std::basic_ostream<char>][m[K’
[1.328s]   192 |       [01;36m[Koperator[m[K<<(unsigned int __n)
[1.328s]       |       [01;36m[K^~~~~~~~[m[K
[1.328s] [01m[K/usr/include/c++/9/ostream:192:31:[m[K [01;36m[Knote: [m[K  no known conversion for argument 1 from ‘[01m[Kstd::stringstream[m[K’ {aka ‘[01m[Kstd::__cxx11::basic_stringstream<char>[m[K’} to ‘[01m[Kunsigned int[m[K’
[1.328s]   192 |       operator<<([01;36m[Kunsigned int __n[m[K)
[1.329s]       |                  [01;36m[K~~~~~~~~~~~~~^~~[m[K
[1.329s] [01m[K/usr/include/c++/9/ostream:201:7:[m[K [01;36m[Knote: [m[Kcandidate: ‘[01m[Kstd::basic_ostream<_CharT, _Traits>::__ostream_type& std::basic_ostream<_CharT, _Traits>::operator<<(long long int) [with _CharT = char; _Traits = std::char_traits<char>; std::basic_ostream<_CharT, _Traits>::__ostream_type = std::basic_ostream<char>][m[K’
[1.329s]   201 |       [01;36m[Koperator[m[K<<(long long __n)
[1.329s]       |       [01;36m[K^~~~~~~~[m[K
[1.329s] [01m[K/usr/include/c++/9/ostream:201:28:[m[K [01;36m[Knote: [m[K  no known conversion for argument 1 from ‘[01m[Kstd::stringstream[m[K’ {aka ‘[01m[Kstd::__cxx11::basic_stringstream<char>[m[K’} to ‘[01m[Klong long int[m[K’
[1.329s]   201 |       operator<<([01;36m[Klong long __n[m[K)
[1.329s]       |                  [01;36m[K~~~~~~~~~~^~~[m[K
[1.329s] [01m[K/usr/include/c++/9/ostream:205:7:[m[K [01;36m[Knote: [m[Kcandidate: ‘[01m[Kstd::basic_ostream<_CharT, _Traits>::__ostream_type& std::basic_ostream<_CharT, _Traits>::operator<<(long long unsigned int) [with _CharT = char; _Traits = std::char_traits<char>; std::basic_ostream<_CharT, _Traits>::__ostream_type = std::basic_ostream<char>][m[K’
[1.329s]   205 |       [01;36m[Koperator[m[K<<(unsigned long long __n)
[1.329s]       |       [01;36m[K^~~~~~~~[m[K
[1.330s] [01m[K/usr/include/c++/9/ostream:205:37:[m[K [01;36m[Knote: [m[K  no known conversion for argument 1 from ‘[01m[Kstd::stringstream[m[K’ {aka ‘[01m[Kstd::__cxx11::basic_stringstream<char>[m[K’} to ‘[01m[Klong long unsigned int[m[K’
[1.330s]   205 |       operator<<([01;36m[Kunsigned long long __n[m[K)
[1.330s]       |                  [01;36m[K~~~~~~~~~~~~~~~~~~~^~~[m[K
[1.330s] [01m[K/usr/include/c++/9/ostream:220:7:[m[K [01;36m[Knote: [m[Kcandidate: ‘[01m[Kstd::basic_ostream<_CharT, _Traits>::__ostream_type& std::basic_ostream<_CharT, _Traits>::operator<<(double) [with _CharT = char; _Traits = std::char_traits<char>; std::basic_ostream<_CharT, _Traits>::__ostream_type = std::basic_ostream<char>][m[K’
[1.330s]   220 |       [01;36m[Koperator[m[K<<(double __f)
[1.330s]       |       [01;36m[K^~~~~~~~[m[K
[1.330s] [01m[K/usr/include/c++/9/ostream:220:25:[m[K [01;36m[Knote: [m[K  no known conversion for argument 1 from ‘[01m[Kstd::stringstream[m[K’ {aka ‘[01m[Kstd::__cxx11::basic_stringstream<char>[m[K’} to ‘[01m[Kdouble[m[K’
[1.330s]   220 |       operator<<([01;36m[Kdouble __f[m[K)
[1.330s]       |                  [01;36m[K~~~~~~~^~~[m[K
[1.330s] [01m[K/usr/include/c++/9/ostream:224:7:[m[K [01;36m[Knote: [m[Kcandidate: ‘[01m[Kstd::basic_ostream<_CharT, _Traits>::__ostream_type& std::basic_ostream<_CharT, _Traits>::operator<<(float) [with _CharT = char; _Traits = std::char_traits<char>; std::basic_ostream<_CharT, _Traits>::__ostream_type = std::basic_ostream<char>][m[K’
[1.330s]   224 |       [01;36m[Koperator[m[K<<(float __f)
[1.330s]       |       [01;36m[K^~~~~~~~[m[K
[1.331s] [01m[K/usr/include/c++/9/ostream:224:24:[m[K [01;36m[Knote: [m[K  no known conversion for argument 1 from ‘[01m[Kstd::stringstream[m[K’ {aka ‘[01m[Kstd::__cxx11::basic_stringstream<char>[m[K’} to ‘[01m[Kfloat[m[K’
[1.331s]   224 |       operator<<([01;36m[Kfloat __f[m[K)
[1.331s]       |                  [01;36m[K~~~~~~^~~[m[K
[1.331s] [01m[K/usr/include/c++/9/ostream:232:7:[m[K [01;36m[Knote: [m[Kcandidate: ‘[01m[Kstd::basic_ostream<_CharT, _Traits>::__ostream_type& std::basic_ostream<_CharT, _Traits>::operator<<(long double) [with _CharT = char; _Traits = std::char_traits<char>; std::basic_ostream<_CharT, _Traits>::__ostream_type = std::basic_ostream<char>][m[K’
[1.331s]   232 |       [01;36m[Koperator[m[K<<(long double __f)
[1.331s]       |       [01;36m[K^~~~~~~~[m[K
[1.331s] [01m[K/usr/include/c++/9/ostream:232:30:[m[K [01;36m[Knote: [m[K  no known conversion for argument 1 from ‘[01m[Kstd::stringstream[m[K’ {aka ‘[01m[Kstd::__cxx11::basic_stringstream<char>[m[K’} to ‘[01m[Klong double[m[K’
[1.331s]   232 |       operator<<([01;36m[Klong double __f[m[K)
[1.331s]       |                  [01;36m[K~~~~~~~~~~~~^~~[m[K
[1.331s] [01m[K/usr/include/c++/9/ostream:245:7:[m[K [01;36m[Knote: [m[Kcandidate: ‘[01m[Kstd::basic_ostream<_CharT, _Traits>::__ostream_type& std::basic_ostream<_CharT, _Traits>::operator<<(const void*) [with _CharT = char; _Traits = std::char_traits<char>; std::basic_ostream<_CharT, _Traits>::__ostream_type = std::basic_ostream<char>][m[K’
[1.331s]   245 |       [01;36m[Koperator[m[K<<(const void* __p)
[1.332s]       |       [01;36m[K^~~~~~~~[m[K
[1.332s] [01m[K/usr/include/c++/9/ostream:245:30:[m[K [01;36m[Knote: [m[K  no known conversion for argument 1 from ‘[01m[Kstd::stringstream[m[K’ {aka ‘[01m[Kstd::__cxx11::basic_stringstream<char>[m[K’} to ‘[01m[Kconst void*[m[K’
[1.332s]   245 |       operator<<([01;36m[Kconst void* __p[m[K)
[1.332s]       |                  [01;36m[K~~~~~~~~~~~~^~~[m[K
[1.332s] [01m[K/usr/include/c++/9/ostream:250:7:[m[K [01;36m[Knote: [m[Kcandidate: ‘[01m[Kstd::basic_ostream<_CharT, _Traits>::__ostream_type& std::basic_ostream<_CharT, _Traits>::operator<<(std::nullptr_t) [with _CharT = char; _Traits = std::char_traits<char>; std::basic_ostream<_CharT, _Traits>::__ostream_type = std::basic_ostream<char>; std::nullptr_t = std::nullptr_t][m[K’
[1.332s]   250 |       [01;36m[Koperator[m[K<<(nullptr_t)
[1.332s]       |       [01;36m[K^~~~~~~~[m[K
[1.332s] [01m[K/usr/include/c++/9/ostream:250:18:[m[K [01;36m[Knote: [m[K  no known conversion for argument 1 from ‘[01m[Kstd::stringstream[m[K’ {aka ‘[01m[Kstd::__cxx11::basic_stringstream<char>[m[K’} to ‘[01m[Kstd::nullptr_t[m[K’
[1.332s]   250 |       operator<<([01;36m[Knullptr_t[m[K)
[1.332s]       |                  [01;36m[K^~~~~~~~~[m[K
[1.333s] In file included from [01m[K/usr/include/c++/9/ostream:702[m[K,
[1.333s]                  from [01m[K/usr/include/c++/9/iostream:39[m[K,
[1.333s]                  from [01m[K/home/corey/uumotor-servo-motor-driver-ros2/src/uumotor_servo_motor_driver/src/test_node.cpp:1[m[K:
[1.333s] [01m[K/usr/include/c++/9/bits/ostream.tcc:119:5:[m[K [01;36m[Knote: [m[Kcandidate: ‘[01m[Kstd::basic_ostream<_CharT, _Traits>& std::basic_ostream<_CharT, _Traits>::operator<<(std::basic_ostream<_CharT, _Traits>::__streambuf_type*) [with _CharT = char; _Traits = std::char_traits<char>; std::basic_ostream<_CharT, _Traits>::__streambuf_type = std::basic_streambuf<char>][m[K’
[1.333s]   119 |     [01;36m[Kbasic_ostream<_CharT, _Traits>[m[K::
[1.333s]       |     [01;36m[K^~~~~~~~~~~~~~~~~~~~~~~~~~~~~~[m[K
[1.333s] [01m[K/usr/include/c++/9/bits/ostream.tcc:120:34:[m[K [01;36m[Knote: [m[K  no known conversion for argument 1 from ‘[01m[Kstd::stringstream[m[K’ {aka ‘[01m[Kstd::__cxx11::basic_stringstream<char>[m[K’} to ‘[01m[Kstd::basic_ostream<char>::__streambuf_type*[m[K’ {aka ‘[01m[Kstd::basic_streambuf<char>*[m[K’}
[1.333s]   120 |     operator<<([01;36m[K__streambuf_type* __sbin[m[K)
[1.333s]       |                [01;36m[K~~~~~~~~~~~~~~~~~~^~~~~~[m[K
[1.333s] In file included from [01m[K/usr/include/c++/9/bits/basic_string.h:48[m[K,
[1.333s]                  from [01m[K/usr/include/c++/9/string:55[m[K,
[1.334s]                  from [01m[K/usr/include/c++/9/bits/locale_classes.h:40[m[K,
[1.334s]                  from [01m[K/usr/include/c++/9/bits/ios_base.h:41[m[K,
[1.334s]                  from [01m[K/usr/include/c++/9/ios:42[m[K,
[1.334s]                  from [01m[K/usr/include/c++/9/ostream:38[m[K,
[1.334s]                  from [01m[K/usr/include/c++/9/iostream:39[m[K,
[1.334s]                  from [01m[K/home/corey/uumotor-servo-motor-driver-ros2/src/uumotor_servo_motor_driver/src/test_node.cpp:1[m[K:
[1.334s] [01m[K/usr/include/c++/9/string_view:580:5:[m[K [01;36m[Knote: [m[Kcandidate: ‘[01m[Ktemplate<class _CharT, class _Traits> std::basic_ostream<_CharT, _Traits>& std::operator<<(std::basic_ostream<_CharT, _Traits>&, std::basic_string_view<_CharT, _Traits>)[m[K’
[1.334s]   580 |     [01;36m[Koperator[m[K<<(basic_ostream<_CharT, _Traits>& __os,
[1.334s]       |     [01;36m[K^~~~~~~~[m[K
[1.334s] [01m[K/usr/include/c++/9/string_view:580:5:[m[K [01;36m[Knote: [m[K  template argument deduction/substitution failed:
[1.334s] In file included from [01m[K/home/corey/uumotor-servo-motor-driver-ros2/src/uumotor_servo_motor_driver/include/uumotor_servo_motor_driver/motor_controller.hpp:8[m[K,
[1.335s]                  from [01m[K/home/corey/uumotor-servo-motor-driver-ros2/src/uumotor_servo_motor_driver/src/test_node.cpp:10[m[K:
[1.335s] [01m[K/home/corey/uumotor-servo-motor-driver-ros2/src/uumotor_servo_motor_driver/include/uumotor_servo_motor_driver/comms.hpp:75:44:[m[K [01;36m[Knote: [m[K  ‘[01m[Kstd::__cxx11::basic_stringstream<char>[m[K’ is not derived from ‘[01m[Kstd::basic_string_view<_CharT, _Traits>[m[K’
[1.335s]    75 |                  std::cout << " Recv: " << [01;36m[Kss[m[K << std::endl;
[1.335s]       |                                            [01;36m[K^~[m[K
[1.335s] In file included from [01m[K/usr/include/c++/9/string:55[m[K,
[1.335s]                  from [01m[K/usr/include/c++/9/bits/locale_classes.h:40[m[K,
[1.335s]                  from [01m[K/usr/include/c++/9/bits/ios_base.h:41[m[K,
[1.335s]                  from [01m[K/usr/include/c++/9/ios:42[m[K,
[1.335s]                  from [01m[K/usr/include/c++/9/ostream:38[m[K,
[1.336s]                  from [01m[K/usr/include/c++/9/iostream:39[m[K,
[1.336s]                  from [01m[K/home/corey/uumotor-servo-motor-driver-ros2/src/uumotor_servo_motor_driver/src/test_node.cpp:1[m[K:
[1.336s] [01m[K/usr/include/c++/9/bits/basic_string.h:6419:5:[m[K [01;36m[Knote: [m[Kcandidate: ‘[01m[Ktemplate<class _CharT, class _Traits, class _Alloc> std::basic_ostream<_CharT, _Traits>& std::operator<<(std::basic_ostream<_CharT, _Traits>&, const std::__cxx11::basic_string<_CharT, _Traits, _Allocator>&)[m[K’
[1.336s]  6419 |     [01;36m[Koperator[m[K<<(basic_ostream<_CharT, _Traits>& __os,
[1.336s]       |     [01;36m[K^~~~~~~~[m[K
[1.336s] [01m[K/usr/include/c++/9/bits/basic_string.h:6419:5:[m[K [01;36m[Knote: [m[K  template argument deduction/substitution failed:
[1.336s] In file included from [01m[K/home/corey/uumotor-servo-motor-driver-ros2/src/uumotor_servo_motor_driver/include/uumotor_servo_motor_driver/motor_controller.hpp:8[m[K,
[1.336s]                  from [01m[K/home/corey/uumotor-servo-motor-driver-ros2/src/uumotor_servo_motor_driver/src/test_node.cpp:10[m[K:
[1.336s] [01m[K/home/corey/uumotor-servo-motor-driver-ros2/src/uumotor_servo_motor_driver/include/uumotor_servo_motor_driver/comms.hpp:75:44:[m[K [01;36m[Knote: [m[K  ‘[01m[Kstd::stringstream[m[K’ {aka ‘[01m[Kstd::__cxx11::basic_stringstream<char>[m[K’} is not derived from ‘[01m[Kconst std::__cxx11::basic_string<_CharT, _Traits, _Allocator>[m[K’
[1.336s]    75 |                  std::cout << " Recv: " << [01;36m[Kss[m[K << std::endl;
[1.337s]       |                                            [01;36m[K^~[m[K
[1.337s] In file included from [01m[K/usr/include/c++/9/bits/ios_base.h:46[m[K,
[1.337s]                  from [01m[K/usr/include/c++/9/ios:42[m[K,
[1.337s]                  from [01m[K/usr/include/c++/9/ostream:38[m[K,
[1.337s]                  from [01m[K/usr/include/c++/9/iostream:39[m[K,
[1.337s]                  from [01m[K/home/corey/uumotor-servo-motor-driver-ros2/src/uumotor_servo_motor_driver/src/test_node.cpp:1[m[K:
[1.337s] [01m[K/usr/include/c++/9/system_error:217:5:[m[K [01;36m[Knote: [m[Kcandidate: ‘[01m[Ktemplate<class _CharT, class _Traits> std::basic_ostream<_CharT, _Traits>& std::operator<<(std::basic_ostream<_CharT, _Traits>&, const std::error_code&)[m[K’
[1.337s]   217 |     [01;36m[Koperator[m[K<<(basic_ostream<_CharT, _Traits>& __os, const error_code& __e)
[1.337s]       |     [01;36m[K^~~~~~~~[m[K
[1.337s] [01m[K/usr/include/c++/9/system_error:217:5:[m[K [01;36m[Knote: [m[K  template argument deduction/substitution failed:
[1.338s] In file included from [01m[K/home/corey/uumotor-servo-motor-driver-ros2/src/uumotor_servo_motor_driver/include/uumotor_servo_motor_driver/motor_controller.hpp:8[m[K,
[1.338s]                  from [01m[K/home/corey/uumotor-servo-motor-driver-ros2/src/uumotor_servo_motor_driver/src/test_node.cpp:10[m[K:
[1.338s] [01m[K/home/corey/uumotor-servo-motor-driver-ros2/src/uumotor_servo_motor_driver/include/uumotor_servo_motor_driver/comms.hpp:75:44:[m[K [01;36m[Knote: [m[K  cannot convert ‘[01m[Kss[m[K’ (type ‘[01m[Kstd::stringstream[m[K’ {aka ‘[01m[Kstd::__cxx11::basic_stringstream<char>[m[K’}) to type ‘[01m[Kconst std::error_code&[m[K’
[1.338s]    75 |                  std::cout << " Recv: " << [01;36m[Kss[m[K << std::endl;
[1.338s]       |                                            [01;36m[K^~[m[K
[1.338s] In file included from [01m[K/usr/include/c++/9/iostream:39[m[K,
[1.338s]                  from [01m[K/home/corey/uumotor-servo-motor-driver-ros2/src/uumotor_servo_motor_driver/src/test_node.cpp:1[m[K:
[1.338s] [01m[K/usr/include/c++/9/ostream:506:5:[m[K [01;36m[Knote: [m[Kcandidate: ‘[01m[Ktemplate<class _CharT, class _Traits> std::basic_ostream<_CharT, _Traits>& std::operator<<(std::basic_ostream<_CharT, _Traits>&, _CharT)[m[K’
[1.339s]   506 |     [01;36m[Koperator[m[K<<(basic_ostream<_CharT, _Traits>& __out, _CharT __c)
[1.339s]       |     [01;36m[K^~~~~~~~[m[K
[1.339s] [01m[K/usr/include/c++/9/ostream:506:5:[m[K [01;36m[Knote: [m[K  template argument deduction/substitution failed:
[1.339s] In file included from [01m[K/home/corey/uumotor-servo-motor-driver-ros2/src/uumotor_servo_motor_driver/include/uumotor_servo_motor_driver/motor_controller.hpp:8[m[K,
[1.339s]                  from [01m[K/home/corey/uumotor-servo-motor-driver-ros2/src/uumotor_servo_motor_driver/src/test_node.cpp:10[m[K:
[1.339s] [01m[K/home/corey/uumotor-servo-motor-driver-ros2/src/uumotor_servo_motor_driver/include/uumotor_servo_motor_driver/comms.hpp:75:44:[m[K [01;36m[Knote: [m[K  deduced conflicting types for parameter ‘[01m[K_CharT[m[K’ (‘[01m[Kchar[m[K’ and ‘[01m[Kstd::__cxx11::basic_stringstream<char>[m[K’)
[1.339s]    75 |                  std::cout << " Recv: " << [01;36m[Kss[m[K << std::endl;
[1.339s]       |                                            [01;36m[K^~[m[K
[1.339s] In file included from [01m[K/usr/include/c++/9/iostream:39[m[K,
[1.339s]                  from [01m[K/home/corey/uumotor-servo-motor-driver-ros2/src/uumotor_servo_motor_driver/src/test_node.cpp:1[m[K:
[1.339s] [01m[K/usr/include/c++/9/ostream:511:5:[m[K [01;36m[Knote: [m[Kcandidate: ‘[01m[Ktemplate<class _CharT, class _Traits> std::basic_ostream<_CharT, _Traits>& std::operator<<(std::basic_ostream<_CharT, _Traits>&, char)[m[K’
[1.340s]   511 |     [01;36m[Koperator[m[K<<(basic_ostream<_CharT, _Traits>& __out, char __c)
[1.340s]       |     [01;36m[K^~~~~~~~[m[K
[1.340s] [01m[K/usr/include/c++/9/ostream:511:5:[m[K [01;36m[Knote: [m[K  template argument deduction/substitution failed:
[1.340s] In file included from [01m[K/home/corey/uumotor-servo-motor-driver-ros2/src/uumotor_servo_motor_driver/include/uumotor_servo_motor_driver/motor_controller.hpp:8[m[K,
[1.340s]                  from [01m[K/home/corey/uumotor-servo-motor-driver-ros2/src/uumotor_servo_motor_driver/src/test_node.cpp:10[m[K:
[1.340s] [01m[K/home/corey/uumotor-servo-motor-driver-ros2/src/uumotor_servo_motor_driver/include/uumotor_servo_motor_driver/comms.hpp:75:44:[m[K [01;36m[Knote: [m[K  cannot convert ‘[01m[Kss[m[K’ (type ‘[01m[Kstd::stringstream[m[K’ {aka ‘[01m[Kstd::__cxx11::basic_stringstream<char>[m[K’}) to type ‘[01m[Kchar[m[K’
[1.340s]    75 |                  std::cout << " Recv: " << [01;36m[Kss[m[K << std::endl;
[1.340s]       |                                            [01;36m[K^~[m[K
[1.340s] In file included from [01m[K/usr/include/c++/9/iostream:39[m[K,
[1.340s]                  from [01m[K/home/corey/uumotor-servo-motor-driver-ros2/src/uumotor_servo_motor_driver/src/test_node.cpp:1[m[K:
[1.341s] [01m[K/usr/include/c++/9/ostream:517:5:[m[K [01;36m[Knote: [m[Kcandidate: ‘[01m[Ktemplate<class _Traits> std::basic_ostream<char, _Traits>& std::operator<<(std::basic_ostream<char, _Traits>&, char)[m[K’
[1.341s]   517 |     [01;36m[Koperator[m[K<<(basic_ostream<char, _Traits>& __out, char __c)
[1.341s]       |     [01;36m[K^~~~~~~~[m[K
[1.341s] [01m[K/usr/include/c++/9/ostream:517:5:[m[K [01;36m[Knote: [m[K  template argument deduction/substitution failed:
[1.341s] In file included from [01m[K/home/corey/uumotor-servo-motor-driver-ros2/src/uumotor_servo_motor_driver/include/uumotor_servo_motor_driver/motor_controller.hpp:8[m[K,
[1.341s]                  from [01m[K/home/corey/uumotor-servo-motor-driver-ros2/src/uumotor_servo_motor_driver/src/test_node.cpp:10[m[K:
[1.341s] [01m[K/home/corey/uumotor-servo-motor-driver-ros2/src/uumotor_servo_motor_driver/include/uumotor_servo_motor_driver/comms.hpp:75:44:[m[K [01;36m[Knote: [m[K  cannot convert ‘[01m[Kss[m[K’ (type ‘[01m[Kstd::stringstream[m[K’ {aka ‘[01m[Kstd::__cxx11::basic_stringstream<char>[m[K’}) to type ‘[01m[Kchar[m[K’
[1.341s]    75 |                  std::cout << " Recv: " << [01;36m[Kss[m[K << std::endl;
[1.341s]       |                                            [01;36m[K^~[m[K
[1.341s] In file included from [01m[K/usr/include/c++/9/iostream:39[m[K,
[1.341s]                  from [01m[K/home/corey/uumotor-servo-motor-driver-ros2/src/uumotor_servo_motor_driver/src/test_node.cpp:1[m[K:
[1.342s] [01m[K/usr/include/c++/9/ostream:523:5:[m[K [01;36m[Knote: [m[Kcandidate: ‘[01m[Ktemplate<class _Traits> std::basic_ostream<char, _Traits>& std::operator<<(std::basic_ostream<char, _Traits>&, signed char)[m[K’
[1.342s]   523 |     [01;36m[Koperator[m[K<<(basic_ostream<char, _Traits>& __out, signed char __c)
[1.342s]       |     [01;36m[K^~~~~~~~[m[K
[1.342s] [01m[K/usr/include/c++/9/ostream:523:5:[m[K [01;36m[Knote: [m[K  template argument deduction/substitution failed:
[1.342s] In file included from [01m[K/home/corey/uumotor-servo-motor-driver-ros2/src/uumotor_servo_motor_driver/include/uumotor_servo_motor_driver/motor_controller.hpp:8[m[K,
[1.342s]                  from [01m[K/home/corey/uumotor-servo-motor-driver-ros2/src/uumotor_servo_motor_driver/src/test_node.cpp:10[m[K:
[1.342s] [01m[K/home/corey/uumotor-servo-motor-driver-ros2/src/uumotor_servo_motor_driver/include/uumotor_servo_motor_driver/comms.hpp:75:44:[m[K [01;36m[Knote: [m[K  cannot convert ‘[01m[Kss[m[K’ (type ‘[01m[Kstd::stringstream[m[K’ {aka ‘[01m[Kstd::__cxx11::basic_stringstream<char>[m[K’}) to type ‘[01m[Ksigned char[m[K’
[1.342s]    75 |                  std::cout << " Recv: " << [01;36m[Kss[m[K << std::endl;
[1.342s]       |                                            [01;36m[K^~[m[K
[1.342s] In file included from [01m[K/usr/include/c++/9/iostream:39[m[K,
[1.342s]                  from [01m[K/home/corey/uumotor-servo-motor-driver-ros2/src/uumotor_servo_motor_driver/src/test_node.cpp:1[m[K:
[1.343s] [01m[K/usr/include/c++/9/ostream:528:5:[m[K [01;36m[Knote: [m[Kcandidate: ‘[01m[Ktemplate<class _Traits> std::basic_ostream<char, _Traits>& std::operator<<(std::basic_ostream<char, _Traits>&, unsigned char)[m[K’
[1.343s]   528 |     [01;36m[Koperator[m[K<<(basic_ostream<char, _Traits>& __out, unsigned char __c)
[1.343s]       |     [01;36m[K^~~~~~~~[m[K
[1.343s] [01m[K/usr/include/c++/9/ostream:528:5:[m[K [01;36m[Knote: [m[K  template argument deduction/substitution failed:
[1.343s] In file included from [01m[K/home/corey/uumotor-servo-motor-driver-ros2/src/uumotor_servo_motor_driver/include/uumotor_servo_motor_driver/motor_controller.hpp:8[m[K,
[1.343s]                  from [01m[K/home/corey/uumotor-servo-motor-driver-ros2/src/uumotor_servo_motor_driver/src/test_node.cpp:10[m[K:
[1.343s] [01m[K/home/corey/uumotor-servo-motor-driver-ros2/src/uumotor_servo_motor_driver/include/uumotor_servo_motor_driver/comms.hpp:75:44:[m[K [01;36m[Knote: [m[K  cannot convert ‘[01m[Kss[m[K’ (type ‘[01m[Kstd::stringstream[m[K’ {aka ‘[01m[Kstd::__cxx11::basic_stringstream<char>[m[K’}) to type ‘[01m[Kunsigned char[m[K’
[1.343s]    75 |                  std::cout << " Recv: " << [01;36m[Kss[m[K << std::endl;
[1.343s]       |                                            [01;36m[K^~[m[K
[1.343s] In file included from [01m[K/usr/include/c++/9/iostream:39[m[K,
[1.343s]                  from [01m[K/home/corey/uumotor-servo-motor-driver-ros2/src/uumotor_servo_motor_driver/src/test_node.cpp:1[m[K:
[1.344s] [01m[K/usr/include/c++/9/ostream:548:5:[m[K [01;36m[Knote: [m[Kcandidate: ‘[01m[Ktemplate<class _CharT, class _Traits> std::basic_ostream<_CharT, _Traits>& std::operator<<(std::basic_ostream<_CharT, _Traits>&, const _CharT*)[m[K’
[1.344s]   548 |     [01;36m[Koperator[m[K<<(basic_ostream<_CharT, _Traits>& __out, const _CharT* __s)
[1.344s]       |     [01;36m[K^~~~~~~~[m[K
[1.344s] [01m[K/usr/include/c++/9/ostream:548:5:[m[K [01;36m[Knote: [m[K  template argument deduction/substitution failed:
[1.344s] In file included from [01m[K/home/corey/uumotor-servo-motor-driver-ros2/src/uumotor_servo_motor_driver/include/uumotor_servo_motor_driver/motor_controller.hpp:8[m[K,
[1.344s]                  from [01m[K/home/corey/uumotor-servo-motor-driver-ros2/src/uumotor_servo_motor_driver/src/test_node.cpp:10[m[K:
[1.344s] [01m[K/home/corey/uumotor-servo-motor-driver-ros2/src/uumotor_servo_motor_driver/include/uumotor_servo_motor_driver/comms.hpp:75:44:[m[K [01;36m[Knote: [m[K  mismatched types ‘[01m[Kconst _CharT*[m[K’ and ‘[01m[Kstd::__cxx11::basic_stringstream<char>[m[K’
[1.344s]    75 |                  std::cout << " Recv: " << [01;36m[Kss[m[K << std::endl;
[1.344s]       |                                            [01;36m[K^~[m[K
[1.344s] In file included from [01m[K/usr/include/c++/9/ostream:702[m[K,
[1.345s]                  from [01m[K/usr/include/c++/9/iostream:39[m[K,
[1.345s]                  from [01m[K/home/corey/uumotor-servo-motor-driver-ros2/src/uumotor_servo_motor_driver/src/test_node.cpp:1[m[K:
[1.345s] [01m[K/usr/include/c++/9/bits/ostream.tcc:321:5:[m[K [01;36m[Knote: [m[Kcandidate: ‘[01m[Ktemplate<class _CharT, class _Traits> std::basic_ostream<_CharT, _Traits>& std::operator<<(std::basic_ostream<_CharT, _Traits>&, const char*)[m[K’
[1.345s]   321 |     [01;36m[Koperator[m[K<<(basic_ostream<_CharT, _Traits>& __out, const char* __s)
[1.345s]       |     [01;36m[K^~~~~~~~[m[K
[1.345s] [01m[K/usr/include/c++/9/bits/ostream.tcc:321:5:[m[K [01;36m[Knote: [m[K  template argument deduction/substitution failed:
[1.345s] In file included from [01m[K/home/corey/uumotor-servo-motor-driver-ros2/src/uumotor_servo_motor_driver/include/uumotor_servo_motor_driver/motor_controller.hpp:8[m[K,
[1.345s]                  from [01m[K/home/corey/uumotor-servo-motor-driver-ros2/src/uumotor_servo_motor_driver/src/test_node.cpp:10[m[K:
[1.345s] [01m[K/home/corey/uumotor-servo-motor-driver-ros2/src/uumotor_servo_motor_driver/include/uumotor_servo_motor_driver/comms.hpp:75:44:[m[K [01;36m[Knote: [m[K  cannot convert ‘[01m[Kss[m[K’ (type ‘[01m[Kstd::stringstream[m[K’ {aka ‘[01m[Kstd::__cxx11::basic_stringstream<char>[m[K’}) to type ‘[01m[Kconst char*[m[K’
[1.345s]    75 |                  std::cout << " Recv: " << [01;36m[Kss[m[K << std::endl;
[1.345s]       |                                            [01;36m[K^~[m[K
[1.345s] In file included from [01m[K/usr/include/c++/9/iostream:39[m[K,
[1.346s]                  from [01m[K/home/corey/uumotor-servo-motor-driver-ros2/src/uumotor_servo_motor_driver/src/test_node.cpp:1[m[K:
[1.346s] [01m[K/usr/include/c++/9/ostream:565:5:[m[K [01;36m[Knote: [m[Kcandidate: ‘[01m[Ktemplate<class _Traits> std::basic_ostream<char, _Traits>& std::operator<<(std::basic_ostream<char, _Traits>&, const char*)[m[K’
[1.346s]   565 |     [01;36m[Koperator[m[K<<(basic_ostream<char, _Traits>& __out, const char* __s)
[1.346s]       |     [01;36m[K^~~~~~~~[m[K
[1.346s] [01m[K/usr/include/c++/9/ostream:565:5:[m[K [01;36m[Knote: [m[K  template argument deduction/substitution failed:
[1.346s] In file included from [01m[K/home/corey/uumotor-servo-motor-driver-ros2/src/uumotor_servo_motor_driver/include/uumotor_servo_motor_driver/motor_controller.hpp:8[m[K,
[1.346s]                  from [01m[K/home/corey/uumotor-servo-motor-driver-ros2/src/uumotor_servo_motor_driver/src/test_node.cpp:10[m[K:
[1.346s] [01m[K/home/corey/uumotor-servo-motor-driver-ros2/src/uumotor_servo_motor_driver/include/uumotor_servo_motor_driver/comms.hpp:75:44:[m[K [01;36m[Knote: [m[K  cannot convert ‘[01m[Kss[m[K’ (type ‘[01m[Kstd::stringstream[m[K’ {aka ‘[01m[Kstd::__cxx11::basic_stringstream<char>[m[K’}) to type ‘[01m[Kconst char*[m[K’
[1.346s]    75 |                  std::cout << " Recv: " << [01;36m[Kss[m[K << std::endl;
[1.346s]       |                                            [01;36m[K^~[m[K
[1.346s] In file included from [01m[K/usr/include/c++/9/iostream:39[m[K,
[1.347s]                  from [01m[K/home/corey/uumotor-servo-motor-driver-ros2/src/uumotor_servo_motor_driver/src/test_node.cpp:1[m[K:
[1.347s] [01m[K/usr/include/c++/9/ostream:578:5:[m[K [01;36m[Knote: [m[Kcandidate: ‘[01m[Ktemplate<class _Traits> std::basic_ostream<char, _Traits>& std::operator<<(std::basic_ostream<char, _Traits>&, const signed char*)[m[K’
[1.347s]   578 |     [01;36m[Koperator[m[K<<(basic_ostream<char, _Traits>& __out, const signed char* __s)
[1.347s]       |     [01;36m[K^~~~~~~~[m[K
[1.347s] [01m[K/usr/include/c++/9/ostream:578:5:[m[K [01;36m[Knote: [m[K  template argument deduction/substitution failed:
[1.347s] In file included from [01m[K/home/corey/uumotor-servo-motor-driver-ros2/src/uumotor_servo_motor_driver/include/uumotor_servo_motor_driver/motor_controller.hpp:8[m[K,
[1.347s]                  from [01m[K/home/corey/uumotor-servo-motor-driver-ros2/src/uumotor_servo_motor_driver/src/test_node.cpp:10[m[K:
[1.347s] [01m[K/home/corey/uumotor-servo-motor-driver-ros2/src/uumotor_servo_motor_driver/include/uumotor_servo_motor_driver/comms.hpp:75:44:[m[K [01;36m[Knote: [m[K  cannot convert ‘[01m[Kss[m[K’ (type ‘[01m[Kstd::stringstream[m[K’ {aka ‘[01m[Kstd::__cxx11::basic_stringstream<char>[m[K’}) to type ‘[01m[Kconst signed char*[m[K’
[1.347s]    75 |                  std::cout << " Recv: " << [01;36m[Kss[m[K << std::endl;
[1.347s]       |                                            [01;36m[K^~[m[K
[1.347s] In file included from [01m[K/usr/include/c++/9/iostream:39[m[K,
[1.348s]                  from [01m[K/home/corey/uumotor-servo-motor-driver-ros2/src/uumotor_servo_motor_driver/src/test_node.cpp:1[m[K:
[1.348s] [01m[K/usr/include/c++/9/ostream:583:5:[m[K [01;36m[Knote: [m[Kcandidate: ‘[01m[Ktemplate<class _Traits> std::basic_ostream<char, _Traits>& std::operator<<(std::basic_ostream<char, _Traits>&, const unsigned char*)[m[K’
[1.348s]   583 |     [01;36m[Koperator[m[K<<(basic_ostream<char, _Traits>& __out, const unsigned char* __s)
[1.348s]       |     [01;36m[K^~~~~~~~[m[K
[1.348s] [01m[K/usr/include/c++/9/ostream:583:5:[m[K [01;36m[Knote: [m[K  template argument deduction/substitution failed:
[1.348s] In file included from [01m[K/home/corey/uumotor-servo-motor-driver-ros2/src/uumotor_servo_motor_driver/include/uumotor_servo_motor_driver/motor_controller.hpp:8[m[K,
[1.348s]                  from [01m[K/home/corey/uumotor-servo-motor-driver-ros2/src/uumotor_servo_motor_driver/src/test_node.cpp:10[m[K:
[1.348s] [01m[K/home/corey/uumotor-servo-motor-driver-ros2/src/uumotor_servo_motor_driver/include/uumotor_servo_motor_driver/comms.hpp:75:44:[m[K [01;36m[Knote: [m[K  cannot convert ‘[01m[Kss[m[K’ (type ‘[01m[Kstd::stringstream[m[K’ {aka ‘[01m[Kstd::__cxx11::basic_stringstream<char>[m[K’}) to type ‘[01m[Kconst unsigned char*[m[K’
[1.348s]    75 |                  std::cout << " Recv: " << [01;36m[Kss[m[K << std::endl;
[1.348s]       |                                            [01;36m[K^~[m[K
[1.348s] In file included from [01m[K/usr/include/c++/9/iostream:39[m[K,
[1.349s]                  from [01m[K/home/corey/uumotor-servo-motor-driver-ros2/src/uumotor_servo_motor_driver/src/test_node.cpp:1[m[K:
[1.349s] [01m[K/usr/include/c++/9/ostream:691:5:[m[K [01;36m[Knote: [m[Kcandidate: ‘[01m[Ktemplate<class _Ostream, class _Tp> typename std::enable_if<std::__and_<std::__not_<std::is_lvalue_reference<_Tp> >, std::__is_convertible_to_basic_ostream<_Ostream>, std::__is_insertable<typename std::__is_convertible_to_basic_ostream<_Tp>::__ostream_type, const _Tp&, void> >::value, typename std::__is_convertible_to_basic_ostream<_Tp>::__ostream_type>::type std::operator<<(_Ostream&&, const _Tp&)[m[K’
[1.349s]   691 |     [01;36m[Koperator[m[K<<(_Ostream&& __os, const _Tp& __x)
[1.349s]       |     [01;36m[K^~~~~~~~[m[K
[1.349s] [01m[K/usr/include/c++/9/ostream:691:5:[m[K [01;36m[Knote: [m[K  template argument deduction/substitution failed:
[1.349s] /usr/include/c++/9/ostream: In substitution of ‘[01m[Ktemplate<class _Ostream, class _Tp> typename std::enable_if<std::__and_<std::__not_<std::is_lvalue_reference<_Tp> >, std::__is_convertible_to_basic_ostream<_Ostream>, std::__is_insertable<typename std::__is_convertible_to_basic_ostream<_Tp>::__ostream_type, const _Tp&, void> >::value, typename std::__is_convertible_to_basic_ostream<_Tp>::__ostream_type>::type std::operator<<(_Ostream&&, const _Tp&) [with _Ostream = std::basic_ostream<char>&; _Tp = std::__cxx11::basic_stringstream<char>][m[K’:
[1.349s] [01m[K/home/corey/uumotor-servo-motor-driver-ros2/src/uumotor_servo_motor_driver/include/uumotor_servo_motor_driver/comms.hpp:75:44:[m[K   required from here
[1.349s] [01m[K/usr/include/c++/9/ostream:691:5:[m[K [01;31m[Kerror: [m[Kno type named ‘[01m[Ktype[m[K’ in ‘[01m[Kstruct std::enable_if<false, std::basic_ostream<char>&>[m[K’
[1.349s] In file included from [01m[K/usr/include/c++/9/memory:81[m[K,
[1.349s]                  from [01m[K/home/corey/uumotor-servo-motor-driver-ros2/src/uumotor_servo_motor_driver/src/test_node.cpp:4[m[K:
[1.349s] [01m[K/usr/include/c++/9/bits/shared_ptr.h:66:5:[m[K [01;36m[Knote: [m[Kcandidate: ‘[01m[Ktemplate<class _Ch, class _Tr, class _Tp, __gnu_cxx::_Lock_policy _Lp> std::basic_ostream<_CharT, _Traits>& std::operator<<(std::basic_ostream<_CharT, _Traits>&, const std::__shared_ptr<_Tp, _Lp>&)[m[K’
[1.350s]    66 |     [01;36m[Koperator[m[K<<(std::basic_ostream<_Ch, _Tr>& __os,
[1.350s]       |     [01;36m[K^~~~~~~~[m[K
[1.350s] [01m[K/usr/include/c++/9/bits/shared_ptr.h:66:5:[m[K [01;36m[Knote: [m[K  template argument deduction/substitution failed:
[1.350s] In file included from [01m[K/home/corey/uumotor-servo-motor-driver-ros2/src/uumotor_servo_motor_driver/include/uumotor_servo_motor_driver/motor_controller.hpp:8[m[K,
[1.350s]                  from [01m[K/home/corey/uumotor-servo-motor-driver-ros2/src/uumotor_servo_motor_driver/src/test_node.cpp:10[m[K:
[1.350s] [01m[K/home/corey/uumotor-servo-motor-driver-ros2/src/uumotor_servo_motor_driver/include/uumotor_servo_motor_driver/comms.hpp:75:44:[m[K [01;36m[Knote: [m[K  ‘[01m[Kstd::stringstream[m[K’ {aka ‘[01m[Kstd::__cxx11::basic_stringstream<char>[m[K’} is not derived from ‘[01m[Kconst std::__shared_ptr<_Tp, _Lp>[m[K’
[1.350s]    75 |                  std::cout << " Recv: " << [01;36m[Kss[m[K << std::endl;
[1.350s]       |                                            [01;36m[K^~[m[K
[1.350s] In file included from [01m[K/usr/include/c++/9/future:39[m[K,
[1.350s]                  from [01m[K/opt/ros/galactic/include/rclcpp/executors.hpp:18[m[K,
[1.350s]                  from [01m[K/opt/ros/galactic/include/rclcpp/rclcpp.hpp:156[m[K,
[1.351s]                  from [01m[K/home/corey/uumotor-servo-motor-driver-ros2/src/uumotor_servo_motor_driver/src/test_node.cpp:9[m[K:
[1.351s] [01m[K/usr/include/c++/9/thread:322:5:[m[K [01;36m[Knote: [m[Kcandidate: ‘[01m[Ktemplate<class _CharT, class _Traits> std::basic_ostream<_CharT, _Traits>& std::operator<<(std::basic_ostream<_CharT, _Traits>&, std::thread::id)[m[K’
[1.351s]   322 |     [01;36m[Koperator[m[K<<(basic_ostream<_CharT, _Traits>& __out, thread::id __id)
[1.351s]       |     [01;36m[K^~~~~~~~[m[K
[1.351s] [01m[K/usr/include/c++/9/thread:322:5:[m[K [01;36m[Knote: [m[K  template argument deduction/substitution failed:
[1.351s] In file included from [01m[K/home/corey/uumotor-servo-motor-driver-ros2/src/uumotor_servo_motor_driver/include/uumotor_servo_motor_driver/motor_controller.hpp:8[m[K,
[1.351s]                  from [01m[K/home/corey/uumotor-servo-motor-driver-ros2/src/uumotor_servo_motor_driver/src/test_node.cpp:10[m[K:
[1.351s] [01m[K/home/corey/uumotor-servo-motor-driver-ros2/src/uumotor_servo_motor_driver/include/uumotor_servo_motor_driver/comms.hpp:75:44:[m[K [01;36m[Knote: [m[K  cannot convert ‘[01m[Kss[m[K’ (type ‘[01m[Kstd::stringstream[m[K’ {aka ‘[01m[Kstd::__cxx11::basic_stringstream<char>[m[K’}) to type ‘[01m[Kstd::thread::id[m[K’
[1.351s]    75 |                  std::cout << " Recv: " << [01;36m[Kss[m[K << std::endl;
[1.351s]       |                                            [01;36m[K^~[m[K
[1.351s] In file included from [01m[K/opt/ros/galactic/include/rosidl_runtime_cpp/traits.hpp:19[m[K,
[1.352s]                  from [01m[K/opt/ros/galactic/include/builtin_interfaces/msg/detail/duration__traits.hpp:10[m[K,
[1.352s]                  from [01m[K/opt/ros/galactic/include/builtin_interfaces/msg/duration.hpp:9[m[K,
[1.352s]                  from [01m[K/opt/ros/galactic/include/rclcpp/duration.hpp:20[m[K,
[1.352s]                  from [01m[K/opt/ros/galactic/include/rclcpp/qos.hpp:20[m[K,
[1.352s]                  from [01m[K/opt/ros/galactic/include/rclcpp/node_interfaces/node_graph_interface.hpp:31[m[K,
[1.352s]                  from [01m[K/opt/ros/galactic/include/rclcpp/client.hpp:34[m[K,
[1.352s]                  from [01m[K/opt/ros/galactic/include/rclcpp/callback_group.hpp:23[m[K,
[1.353s]                  from [01m[K/opt/ros/galactic/include/rclcpp/any_executable.hpp:20[m[K,
[1.353s]                  from [01m[K/opt/ros/galactic/include/rclcpp/memory_strategy.hpp:25[m[K,
[1.353s]                  from [01m[K/opt/ros/galactic/include/rclcpp/memory_strategies.hpp:18[m[K,
[1.353s]                  from [01m[K/opt/ros/galactic/include/rclcpp/executor_options.hpp:20[m[K,
[1.353s]                  from [01m[K/opt/ros/galactic/include/rclcpp/executor.hpp:36[m[K,
[1.353s]                  from [01m[K/opt/ros/galactic/include/rclcpp/executors/multi_threaded_executor.hpp:26[m[K,
[1.353s]                  from [01m[K/opt/ros/galactic/include/rclcpp/executors.hpp:21[m[K,
[1.353s]                  from [01m[K/opt/ros/galactic/include/rclcpp/rclcpp.hpp:156[m[K,
[1.353s]                  from [01m[K/home/corey/uumotor-servo-motor-driver-ros2/src/uumotor_servo_motor_driver/src/test_node.cpp:9[m[K:
[1.353s] [01m[K/usr/include/c++/9/iomanip:79:5:[m[K [01;36m[Knote: [m[Kcandidate: ‘[01m[Ktemplate<class _CharT, class _Traits> std::basic_ostream<_CharT, _Traits>& std::operator<<(std::basic_ostream<_CharT, _Traits>&, std::_Resetiosflags)[m[K’
[1.353s]    79 |     [01;36m[Koperator[m[K<<(basic_ostream<_CharT, _Traits>& __os, _Resetiosflags __f)
[1.354s]       |     [01;36m[K^~~~~~~~[m[K
[1.354s] [01m[K/usr/include/c++/9/iomanip:79:5:[m[K [01;36m[Knote: [m[K  template argument deduction/substitution failed:
[1.354s] In file included from [01m[K/home/corey/uumotor-servo-motor-driver-ros2/src/uumotor_servo_motor_driver/include/uumotor_servo_motor_driver/motor_controller.hpp:8[m[K,
[1.354s]                  from [01m[K/home/corey/uumotor-servo-motor-driver-ros2/src/uumotor_servo_motor_driver/src/test_node.cpp:10[m[K:
[1.354s] [01m[K/home/corey/uumotor-servo-motor-driver-ros2/src/uumotor_servo_motor_driver/include/uumotor_servo_motor_driver/comms.hpp:75:44:[m[K [01;36m[Knote: [m[K  cannot convert ‘[01m[Kss[m[K’ (type ‘[01m[Kstd::stringstream[m[K’ {aka ‘[01m[Kstd::__cxx11::basic_stringstream<char>[m[K’}) to type ‘[01m[Kstd::_Resetiosflags[m[K’
[1.354s]    75 |                  std::cout << " Recv: " << [01;36m[Kss[m[K << std::endl;
[1.354s]       |                                            [01;36m[K^~[m[K
[1.354s] In file included from [01m[K/opt/ros/galactic/include/rosidl_runtime_cpp/traits.hpp:19[m[K,
[1.354s]                  from [01m[K/opt/ros/galactic/include/builtin_interfaces/msg/detail/duration__traits.hpp:10[m[K,
[1.354s]                  from [01m[K/opt/ros/galactic/include/builtin_interfaces/msg/duration.hpp:9[m[K,
[1.354s]                  from [01m[K/opt/ros/galactic/include/rclcpp/duration.hpp:20[m[K,
[1.355s]                  from [01m[K/opt/ros/galactic/include/rclcpp/qos.hpp:20[m[K,
[1.355s]                  from [01m[K/opt/ros/galactic/include/rclcpp/node_interfaces/node_graph_interface.hpp:31[m[K,
[1.355s]                  from [01m[K/opt/ros/galactic/include/rclcpp/client.hpp:34[m[K,
[1.355s]                  from [01m[K/opt/ros/galactic/include/rclcpp/callback_group.hpp:23[m[K,
[1.355s]                  from [01m[K/opt/ros/galactic/include/rclcpp/any_executable.hpp:20[m[K,
[1.355s]                  from [01m[K/opt/ros/galactic/include/rclcpp/memory_strategy.hpp:25[m[K,
[1.355s]                  from [01m[K/opt/ros/galactic/include/rclcpp/memory_strategies.hpp:18[m[K,
[1.355s]                  from [01m[K/opt/ros/galactic/include/rclcpp/executor_options.hpp:20[m[K,
[1.355s]                  from [01m[K/opt/ros/galactic/include/rclcpp/executor.hpp:36[m[K,
[1.355s]                  from [01m[K/opt/ros/galactic/include/rclcpp/executors/multi_threaded_executor.hpp:26[m[K,
[1.355s]                  from [01m[K/opt/ros/galactic/include/rclcpp/executors.hpp:21[m[K,
[1.355s]                  from [01m[K/opt/ros/galactic/include/rclcpp/rclcpp.hpp:156[m[K,
[1.356s]                  from [01m[K/home/corey/uumotor-servo-motor-driver-ros2/src/uumotor_servo_motor_driver/src/test_node.cpp:9[m[K:
[1.356s] [01m[K/usr/include/c++/9/iomanip:109:5:[m[K [01;36m[Knote: [m[Kcandidate: ‘[01m[Ktemplate<class _CharT, class _Traits> std::basic_ostream<_CharT, _Traits>& std::operator<<(std::basic_ostream<_CharT, _Traits>&, std::_Setiosflags)[m[K’
[1.356s]   109 |     [01;36m[Koperator[m[K<<(basic_ostream<_CharT, _Traits>& __os, _Setiosflags __f)
[1.356s]       |     [01;36m[K^~~~~~~~[m[K
[1.356s] [01m[K/usr/include/c++/9/iomanip:109:5:[m[K [01;36m[Knote: [m[K  template argument deduction/substitution failed:
[1.356s] In file included from [01m[K/home/corey/uumotor-servo-motor-driver-ros2/src/uumotor_servo_motor_driver/include/uumotor_servo_motor_driver/motor_controller.hpp:8[m[K,
[1.356s]                  from [01m[K/home/corey/uumotor-servo-motor-driver-ros2/src/uumotor_servo_motor_driver/src/test_node.cpp:10[m[K:
[1.356s] [01m[K/home/corey/uumotor-servo-motor-driver-ros2/src/uumotor_servo_motor_driver/include/uumotor_servo_motor_driver/comms.hpp:75:44:[m[K [01;36m[Knote: [m[K  cannot convert ‘[01m[Kss[m[K’ (type ‘[01m[Kstd::stringstream[m[K’ {aka ‘[01m[Kstd::__cxx11::basic_stringstream<char>[m[K’}) to type ‘[01m[Kstd::_Setiosflags[m[K’
[1.356s]    75 |                  std::cout << " Recv: " << [01;36m[Kss[m[K << std::endl;
[1.356s]       |                                            [01;36m[K^~[m[K
[1.357s] In file included from [01m[K/opt/ros/galactic/include/rosidl_runtime_cpp/traits.hpp:19[m[K,
[1.357s]                  from [01m[K/opt/ros/galactic/include/builtin_interfaces/msg/detail/duration__traits.hpp:10[m[K,
[1.357s]                  from [01m[K/opt/ros/galactic/include/builtin_interfaces/msg/duration.hpp:9[m[K,
[1.357s]                  from [01m[K/opt/ros/galactic/include/rclcpp/duration.hpp:20[m[K,
[1.357s]                  from [01m[K/opt/ros/galactic/include/rclcpp/qos.hpp:20[m[K,
[1.357s]                  from [01m[K/opt/ros/galactic/include/rclcpp/node_interfaces/node_graph_interface.hpp:31[m[K,
[1.357s]                  from [01m[K/opt/ros/galactic/include/rclcpp/client.hpp:34[m[K,
[1.357s]                  from [01m[K/opt/ros/galactic/include/rclcpp/callback_group.hpp:23[m[K,
[1.357s]                  from [01m[K/opt/ros/galactic/include/rclcpp/any_executable.hpp:20[m[K,
[1.357s]                  from [01m[K/opt/ros/galactic/include/rclcpp/memory_strategy.hpp:25[m[K,
[1.357s]                  from [01m[K/opt/ros/galactic/include/rclcpp/memory_strategies.hpp:18[m[K,
[1.357s]                  from [01m[K/opt/ros/galactic/include/rclcpp/executor_options.hpp:20[m[K,
[1.358s]                  from [01m[K/opt/ros/galactic/include/rclcpp/executor.hpp:36[m[K,
[1.358s]                  from [01m[K/opt/ros/galactic/include/rclcpp/executors/multi_threaded_executor.hpp:26[m[K,
[1.358s]                  from [01m[K/opt/ros/galactic/include/rclcpp/executors.hpp:21[m[K,
[1.358s]                  from [01m[K/opt/ros/galactic/include/rclcpp/rclcpp.hpp:156[m[K,
[1.358s]                  from [01m[K/home/corey/uumotor-servo-motor-driver-ros2/src/uumotor_servo_motor_driver/src/test_node.cpp:9[m[K:
[1.358s] [01m[K/usr/include/c++/9/iomanip:143:5:[m[K [01;36m[Knote: [m[Kcandidate: ‘[01m[Ktemplate<class _CharT, class _Traits> std::basic_ostream<_CharT, _Traits>& std::operator<<(std::basic_ostream<_CharT, _Traits>&, std::_Setbase)[m[K’
[1.358s]   143 |     [01;36m[Koperator[m[K<<(basic_ostream<_CharT, _Traits>& __os, _Setbase __f)
[1.358s]       |     [01;36m[K^~~~~~~~[m[K
[1.358s] [01m[K/usr/include/c++/9/iomanip:143:5:[m[K [01;36m[Knote: [m[K  template argument deduction/substitution failed:
[1.358s] In file included from [01m[K/home/corey/uumotor-servo-motor-driver-ros2/src/uumotor_servo_motor_driver/include/uumotor_servo_motor_driver/motor_controller.hpp:8[m[K,
[1.358s]                  from [01m[K/home/corey/uumotor-servo-motor-driver-ros2/src/uumotor_servo_motor_driver/src/test_node.cpp:10[m[K:
[1.359s] [01m[K/home/corey/uumotor-servo-motor-driver-ros2/src/uumotor_servo_motor_driver/include/uumotor_servo_motor_driver/comms.hpp:75:44:[m[K [01;36m[Knote: [m[K  cannot convert ‘[01m[Kss[m[K’ (type ‘[01m[Kstd::stringstream[m[K’ {aka ‘[01m[Kstd::__cxx11::basic_stringstream<char>[m[K’}) to type ‘[01m[Kstd::_Setbase[m[K’
[1.359s]    75 |                  std::cout << " Recv: " << [01;36m[Kss[m[K << std::endl;
[1.359s]       |                                            [01;36m[K^~[m[K
[1.359s] In file included from [01m[K/opt/ros/galactic/include/rosidl_runtime_cpp/traits.hpp:19[m[K,
[1.359s]                  from [01m[K/opt/ros/galactic/include/builtin_interfaces/msg/detail/duration__traits.hpp:10[m[K,
[1.359s]                  from [01m[K/opt/ros/galactic/include/builtin_interfaces/msg/duration.hpp:9[m[K,
[1.359s]                  from [01m[K/opt/ros/galactic/include/rclcpp/duration.hpp:20[m[K,
[1.359s]                  from [01m[K/opt/ros/galactic/include/rclcpp/qos.hpp:20[m[K,
[1.359s]                  from [01m[K/opt/ros/galactic/include/rclcpp/node_interfaces/node_graph_interface.hpp:31[m[K,
[1.359s]                  from [01m[K/opt/ros/galactic/include/rclcpp/client.hpp:34[m[K,
[1.359s]                  from [01m[K/opt/ros/galactic/include/rclcpp/callback_group.hpp:23[m[K,
[1.360s]                  from [01m[K/opt/ros/galactic/include/rclcpp/any_executable.hpp:20[m[K,
[1.360s]                  from [01m[K/opt/ros/galactic/include/rclcpp/memory_strategy.hpp:25[m[K,
[1.360s]                  from [01m[K/opt/ros/galactic/include/rclcpp/memory_strategies.hpp:18[m[K,
[1.360s]                  from [01m[K/opt/ros/galactic/include/rclcpp/executor_options.hpp:20[m[K,
[1.360s]                  from [01m[K/opt/ros/galactic/include/rclcpp/executor.hpp:36[m[K,
[1.360s]                  from [01m[K/opt/ros/galactic/include/rclcpp/executors/multi_threaded_executor.hpp:26[m[K,
[1.360s]                  from [01m[K/opt/ros/galactic/include/rclcpp/executors.hpp:21[m[K,
[1.360s]                  from [01m[K/opt/ros/galactic/include/rclcpp/rclcpp.hpp:156[m[K,
[1.360s]                  from [01m[K/home/corey/uumotor-servo-motor-driver-ros2/src/uumotor_servo_motor_driver/src/test_node.cpp:9[m[K:
[1.360s] [01m[K/usr/include/c++/9/iomanip:178:5:[m[K [01;36m[Knote: [m[Kcandidate: ‘[01m[Ktemplate<class _CharT, class _Traits> std::basic_ostream<_CharT, _Traits>& std::operator<<(std::basic_ostream<_CharT, _Traits>&, std::_Setfill<_CharT>)[m[K’
[1.360s]   178 |     [01;36m[Koperator[m[K<<(basic_ostream<_CharT, _Traits>& __os, _Setfill<_CharT> __f)
[1.361s]       |     [01;36m[K^~~~~~~~[m[K
[1.361s] [01m[K/usr/include/c++/9/iomanip:178:5:[m[K [01;36m[Knote: [m[K  template argument deduction/substitution failed:
[1.361s] In file included from [01m[K/home/corey/uumotor-servo-motor-driver-ros2/src/uumotor_servo_motor_driver/include/uumotor_servo_motor_driver/motor_controller.hpp:8[m[K,
[1.361s]                  from [01m[K/home/corey/uumotor-servo-motor-driver-ros2/src/uumotor_servo_motor_driver/src/test_node.cpp:10[m[K:
[1.361s] [01m[K/home/corey/uumotor-servo-motor-driver-ros2/src/uumotor_servo_motor_driver/include/uumotor_servo_motor_driver/comms.hpp:75:44:[m[K [01;36m[Knote: [m[K  ‘[01m[Kstd::__cxx11::basic_stringstream<char>[m[K’ is not derived from ‘[01m[Kstd::_Setfill<_CharT>[m[K’
[1.361s]    75 |                  std::cout << " Recv: " << [01;36m[Kss[m[K << std::endl;
[1.361s]       |                                            [01;36m[K^~[m[K
[1.361s] In file included from [01m[K/opt/ros/galactic/include/rosidl_runtime_cpp/traits.hpp:19[m[K,
[1.361s]                  from [01m[K/opt/ros/galactic/include/builtin_interfaces/msg/detail/duration__traits.hpp:10[m[K,
[1.361s]                  from [01m[K/opt/ros/galactic/include/builtin_interfaces/msg/duration.hpp:9[m[K,
[1.361s]                  from [01m[K/opt/ros/galactic/include/rclcpp/duration.hpp:20[m[K,
[1.362s]                  from [01m[K/opt/ros/galactic/include/rclcpp/qos.hpp:20[m[K,
[1.362s]                  from [01m[K/opt/ros/galactic/include/rclcpp/node_interfaces/node_graph_interface.hpp:31[m[K,
[1.362s]                  from [01m[K/opt/ros/galactic/include/rclcpp/client.hpp:34[m[K,
[1.362s]                  from [01m[K/opt/ros/galactic/include/rclcpp/callback_group.hpp:23[m[K,
[1.362s]                  from [01m[K/opt/ros/galactic/include/rclcpp/any_executable.hpp:20[m[K,
[1.362s]                  from [01m[K/opt/ros/galactic/include/rclcpp/memory_strategy.hpp:25[m[K,
[1.362s]                  from [01m[K/opt/ros/galactic/include/rclcpp/memory_strategies.hpp:18[m[K,
[1.362s]                  from [01m[K/opt/ros/galactic/include/rclcpp/executor_options.hpp:20[m[K,
[1.362s]                  from [01m[K/opt/ros/galactic/include/rclcpp/executor.hpp:36[m[K,
[1.362s]                  from [01m[K/opt/ros/galactic/include/rclcpp/executors/multi_threaded_executor.hpp:26[m[K,
[1.362s]                  from [01m[K/opt/ros/galactic/include/rclcpp/executors.hpp:21[m[K,
[1.363s]                  from [01m[K/opt/ros/galactic/include/rclcpp/rclcpp.hpp:156[m[K,
[1.363s]                  from [01m[K/home/corey/uumotor-servo-motor-driver-ros2/src/uumotor_servo_motor_driver/src/test_node.cpp:9[m[K:
[1.363s] [01m[K/usr/include/c++/9/iomanip:208:5:[m[K [01;36m[Knote: [m[Kcandidate: ‘[01m[Ktemplate<class _CharT, class _Traits> std::basic_ostream<_CharT, _Traits>& std::operator<<(std::basic_ostream<_CharT, _Traits>&, std::_Setprecision)[m[K’
[1.363s]   208 |     [01;36m[Koperator[m[K<<(basic_ostream<_CharT, _Traits>& __os, _Setprecision __f)
[1.363s]       |     [01;36m[K^~~~~~~~[m[K
[1.363s] [01m[K/usr/include/c++/9/iomanip:208:5:[m[K [01;36m[Knote: [m[K  template argument deduction/substitution failed:
[1.363s] In file included from [01m[K/home/corey/uumotor-servo-motor-driver-ros2/src/uumotor_servo_motor_driver/include/uumotor_servo_motor_driver/motor_controller.hpp:8[m[K,
[1.363s]                  from [01m[K/home/corey/uumotor-servo-motor-driver-ros2/src/uumotor_servo_motor_driver/src/test_node.cpp:10[m[K:
[1.363s] [01m[K/home/corey/uumotor-servo-motor-driver-ros2/src/uumotor_servo_motor_driver/include/uumotor_servo_motor_driver/comms.hpp:75:44:[m[K [01;36m[Knote: [m[K  cannot convert ‘[01m[Kss[m[K’ (type ‘[01m[Kstd::stringstream[m[K’ {aka ‘[01m[Kstd::__cxx11::basic_stringstream<char>[m[K’}) to type ‘[01m[Kstd::_Setprecision[m[K’
[1.363s]    75 |                  std::cout << " Recv: " << [01;36m[Kss[m[K << std::endl;
[1.363s]       |                                            [01;36m[K^~[m[K
[1.364s] In file included from [01m[K/opt/ros/galactic/include/rosidl_runtime_cpp/traits.hpp:19[m[K,
[1.364s]                  from [01m[K/opt/ros/galactic/include/builtin_interfaces/msg/detail/duration__traits.hpp:10[m[K,
[1.364s]                  from [01m[K/opt/ros/galactic/include/builtin_interfaces/msg/duration.hpp:9[m[K,
[1.364s]                  from [01m[K/opt/ros/galactic/include/rclcpp/duration.hpp:20[m[K,
[1.364s]                  from [01m[K/opt/ros/galactic/include/rclcpp/qos.hpp:20[m[K,
[1.364s]                  from [01m[K/opt/ros/galactic/include/rclcpp/node_interfaces/node_graph_interface.hpp:31[m[K,
[1.364s]                  from [01m[K/opt/ros/galactic/include/rclcpp/client.hpp:34[m[K,
[1.364s]                  from [01m[K/opt/ros/galactic/include/rclcpp/callback_group.hpp:23[m[K,
[1.364s]                  from [01m[K/opt/ros/galactic/include/rclcpp/any_executable.hpp:20[m[K,
[1.364s]                  from [01m[K/opt/ros/galactic/include/rclcpp/memory_strategy.hpp:25[m[K,
[1.364s]                  from [01m[K/opt/ros/galactic/include/rclcpp/memory_strategies.hpp:18[m[K,
[1.365s]                  from [01m[K/opt/ros/galactic/include/rclcpp/executor_options.hpp:20[m[K,
[1.365s]                  from [01m[K/opt/ros/galactic/include/rclcpp/executor.hpp:36[m[K,
[1.365s]                  from [01m[K/opt/ros/galactic/include/rclcpp/executors/multi_threaded_executor.hpp:26[m[K,
[1.365s]                  from [01m[K/opt/ros/galactic/include/rclcpp/executors.hpp:21[m[K,
[1.365s]                  from [01m[K/opt/ros/galactic/include/rclcpp/rclcpp.hpp:156[m[K,
[1.365s]                  from [01m[K/home/corey/uumotor-servo-motor-driver-ros2/src/uumotor_servo_motor_driver/src/test_node.cpp:9[m[K:
[1.365s] [01m[K/usr/include/c++/9/iomanip:238:5:[m[K [01;36m[Knote: [m[Kcandidate: ‘[01m[Ktemplate<class _CharT, class _Traits> std::basic_ostream<_CharT, _Traits>& std::operator<<(std::basic_ostream<_CharT, _Traits>&, std::_Setw)[m[K’
[1.365s]   238 |     [01;36m[Koperator[m[K<<(basic_ostream<_CharT, _Traits>& __os, _Setw __f)
[1.365s]       |     [01;36m[K^~~~~~~~[m[K
[1.365s] [01m[K/usr/include/c++/9/iomanip:238:5:[m[K [01;36m[Knote: [m[K  template argument deduction/substitution failed:
[1.365s] In file included from [01m[K/home/corey/uumotor-servo-motor-driver-ros2/src/uumotor_servo_motor_driver/include/uumotor_servo_motor_driver/motor_controller.hpp:8[m[K,
[1.366s]                  from [01m[K/home/corey/uumotor-servo-motor-driver-ros2/src/uumotor_servo_motor_driver/src/test_node.cpp:10[m[K:
[1.366s] [01m[K/home/corey/uumotor-servo-motor-driver-ros2/src/uumotor_servo_motor_driver/include/uumotor_servo_motor_driver/comms.hpp:75:44:[m[K [01;36m[Knote: [m[K  cannot convert ‘[01m[Kss[m[K’ (type ‘[01m[Kstd::stringstream[m[K’ {aka ‘[01m[Kstd::__cxx11::basic_stringstream<char>[m[K’}) to type ‘[01m[Kstd::_Setw[m[K’
[1.366s]    75 |                  std::cout << " Recv: " << [01;36m[Kss[m[K << std::endl;
[1.366s]       |                                            [01;36m[K^~[m[K
[1.366s] In file included from [01m[K/opt/ros/galactic/include/rosidl_runtime_cpp/traits.hpp:19[m[K,
[1.366s]                  from [01m[K/opt/ros/galactic/include/builtin_interfaces/msg/detail/duration__traits.hpp:10[m[K,
[1.366s]                  from [01m[K/opt/ros/galactic/include/builtin_interfaces/msg/duration.hpp:9[m[K,
[1.366s]                  from [01m[K/opt/ros/galactic/include/rclcpp/duration.hpp:20[m[K,
[1.366s]                  from [01m[K/opt/ros/galactic/include/rclcpp/qos.hpp:20[m[K,
[1.366s]                  from [01m[K/opt/ros/galactic/include/rclcpp/node_interfaces/node_graph_interface.hpp:31[m[K,
[1.366s]                  from [01m[K/opt/ros/galactic/include/rclcpp/client.hpp:34[m[K,
[1.366s]                  from [01m[K/opt/ros/galactic/include/rclcpp/callback_group.hpp:23[m[K,
[1.367s]                  from [01m[K/opt/ros/galactic/include/rclcpp/any_executable.hpp:20[m[K,
[1.367s]                  from [01m[K/opt/ros/galactic/include/rclcpp/memory_strategy.hpp:25[m[K,
[1.367s]                  from [01m[K/opt/ros/galactic/include/rclcpp/memory_strategies.hpp:18[m[K,
[1.367s]                  from [01m[K/opt/ros/galactic/include/rclcpp/executor_options.hpp:20[m[K,
[1.367s]                  from [01m[K/opt/ros/galactic/include/rclcpp/executor.hpp:36[m[K,
[1.367s]                  from [01m[K/opt/ros/galactic/include/rclcpp/executors/multi_threaded_executor.hpp:26[m[K,
[1.367s]                  from [01m[K/opt/ros/galactic/include/rclcpp/executors.hpp:21[m[K,
[1.367s]                  from [01m[K/opt/ros/galactic/include/rclcpp/rclcpp.hpp:156[m[K,
[1.367s]                  from [01m[K/home/corey/uumotor-servo-motor-driver-ros2/src/uumotor_servo_motor_driver/src/test_node.cpp:9[m[K:
[1.367s] [01m[K/usr/include/c++/9/iomanip:311:5:[m[K [01;36m[Knote: [m[Kcandidate: ‘[01m[Ktemplate<class _CharT, class _Traits, class _MoneyT> std::basic_ostream<_CharT, _Traits>& std::operator<<(std::basic_ostream<_CharT, _Traits>&, std::_Put_money<_MoneyT>)[m[K’
[1.367s]   311 |     [01;36m[Koperator[m[K<<(basic_ostream<_CharT, _Traits>& __os, _Put_money<_MoneyT> __f)
[1.368s]       |     [01;36m[K^~~~~~~~[m[K
[1.368s] [01m[K/usr/include/c++/9/iomanip:311:5:[m[K [01;36m[Knote: [m[K  template argument deduction/substitution failed:
[1.368s] In file included from [01m[K/home/corey/uumotor-servo-motor-driver-ros2/src/uumotor_servo_motor_driver/include/uumotor_servo_motor_driver/motor_controller.hpp:8[m[K,
[1.368s]                  from [01m[K/home/corey/uumotor-servo-motor-driver-ros2/src/uumotor_servo_motor_driver/src/test_node.cpp:10[m[K:
[1.368s] [01m[K/home/corey/uumotor-servo-motor-driver-ros2/src/uumotor_servo_motor_driver/include/uumotor_servo_motor_driver/comms.hpp:75:44:[m[K [01;36m[Knote: [m[K  ‘[01m[Kstd::__cxx11::basic_stringstream<char>[m[K’ is not derived from ‘[01m[Kstd::_Put_money<_MoneyT>[m[K’
[1.368s]    75 |                  std::cout << " Recv: " << [01;36m[Kss[m[K << std::endl;
[1.368s]       |                                            [01;36m[K^~[m[K
[1.368s] In file included from [01m[K/opt/ros/galactic/include/rosidl_runtime_cpp/traits.hpp:19[m[K,
[1.368s]                  from [01m[K/opt/ros/galactic/include/builtin_interfaces/msg/detail/duration__traits.hpp:10[m[K,
[1.368s]                  from [01m[K/opt/ros/galactic/include/builtin_interfaces/msg/duration.hpp:9[m[K,
[1.369s]                  from [01m[K/opt/ros/galactic/include/rclcpp/duration.hpp:20[m[K,
[1.369s]                  from [01m[K/opt/ros/galactic/include/rclcpp/qos.hpp:20[m[K,
[1.369s]                  from [01m[K/opt/ros/galactic/include/rclcpp/node_interfaces/node_graph_interface.hpp:31[m[K,
[1.369s]                  from [01m[K/opt/ros/galactic/include/rclcpp/client.hpp:34[m[K,
[1.369s]                  from [01m[K/opt/ros/galactic/include/rclcpp/callback_group.hpp:23[m[K,
[1.369s]                  from [01m[K/opt/ros/galactic/include/rclcpp/any_executable.hpp:20[m[K,
[1.369s]                  from [01m[K/opt/ros/galactic/include/rclcpp/memory_strategy.hpp:25[m[K,
[1.369s]                  from [01m[K/opt/ros/galactic/include/rclcpp/memory_strategies.hpp:18[m[K,
[1.369s]                  from [01m[K/opt/ros/galactic/include/rclcpp/executor_options.hpp:20[m[K,
[1.369s]                  from [01m[K/opt/ros/galactic/include/rclcpp/executor.hpp:36[m[K,
[1.369s]                  from [01m[K/opt/ros/galactic/include/rclcpp/executors/multi_threaded_executor.hpp:26[m[K,
[1.369s]                  from [01m[K/opt/ros/galactic/include/rclcpp/executors.hpp:21[m[K,
[1.370s]                  from [01m[K/opt/ros/galactic/include/rclcpp/rclcpp.hpp:156[m[K,
[1.370s]                  from [01m[K/home/corey/uumotor-servo-motor-driver-ros2/src/uumotor_servo_motor_driver/src/test_node.cpp:9[m[K:
[1.370s] [01m[K/usr/include/c++/9/iomanip:363:5:[m[K [01;36m[Knote: [m[Kcandidate: ‘[01m[Ktemplate<class _CharT, class _Traits> std::basic_ostream<_CharT, _Traits>& std::operator<<(std::basic_ostream<_CharT, _Traits>&, std::_Put_time<_CharT>)[m[K’
[1.370s]   363 |     [01;36m[Koperator[m[K<<(basic_ostream<_CharT, _Traits>& __os, _Put_time<_CharT> __f)
[1.370s]       |     [01;36m[K^~~~~~~~[m[K
[1.370s] [01m[K/usr/include/c++/9/iomanip:363:5:[m[K [01;36m[Knote: [m[K  template argument deduction/substitution failed:
[1.370s] In file included from [01m[K/home/corey/uumotor-servo-motor-driver-ros2/src/uumotor_servo_motor_driver/include/uumotor_servo_motor_driver/motor_controller.hpp:8[m[K,
[1.370s]                  from [01m[K/home/corey/uumotor-servo-motor-driver-ros2/src/uumotor_servo_motor_driver/src/test_node.cpp:10[m[K:
[1.370s] [01m[K/home/corey/uumotor-servo-motor-driver-ros2/src/uumotor_servo_motor_driver/include/uumotor_servo_motor_driver/comms.hpp:75:44:[m[K [01;36m[Knote: [m[K  ‘[01m[Kstd::__cxx11::basic_stringstream<char>[m[K’ is not derived from ‘[01m[Kstd::_Put_time<_CharT>[m[K’
[1.370s]    75 |                  std::cout << " Recv: " << [01;36m[Kss[m[K << std::endl;
[1.371s]       |                                            [01;36m[K^~[m[K
[1.371s] In file included from [01m[K/opt/ros/galactic/include/rclcpp/experimental/buffers/ring_buffer_implementation.hpp:19[m[K,
[1.371s]                  from [01m[K/opt/ros/galactic/include/rclcpp/experimental/create_intra_process_buffer.hpp:25[m[K,
[1.371s]                  from [01m[K/opt/ros/galactic/include/rclcpp/experimental/subscription_intra_process.hpp:31[m[K,
[1.371s]                  from [01m[K/opt/ros/galactic/include/rclcpp/experimental/intra_process_manager.hpp:34[m[K,
[1.371s]                  from [01m[K/opt/ros/galactic/include/rclcpp/subscription_base.hpp:30[m[K,
[1.371s]                  from [01m[K/opt/ros/galactic/include/rclcpp/callback_group.hpp:26[m[K,
[1.371s]                  from [01m[K/opt/ros/galactic/include/rclcpp/any_executable.hpp:20[m[K,
[1.371s]                  from [01m[K/opt/ros/galactic/include/rclcpp/memory_strategy.hpp:25[m[K,
[1.371s]                  from [01m[K/opt/ros/galactic/include/rclcpp/memory_strategies.hpp:18[m[K,
[1.371s]                  from [01m[K/opt/ros/galactic/include/rclcpp/executor_options.hpp:20[m[K,
[1.372s]                  from [01m[K/opt/ros/galactic/include/rclcpp/executor.hpp:36[m[K,
[1.372s]                  from [01m[K/opt/ros/galactic/include/rclcpp/executors/multi_threaded_executor.hpp:26[m[K,
[1.372s]                  from [01m[K/opt/ros/galactic/include/rclcpp/executors.hpp:21[m[K,
[1.372s]                  from [01m[K/opt/ros/galactic/include/rclcpp/rclcpp.hpp:156[m[K,
[1.372s]                  from [01m[K/home/corey/uumotor-servo-motor-driver-ros2/src/uumotor_servo_motor_driver/src/test_node.cpp:9[m[K:
[1.372s] [01m[K/usr/include/c++/9/cstddef:130:5:[m[K [01;36m[Knote: [m[Kcandidate: ‘[01m[Ktemplate<class _IntegerType> constexpr std::__byte_op_t<_IntegerType> std::operator<<(std::byte, _IntegerType)[m[K’
[1.372s]   130 |     [01;36m[Koperator[m[K<<(byte __b, _IntegerType __shift) noexcept
[1.372s]       |     [01;36m[K^~~~~~~~[m[K
[1.372s] [01m[K/usr/include/c++/9/cstddef:130:5:[m[K [01;36m[Knote: [m[K  template argument deduction/substitution failed:
[1.372s] In file included from [01m[K/home/corey/uumotor-servo-motor-driver-ros2/src/uumotor_servo_motor_driver/include/uumotor_servo_motor_driver/motor_controller.hpp:8[m[K,
[1.372s]                  from [01m[K/home/corey/uumotor-servo-motor-driver-ros2/src/uumotor_servo_motor_driver/src/test_node.cpp:10[m[K:
[1.373s] [01m[K/home/corey/uumotor-servo-motor-driver-ros2/src/uumotor_servo_motor_driver/include/uumotor_servo_motor_driver/comms.hpp:75:28:[m[K [01;36m[Knote: [m[K  cannot convert ‘[01m[Kstd::operator<< <std::char_traits<char> >(std::cout, ((const char*)" Recv: "))[m[K’ (type ‘[01m[Kstd::basic_ostream<char>[m[K’) to type ‘[01m[Kstd::byte[m[K’
[1.373s]    75 |                  [01;36m[Kstd::cout << " Recv: "[m[K << ss << std::endl;
[1.373s]       |                  [01;36m[K~~~~~~~~~~^~~~~~~~~~~~[m[K
[1.851s] make[2]: *** [CMakeFiles/driver.dir/build.make:76: CMakeFiles/driver.dir/src/test_node.cpp.o] Error 1
[1.851s] make[1]: *** [CMakeFiles/Makefile2:170: CMakeFiles/driver.dir/all] Error 2
[1.851s] make: *** [Makefile:146: all] Error 2
[1.856s] Invoked command in '/home/corey/uumotor-servo-motor-driver-ros2/build/uumotor_servo_motor_driver' returned '2': CMAKE_PREFIX_PATH=${CMAKE_PREFIX_PATH}:/opt/ros/galactic /home/corey/.local/bin/cmake --build /home/corey/uumotor-servo-motor-driver-ros2/build/uumotor_servo_motor_driver -- -j16 -l16
