[0.138s] Invoking command in '/home/corey/uumotor-servo-motor-driver-ros2/build/uumotor_servo_motor_driver': CMAKE_PREFIX_PATH=${CMAKE_PREFIX_PATH}:/opt/ros/galactic /home/corey/.local/bin/cmake --build /home/corey/uumotor-servo-motor-driver-ros2/build/uumotor_servo_motor_driver -- -j16 -l16
[0.172s] -- Found ament_cmake: 1.1.6 (/opt/ros/galactic/share/ament_cmake/cmake)
[0.174s] [33mCMake Warning (dev) at /opt/ros/galactic/share/ament_cmake_core/cmake/core/python.cmake:22 (find_package):
[0.174s]   Policy CMP0148 is not set: The FindPythonInterp and FindPythonLibs modules
[0.174s]   are removed.  Run "cmake --help-policy CMP0148" for policy details.  Use
[0.174s]   the cmake_policy command to set the policy and suppress this warning.
[0.175s] 
[0.175s] Call Stack (most recent call first):
[0.175s]   /opt/ros/galactic/share/ament_cmake_core/cmake/core/all.cmake:53 (include)
[0.175s]   /opt/ros/galactic/share/ament_cmake_core/cmake/ament_cmake_core-extras.cmake:17 (include)
[0.175s]   /opt/ros/galactic/share/ament_cmake_core/cmake/ament_cmake_coreConfig.cmake:41 (include)
[0.175s]   /opt/ros/galactic/share/ament_cmake/cmake/ament_cmake_export_dependencies-extras.cmake:15 (find_package)
[0.175s]   /opt/ros/galactic/share/ament_cmake/cmake/ament_cmakeConfig.cmake:41 (include)
[0.175s]   CMakeLists.txt:11 (find_package)
[0.175s] This warning is for project developers.  Use -Wno-dev to suppress it.
[0.175s] [0m
[0.189s] -- Using PYTHON_EXECUTABLE: /usr/bin/python3
[0.229s] -- Override CMake install command with custom implementation using symlinks instead of copying resources
[0.243s] -- Found rclcpp: 9.2.2 (/opt/ros/galactic/share/rclcpp/cmake)
[0.284s] -- Using all available rosidl_typesupport_c: rosidl_typesupport_fastrtps_c;rosidl_typesupport_introspection_c
[0.288s] -- Found rosidl_adapter: 2.2.3 (/opt/ros/galactic/share/rosidl_adapter/cmake)
[0.399s] -- Using all available rosidl_typesupport_cpp: rosidl_typesupport_fastrtps_cpp;rosidl_typesupport_introspection_cpp
[0.453s] -- Found rmw_implementation_cmake: 3.3.1 (/opt/ros/galactic/share/rmw_implementation_cmake/cmake)
[0.456s] -- Found rmw_cyclonedds_cpp: 0.22.6 (/opt/ros/galactic/share/rmw_cyclonedds_cpp/cmake)
[0.474s] -- Using RMW implementation 'rmw_cyclonedds_cpp' as default
[0.646s] -- Configuring done (0.5s)
[0.660s] -- Generating done (0.0s)
[0.662s] -- Build files have been written to: /home/corey/uumotor-servo-motor-driver-ros2/build/uumotor_servo_motor_driver
[0.675s] [ 25%] Built target fun
[0.678s] [ 50%] Built target cmd
[0.679s] [ 87%] Built target uumotor_servo_motor_driver
[0.684s] [100%] [32m[1mLinking CXX executable driver[0m
[0.711s] /usr/bin/ld: /usr/lib/gcc/x86_64-linux-gnu/9/../../../x86_64-linux-gnu/Scrt1.o: in function `_start':
[0.711s] (.text+0x24): undefined reference to `main'
[0.711s] collect2: error: ld returned 1 exit status
[0.712s] make[2]: *** [CMakeFiles/driver.dir/build.make:131: driver] Error 1
[0.712s] make[1]: *** [CMakeFiles/Makefile2:170: CMakeFiles/driver.dir/all] Error 2
[0.712s] make: *** [Makefile:146: all] Error 2
[0.716s] Invoked command in '/home/corey/uumotor-servo-motor-driver-ros2/build/uumotor_servo_motor_driver' returned '2': CMAKE_PREFIX_PATH=${CMAKE_PREFIX_PATH}:/opt/ros/galactic /home/corey/.local/bin/cmake --build /home/corey/uumotor-servo-motor-driver-ros2/build/uumotor_servo_motor_driver -- -j16 -l16
