[0.243s] DEBUG:colcon:Command line arguments: ['/usr/bin/colcon', 'build', '--symlink-install']
[0.243s] DEBUG:colcon:Parsed command line arguments: Namespace(allow_overriding=[], ament_cmake_args=None, base_paths=['.'], build_base='build', catkin_cmake_args=None, catkin_skip_building_tests=False, cmake_args=None, cmake_clean_cache=False, cmake_clean_first=False, cmake_force_configure=False, cmake_target=None, cmake_target_skip_unavailable=False, continue_on_error=False, event_handlers=None, executor='parallel', ignore_user_meta=False, install_base='install', log_base=None, log_level=None, main=<bound method BuildVerb.main of <colcon_core.verb.build.BuildVerb object at 0x7fc2cd9e53d0>>, merge_install=False, metas=['./colcon.meta'], packages_above=None, packages_above_and_dependencies=None, packages_above_depth=None, packages_end=None, packages_ignore=None, packages_ignore_regex=None, packages_select=None, packages_select_build_failed=False, packages_select_by_dep=None, packages_select_regex=None, packages_select_test_failures=False, packages_skip=None, packages_skip_build_finished=False, packages_skip_by_dep=None, packages_skip_regex=None, packages_skip_test_passed=False, packages_skip_up_to=None, packages_start=None, packages_up_to=None, packages_up_to_regex=None, parallel_workers=16, paths=None, symlink_install=True, test_result_base=None, verb_extension=<colcon_core.verb.build.BuildVerb object at 0x7fc2cd9e53d0>, verb_name='build', verb_parser=<colcon_defaults.argument_parser.defaults.DefaultArgumentsDecorator object at 0x7fc2cd9e5910>)
[0.262s] Level 1:colcon.colcon_core.package_discovery:discover_packages(colcon_meta) check parameters
[0.262s] Level 1:colcon.colcon_core.package_discovery:discover_packages(recursive) check parameters
[0.262s] Level 1:colcon.colcon_core.package_discovery:discover_packages(ignore) check parameters
[0.262s] Level 1:colcon.colcon_core.package_discovery:discover_packages(path) check parameters
[0.262s] Level 1:colcon.colcon_core.package_discovery:discover_packages(colcon_meta) discover
[0.262s] Level 1:colcon.colcon_core.package_discovery:discover_packages(recursive) discover
[0.262s] INFO:colcon.colcon_core.package_discovery:Crawling recursively for packages in '/home/corey/uumotor-servo-motor-driver-ros2'
[0.262s] Level 1:colcon.colcon_core.package_identification:_identify(.) by extensions ['ignore', 'ignore_ament_install']
[0.262s] Level 1:colcon.colcon_core.package_identification:_identify(.) by extension 'ignore'
[0.262s] Level 1:colcon.colcon_core.package_identification:_identify(.) by extension 'ignore_ament_install'
[0.262s] Level 1:colcon.colcon_core.package_identification:_identify(.) by extensions ['colcon_pkg']
[0.262s] Level 1:colcon.colcon_core.package_identification:_identify(.) by extension 'colcon_pkg'
[0.262s] Level 1:colcon.colcon_core.package_identification:_identify(.) by extensions ['colcon_meta']
[0.263s] Level 1:colcon.colcon_core.package_identification:_identify(.) by extension 'colcon_meta'
[0.263s] Level 1:colcon.colcon_core.package_identification:_identify(.) by extensions ['ros']
[0.263s] Level 1:colcon.colcon_core.package_identification:_identify(.) by extension 'ros'
[0.275s] Level 1:colcon.colcon_core.package_identification:_identify(.) by extensions ['cmake', 'python']
[0.275s] Level 1:colcon.colcon_core.package_identification:_identify(.) by extension 'cmake'
[0.275s] Level 1:colcon.colcon_core.package_identification:_identify(.) by extension 'python'
[0.275s] Level 1:colcon.colcon_core.package_identification:_identify(.) by extensions ['python_setup_py']
[0.275s] Level 1:colcon.colcon_core.package_identification:_identify(.) by extension 'python_setup_py'
[0.275s] Level 1:colcon.colcon_core.package_identification:_identify(build) by extensions ['ignore', 'ignore_ament_install']
[0.275s] Level 1:colcon.colcon_core.package_identification:_identify(build) by extension 'ignore'
[0.275s] Level 1:colcon.colcon_core.package_identification:_identify(build) ignored
[0.275s] Level 1:colcon.colcon_core.package_identification:_identify(install) by extensions ['ignore', 'ignore_ament_install']
[0.276s] Level 1:colcon.colcon_core.package_identification:_identify(install) by extension 'ignore'
[0.276s] Level 1:colcon.colcon_core.package_identification:_identify(install) ignored
[0.276s] Level 1:colcon.colcon_core.package_identification:_identify(log) by extensions ['ignore', 'ignore_ament_install']
[0.276s] Level 1:colcon.colcon_core.package_identification:_identify(log) by extension 'ignore'
[0.276s] Level 1:colcon.colcon_core.package_identification:_identify(log) ignored
[0.276s] Level 1:colcon.colcon_core.package_identification:_identify(src) by extensions ['ignore', 'ignore_ament_install']
[0.276s] Level 1:colcon.colcon_core.package_identification:_identify(src) by extension 'ignore'
[0.276s] Level 1:colcon.colcon_core.package_identification:_identify(src) by extension 'ignore_ament_install'
[0.276s] Level 1:colcon.colcon_core.package_identification:_identify(src) by extensions ['colcon_pkg']
[0.276s] Level 1:colcon.colcon_core.package_identification:_identify(src) by extension 'colcon_pkg'
[0.276s] Level 1:colcon.colcon_core.package_identification:_identify(src) by extensions ['colcon_meta']
[0.276s] Level 1:colcon.colcon_core.package_identification:_identify(src) by extension 'colcon_meta'
[0.276s] Level 1:colcon.colcon_core.package_identification:_identify(src) by extensions ['ros']
[0.276s] Level 1:colcon.colcon_core.package_identification:_identify(src) by extension 'ros'
[0.276s] Level 1:colcon.colcon_core.package_identification:_identify(src) by extensions ['cmake', 'python']
[0.276s] Level 1:colcon.colcon_core.package_identification:_identify(src) by extension 'cmake'
[0.276s] Level 1:colcon.colcon_core.package_identification:_identify(src) by extension 'python'
[0.276s] Level 1:colcon.colcon_core.package_identification:_identify(src) by extensions ['python_setup_py']
[0.276s] Level 1:colcon.colcon_core.package_identification:_identify(src) by extension 'python_setup_py'
[0.276s] Level 1:colcon.colcon_core.package_identification:_identify(src/serial) by extensions ['ignore', 'ignore_ament_install']
[0.276s] Level 1:colcon.colcon_core.package_identification:_identify(src/serial) by extension 'ignore'
[0.277s] Level 1:colcon.colcon_core.package_identification:_identify(src/serial) by extension 'ignore_ament_install'
[0.277s] Level 1:colcon.colcon_core.package_identification:_identify(src/serial) by extensions ['colcon_pkg']
[0.277s] Level 1:colcon.colcon_core.package_identification:_identify(src/serial) by extension 'colcon_pkg'
[0.277s] Level 1:colcon.colcon_core.package_identification:_identify(src/serial) by extensions ['colcon_meta']
[0.277s] Level 1:colcon.colcon_core.package_identification:_identify(src/serial) by extension 'colcon_meta'
[0.277s] Level 1:colcon.colcon_core.package_identification:_identify(src/serial) by extensions ['ros']
[0.277s] Level 1:colcon.colcon_core.package_identification:_identify(src/serial) by extension 'ros'
[0.278s] DEBUG:colcon.colcon_core.package_identification:Package 'src/serial' with type 'ros.ament_cmake' and name 'serial'
[0.278s] Level 1:colcon.colcon_core.package_identification:_identify(src/uumotor_servo_motor_driver) by extensions ['ignore', 'ignore_ament_install']
[0.279s] Level 1:colcon.colcon_core.package_identification:_identify(src/uumotor_servo_motor_driver) by extension 'ignore'
[0.279s] Level 1:colcon.colcon_core.package_identification:_identify(src/uumotor_servo_motor_driver) by extension 'ignore_ament_install'
[0.279s] Level 1:colcon.colcon_core.package_identification:_identify(src/uumotor_servo_motor_driver) by extensions ['colcon_pkg']
[0.279s] Level 1:colcon.colcon_core.package_identification:_identify(src/uumotor_servo_motor_driver) by extension 'colcon_pkg'
[0.279s] Level 1:colcon.colcon_core.package_identification:_identify(src/uumotor_servo_motor_driver) by extensions ['colcon_meta']
[0.279s] Level 1:colcon.colcon_core.package_identification:_identify(src/uumotor_servo_motor_driver) by extension 'colcon_meta'
[0.279s] Level 1:colcon.colcon_core.package_identification:_identify(src/uumotor_servo_motor_driver) by extensions ['ros']
[0.279s] Level 1:colcon.colcon_core.package_identification:_identify(src/uumotor_servo_motor_driver) by extension 'ros'
[0.279s] DEBUG:colcon.colcon_core.package_identification:Package 'src/uumotor_servo_motor_driver' with type 'ros.ament_cmake' and name 'uumotor_servo_motor_driver'
[0.279s] Level 1:colcon.colcon_core.package_discovery:discover_packages(recursive) using defaults
[0.279s] Level 1:colcon.colcon_core.package_discovery:discover_packages(ignore) discover
[0.279s] Level 1:colcon.colcon_core.package_discovery:discover_packages(ignore) using defaults
[0.279s] Level 1:colcon.colcon_core.package_discovery:discover_packages(path) discover
[0.279s] Level 1:colcon.colcon_core.package_discovery:discover_packages(path) using defaults
[0.293s] Level 1:colcon.colcon_core.package_discovery:discover_packages(prefix_path) check parameters
[0.293s] Level 1:colcon.colcon_core.package_discovery:discover_packages(prefix_path) discover
[0.295s] DEBUG:colcon.colcon_installed_package_information.package_discovery:Found 2 installed packages in /home/corey/uumotor-servo-motor-driver-ros2/install
[0.297s] DEBUG:colcon.colcon_installed_package_information.package_discovery:Found 350 installed packages in /opt/ros/galactic
[0.298s] Level 1:colcon.colcon_core.package_discovery:discover_packages(prefix_path) using defaults
[0.360s] Level 5:colcon.colcon_core.verb:set package 'serial' build argument 'cmake_args' from command line to 'None'
[0.360s] Level 5:colcon.colcon_core.verb:set package 'serial' build argument 'cmake_target' from command line to 'None'
[0.361s] Level 5:colcon.colcon_core.verb:set package 'serial' build argument 'cmake_target_skip_unavailable' from command line to 'False'
[0.361s] Level 5:colcon.colcon_core.verb:set package 'serial' build argument 'cmake_clean_cache' from command line to 'False'
[0.361s] Level 5:colcon.colcon_core.verb:set package 'serial' build argument 'cmake_clean_first' from command line to 'False'
[0.361s] Level 5:colcon.colcon_core.verb:set package 'serial' build argument 'cmake_force_configure' from command line to 'False'
[0.361s] Level 5:colcon.colcon_core.verb:set package 'serial' build argument 'ament_cmake_args' from command line to 'None'
[0.361s] Level 5:colcon.colcon_core.verb:set package 'serial' build argument 'catkin_cmake_args' from command line to 'None'
[0.361s] Level 5:colcon.colcon_core.verb:set package 'serial' build argument 'catkin_skip_building_tests' from command line to 'False'
[0.361s] DEBUG:colcon.colcon_core.verb:Building package 'serial' with the following arguments: {'ament_cmake_args': None, 'build_base': '/home/corey/uumotor-servo-motor-driver-ros2/build/serial', 'catkin_cmake_args': None, 'catkin_skip_building_tests': False, 'cmake_args': None, 'cmake_clean_cache': False, 'cmake_clean_first': False, 'cmake_force_configure': False, 'cmake_target': None, 'cmake_target_skip_unavailable': False, 'install_base': '/home/corey/uumotor-servo-motor-driver-ros2/install/serial', 'merge_install': False, 'path': '/home/corey/uumotor-servo-motor-driver-ros2/src/serial', 'symlink_install': True, 'test_result_base': None}
[0.361s] Level 5:colcon.colcon_core.verb:set package 'uumotor_servo_motor_driver' build argument 'cmake_args' from command line to 'None'
[0.361s] Level 5:colcon.colcon_core.verb:set package 'uumotor_servo_motor_driver' build argument 'cmake_target' from command line to 'None'
[0.361s] Level 5:colcon.colcon_core.verb:set package 'uumotor_servo_motor_driver' build argument 'cmake_target_skip_unavailable' from command line to 'False'
[0.361s] Level 5:colcon.colcon_core.verb:set package 'uumotor_servo_motor_driver' build argument 'cmake_clean_cache' from command line to 'False'
[0.362s] Level 5:colcon.colcon_core.verb:set package 'uumotor_servo_motor_driver' build argument 'cmake_clean_first' from command line to 'False'
[0.362s] Level 5:colcon.colcon_core.verb:set package 'uumotor_servo_motor_driver' build argument 'cmake_force_configure' from command line to 'False'
[0.362s] Level 5:colcon.colcon_core.verb:set package 'uumotor_servo_motor_driver' build argument 'ament_cmake_args' from command line to 'None'
[0.362s] Level 5:colcon.colcon_core.verb:set package 'uumotor_servo_motor_driver' build argument 'catkin_cmake_args' from command line to 'None'
[0.362s] Level 5:colcon.colcon_core.verb:set package 'uumotor_servo_motor_driver' build argument 'catkin_skip_building_tests' from command line to 'False'
[0.362s] DEBUG:colcon.colcon_core.verb:Building package 'uumotor_servo_motor_driver' with the following arguments: {'ament_cmake_args': None, 'build_base': '/home/corey/uumotor-servo-motor-driver-ros2/build/uumotor_servo_motor_driver', 'catkin_cmake_args': None, 'catkin_skip_building_tests': False, 'cmake_args': None, 'cmake_clean_cache': False, 'cmake_clean_first': False, 'cmake_force_configure': False, 'cmake_target': None, 'cmake_target_skip_unavailable': False, 'install_base': '/home/corey/uumotor-servo-motor-driver-ros2/install/uumotor_servo_motor_driver', 'merge_install': False, 'path': '/home/corey/uumotor-servo-motor-driver-ros2/src/uumotor_servo_motor_driver', 'symlink_install': True, 'test_result_base': None}
[0.362s] INFO:colcon.colcon_core.executor:Executing jobs using 'parallel' executor
[0.365s] DEBUG:colcon.colcon_parallel_executor.executor.parallel:run_until_complete
[0.365s] INFO:colcon.colcon_ros.task.ament_cmake.build:Building ROS package in '/home/corey/uumotor-servo-motor-driver-ros2/src/serial' with build type 'ament_cmake'
[0.365s] INFO:colcon.colcon_cmake.task.cmake.build:Building CMake package in '/home/corey/uumotor-servo-motor-driver-ros2/src/serial'
[0.368s] INFO:colcon.colcon_core.plugin_system:Skipping extension 'colcon_core.shell.bat': Not used on non-Windows systems
[0.368s] INFO:colcon.colcon_core.shell:Skip shell extension 'powershell' for command environment: Not usable outside of PowerShell
[0.369s] DEBUG:colcon.colcon_core.shell:Skip shell extension 'dsv' for command environment
[0.373s] INFO:colcon.colcon_ros.task.ament_cmake.build:Building ROS package in '/home/corey/uumotor-servo-motor-driver-ros2/src/uumotor_servo_motor_driver' with build type 'ament_cmake'
[0.374s] INFO:colcon.colcon_cmake.task.cmake.build:Building CMake package in '/home/corey/uumotor-servo-motor-driver-ros2/src/uumotor_servo_motor_driver'
[0.375s] INFO:colcon.colcon_core.shell:Skip shell extension 'powershell' for command environment: Not usable outside of PowerShell
[0.375s] DEBUG:colcon.colcon_core.shell:Skip shell extension 'dsv' for command environment
[0.387s] DEBUG:colcon.colcon_core.event_handler.log_command:Invoking command in '/home/corey/uumotor-servo-motor-driver-ros2/build/serial': CMAKE_PREFIX_PATH=${CMAKE_PREFIX_PATH}:/opt/ros/galactic /home/corey/.local/bin/cmake --build /home/corey/uumotor-servo-motor-driver-ros2/build/serial -- -j16 -l16
[0.394s] DEBUG:colcon.colcon_core.event_handler.log_command:Invoking command in '/home/corey/uumotor-servo-motor-driver-ros2/build/uumotor_servo_motor_driver': CMAKE_PREFIX_PATH=${CMAKE_PREFIX_PATH}:/opt/ros/galactic /home/corey/.local/bin/cmake --build /home/corey/uumotor-servo-motor-driver-ros2/build/uumotor_servo_motor_driver -- -j16 -l16
[0.466s] DEBUG:colcon.colcon_core.event_handler.log_command:Invoked command in '/home/corey/uumotor-servo-motor-driver-ros2/build/serial' returned '0': CMAKE_PREFIX_PATH=${CMAKE_PREFIX_PATH}:/opt/ros/galactic /home/corey/.local/bin/cmake --build /home/corey/uumotor-servo-motor-driver-ros2/build/serial -- -j16 -l16
[0.529s] DEBUG:colcon.colcon_core.event_handler.log_command:Invoking command in '/home/corey/uumotor-servo-motor-driver-ros2/build/serial': CMAKE_PREFIX_PATH=${CMAKE_PREFIX_PATH}:/opt/ros/galactic /home/corey/.local/bin/cmake --install /home/corey/uumotor-servo-motor-driver-ros2/build/serial
[0.555s] Level 1:colcon.colcon_core.environment:create_environment_scripts_only(serial)
[0.555s] DEBUG:colcon.colcon_core.event_handler.log_command:Invoked command in '/home/corey/uumotor-servo-motor-driver-ros2/build/serial' returned '0': CMAKE_PREFIX_PATH=${CMAKE_PREFIX_PATH}:/opt/ros/galactic /home/corey/.local/bin/cmake --install /home/corey/uumotor-servo-motor-driver-ros2/build/serial
[0.560s] Level 1:colcon.colcon_core.environment:checking '/home/corey/uumotor-servo-motor-driver-ros2/install/serial' for CMake module files
[0.560s] Level 1:colcon.colcon_core.environment:checking '/home/corey/uumotor-servo-motor-driver-ros2/install/serial' for CMake config files
[0.560s] Level 1:colcon.colcon_core.shell:create_environment_hook('serial', 'cmake_prefix_path')
[0.561s] INFO:colcon.colcon_core.shell:Creating environment hook '/home/corey/uumotor-servo-motor-driver-ros2/install/serial/share/serial/hook/cmake_prefix_path.ps1'
[0.562s] INFO:colcon.colcon_core.shell:Creating environment descriptor '/home/corey/uumotor-servo-motor-driver-ros2/install/serial/share/serial/hook/cmake_prefix_path.dsv'
[0.562s] INFO:colcon.colcon_core.shell:Creating environment hook '/home/corey/uumotor-servo-motor-driver-ros2/install/serial/share/serial/hook/cmake_prefix_path.sh'
[0.563s] Level 1:colcon.colcon_core.environment:checking '/home/corey/uumotor-servo-motor-driver-ros2/install/serial/lib'
[0.563s] Level 1:colcon.colcon_core.environment:checking '/home/corey/uumotor-servo-motor-driver-ros2/install/serial/bin'
[0.563s] Level 1:colcon.colcon_core.environment:checking '/home/corey/uumotor-servo-motor-driver-ros2/install/serial/lib/pkgconfig/serial.pc'
[0.563s] Level 1:colcon.colcon_core.environment:checking '/home/corey/uumotor-servo-motor-driver-ros2/install/serial/lib/python3.8/site-packages'
[0.563s] Level 1:colcon.colcon_core.environment:checking '/home/corey/uumotor-servo-motor-driver-ros2/install/serial/bin'
[0.564s] INFO:colcon.colcon_core.shell:Creating package script '/home/corey/uumotor-servo-motor-driver-ros2/install/serial/share/serial/package.ps1'
[0.565s] INFO:colcon.colcon_core.shell:Creating package descriptor '/home/corey/uumotor-servo-motor-driver-ros2/install/serial/share/serial/package.dsv'
[0.565s] INFO:colcon.colcon_core.shell:Creating package script '/home/corey/uumotor-servo-motor-driver-ros2/install/serial/share/serial/package.sh'
[0.566s] INFO:colcon.colcon_core.shell:Creating package script '/home/corey/uumotor-servo-motor-driver-ros2/install/serial/share/serial/package.bash'
[0.566s] INFO:colcon.colcon_core.shell:Creating package script '/home/corey/uumotor-servo-motor-driver-ros2/install/serial/share/serial/package.zsh'
[0.567s] Level 1:colcon.colcon_core.environment:create_file_with_runtime_dependencies(/home/corey/uumotor-servo-motor-driver-ros2/install/serial/share/colcon-core/packages/serial)
[0.604s] Level 1:colcon.colcon_core.environment:create_environment_scripts_only(serial)
[0.606s] Level 1:colcon.colcon_core.environment:checking '/home/corey/uumotor-servo-motor-driver-ros2/install/serial' for CMake module files
[0.606s] Level 1:colcon.colcon_core.environment:checking '/home/corey/uumotor-servo-motor-driver-ros2/install/serial' for CMake config files
[0.606s] Level 1:colcon.colcon_core.shell:create_environment_hook('serial', 'cmake_prefix_path')
[0.607s] INFO:colcon.colcon_core.shell:Creating environment hook '/home/corey/uumotor-servo-motor-driver-ros2/install/serial/share/serial/hook/cmake_prefix_path.ps1'
[0.608s] INFO:colcon.colcon_core.shell:Creating environment descriptor '/home/corey/uumotor-servo-motor-driver-ros2/install/serial/share/serial/hook/cmake_prefix_path.dsv'
[0.608s] INFO:colcon.colcon_core.shell:Creating environment hook '/home/corey/uumotor-servo-motor-driver-ros2/install/serial/share/serial/hook/cmake_prefix_path.sh'
[0.608s] Level 1:colcon.colcon_core.environment:checking '/home/corey/uumotor-servo-motor-driver-ros2/install/serial/lib'
[0.608s] Level 1:colcon.colcon_core.environment:checking '/home/corey/uumotor-servo-motor-driver-ros2/install/serial/bin'
[0.609s] Level 1:colcon.colcon_core.environment:checking '/home/corey/uumotor-servo-motor-driver-ros2/install/serial/lib/pkgconfig/serial.pc'
[0.609s] Level 1:colcon.colcon_core.environment:checking '/home/corey/uumotor-servo-motor-driver-ros2/install/serial/lib/python3.8/site-packages'
[0.609s] Level 1:colcon.colcon_core.environment:checking '/home/corey/uumotor-servo-motor-driver-ros2/install/serial/bin'
[0.610s] INFO:colcon.colcon_core.shell:Creating package script '/home/corey/uumotor-servo-motor-driver-ros2/install/serial/share/serial/package.ps1'
[0.610s] INFO:colcon.colcon_core.shell:Creating package descriptor '/home/corey/uumotor-servo-motor-driver-ros2/install/serial/share/serial/package.dsv'
[0.611s] INFO:colcon.colcon_core.shell:Creating package script '/home/corey/uumotor-servo-motor-driver-ros2/install/serial/share/serial/package.sh'
[0.611s] INFO:colcon.colcon_core.shell:Creating package script '/home/corey/uumotor-servo-motor-driver-ros2/install/serial/share/serial/package.bash'
[0.611s] INFO:colcon.colcon_core.shell:Creating package script '/home/corey/uumotor-servo-motor-driver-ros2/install/serial/share/serial/package.zsh'
[0.611s] Level 1:colcon.colcon_core.environment:create_file_with_runtime_dependencies(/home/corey/uumotor-servo-motor-driver-ros2/install/serial/share/colcon-core/packages/serial)
[0.970s] DEBUG:colcon.colcon_core.event_handler.log_command:Invoked command in '/home/corey/uumotor-servo-motor-driver-ros2/build/uumotor_servo_motor_driver' returned '2': CMAKE_PREFIX_PATH=${CMAKE_PREFIX_PATH}:/opt/ros/galactic /home/corey/.local/bin/cmake --build /home/corey/uumotor-servo-motor-driver-ros2/build/uumotor_servo_motor_driver -- -j16 -l16
[1.005s] Level 1:colcon.colcon_core.environment:create_environment_scripts_only(uumotor_servo_motor_driver)
[1.007s] Level 1:colcon.colcon_core.environment:checking '/home/corey/uumotor-servo-motor-driver-ros2/install/uumotor_servo_motor_driver' for CMake module files
[1.007s] Level 1:colcon.colcon_core.environment:checking '/home/corey/uumotor-servo-motor-driver-ros2/install/uumotor_servo_motor_driver' for CMake config files
[1.008s] Level 1:colcon.colcon_core.environment:checking '/home/corey/uumotor-servo-motor-driver-ros2/install/uumotor_servo_motor_driver/bin'
[1.008s] Level 1:colcon.colcon_core.environment:checking '/home/corey/uumotor-servo-motor-driver-ros2/install/uumotor_servo_motor_driver/lib/pkgconfig/uumotor_servo_motor_driver.pc'
[1.008s] Level 1:colcon.colcon_core.environment:checking '/home/corey/uumotor-servo-motor-driver-ros2/install/uumotor_servo_motor_driver/lib/python3.8/site-packages'
[1.008s] Level 1:colcon.colcon_core.environment:checking '/home/corey/uumotor-servo-motor-driver-ros2/install/uumotor_servo_motor_driver/bin'
[1.009s] INFO:colcon.colcon_core.shell:Creating package script '/home/corey/uumotor-servo-motor-driver-ros2/install/uumotor_servo_motor_driver/share/uumotor_servo_motor_driver/package.ps1'
[1.010s] INFO:colcon.colcon_core.shell:Creating package descriptor '/home/corey/uumotor-servo-motor-driver-ros2/install/uumotor_servo_motor_driver/share/uumotor_servo_motor_driver/package.dsv'
[1.010s] INFO:colcon.colcon_core.shell:Creating package script '/home/corey/uumotor-servo-motor-driver-ros2/install/uumotor_servo_motor_driver/share/uumotor_servo_motor_driver/package.sh'
[1.010s] INFO:colcon.colcon_core.shell:Creating package script '/home/corey/uumotor-servo-motor-driver-ros2/install/uumotor_servo_motor_driver/share/uumotor_servo_motor_driver/package.bash'
[1.011s] INFO:colcon.colcon_core.shell:Creating package script '/home/corey/uumotor-servo-motor-driver-ros2/install/uumotor_servo_motor_driver/share/uumotor_servo_motor_driver/package.zsh'
[1.011s] Level 1:colcon.colcon_core.environment:create_file_with_runtime_dependencies(/home/corey/uumotor-servo-motor-driver-ros2/install/uumotor_servo_motor_driver/share/colcon-core/packages/uumotor_servo_motor_driver)
[1.021s] DEBUG:colcon.colcon_parallel_executor.executor.parallel:closing loop
[1.022s] DEBUG:colcon.colcon_parallel_executor.executor.parallel:loop closed
[1.022s] DEBUG:colcon.colcon_parallel_executor.executor.parallel:run_until_complete finished with '2'
[1.022s] DEBUG:colcon.colcon_core.event_reactor:joining thread
[1.027s] INFO:colcon.colcon_core.plugin_system:Skipping extension 'colcon_notification.desktop_notification.terminal_notifier': Not used on non-Darwin systems
[1.027s] INFO:colcon.colcon_core.plugin_system:Skipping extension 'colcon_notification.desktop_notification.win32': Not used on non-Windows systems
[1.027s] INFO:colcon.colcon_notification.desktop_notification:Sending desktop notification using 'notify2'
[1.036s] DEBUG:colcon.colcon_core.event_reactor:joined thread
[1.037s] INFO:colcon.colcon_core.shell:Creating prefix script '/home/corey/uumotor-servo-motor-driver-ros2/install/local_setup.ps1'
[1.038s] INFO:colcon.colcon_core.shell:Creating prefix util module '/home/corey/uumotor-servo-motor-driver-ros2/install/_local_setup_util_ps1.py'
[1.039s] INFO:colcon.colcon_core.shell:Creating prefix chain script '/home/corey/uumotor-servo-motor-driver-ros2/install/setup.ps1'
[1.040s] INFO:colcon.colcon_core.shell:Creating prefix script '/home/corey/uumotor-servo-motor-driver-ros2/install/local_setup.sh'
[1.040s] INFO:colcon.colcon_core.shell:Creating prefix util module '/home/corey/uumotor-servo-motor-driver-ros2/install/_local_setup_util_sh.py'
[1.040s] INFO:colcon.colcon_core.shell:Creating prefix chain script '/home/corey/uumotor-servo-motor-driver-ros2/install/setup.sh'
[1.042s] INFO:colcon.colcon_core.shell:Creating prefix script '/home/corey/uumotor-servo-motor-driver-ros2/install/local_setup.bash'
[1.043s] INFO:colcon.colcon_core.shell:Creating prefix chain script '/home/corey/uumotor-servo-motor-driver-ros2/install/setup.bash'
[1.044s] INFO:colcon.colcon_core.shell:Creating prefix script '/home/corey/uumotor-servo-motor-driver-ros2/install/local_setup.zsh'
[1.044s] INFO:colcon.colcon_core.shell:Creating prefix chain script '/home/corey/uumotor-servo-motor-driver-ros2/install/setup.zsh'
