[ 12%] [32mBuilding CXX object CMakeFiles/fun.dir/src/functions.cpp.o[0m
[ 25%] [32mBuilding CXX object CMakeFiles/uumotor_servo_motor_driver.dir/src/functions.cpp.o[0m
[01m[K/home/corey/uumotor-servo-motor-driver-ros2/src/uumotor_servo_motor_driver/src/functions.cpp:31:9:[m[K [01;31m[Kerror: [m[Kno declaration matches ‘[01m[Kuint8_t Functions::get_hex_msg(uint8_t&, uint16_t)[m[K’
   31 | uint8_t [01;31m[KFunctions[m[K::get_hex_msg(uint8_t &data, uint16_t crc)
      |         [01;31m[K^~~~~~~~~[m[K
In file included from [01m[K/home/corey/uumotor-servo-motor-driver-ros2/src/uumotor_servo_motor_driver/src/functions.cpp:1[m[K:
[01m[K/home/corey/uumotor-servo-motor-driver-ros2/src/uumotor_servo_motor_driver/include/uumotor_servo_motor_driver/functions.h:18:10:[m[K [01;36m[Knote: [m[Kcandidate is: ‘[01m[Kvoid Functions::get_hex_msg(uint8_t&, uint16_t)[m[K’
   18 |     void [01;36m[Kget_hex_msg[m[K(uint8_t &data, uint16_t crc);
      |          [01;36m[K^~~~~~~~~~~[m[K
[01m[K/home/corey/uumotor-servo-motor-driver-ros2/src/uumotor_servo_motor_driver/include/uumotor_servo_motor_driver/functions.h:9:7:[m[K [01;36m[Knote: [m[K‘[01m[Kclass Functions[m[K’ defined here
    9 | class [01;36m[KFunctions[m[K
      |       [01;36m[K^~~~~~~~~[m[K
[01m[K/home/corey/uumotor-servo-motor-driver-ros2/src/uumotor_servo_motor_driver/src/functions.cpp:31:9:[m[K [01;31m[Kerror: [m[Kno declaration matches ‘[01m[Kuint8_t Functions::get_hex_msg(uint8_t&, uint16_t)[m[K’
   31 | uint8_t [01;31m[KFunctions[m[K::get_hex_msg(uint8_t &data, uint16_t crc)
      |         [01;31m[K^~~~~~~~~[m[K
In file included from [01m[K/home/corey/uumotor-servo-motor-driver-ros2/src/uumotor_servo_motor_driver/src/functions.cpp:1[m[K:
[01m[K/home/corey/uumotor-servo-motor-driver-ros2/src/uumotor_servo_motor_driver/include/uumotor_servo_motor_driver/functions.h:18:10:[m[K [01;36m[Knote: [m[Kcandidate is: ‘[01m[Kvoid Functions::get_hex_msg(uint8_t&, uint16_t)[m[K’
   18 |     void [01;36m[Kget_hex_msg[m[K(uint8_t &data, uint16_t crc);
      |          [01;36m[K^~~~~~~~~~~[m[K
[01m[K/home/corey/uumotor-servo-motor-driver-ros2/src/uumotor_servo_motor_driver/include/uumotor_servo_motor_driver/functions.h:9:7:[m[K [01;36m[Knote: [m[K‘[01m[Kclass Functions[m[K’ defined here
    9 | class [01;36m[KFunctions[m[K
      |       [01;36m[K^~~~~~~~~[m[K
make[2]: *** [CMakeFiles/fun.dir/build.make:76: CMakeFiles/fun.dir/src/functions.cpp.o] Error 1
make[1]: *** [CMakeFiles/Makefile2:193: CMakeFiles/fun.dir/all] Error 2
make[1]: *** Waiting for unfinished jobs....
make[2]: *** [CMakeFiles/uumotor_servo_motor_driver.dir/build.make:90: CMakeFiles/uumotor_servo_motor_driver.dir/src/functions.cpp.o] Error 1
make[1]: *** [CMakeFiles/Makefile2:141: CMakeFiles/uumotor_servo_motor_driver.dir/all] Error 2
make: *** [Makefile:146: all] Error 2
