[0.013s] Invoking command in '/home/corey/uumotor-servo-motor-driver-ros2/build/uumotor_servo_motor_driver': CMAKE_PREFIX_PATH=/opt/ros/galactic /home/corey/.local/bin/cmake --build /home/corey/uumotor-servo-motor-driver-ros2/build/uumotor_servo_motor_driver -- -j16 -l16
[0.040s] -- Found ament_cmake: 1.1.6 (/opt/ros/galactic/share/ament_cmake/cmake)
[0.042s] [33mCMake Warning (dev) at /opt/ros/galactic/share/ament_cmake_core/cmake/core/python.cmake:22 (find_package):
[0.042s]   Policy CMP0148 is not set: The FindPythonInterp and FindPythonLibs modules
[0.042s]   are removed.  Run "cmake --help-policy CMP0148" for policy details.  Use
[0.042s]   the cmake_policy command to set the policy and suppress this warning.
[0.042s] 
[0.042s] Call Stack (most recent call first):
[0.042s]   /opt/ros/galactic/share/ament_cmake_core/cmake/core/all.cmake:53 (include)
[0.042s]   /opt/ros/galactic/share/ament_cmake_core/cmake/ament_cmake_core-extras.cmake:17 (include)
[0.042s]   /opt/ros/galactic/share/ament_cmake_core/cmake/ament_cmake_coreConfig.cmake:41 (include)
[0.043s]   /opt/ros/galactic/share/ament_cmake/cmake/ament_cmake_export_dependencies-extras.cmake:15 (find_package)
[0.043s]   /opt/ros/galactic/share/ament_cmake/cmake/ament_cmakeConfig.cmake:41 (include)
[0.043s]   CMakeLists.txt:9 (find_package)
[0.043s] This warning is for project developers.  Use -Wno-dev to suppress it.
[0.043s] [0m
[0.056s] -- Using PYTHON_EXECUTABLE: /usr/bin/python3
[0.093s] -- Override CMake install command with custom implementation using symlinks instead of copying resources
[0.106s] [31mCMake Error at CMakeLists.txt:10 (find_package):
[0.106s]   By not providing "Findserial.cmake" in CMAKE_MODULE_PATH this project has
[0.106s]   asked CMake to find a package configuration file provided by "serial", but
[0.106s]   CMake did not find one.
[0.106s] 
[0.106s]   Could not find a package configuration file provided by "serial" with any
[0.106s]   of the following names:
[0.106s] 
[0.106s]     serialConfig.cmake
[0.107s]     serial-config.cmake
[0.107s] 
[0.107s]   Add the installation prefix of "serial" to CMAKE_PREFIX_PATH or set
[0.107s]   "serial_DIR" to a directory containing one of the above files.  If "serial"
[0.107s]   provides a separate development package or SDK, be sure it has been
[0.107s]   installed.
[0.107s] 
[0.107s] [0m
[0.107s] -- Configuring incomplete, errors occurred!
[0.107s] make: *** [Makefile:335: cmake_check_build_system] Error 1
[0.115s] Invoked command in '/home/corey/uumotor-servo-motor-driver-ros2/build/uumotor_servo_motor_driver' returned '2': CMAKE_PREFIX_PATH=/opt/ros/galactic /home/corey/.local/bin/cmake --build /home/corey/uumotor-servo-motor-driver-ros2/build/uumotor_servo_motor_driver -- -j16 -l16
