[0.014s] Invoking command in '/home/corey/uumotor-servo-motor-driver-ros2/build/uumotor_servo_motor_driver': CMAKE_PREFIX_PATH=${CMAKE_PREFIX_PATH}:/opt/ros/galactic /home/corey/.local/bin/cmake --build /home/corey/uumotor-servo-motor-driver-ros2/build/uumotor_servo_motor_driver -- -j16 -l16
[0.048s] [ 18%] Built target fun
[0.050s] [ 36%] Built target cmd
[0.050s] [ 63%] Built target uumotor_servo_motor_driver
[0.068s] [ 72%] [32mBuilding CXX object CMakeFiles/driver.dir/src/test_node.cpp.o[0m
[1.333s] In file included from [01m[K/home/corey/uumotor-servo-motor-driver-ros2/src/uumotor_servo_motor_driver/include/uumotor_servo_motor_driver/motor_controller.hpp:8[m[K,
[1.334s]                  from [01m[K/home/corey/uumotor-servo-motor-driver-ros2/src/uumotor_servo_motor_driver/src/test_node.cpp:10[m[K:
[1.334s] [01m[K/home/corey/uumotor-servo-motor-driver-ros2/src/uumotor_servo_motor_driver/include/uumotor_servo_motor_driver/comms.hpp:[m[K In member function ‘[01m[Kstd::vector<std::__cxx11::basic_string<char> > Comms::send_command(const std::vector<unsigned char, std::allocator<unsigned char> >&, bool)[m[K’:
[1.334s] [01m[K/home/corey/uumotor-servo-motor-driver-ros2/src/uumotor_servo_motor_driver/include/uumotor_servo_motor_driver/comms.hpp:66:56:[m[K [01;31m[Kerror: [m[Kno matching function for call to ‘[01m[Kstd::__cxx11::basic_string<char>::basic_string(char)[m[K’
[1.334s]    66 |                 output.push_back(string((char)hex_value[01;31m[K)[m[K);
[1.334s]       |                                                        [01;31m[K^[m[K
[1.334s] In file included from [01m[K/usr/include/c++/9/string:55[m[K,
[1.334s]                  from [01m[K/usr/include/c++/9/bits/locale_classes.h:40[m[K,
[1.334s]                  from [01m[K/usr/include/c++/9/bits/ios_base.h:41[m[K,
[1.334s]                  from [01m[K/usr/include/c++/9/ios:42[m[K,
[1.334s]                  from [01m[K/usr/include/c++/9/ostream:38[m[K,
[1.334s]                  from [01m[K/usr/include/c++/9/iostream:39[m[K,
[1.334s]                  from [01m[K/home/corey/uumotor-servo-motor-driver-ros2/src/uumotor_servo_motor_driver/src/test_node.cpp:1[m[K:
[1.334s] [01m[K/usr/include/c++/9/bits/basic_string.h:654:2:[m[K [01;36m[Knote: [m[Kcandidate: ‘[01m[Ktemplate<class _Tp, class> std::__cxx11::basic_string<_CharT, _Traits, _Alloc>::basic_string(const _Tp&, const _Alloc&)[m[K’
[1.334s]   654 |  [01;36m[Kbasic_string[m[K(const _Tp& __t, const _Alloc& __a = _Alloc())
[1.334s]       |  [01;36m[K^~~~~~~~~~~~[m[K
[1.334s] [01m[K/usr/include/c++/9/bits/basic_string.h:654:2:[m[K [01;36m[Knote: [m[K  template argument deduction/substitution failed:
[1.334s] In file included from [01m[K/usr/include/c++/9/bits/move.h:55[m[K,
[1.334s]                  from [01m[K/usr/include/c++/9/bits/nested_exception.h:40[m[K,
[1.334s]                  from [01m[K/usr/include/c++/9/exception:144[m[K,
[1.334s]                  from [01m[K/usr/include/c++/9/ios:39[m[K,
[1.335s]                  from [01m[K/usr/include/c++/9/ostream:38[m[K,
[1.335s]                  from [01m[K/usr/include/c++/9/iostream:39[m[K,
[1.335s]                  from [01m[K/home/corey/uumotor-servo-motor-driver-ros2/src/uumotor_servo_motor_driver/src/test_node.cpp:1[m[K:
[1.335s] /usr/include/c++/9/type_traits: In substitution of ‘[01m[Ktemplate<bool _Cond, class _Tp> using enable_if_t = typename std::enable_if::type [with bool _Cond = std::integral_constant<bool, false>::value; _Tp = void][m[K’:
[1.335s] [01m[K/usr/include/c++/9/bits/basic_string.h:121:8:[m[K   required by substitution of ‘[01m[Ktemplate<class _CharT, class _Traits, class _Alloc> template<class _Tp, class _Res> using _If_sv = std::enable_if_t<std::__and_<std::is_convertible<const _Tp&, std::basic_string_view<_CharT, _Traits> >, std::__not_<std::is_convertible<const _Tp*, const std::__cxx11::basic_string<_CharT, _Traits, _Alloc>*> >, std::__not_<std::is_convertible<const _Tp&, const _CharT*> > >::value, _Res> [with _Tp = char; _Res = void; _CharT = char; _Traits = std::char_traits<char>; _Alloc = std::allocator<char>][m[K’
[1.335s] [01m[K/usr/include/c++/9/bits/basic_string.h:652:30:[m[K   required from here
[1.335s] [01m[K/usr/include/c++/9/type_traits:2378:11:[m[K [01;31m[Kerror: [m[Kno type named ‘[01m[Ktype[m[K’ in ‘[01m[Kstruct std::enable_if<false, void>[m[K’
[1.335s]  2378 |     using [01;31m[Kenable_if_t[m[K = typename enable_if<_Cond, _Tp>::type;
[1.335s]       |           [01;31m[K^~~~~~~~~~~[m[K
[1.335s] In file included from [01m[K/usr/include/c++/9/string:55[m[K,
[1.335s]                  from [01m[K/usr/include/c++/9/bits/locale_classes.h:40[m[K,
[1.335s]                  from [01m[K/usr/include/c++/9/bits/ios_base.h:41[m[K,
[1.335s]                  from [01m[K/usr/include/c++/9/ios:42[m[K,
[1.335s]                  from [01m[K/usr/include/c++/9/ostream:38[m[K,
[1.335s]                  from [01m[K/usr/include/c++/9/iostream:39[m[K,
[1.335s]                  from [01m[K/home/corey/uumotor-servo-motor-driver-ros2/src/uumotor_servo_motor_driver/src/test_node.cpp:1[m[K:
[1.335s] [01m[K/usr/include/c++/9/bits/basic_string.h:643:2:[m[K [01;36m[Knote: [m[Kcandidate: ‘[01m[Ktemplate<class _Tp, class> std::__cxx11::basic_string<_CharT, _Traits, _Alloc>::basic_string(const _Tp&, std::__cxx11::basic_string<_CharT, _Traits, _Alloc>::size_type, std::__cxx11::basic_string<_CharT, _Traits, _Alloc>::size_type, const _Alloc&)[m[K’
[1.335s]   643 |  [01;36m[Kbasic_string[m[K(const _Tp& __t, size_type __pos, size_type __n,
[1.335s]       |  [01;36m[K^~~~~~~~~~~~[m[K
[1.335s] [01m[K/usr/include/c++/9/bits/basic_string.h:643:2:[m[K [01;36m[Knote: [m[K  template argument deduction/substitution failed:
[1.336s] In file included from [01m[K/home/corey/uumotor-servo-motor-driver-ros2/src/uumotor_servo_motor_driver/include/uumotor_servo_motor_driver/motor_controller.hpp:8[m[K,
[1.336s]                  from [01m[K/home/corey/uumotor-servo-motor-driver-ros2/src/uumotor_servo_motor_driver/src/test_node.cpp:10[m[K:
[1.336s] [01m[K/home/corey/uumotor-servo-motor-driver-ros2/src/uumotor_servo_motor_driver/include/uumotor_servo_motor_driver/comms.hpp:66:56:[m[K [01;36m[Knote: [m[K  candidate expects 4 arguments, 1 provided
[1.336s]    66 |                 output.push_back(string((char)hex_value[01;36m[K)[m[K);
[1.336s]       |                                                        [01;36m[K^[m[K
[1.336s] In file included from [01m[K/usr/include/c++/9/string:55[m[K,
[1.336s]                  from [01m[K/usr/include/c++/9/bits/locale_classes.h:40[m[K,
[1.336s]                  from [01m[K/usr/include/c++/9/bits/ios_base.h:41[m[K,
[1.336s]                  from [01m[K/usr/include/c++/9/ios:42[m[K,
[1.336s]                  from [01m[K/usr/include/c++/9/ostream:38[m[K,
[1.336s]                  from [01m[K/usr/include/c++/9/iostream:39[m[K,
[1.336s]                  from [01m[K/home/corey/uumotor-servo-motor-driver-ros2/src/uumotor_servo_motor_driver/src/test_node.cpp:1[m[K:
[1.336s] [01m[K/usr/include/c++/9/bits/basic_string.h:629:9:[m[K [01;36m[Knote: [m[Kcandidate: ‘[01m[Ktemplate<class _InputIterator, class> std::__cxx11::basic_string<_CharT, _Traits, _Alloc>::basic_string(_InputIterator, _InputIterator, const _Alloc&)[m[K’
[1.336s]   629 |         [01;36m[Kbasic_string[m[K(_InputIterator __beg, _InputIterator __end,
[1.336s]       |         [01;36m[K^~~~~~~~~~~~[m[K
[1.337s] [01m[K/usr/include/c++/9/bits/basic_string.h:629:9:[m[K [01;36m[Knote: [m[K  template argument deduction/substitution failed:
[1.337s] In file included from [01m[K/home/corey/uumotor-servo-motor-driver-ros2/src/uumotor_servo_motor_driver/include/uumotor_servo_motor_driver/motor_controller.hpp:8[m[K,
[1.337s]                  from [01m[K/home/corey/uumotor-servo-motor-driver-ros2/src/uumotor_servo_motor_driver/src/test_node.cpp:10[m[K:
[1.337s] [01m[K/home/corey/uumotor-servo-motor-driver-ros2/src/uumotor_servo_motor_driver/include/uumotor_servo_motor_driver/comms.hpp:66:56:[m[K [01;36m[Knote: [m[K  candidate expects 3 arguments, 1 provided
[1.337s]    66 |                 output.push_back(string((char)hex_value[01;36m[K)[m[K);
[1.337s]       |                                                        [01;36m[K^[m[K
[1.337s] In file included from [01m[K/usr/include/c++/9/string:55[m[K,
[1.337s]                  from [01m[K/usr/include/c++/9/bits/locale_classes.h:40[m[K,
[1.337s]                  from [01m[K/usr/include/c++/9/bits/ios_base.h:41[m[K,
[1.337s]                  from [01m[K/usr/include/c++/9/ios:42[m[K,
[1.337s]                  from [01m[K/usr/include/c++/9/ostream:38[m[K,
[1.337s]                  from [01m[K/usr/include/c++/9/iostream:39[m[K,
[1.337s]                  from [01m[K/home/corey/uumotor-servo-motor-driver-ros2/src/uumotor_servo_motor_driver/src/test_node.cpp:1[m[K:
[1.337s] [01m[K/usr/include/c++/9/bits/basic_string.h:591:7:[m[K [01;36m[Knote: [m[Kcandidate: ‘[01m[Kstd::__cxx11::basic_string<_CharT, _Traits, _Alloc>::basic_string(std::__cxx11::basic_string<_CharT, _Traits, _Alloc>&&, const _Alloc&) [with _CharT = char; _Traits = std::char_traits<char>; _Alloc = std::allocator<char>][m[K’
[1.337s]   591 |       [01;36m[Kbasic_string[m[K(basic_string&& __str, const _Alloc& __a)
[1.337s]       |       [01;36m[K^~~~~~~~~~~~[m[K
[1.337s] [01m[K/usr/include/c++/9/bits/basic_string.h:591:7:[m[K [01;36m[Knote: [m[K  candidate expects 2 arguments, 1 provided
[1.337s] [01m[K/usr/include/c++/9/bits/basic_string.h:587:7:[m[K [01;36m[Knote: [m[Kcandidate: ‘[01m[Kstd::__cxx11::basic_string<_CharT, _Traits, _Alloc>::basic_string(const std::__cxx11::basic_string<_CharT, _Traits, _Alloc>&, const _Alloc&) [with _CharT = char; _Traits = std::char_traits<char>; _Alloc = std::allocator<char>][m[K’
[1.337s]   587 |       [01;36m[Kbasic_string[m[K(const basic_string& __str, const _Alloc& __a)
[1.338s]       |       [01;36m[K^~~~~~~~~~~~[m[K
[1.338s] [01m[K/usr/include/c++/9/bits/basic_string.h:587:7:[m[K [01;36m[Knote: [m[K  candidate expects 2 arguments, 1 provided
[1.338s] [01m[K/usr/include/c++/9/bits/basic_string.h:583:7:[m[K [01;36m[Knote: [m[Kcandidate: ‘[01m[Kstd::__cxx11::basic_string<_CharT, _Traits, _Alloc>::basic_string(std::initializer_list<_Tp>, const _Alloc&) [with _CharT = char; _Traits = std::char_traits<char>; _Alloc = std::allocator<char>][m[K’
[1.338s]   583 |       [01;36m[Kbasic_string[m[K(initializer_list<_CharT> __l, const _Alloc& __a = _Alloc())
[1.338s]       |       [01;36m[K^~~~~~~~~~~~[m[K
[1.338s] [01m[K/usr/include/c++/9/bits/basic_string.h:583:45:[m[K [01;36m[Knote: [m[K  no known conversion for argument 1 from ‘[01m[Kchar[m[K’ to ‘[01m[Kstd::initializer_list<char>[m[K’
[1.338s]   583 |       basic_string([01;36m[Kinitializer_list<_CharT> __l[m[K, const _Alloc& __a = _Alloc())
[1.338s]       |                    [01;36m[K~~~~~~~~~~~~~~~~~~~~~~~~~^~~[m[K
[1.338s] [01m[K/usr/include/c++/9/bits/basic_string.h:556:7:[m[K [01;36m[Knote: [m[Kcandidate: ‘[01m[Kstd::__cxx11::basic_string<_CharT, _Traits, _Alloc>::basic_string(std::__cxx11::basic_string<_CharT, _Traits, _Alloc>&&) [with _CharT = char; _Traits = std::char_traits<char>; _Alloc = std::allocator<char>][m[K’
[1.338s]   556 |       [01;36m[Kbasic_string[m[K(basic_string&& __str) noexcept
[1.338s]       |       [01;36m[K^~~~~~~~~~~~[m[K
[1.338s] [01m[K/usr/include/c++/9/bits/basic_string.h:556:35:[m[K [01;36m[Knote: [m[K  no known conversion for argument 1 from ‘[01m[Kchar[m[K’ to ‘[01m[Kstd::__cxx11::basic_string<char>&&[m[K’
[1.338s]   556 |       basic_string([01;36m[Kbasic_string&& __str[m[K) noexcept
[1.338s]       |                    [01;36m[K~~~~~~~~~~~~~~~^~~~~[m[K
[1.338s] [01m[K/usr/include/c++/9/bits/basic_string.h:544:7:[m[K [01;36m[Knote: [m[Kcandidate: ‘[01m[Ktemplate<class> std::__cxx11::basic_string<_CharT, _Traits, _Alloc>::basic_string(std::__cxx11::basic_string<_CharT, _Traits, _Alloc>::size_type, _CharT, const _Alloc&)[m[K’
[1.338s]   544 |       [01;36m[Kbasic_string[m[K(size_type __n, _CharT __c, const _Alloc& __a = _Alloc())
[1.338s]       |       [01;36m[K^~~~~~~~~~~~[m[K
[1.339s] [01m[K/usr/include/c++/9/bits/basic_string.h:544:7:[m[K [01;36m[Knote: [m[K  template argument deduction/substitution failed:
[1.339s] In file included from [01m[K/home/corey/uumotor-servo-motor-driver-ros2/src/uumotor_servo_motor_driver/include/uumotor_servo_motor_driver/motor_controller.hpp:8[m[K,
[1.339s]                  from [01m[K/home/corey/uumotor-servo-motor-driver-ros2/src/uumotor_servo_motor_driver/src/test_node.cpp:10[m[K:
[1.339s] [01m[K/home/corey/uumotor-servo-motor-driver-ros2/src/uumotor_servo_motor_driver/include/uumotor_servo_motor_driver/comms.hpp:66:56:[m[K [01;36m[Knote: [m[K  candidate expects 3 arguments, 1 provided
[1.339s]    66 |                 output.push_back(string((char)hex_value[01;36m[K)[m[K);
[1.339s]       |                                                        [01;36m[K^[m[K
[1.339s] In file included from [01m[K/usr/include/c++/9/string:55[m[K,
[1.339s]                  from [01m[K/usr/include/c++/9/bits/locale_classes.h:40[m[K,
[1.339s]                  from [01m[K/usr/include/c++/9/bits/ios_base.h:41[m[K,
[1.339s]                  from [01m[K/usr/include/c++/9/ios:42[m[K,
[1.339s]                  from [01m[K/usr/include/c++/9/ostream:38[m[K,
[1.339s]                  from [01m[K/usr/include/c++/9/iostream:39[m[K,
[1.340s]                  from [01m[K/home/corey/uumotor-servo-motor-driver-ros2/src/uumotor_servo_motor_driver/src/test_node.cpp:1[m[K:
[1.340s] [01m[K/usr/include/c++/9/bits/basic_string.h:529:7:[m[K [01;36m[Knote: [m[Kcandidate: ‘[01m[Ktemplate<class> std::__cxx11::basic_string<_CharT, _Traits, _Alloc>::basic_string(const _CharT*, const _Alloc&)[m[K’
[1.340s]   529 |       [01;36m[Kbasic_string[m[K(const _CharT* __s, const _Alloc& __a = _Alloc())
[1.340s]       |       [01;36m[K^~~~~~~~~~~~[m[K
[1.340s] [01m[K/usr/include/c++/9/bits/basic_string.h:529:7:[m[K [01;36m[Knote: [m[K  template argument deduction/substitution failed:
[1.340s] In file included from [01m[K/home/corey/uumotor-servo-motor-driver-ros2/src/uumotor_servo_motor_driver/include/uumotor_servo_motor_driver/motor_controller.hpp:8[m[K,
[1.340s]                  from [01m[K/home/corey/uumotor-servo-motor-driver-ros2/src/uumotor_servo_motor_driver/src/test_node.cpp:10[m[K:
[1.340s] [01m[K/home/corey/uumotor-servo-motor-driver-ros2/src/uumotor_servo_motor_driver/include/uumotor_servo_motor_driver/comms.hpp:66:41:[m[K [01;36m[Knote: [m[K  cannot convert ‘[01m[K(char)hex_value[m[K’ (type ‘[01m[Kchar[m[K’) to type ‘[01m[Kconst char*[m[K’
[1.340s]    66 |                 output.push_back(string([01;36m[K(char)hex_value[m[K));
[1.340s]       |                                         [01;36m[K^~~~~~~~~~~~~~~[m[K
[1.340s] In file included from [01m[K/usr/include/c++/9/string:55[m[K,
[1.340s]                  from [01m[K/usr/include/c++/9/bits/locale_classes.h:40[m[K,
[1.340s]                  from [01m[K/usr/include/c++/9/bits/ios_base.h:41[m[K,
[1.340s]                  from [01m[K/usr/include/c++/9/ios:42[m[K,
[1.340s]                  from [01m[K/usr/include/c++/9/ostream:38[m[K,
[1.340s]                  from [01m[K/usr/include/c++/9/iostream:39[m[K,
[1.340s]                  from [01m[K/home/corey/uumotor-servo-motor-driver-ros2/src/uumotor_servo_motor_driver/src/test_node.cpp:1[m[K:
[1.340s] [01m[K/usr/include/c++/9/bits/basic_string.h:514:7:[m[K [01;36m[Knote: [m[Kcandidate: ‘[01m[Kstd::__cxx11::basic_string<_CharT, _Traits, _Alloc>::basic_string(const _CharT*, std::__cxx11::basic_string<_CharT, _Traits, _Alloc>::size_type, const _Alloc&) [with _CharT = char; _Traits = std::char_traits<char>; _Alloc = std::allocator<char>; std::__cxx11::basic_string<_CharT, _Traits, _Alloc>::size_type = long unsigned int][m[K’
[1.341s]   514 |       [01;36m[Kbasic_string[m[K(const _CharT* __s, size_type __n,
[1.341s]       |       [01;36m[K^~~~~~~~~~~~[m[K
[1.341s] [01m[K/usr/include/c++/9/bits/basic_string.h:514:7:[m[K [01;36m[Knote: [m[K  candidate expects 3 arguments, 1 provided
[1.341s] [01m[K/usr/include/c++/9/bits/basic_string.h:496:7:[m[K [01;36m[Knote: [m[Kcandidate: ‘[01m[Kstd::__cxx11::basic_string<_CharT, _Traits, _Alloc>::basic_string(const std::__cxx11::basic_string<_CharT, _Traits, _Alloc>&, std::__cxx11::basic_string<_CharT, _Traits, _Alloc>::size_type, std::__cxx11::basic_string<_CharT, _Traits, _Alloc>::size_type, const _Alloc&) [with _CharT = char; _Traits = std::char_traits<char>; _Alloc = std::allocator<char>; std::__cxx11::basic_string<_CharT, _Traits, _Alloc>::size_type = long unsigned int][m[K’
[1.341s]   496 |       [01;36m[Kbasic_string[m[K(const basic_string& __str, size_type __pos,
[1.341s]       |       [01;36m[K^~~~~~~~~~~~[m[K
[1.341s] [01m[K/usr/include/c++/9/bits/basic_string.h:496:7:[m[K [01;36m[Knote: [m[K  candidate expects 4 arguments, 1 provided
[1.341s] [01m[K/usr/include/c++/9/bits/basic_string.h:480:7:[m[K [01;36m[Knote: [m[Kcandidate: ‘[01m[Kstd::__cxx11::basic_string<_CharT, _Traits, _Alloc>::basic_string(const std::__cxx11::basic_string<_CharT, _Traits, _Alloc>&, std::__cxx11::basic_string<_CharT, _Traits, _Alloc>::size_type, std::__cxx11::basic_string<_CharT, _Traits, _Alloc>::size_type) [with _CharT = char; _Traits = std::char_traits<char>; _Alloc = std::allocator<char>; std::__cxx11::basic_string<_CharT, _Traits, _Alloc>::size_type = long unsigned int][m[K’
[1.341s]   480 |       [01;36m[Kbasic_string[m[K(const basic_string& __str, size_type __pos,
[1.341s]       |       [01;36m[K^~~~~~~~~~~~[m[K
[1.341s] [01m[K/usr/include/c++/9/bits/basic_string.h:480:7:[m[K [01;36m[Knote: [m[K  candidate expects 3 arguments, 1 provided
[1.341s] [01m[K/usr/include/c++/9/bits/basic_string.h:465:7:[m[K [01;36m[Knote: [m[Kcandidate: ‘[01m[Kstd::__cxx11::basic_string<_CharT, _Traits, _Alloc>::basic_string(const std::__cxx11::basic_string<_CharT, _Traits, _Alloc>&, std::__cxx11::basic_string<_CharT, _Traits, _Alloc>::size_type, const _Alloc&) [with _CharT = char; _Traits = std::char_traits<char>; _Alloc = std::allocator<char>; std::__cxx11::basic_string<_CharT, _Traits, _Alloc>::size_type = long unsigned int][m[K’
[1.341s]   465 |       [01;36m[Kbasic_string[m[K(const basic_string& __str, size_type __pos,
[1.341s]       |       [01;36m[K^~~~~~~~~~~~[m[K
[1.341s] [01m[K/usr/include/c++/9/bits/basic_string.h:465:7:[m[K [01;36m[Knote: [m[K  candidate expects 3 arguments, 1 provided
[1.341s] [01m[K/usr/include/c++/9/bits/basic_string.h:452:7:[m[K [01;36m[Knote: [m[Kcandidate: ‘[01m[Kstd::__cxx11::basic_string<_CharT, _Traits, _Alloc>::basic_string(const std::__cxx11::basic_string<_CharT, _Traits, _Alloc>&) [with _CharT = char; _Traits = std::char_traits<char>; _Alloc = std::allocator<char>][m[K’
[1.341s]   452 |       [01;36m[Kbasic_string[m[K(const basic_string& __str)
[1.341s]       |       [01;36m[K^~~~~~~~~~~~[m[K
[1.341s] [01m[K/usr/include/c++/9/bits/basic_string.h:452:40:[m[K [01;36m[Knote: [m[K  no known conversion for argument 1 from ‘[01m[Kchar[m[K’ to ‘[01m[Kconst std::__cxx11::basic_string<char>&[m[K’
[1.341s]   452 |       basic_string([01;36m[Kconst basic_string& __str[m[K)
[1.341s]       |                    [01;36m[K~~~~~~~~~~~~~~~~~~~~^~~~~[m[K
[1.342s] [01m[K/usr/include/c++/9/bits/basic_string.h:444:7:[m[K [01;36m[Knote: [m[Kcandidate: ‘[01m[Kstd::__cxx11::basic_string<_CharT, _Traits, _Alloc>::basic_string(const _Alloc&) [with _CharT = char; _Traits = std::char_traits<char>; _Alloc = std::allocator<char>][m[K’
[1.342s]   444 |       [01;36m[Kbasic_string[m[K(const _Alloc& __a) _GLIBCXX_NOEXCEPT
[1.342s]       |       [01;36m[K^~~~~~~~~~~~[m[K
[1.342s] [01m[K/usr/include/c++/9/bits/basic_string.h:444:34:[m[K [01;36m[Knote: [m[K  no known conversion for argument 1 from ‘[01m[Kchar[m[K’ to ‘[01m[Kconst std::allocator<char>&[m[K’
[1.342s]   444 |       basic_string([01;36m[Kconst _Alloc& __a[m[K) _GLIBCXX_NOEXCEPT
[1.342s]       |                    [01;36m[K~~~~~~~~~~~~~~^~~[m[K
[1.342s] [01m[K/usr/include/c++/9/bits/basic_string.h:435:7:[m[K [01;36m[Knote: [m[Kcandidate: ‘[01m[Kstd::__cxx11::basic_string<_CharT, _Traits, _Alloc>::basic_string() [with _CharT = char; _Traits = std::char_traits<char>; _Alloc = std::allocator<char>][m[K’
[1.342s]   435 |       [01;36m[Kbasic_string[m[K()
[1.342s]       |       [01;36m[K^~~~~~~~~~~~[m[K
[1.342s] [01m[K/usr/include/c++/9/bits/basic_string.h:435:7:[m[K [01;36m[Knote: [m[K  candidate expects 0 arguments, 1 provided
[1.342s] [01m[K/usr/include/c++/9/bits/basic_string.h:149:7:[m[K [01;36m[Knote: [m[Kcandidate: ‘[01m[Kstd::__cxx11::basic_string<_CharT, _Traits, _Alloc>::basic_string(std::__cxx11::basic_string<_CharT, _Traits, _Alloc>::__sv_wrapper, const _Alloc&) [with _CharT = char; _Traits = std::char_traits<char>; _Alloc = std::allocator<char>][m[K’
[1.342s]   149 |       [01;36m[Kbasic_string[m[K(__sv_wrapper __svw, const _Alloc& __a)
[1.342s]       |       [01;36m[K^~~~~~~~~~~~[m[K
[1.342s] [01m[K/usr/include/c++/9/bits/basic_string.h:149:7:[m[K [01;36m[Knote: [m[K  candidate expects 2 arguments, 1 provided
[1.810s] make[2]: *** [CMakeFiles/driver.dir/build.make:76: CMakeFiles/driver.dir/src/test_node.cpp.o] Error 1
[1.810s] make[1]: *** [CMakeFiles/Makefile2:170: CMakeFiles/driver.dir/all] Error 2
[1.811s] make: *** [Makefile:146: all] Error 2
[1.814s] Invoked command in '/home/corey/uumotor-servo-motor-driver-ros2/build/uumotor_servo_motor_driver' returned '2': CMAKE_PREFIX_PATH=${CMAKE_PREFIX_PATH}:/opt/ros/galactic /home/corey/.local/bin/cmake --build /home/corey/uumotor-servo-motor-driver-ros2/build/uumotor_servo_motor_driver -- -j16 -l16
