[0.011s] Invoking command in '/home/corey/uumotor-servo-motor-driver-ros2/build/uumotor_servo_motor_driver': CMAKE_PREFIX_PATH=/opt/ros/galactic /home/corey/.local/bin/cmake /home/corey/uumotor-servo-motor-driver-ros2/src/uumotor_servo_motor_driver -DAMENT_CMAKE_SYMLINK_INSTALL=1 -DCMAKE_INSTALL_PREFIX=/home/corey/uumotor-servo-motor-driver-ros2/install/uumotor_servo_motor_driver
[0.032s] -- Found ament_cmake: 1.1.6 (/opt/ros/galactic/share/ament_cmake/cmake)
[0.033s] [33mCMake Warning (dev) at /opt/ros/galactic/share/ament_cmake_core/cmake/core/python.cmake:22 (find_package):
[0.033s]   Policy CMP0148 is not set: The FindPythonInterp and FindPythonLibs modules
[0.033s]   are removed.  Run "cmake --help-policy CMP0148" for policy details.  Use
[0.033s]   the cmake_policy command to set the policy and suppress this warning.
[0.033s] 
[0.033s] Call Stack (most recent call first):
[0.033s]   /opt/ros/galactic/share/ament_cmake_core/cmake/core/all.cmake:53 (include)
[0.033s]   /opt/ros/galactic/share/ament_cmake_core/cmake/ament_cmake_core-extras.cmake:17 (include)
[0.033s]   /opt/ros/galactic/share/ament_cmake_core/cmake/ament_cmake_coreConfig.cmake:41 (include)
[0.034s]   /opt/ros/galactic/share/ament_cmake/cmake/ament_cmake_export_dependencies-extras.cmake:15 (find_package)
[0.034s]   /opt/ros/galactic/share/ament_cmake/cmake/ament_cmakeConfig.cmake:41 (include)
[0.034s]   CMakeLists.txt:9 (find_package)
[0.034s] This warning is for project developers.  Use -Wno-dev to suppress it.
[0.034s] [0m
[0.046s] -- Using PYTHON_EXECUTABLE: /usr/bin/python3
[0.081s] -- Override CMake install command with custom implementation using symlinks instead of copying resources
[0.088s] -- Found rclcpp: 9.2.2 (/opt/ros/galactic/share/rclcpp/cmake)
[0.139s] -- Using all available rosidl_typesupport_c: rosidl_typesupport_fastrtps_c;rosidl_typesupport_introspection_c
[0.147s] -- Found rosidl_adapter: 2.2.3 (/opt/ros/galactic/share/rosidl_adapter/cmake)
[0.209s] -- Found OpenSSL: /usr/lib/x86_64-linux-gnu/libcrypto.so (found version "1.1.1f")  
[0.235s] -- Found FastRTPS: /opt/ros/galactic/include  
[0.306s] -- Using all available rosidl_typesupport_cpp: rosidl_typesupport_fastrtps_cpp;rosidl_typesupport_introspection_cpp
[0.365s] -- Found rmw_implementation_cmake: 3.3.1 (/opt/ros/galactic/share/rmw_implementation_cmake/cmake)
[0.369s] -- Found rmw_cyclonedds_cpp: 0.22.6 (/opt/ros/galactic/share/rmw_cyclonedds_cpp/cmake)
[0.388s] -- Using RMW implementation 'rmw_cyclonedds_cpp' as default
[0.389s] -- Performing Test CMAKE_HAVE_LIBC_PTHREAD
[0.428s] -- Performing Test CMAKE_HAVE_LIBC_PTHREAD - Failed
[0.428s] -- Looking for pthread_create in pthreads
[0.458s] -- Looking for pthread_create in pthreads - not found
[0.458s] -- Looking for pthread_create in pthread
[0.494s] -- Looking for pthread_create in pthread - found
[0.495s] -- Found Threads: TRUE  
[0.627s] -- Found ament_lint_auto: 0.10.7 (/opt/ros/galactic/share/ament_lint_auto/cmake)
[0.683s] -- Added test 'copyright' to check source files copyright and LICENSE
[0.684s] -- Added test 'cppcheck' to perform static code analysis on C / C++ code
[0.684s] -- Configured cppcheck include dirs: /home/corey/uumotor-servo-motor-driver-ros2/src/uumotor_servo_motor_driver/include
[0.684s] -- Configured cppcheck exclude dirs and/or files: 
[0.685s] -- Added test 'cpplint' to check C / C++ code against the Google style
[0.685s] -- Configured cpplint exclude dirs and/or files: 
[0.685s] -- Added test 'lint_cmake' to check CMake code style
[0.686s] -- Added test 'uncrustify' to check C / C++ code style
[0.687s] -- Configured uncrustify additional arguments: 
[0.687s] -- Added test 'xmllint' to check XML markup files
[0.688s] -- Configuring done (0.7s)
[0.695s] -- Generating done (0.0s)
[0.696s] -- Build files have been written to: /home/corey/uumotor-servo-motor-driver-ros2/build/uumotor_servo_motor_driver
[0.703s] Invoked command in '/home/corey/uumotor-servo-motor-driver-ros2/build/uumotor_servo_motor_driver' returned '0': CMAKE_PREFIX_PATH=/opt/ros/galactic /home/corey/.local/bin/cmake /home/corey/uumotor-servo-motor-driver-ros2/src/uumotor_servo_motor_driver -DAMENT_CMAKE_SYMLINK_INSTALL=1 -DCMAKE_INSTALL_PREFIX=/home/corey/uumotor-servo-motor-driver-ros2/install/uumotor_servo_motor_driver
[0.705s] Invoking command in '/home/corey/uumotor-servo-motor-driver-ros2/build/uumotor_servo_motor_driver': CMAKE_PREFIX_PATH=/opt/ros/galactic /home/corey/.local/bin/cmake --build /home/corey/uumotor-servo-motor-driver-ros2/build/uumotor_servo_motor_driver -- -j16 -l16
[0.735s] [ 20%] [32mBuilding CXX object CMakeFiles/uumotor_servo_motor_driver.dir/src/commands.cpp.o[0m
[0.735s] [ 60%] [32mBuilding CXX object CMakeFiles/uumotor_servo_motor_driver.dir/src/functions.cpp.o[0m
[0.735s] [ 60%] [32mBuilding CXX object CMakeFiles/driver.dir/src/test.cpp.o[0m
[0.740s] [01m[K/home/corey/uumotor-servo-motor-driver-ros2/src/uumotor_servo_motor_driver/src/test.cpp:1:10:[m[K [01;31m[Kfatal error: [m[Kuumotor_servo_motor_driver/test.h: No such file or directory
[0.740s]     1 | #include [01;31m[K"uumotor_servo_motor_driver/test.h"[m[K
[0.740s]       |          [01;31m[K^~~~~~~~~~~~~~~~~~~~~~~~~~~~~~~~~~~[m[K
[0.740s] compilation terminated.
[0.740s] make[2]: *** [CMakeFiles/driver.dir/build.make:76: CMakeFiles/driver.dir/src/test.cpp.o] Error 1
[0.741s] make[1]: *** [CMakeFiles/Makefile2:165: CMakeFiles/driver.dir/all] Error 2
[0.741s] make[1]: *** Waiting for unfinished jobs....
[0.834s] [01m[K/home/corey/uumotor-servo-motor-driver-ros2/src/uumotor_servo_motor_driver/src/functions.cpp:[m[K In function ‘[01m[Kuint16_t Calc_Crc(uint8_t*, uint8_t)[m[K’:
[0.834s] [01m[K/home/corey/uumotor-servo-motor-driver-ros2/src/uumotor_servo_motor_driver/src/functions.cpp:26:1:[m[K [01;35m[Kwarning: [m[Kno return statement in function returning non-void [[01;35m[K-Wreturn-type[m[K]
[0.834s]    26 | [01;35m[K}[m[K
[0.834s]       | [01;35m[K^[m[K
[0.834s] [01m[K/home/corey/uumotor-servo-motor-driver-ros2/src/uumotor_servo_motor_driver/src/commands.cpp:[m[K In member function ‘[01m[Kvoid Commands::set_control_mode(std::vector<unsigned char>&, int, std::string)[m[K’:
[0.834s] [01m[K/home/corey/uumotor-servo-motor-driver-ros2/src/uumotor_servo_motor_driver/src/commands.cpp:35:37:[m[K [01;35m[Kwarning: [m[Kunused variable ‘[01m[Kcmd[m[K’ [[01;35m[K-Wunused-variable[m[K]
[0.834s]    35 |                 const unsigned char [01;35m[Kcmd[m[K[6] = {0xEE, 0x06, 0x51, 0x00, 0x00, 0x00};
[0.834s]       |                                     [01;35m[K^~~[m[K
[0.834s] [01m[K/home/corey/uumotor-servo-motor-driver-ros2/src/uumotor_servo_motor_driver/src/commands.cpp:28:61:[m[K [01;35m[Kwarning: [m[Kunused parameter ‘[01m[Kcommand[m[K’ [[01;35m[K-Wunused-parameter[m[K]
[0.834s]    28 | void Commands::set_control_mode([01;35m[Kstd::vector<unsigned char> &command[m[K, int motor, std::string mode)
[0.834s]       |                                 [01;35m[K~~~~~~~~~~~~~~~~~~~~~~~~~~~~^~~~~~~[m[K
[0.868s] [ 80%] [32m[1mLinking CXX shared library libuumotor_servo_motor_driver.so[0m
[0.902s] [ 80%] Built target uumotor_servo_motor_driver
[0.902s] make: *** [Makefile:146: all] Error 2
[0.906s] Invoked command in '/home/corey/uumotor-servo-motor-driver-ros2/build/uumotor_servo_motor_driver' returned '2': CMAKE_PREFIX_PATH=/opt/ros/galactic /home/corey/.local/bin/cmake --build /home/corey/uumotor-servo-motor-driver-ros2/build/uumotor_servo_motor_driver -- -j16 -l16
