[0.013s] Invoking command in '/home/corey/uumotor-servo-motor-driver-ros2/build/uumotor_servo_motor_driver': CMAKE_PREFIX_PATH=${CMAKE_PREFIX_PATH}:/opt/ros/galactic /home/corey/.local/bin/cmake --build /home/corey/uumotor-servo-motor-driver-ros2/build/uumotor_servo_motor_driver -- -j16 -l16
[0.046s] [  9%] [32mBuilding CXX object CMakeFiles/fun.dir/src/functions.cpp.o[0m
[0.048s] [ 18%] [32mBuilding CXX object CMakeFiles/cmd.dir/src/commands.cpp.o[0m
[0.048s] [ 27%] [32mBuilding CXX object CMakeFiles/uumotor_servo_motor_driver.dir/src/commands.cpp.o[0m
[0.049s] [ 36%] [32mBuilding CXX object CMakeFiles/uumotor_servo_motor_driver.dir/src/functions.cpp.o[0m
[0.160s] [01m[K/home/corey/uumotor-servo-motor-driver-ros2/src/uumotor_servo_motor_driver/src/functions.cpp:[m[K In member function ‘[01m[Kbool Functions::check_message(uint8_t*)[m[K’:
[0.160s] [01m[K/home/corey/uumotor-servo-motor-driver-ros2/src/uumotor_servo_motor_driver/src/functions.cpp:34:14:[m[K [01;35m[Kwarning: [m[Kunused variable ‘[01m[Kcrc[m[K’ [[01;35m[K-Wunused-variable[m[K]
[0.160s]    34 |     uint16_t [01;35m[Kcrc[m[K = Calc_Crc(msg, 6);
[0.161s]       |              [01;35m[K^~~[m[K
[0.161s] [01m[K/home/corey/uumotor-servo-motor-driver-ros2/src/uumotor_servo_motor_driver/src/functions.cpp:35:1:[m[K [01;35m[Kwarning: [m[Kno return statement in function returning non-void [[01;35m[K-Wreturn-type[m[K]
[0.161s]    35 | [01;35m[K}[m[K
[0.161s]       | [01;35m[K^[m[K
[0.210s] [01m[K/home/corey/uumotor-servo-motor-driver-ros2/src/uumotor_servo_motor_driver/src/functions.cpp:[m[K In member function ‘[01m[Kbool Functions::check_message(uint8_t*)[m[K’:
[0.210s] [01m[K/home/corey/uumotor-servo-motor-driver-ros2/src/uumotor_servo_motor_driver/src/functions.cpp:34:14:[m[K [01;35m[Kwarning: [m[Kunused variable ‘[01m[Kcrc[m[K’ [[01;35m[K-Wunused-variable[m[K]
[0.210s]    34 |     uint16_t [01;35m[Kcrc[m[K = Calc_Crc(msg, 6);
[0.210s]       |              [01;35m[K^~~[m[K
[0.210s] [01m[K/home/corey/uumotor-servo-motor-driver-ros2/src/uumotor_servo_motor_driver/src/functions.cpp:35:1:[m[K [01;35m[Kwarning: [m[Kno return statement in function returning non-void [[01;35m[K-Wreturn-type[m[K]
[0.210s]    35 | [01;35m[K}[m[K
[0.210s]       | [01;35m[K^[m[K
[0.221s] [ 45%] [32m[1mLinking CXX static library libfun.a[0m
[0.232s] [ 45%] Built target fun
[1.956s] [ 54%] [32m[1mLinking CXX static library libcmd.a[0m
[1.964s] [ 54%] Built target cmd
[1.975s] [ 63%] [32m[1mLinking CXX shared library libuumotor_servo_motor_driver.so[0m
[1.979s] [ 72%] [32mBuilding CXX object CMakeFiles/driver.dir/src/test_node.cpp.o[0m
[1.979s] [ 81%] [32mBuilding CXX object CMakeFiles/driver.dir/src/functions.cpp.o[0m
[1.979s] [ 90%] [32mBuilding CXX object CMakeFiles/driver.dir/src/commands.cpp.o[0m
[2.054s] [ 90%] Built target uumotor_servo_motor_driver
[2.121s] [01m[K/home/corey/uumotor-servo-motor-driver-ros2/src/uumotor_servo_motor_driver/src/functions.cpp:[m[K In member function ‘[01m[Kbool Functions::check_message(uint8_t*)[m[K’:
[2.121s] [01m[K/home/corey/uumotor-servo-motor-driver-ros2/src/uumotor_servo_motor_driver/src/functions.cpp:34:14:[m[K [01;35m[Kwarning: [m[Kunused variable ‘[01m[Kcrc[m[K’ [[01;35m[K-Wunused-variable[m[K]
[2.121s]    34 |     uint16_t [01;35m[Kcrc[m[K = Calc_Crc(msg, 6);
[2.121s]       |              [01;35m[K^~~[m[K
[2.121s] [01m[K/home/corey/uumotor-servo-motor-driver-ros2/src/uumotor_servo_motor_driver/src/functions.cpp:35:1:[m[K [01;35m[Kwarning: [m[Kno return statement in function returning non-void [[01;35m[K-Wreturn-type[m[K]
[2.121s]    35 | [01;35m[K}[m[K
[2.121s]       | [01;35m[K^[m[K
[3.239s] In file included from [01m[K/home/corey/uumotor-servo-motor-driver-ros2/src/uumotor_servo_motor_driver/include/uumotor_servo_motor_driver/motor_controller.hpp:8[m[K,
[3.239s]                  from [01m[K/home/corey/uumotor-servo-motor-driver-ros2/src/uumotor_servo_motor_driver/src/test_node.cpp:10[m[K:
[3.239s] [01m[K/home/corey/uumotor-servo-motor-driver-ros2/src/uumotor_servo_motor_driver/include/uumotor_servo_motor_driver/comms.hpp:[m[K In member function ‘[01m[Kstd::vector<int> Comms::send_command(const std::vector<unsigned char, std::allocator<unsigned char> >&, bool)[m[K’:
[3.239s] [01m[K/home/corey/uumotor-servo-motor-driver-ros2/src/uumotor_servo_motor_driver/include/uumotor_servo_motor_driver/comms.hpp:74:64:[m[K [01;31m[Kerror: [m[Kcannot convert ‘[01m[Kint*[m[K’ to ‘[01m[Kuint8_t*[m[K’ {aka ‘[01m[Kunsigned char*[m[K’}
[3.239s]    74 |                 bool check_msg = fun_.check_message([01;31m[Koutput.data()[m[K);
[3.239s]       |                                                     [01;31m[K~~~~~~~~~~~^~[m[K
[3.240s]       |                                                                [01;31m[K|[m[K
[3.240s]       |                                                                [01;31m[Kint*[m[K
[3.240s] In file included from [01m[K/home/corey/uumotor-servo-motor-driver-ros2/src/uumotor_servo_motor_driver/include/uumotor_servo_motor_driver/commands.h:6[m[K,
[3.240s]                  from [01m[K/home/corey/uumotor-servo-motor-driver-ros2/src/uumotor_servo_motor_driver/include/uumotor_servo_motor_driver/comms.hpp:7[m[K,
[3.240s]                  from [01m[K/home/corey/uumotor-servo-motor-driver-ros2/src/uumotor_servo_motor_driver/include/uumotor_servo_motor_driver/motor_controller.hpp:8[m[K,
[3.240s]                  from [01m[K/home/corey/uumotor-servo-motor-driver-ros2/src/uumotor_servo_motor_driver/src/test_node.cpp:10[m[K:
[3.240s] [01m[K/home/corey/uumotor-servo-motor-driver-ros2/src/uumotor_servo_motor_driver/include/uumotor_servo_motor_driver/functions.h:20:33:[m[K [01;36m[Knote: [m[K  initializing argument 1 of ‘[01m[Kbool Functions::check_message(uint8_t*)[m[K’
[3.240s]    20 |     bool check_message([01;36m[Kuint8_t *msg[m[K);
[3.240s]       |                        [01;36m[K~~~~~~~~~^~~[m[K
[3.240s] In file included from [01m[K/home/corey/uumotor-servo-motor-driver-ros2/src/uumotor_servo_motor_driver/include/uumotor_servo_motor_driver/motor_controller.hpp:8[m[K,
[3.240s]                  from [01m[K/home/corey/uumotor-servo-motor-driver-ros2/src/uumotor_servo_motor_driver/src/test_node.cpp:10[m[K:
[3.240s] [01m[K/home/corey/uumotor-servo-motor-driver-ros2/src/uumotor_servo_motor_driver/include/uumotor_servo_motor_driver/comms.hpp:74:22:[m[K [01;35m[Kwarning: [m[Kunused variable ‘[01m[Kcheck_msg[m[K’ [[01;35m[K-Wunused-variable[m[K]
[3.240s]    74 |                 bool [01;35m[Kcheck_msg[m[K = fun_.check_message(output.data());
[3.240s]       |                      [01;35m[K^~~~~~~~~[m[K
[3.787s] make[2]: *** [CMakeFiles/driver.dir/build.make:76: CMakeFiles/driver.dir/src/test_node.cpp.o] Error 1
[3.787s] make[2]: *** Waiting for unfinished jobs....
[3.908s] make[1]: *** [CMakeFiles/Makefile2:170: CMakeFiles/driver.dir/all] Error 2
[3.908s] make: *** [Makefile:146: all] Error 2
[3.913s] Invoked command in '/home/corey/uumotor-servo-motor-driver-ros2/build/uumotor_servo_motor_driver' returned '2': CMAKE_PREFIX_PATH=${CMAKE_PREFIX_PATH}:/opt/ros/galactic /home/corey/.local/bin/cmake --build /home/corey/uumotor-servo-motor-driver-ros2/build/uumotor_servo_motor_driver -- -j16 -l16
