[0.012s] Invoking command in '/home/corey/uumotor-servo-motor-driver-ros2/build/uumotor_servo_motor_driver': CMAKE_PREFIX_PATH=${CMAKE_PREFIX_PATH}:/opt/ros/galactic /home/corey/.local/bin/cmake --build /home/corey/uumotor-servo-motor-driver-ros2/build/uumotor_servo_motor_driver -- -j16 -l16
[0.042s] [ 25%] [32mBuilding CXX object CMakeFiles/fun.dir/src/functions.cpp.o[0m
[0.042s] [ 25%] [32mBuilding CXX object CMakeFiles/uumotor_servo_motor_driver.dir/src/functions.cpp.o[0m
[0.141s] [01m[K/home/corey/uumotor-servo-motor-driver-ros2/src/uumotor_servo_motor_driver/src/functions.cpp:[m[K In member function ‘[01m[Kvoid Functions::get_hex_msg(uint8_t&, uint16_t)[m[K’:
[0.141s] [01m[K/home/corey/uumotor-servo-motor-driver-ros2/src/uumotor_servo_motor_driver/src/functions.cpp:37:11:[m[K [01;31m[Kerror: [m[Kinvalid types ‘[01m[Kuint8_t {aka unsigned char}[int][m[K’ for array subscript
[0.142s]    37 |     data[6[01;31m[K][m[K = partA;
[0.142s]       |           [01;31m[K^[m[K
[0.142s] [01m[K/home/corey/uumotor-servo-motor-driver-ros2/src/uumotor_servo_motor_driver/src/functions.cpp:38:11:[m[K [01;31m[Kerror: [m[Kinvalid types ‘[01m[Kuint8_t {aka unsigned char}[int][m[K’ for array subscript
[0.142s]    38 |     data[7[01;31m[K][m[K = partB;
[0.142s]       |           [01;31m[K^[m[K
[0.142s] [01m[K/home/corey/uumotor-servo-motor-driver-ros2/src/uumotor_servo_motor_driver/src/functions.cpp:[m[K In member function ‘[01m[Kvoid Functions::get_hex_msg(uint8_t&, uint16_t)[m[K’:
[0.142s] [01m[K/home/corey/uumotor-servo-motor-driver-ros2/src/uumotor_servo_motor_driver/src/functions.cpp:37:11:[m[K [01;31m[Kerror: [m[Kinvalid types ‘[01m[Kuint8_t {aka unsigned char}[int][m[K’ for array subscript
[0.142s]    37 |     data[6[01;31m[K][m[K = partA;
[0.142s]       |           [01;31m[K^[m[K
[0.142s] [01m[K/home/corey/uumotor-servo-motor-driver-ros2/src/uumotor_servo_motor_driver/src/functions.cpp:38:11:[m[K [01;31m[Kerror: [m[Kinvalid types ‘[01m[Kuint8_t {aka unsigned char}[int][m[K’ for array subscript
[0.142s]    38 |     data[7[01;31m[K][m[K = partB;
[0.142s]       |           [01;31m[K^[m[K
[0.159s] make[2]: *** [CMakeFiles/fun.dir/build.make:76: CMakeFiles/fun.dir/src/functions.cpp.o] Error 1
[0.159s] make[1]: *** [CMakeFiles/Makefile2:193: CMakeFiles/fun.dir/all] Error 2
[0.159s] make[1]: *** Waiting for unfinished jobs....
[0.160s] make[2]: *** [CMakeFiles/uumotor_servo_motor_driver.dir/build.make:90: CMakeFiles/uumotor_servo_motor_driver.dir/src/functions.cpp.o] Error 1
[0.160s] make[1]: *** [CMakeFiles/Makefile2:141: CMakeFiles/uumotor_servo_motor_driver.dir/all] Error 2
[0.160s] make: *** [Makefile:146: all] Error 2
[0.163s] Invoked command in '/home/corey/uumotor-servo-motor-driver-ros2/build/uumotor_servo_motor_driver' returned '2': CMAKE_PREFIX_PATH=${CMAKE_PREFIX_PATH}:/opt/ros/galactic /home/corey/.local/bin/cmake --build /home/corey/uumotor-servo-motor-driver-ros2/build/uumotor_servo_motor_driver -- -j16 -l16
