[0.014s] Invoking command in '/home/corey/uumotor-servo-motor-driver-ros2/build/uumotor_servo_motor_driver': CMAKE_PREFIX_PATH=${CMAKE_PREFIX_PATH}:/opt/ros/galactic /home/corey/.local/bin/cmake --build /home/corey/uumotor-servo-motor-driver-ros2/build/uumotor_servo_motor_driver -- -j16 -l16
[0.048s] [ 18%] Built target fun
[0.050s] [ 36%] Built target cmd
[0.050s] [ 63%] Built target uumotor_servo_motor_driver
[0.065s] [ 72%] [32mBuilding CXX object CMakeFiles/driver.dir/src/test_node.cpp.o[0m
[1.333s] In file included from [01m[K/home/corey/uumotor-servo-motor-driver-ros2/src/uumotor_servo_motor_driver/include/uumotor_servo_motor_driver/motor_controller.hpp:8[m[K,
[1.333s]                  from [01m[K/home/corey/uumotor-servo-motor-driver-ros2/src/uumotor_servo_motor_driver/src/test_node.cpp:10[m[K:
[1.333s] [01m[K/home/corey/uumotor-servo-motor-driver-ros2/src/uumotor_servo_motor_driver/include/uumotor_servo_motor_driver/comms.hpp:[m[K In member function ‘[01m[Kstd::string Comms::send_command(const std::vector<unsigned char, std::allocator<unsigned char> >&, bool)[m[K’:
[1.333s] [01m[K/home/corey/uumotor-servo-motor-driver-ros2/src/uumotor_servo_motor_driver/include/uumotor_servo_motor_driver/comms.hpp:62:39:[m[K [01;31m[Kerror: [m[Kno matching function for call to ‘[01m[KLibSerial::SerialStream::read()[m[K’
[1.333s]    62 |                 output = serial_.read([01;31m[K)[m[K;
[1.333s]       |                                       [01;31m[K^[m[K
[1.333s] In file included from [01m[K/usr/include/c++/9/iostream:40[m[K,
[1.333s]                  from [01m[K/home/corey/uumotor-servo-motor-driver-ros2/src/uumotor_servo_motor_driver/src/test_node.cpp:1[m[K:
[1.333s] [01m[K/usr/include/c++/9/istream:486:7:[m[K [01;36m[Knote: [m[Kcandidate: ‘[01m[Kstd::basic_istream<_CharT, _Traits>& std::basic_istream<_CharT, _Traits>::read(std::basic_istream<_CharT, _Traits>::char_type*, std::streamsize) [with _CharT = char; _Traits = std::char_traits<char>; std::basic_istream<_CharT, _Traits>::char_type = char; std::streamsize = long int][m[K’
[1.333s]   486 |       [01;36m[Kread[m[K(char_type* __s, streamsize __n);
[1.333s]       |       [01;36m[K^~~~[m[K
[1.333s] [01m[K/usr/include/c++/9/istream:486:7:[m[K [01;36m[Knote: [m[K  candidate expects 2 arguments, 0 provided
[1.821s] make[2]: *** [CMakeFiles/driver.dir/build.make:76: CMakeFiles/driver.dir/src/test_node.cpp.o] Error 1
[1.821s] make[1]: *** [CMakeFiles/Makefile2:170: CMakeFiles/driver.dir/all] Error 2
[1.821s] make: *** [Makefile:146: all] Error 2
[1.825s] Invoked command in '/home/corey/uumotor-servo-motor-driver-ros2/build/uumotor_servo_motor_driver' returned '2': CMAKE_PREFIX_PATH=${CMAKE_PREFIX_PATH}:/opt/ros/galactic /home/corey/.local/bin/cmake --build /home/corey/uumotor-servo-motor-driver-ros2/build/uumotor_servo_motor_driver -- -j16 -l16
